# JRE version: Java(TM) SE Runtime Environment (8.0_121-b13) (build 1.8.0_121-b13)
# Java VM: Java HotSpot(TM) 64-Bit Server VM (25.121-b13 mixed mode windows-amd64 compressed oops)
Heap:
 PSYoungGen      total 196608K, used 15390K [0x00000000d5d80000, 0x00000000e4000000, 0x0000000100000000)
  eden space 186368K, 2% used [0x00000000d5d80000,0x00000000d62e8b68,0x00000000e1380000)
  from space 10240K, 96% used [0x00000000e3280000,0x00000000e3c1eef0,0x00000000e3c80000)
  to   space 3584K, 0% used [0x00000000e3c80000,0x00000000e3c80000,0x00000000e4000000)
 ParOldGen       total 79360K, used 16466K [0x0000000081800000, 0x0000000086580000, 0x00000000d5d80000)
  object space 79360K, 20% used [0x0000000081800000,0x0000000082814828,0x0000000086580000)
 Metaspace       used 45050K, capacity 45284K, committed 45608K, reserved 1089536K
  class space    used 6088K, capacity 6178K, committed 6192K, reserved 1048576K
GC Heap History (10 events):
Event: 16.372 GC heap before
{Heap before GC invocations=7 (full 1):
 PSYoungGen      total 71680K, used 71660K [0x00000000d5d80000, 0x00000000de380000, 0x0000000100000000)
  eden space 66560K, 100% used [0x00000000d5d80000,0x00000000d9e80000,0x00000000d9e80000)
  from space 5120K, 99% used [0x00000000d9e80000,0x00000000da37b2e8,0x00000000da380000)
  to   space 8192K, 0% used [0x00000000ddb80000,0x00000000ddb80000,0x00000000de380000)
 ParOldGen       total 49664K, used 9795K [0x0000000081800000, 0x0000000084880000, 0x00000000d5d80000)
  object space 49664K, 19% used [0x0000000081800000,0x0000000082190c70,0x0000000084880000)
 Metaspace       used 32920K, capacity 33100K, committed 33456K, reserved 1079296K
  class space    used 4394K, capacity 4458K, committed 4528K, reserved 1048576K
Event: 16.386 GC heap after
Heap after GC invocations=7 (full 1):
 PSYoungGen      total 129024K, used 7956K [0x00000000d5d80000, 0x00000000de380000, 0x0000000100000000)
  eden space 120832K, 0% used [0x00000000d5d80000,0x00000000d5d80000,0x00000000dd380000)
  from space 8192K, 97% used [0x00000000ddb80000,0x00000000de345230,0x00000000de380000)
  to   space 8192K, 0% used [0x00000000dd380000,0x00000000dd380000,0x00000000ddb80000)
 ParOldGen       total 49664K, used 9803K [0x0000000081800000, 0x0000000084880000, 0x00000000d5d80000)
  object space 49664K, 19% used [0x0000000081800000,0x0000000082192c70,0x0000000084880000)
 Metaspace       used 32920K, capacity 33100K, committed 33456K, reserved 1079296K
  class space    used 4394K, capacity 4458K, committed 4528K, reserved 1048576K
}
Event: 16.750 GC heap before
{Heap before GC invocations=8 (full 1):
 PSYoungGen      total 129024K, used 39792K [0x00000000d5d80000, 0x00000000de380000, 0x0000000100000000)
  eden space 120832K, 26% used [0x00000000d5d80000,0x00000000d7c971a8,0x00000000dd380000)
  from space 8192K, 97% used [0x00000000ddb80000,0x00000000de345230,0x00000000de380000)
  to   space 8192K, 0% used [0x00000000dd380000,0x00000000dd380000,0x00000000ddb80000)
 ParOldGen       total 49664K, used 9803K [0x0000000081800000, 0x0000000084880000, 0x00000000d5d80000)
  object space 49664K, 19% used [0x0000000081800000,0x0000000082192c70,0x0000000084880000)
 Metaspace       used 35132K, capacity 35288K, committed 35496K, reserved 1079296K
  class space    used 4701K, capacity 4780K, committed 4784K, reserved 1048576K
Event: 16.762 GC heap after
Heap after GC invocations=8 (full 1):
 PSYoungGen      total 129024K, used 6845K [0x00000000d5d80000, 0x00000000e4780000, 0x0000000100000000)
  eden space 120832K, 0% used [0x00000000d5d80000,0x00000000d5d80000,0x00000000dd380000)
  from space 8192K, 83% used [0x00000000dd380000,0x00000000dda2f4c8,0x00000000ddb80000)
  to   space 8192K, 0% used [0x00000000e3f80000,0x00000000e3f80000,0x00000000e4780000)
 ParOldGen       total 49664K, used 9803K [0x0000000081800000, 0x0000000084880000, 0x00000000d5d80000)
  object space 49664K, 19% used [0x0000000081800000,0x0000000082192c70,0x0000000084880000)
 Metaspace       used 35132K, capacity 35288K, committed 35496K, reserved 1079296K
  class space    used 4701K, capacity 4780K, committed 4784K, reserved 1048576K
}
Event: 16.762 GC heap before
{Heap before GC invocations=9 (full 2):
 PSYoungGen      total 129024K, used 6845K [0x00000000d5d80000, 0x00000000e4780000, 0x0000000100000000)
  eden space 120832K, 0% used [0x00000000d5d80000,0x00000000d5d80000,0x00000000dd380000)
  from space 8192K, 83% used [0x00000000dd380000,0x00000000dda2f4c8,0x00000000ddb80000)
  to   space 8192K, 0% used [0x00000000e3f80000,0x00000000e3f80000,0x00000000e4780000)
 ParOldGen       total 49664K, used 9803K [0x0000000081800000, 0x0000000084880000, 0x00000000d5d80000)
  object space 49664K, 19% used [0x0000000081800000,0x0000000082192c70,0x0000000084880000)
 Metaspace       used 35132K, capacity 35288K, committed 35496K, reserved 1079296K
  class space    used 4701K, capacity 4780K, committed 4784K, reserved 1048576K
Event: 16.942 GC heap after
Heap after GC invocations=9 (full 2):
 PSYoungGen      total 129024K, used 0K [0x00000000d5d80000, 0x00000000e4780000, 0x0000000100000000)
  eden space 120832K, 0% used [0x00000000d5d80000,0x00000000d5d80000,0x00000000dd380000)
  from space 8192K, 0% used [0x00000000dd380000,0x00000000dd380000,0x00000000ddb80000)
  to   space 8192K, 0% used [0x00000000e3f80000,0x00000000e3f80000,0x00000000e4780000)
 ParOldGen       total 79360K, used 11919K [0x0000000081800000, 0x0000000086580000, 0x00000000d5d80000)
  object space 79360K, 15% used [0x0000000081800000,0x00000000823a3de0,0x0000000086580000)
 Metaspace       used 35132K, capacity 35288K, committed 35496K, reserved 1079296K
  class space    used 4701K, capacity 4780K, committed 4784K, reserved 1048576K
}
Event: 18.017 GC heap before
{Heap before GC invocations=10 (full 2):
 PSYoungGen      total 129024K, used 120832K [0x00000000d5d80000, 0x00000000e4780000, 0x0000000100000000)
  eden space 120832K, 100% used [0x00000000d5d80000,0x00000000dd380000,0x00000000dd380000)
  from space 8192K, 0% used [0x00000000dd380000,0x00000000dd380000,0x00000000ddb80000)
  to   space 8192K, 0% used [0x00000000e3f80000,0x00000000e3f80000,0x00000000e4780000)
 ParOldGen       total 79360K, used 11919K [0x0000000081800000, 0x0000000086580000, 0x00000000d5d80000)
  object space 79360K, 15% used [0x0000000081800000,0x00000000823a3de0,0x0000000086580000)
 Metaspace       used 41816K, capacity 42040K, committed 42408K, reserved 1085440K
  class space    used 5687K, capacity 5772K, committed 5808K, reserved 1048576K
Event: 18.027 GC heap after
Heap after GC invocations=10 (full 2):
 PSYoungGen      total 168448K, used 8176K [0x00000000d5d80000, 0x00000000e4780000, 0x0000000100000000)
  eden space 160256K, 0% used [0x00000000d5d80000,0x00000000d5d80000,0x00000000dfa00000)
  from space 8192K, 99% used [0x00000000e3f80000,0x00000000e477c340,0x00000000e4780000)
  to   space 10752K, 0% used [0x00000000e3280000,0x00000000e3280000,0x00000000e3d00000)
 ParOldGen       total 79360K, used 16458K [0x0000000081800000, 0x0000000086580000, 0x00000000d5d80000)
  object space 79360K, 20% used [0x0000000081800000,0x0000000082812828,0x0000000086580000)
 Metaspace       used 41816K, capacity 42040K, committed 42408K, reserved 1085440K
  class space    used 5687K, capacity 5772K, committed 5808K, reserved 1048576K
}
Event: 86.156 GC heap before
{Heap before GC invocations=11 (full 2):
 PSYoungGen      total 168448K, used 168432K [0x00000000d5d80000, 0x00000000e4780000, 0x0000000100000000)
  eden space 160256K, 100% used [0x00000000d5d80000,0x00000000dfa00000,0x00000000dfa00000)
  from space 8192K, 99% used [0x00000000e3f80000,0x00000000e477c340,0x00000000e4780000)
  to   space 10752K, 0% used [0x00000000e3280000,0x00000000e3280000,0x00000000e3d00000)
 ParOldGen       total 79360K, used 16458K [0x0000000081800000, 0x0000000086580000, 0x00000000d5d80000)
  object space 79360K, 20% used [0x0000000081800000,0x0000000082812828,0x0000000086580000)
 Metaspace       used 45046K, capacity 45284K, committed 45608K, reserved 1089536K
  class space    used 6088K, capacity 6178K, committed 6192K, reserved 1048576K
Event: 86.180 GC heap after
Heap after GC invocations=11 (full 2):
 PSYoungGen      total 196608K, used 9851K [0x00000000d5d80000, 0x00000000e4000000, 0x0000000100000000)
  eden space 186368K, 0% used [0x00000000d5d80000,0x00000000d5d80000,0x00000000e1380000)
  from space 10240K, 96% used [0x00000000e3280000,0x00000000e3c1eef0,0x00000000e3c80000)
  to   space 3584K, 0% used [0x00000000e3c80000,0x00000000e3c80000,0x00000000e4000000)
 ParOldGen       total 79360K, used 16466K [0x0000000081800000, 0x0000000086580000, 0x00000000d5d80000)
  object space 79360K, 20% used [0x0000000081800000,0x0000000082814828,0x0000000086580000)
 Metaspace       used 45046K, capacity 45284K, committed 45608K, reserved 1089536K
  class space    used 6088K, capacity 6178K, committed 6192K, reserved 1048576K
}

