# JRE version: Java(TM) SE Runtime Environment (8.0_121-b13) (build 1.8.0_121-b13)
# Java VM: Java HotSpot(TM) 64-Bit Server VM (25.121-b13 mixed mode windows-amd64 compressed oops)
Heap:
 PSYoungGen      total 187392K, used 179000K [0x00000000d5d80000, 0x00000000e3d80000, 0x0000000100000000)
  eden space 178688K, 95% used [0x00000000d5d80000,0x00000000e03d5750,0x00000000e0c00000)
  from space 8704K, 99% used [0x00000000e3500000,0x00000000e3d78be0,0x00000000e3d80000)
  to   space 9728K, 0% used [0x00000000e2a80000,0x00000000e2a80000,0x00000000e3400000)
 ParOldGen       total 73216K, used 14059K [0x0000000081800000, 0x0000000085f80000, 0x00000000d5d80000)
  object space 73216K, 19% used [0x0000000081800000,0x00000000825bae30,0x0000000085f80000)
 Metaspace       used 45089K, capacity 45348K, committed 45608K, reserved 1089536K
  class space    used 6087K, capacity 6178K, committed 6192K, reserved 1048576K
GC Heap History (10 events):
Event: 12.853 GC heap before
{Heap before GC invocations=6 (full 1):
 PSYoungGen      total 71680K, used 66560K [0x00000000d5d80000, 0x00000000da880000, 0x0000000100000000)
  eden space 66560K, 100% used [0x00000000d5d80000,0x00000000d9e80000,0x00000000d9e80000)
  from space 5120K, 0% used [0x00000000da380000,0x00000000da380000,0x00000000da880000)
  to   space 5120K, 0% used [0x00000000d9e80000,0x00000000d9e80000,0x00000000da380000)
 ParOldGen       total 51200K, used 7336K [0x0000000081800000, 0x0000000084a00000, 0x00000000d5d80000)
  object space 51200K, 14% used [0x0000000081800000,0x0000000081f2a020,0x0000000084a00000)
 Metaspace       used 27821K, capacity 28034K, committed 28464K, reserved 1073152K
  class space    used 3709K, capacity 3775K, committed 3888K, reserved 1048576K
Event: 12.866 GC heap after
Heap after GC invocations=6 (full 1):
 PSYoungGen      total 71680K, used 5113K [0x00000000d5d80000, 0x00000000de000000, 0x0000000100000000)
  eden space 66560K, 0% used [0x00000000d5d80000,0x00000000d5d80000,0x00000000d9e80000)
  from space 5120K, 99% used [0x00000000d9e80000,0x00000000da37e600,0x00000000da380000)
  to   space 8192K, 0% used [0x00000000dd800000,0x00000000dd800000,0x00000000de000000)
 ParOldGen       total 51200K, used 9656K [0x0000000081800000, 0x0000000084a00000, 0x00000000d5d80000)
  object space 51200K, 18% used [0x0000000081800000,0x000000008216e250,0x0000000084a00000)
 Metaspace       used 27821K, capacity 28034K, committed 28464K, reserved 1073152K
  class space    used 3709K, capacity 3775K, committed 3888K, reserved 1048576K
}
Event: 13.851 GC heap before
{Heap before GC invocations=7 (full 1):
 PSYoungGen      total 71680K, used 71673K [0x00000000d5d80000, 0x00000000de000000, 0x0000000100000000)
  eden space 66560K, 100% used [0x00000000d5d80000,0x00000000d9e80000,0x00000000d9e80000)
  from space 5120K, 99% used [0x00000000d9e80000,0x00000000da37e600,0x00000000da380000)
  to   space 8192K, 0% used [0x00000000dd800000,0x00000000dd800000,0x00000000de000000)
 ParOldGen       total 51200K, used 9656K [0x0000000081800000, 0x0000000084a00000, 0x00000000d5d80000)
  object space 51200K, 18% used [0x0000000081800000,0x000000008216e250,0x0000000084a00000)
 Metaspace       used 32918K, capacity 33100K, committed 33456K, reserved 1079296K
  class space    used 4394K, capacity 4458K, committed 4528K, reserved 1048576K
Event: 13.893 GC heap after
Heap after GC invocations=7 (full 1):
 PSYoungGen      total 124928K, used 7914K [0x00000000d5d80000, 0x00000000de380000, 0x0000000100000000)
  eden space 116736K, 0% used [0x00000000d5d80000,0x00000000d5d80000,0x00000000dcf80000)
  from space 8192K, 96% used [0x00000000dd800000,0x00000000ddfba958,0x00000000de000000)
  to   space 8704K, 0% used [0x00000000dcf80000,0x00000000dcf80000,0x00000000dd800000)
 ParOldGen       total 51200K, used 9656K [0x0000000081800000, 0x0000000084a00000, 0x00000000d5d80000)
  object space 51200K, 18% used [0x0000000081800000,0x000000008216e250,0x0000000084a00000)
 Metaspace       used 32918K, capacity 33100K, committed 33456K, reserved 1079296K
  class space    used 4394K, capacity 4458K, committed 4528K, reserved 1048576K
}
Event: 14.256 GC heap before
{Heap before GC invocations=8 (full 1):
 PSYoungGen      total 124928K, used 41133K [0x00000000d5d80000, 0x00000000de380000, 0x0000000100000000)
  eden space 116736K, 28% used [0x00000000d5d80000,0x00000000d7df0cb8,0x00000000dcf80000)
  from space 8192K, 96% used [0x00000000dd800000,0x00000000ddfba958,0x00000000de000000)
  to   space 8704K, 0% used [0x00000000dcf80000,0x00000000dcf80000,0x00000000dd800000)
 ParOldGen       total 51200K, used 9656K [0x0000000081800000, 0x0000000084a00000, 0x00000000d5d80000)
  object space 51200K, 18% used [0x0000000081800000,0x000000008216e250,0x0000000084a00000)
 Metaspace       used 35123K, capacity 35288K, committed 35496K, reserved 1079296K
  class space    used 4699K, capacity 4780K, committed 4784K, reserved 1048576K
Event: 14.268 GC heap after
Heap after GC invocations=8 (full 1):
 PSYoungGen      total 125440K, used 6832K [0x00000000d5d80000, 0x00000000e3d80000, 0x0000000100000000)
  eden space 116736K, 0% used [0x00000000d5d80000,0x00000000d5d80000,0x00000000dcf80000)
  from space 8704K, 78% used [0x00000000dcf80000,0x00000000dd62c268,0x00000000dd800000)
  to   space 8704K, 0% used [0x00000000e3500000,0x00000000e3500000,0x00000000e3d80000)
 ParOldGen       total 51200K, used 9664K [0x0000000081800000, 0x0000000084a00000, 0x00000000d5d80000)
  object space 51200K, 18% used [0x0000000081800000,0x0000000082170250,0x0000000084a00000)
 Metaspace       used 35123K, capacity 35288K, committed 35496K, reserved 1079296K
  class space    used 4699K, capacity 4780K, committed 4784K, reserved 1048576K
}
Event: 14.268 GC heap before
{Heap before GC invocations=9 (full 2):
 PSYoungGen      total 125440K, used 6832K [0x00000000d5d80000, 0x00000000e3d80000, 0x0000000100000000)
  eden space 116736K, 0% used [0x00000000d5d80000,0x00000000d5d80000,0x00000000dcf80000)
  from space 8704K, 78% used [0x00000000dcf80000,0x00000000dd62c268,0x00000000dd800000)
  to   space 8704K, 0% used [0x00000000e3500000,0x00000000e3500000,0x00000000e3d80000)
 ParOldGen       total 51200K, used 9664K [0x0000000081800000, 0x0000000084a00000, 0x00000000d5d80000)
  object space 51200K, 18% used [0x0000000081800000,0x0000000082170250,0x0000000084a00000)
 Metaspace       used 35123K, capacity 35288K, committed 35496K, reserved 1079296K
  class space    used 4699K, capacity 4780K, committed 4784K, reserved 1048576K
Event: 14.384 GC heap after
Heap after GC invocations=9 (full 2):
 PSYoungGen      total 125440K, used 0K [0x00000000d5d80000, 0x00000000e3d80000, 0x0000000100000000)
  eden space 116736K, 0% used [0x00000000d5d80000,0x00000000d5d80000,0x00000000dcf80000)
  from space 8704K, 0% used [0x00000000dcf80000,0x00000000dcf80000,0x00000000dd800000)
  to   space 8704K, 0% used [0x00000000e3500000,0x00000000e3500000,0x00000000e3d80000)
 ParOldGen       total 73216K, used 11937K [0x0000000081800000, 0x0000000085f80000, 0x00000000d5d80000)
  object space 73216K, 16% used [0x0000000081800000,0x00000000823a8588,0x0000000085f80000)
 Metaspace       used 35123K, capacity 35288K, committed 35496K, reserved 1079296K
  class space    used 4699K, capacity 4780K, committed 4784K, reserved 1048576K
}
Event: 15.692 GC heap before
{Heap before GC invocations=10 (full 2):
 PSYoungGen      total 125440K, used 116736K [0x00000000d5d80000, 0x00000000e3d80000, 0x0000000100000000)
  eden space 116736K, 100% used [0x00000000d5d80000,0x00000000dcf80000,0x00000000dcf80000)
  from space 8704K, 0% used [0x00000000dcf80000,0x00000000dcf80000,0x00000000dd800000)
  to   space 8704K, 0% used [0x00000000e3500000,0x00000000e3500000,0x00000000e3d80000)
 ParOldGen       total 73216K, used 11937K [0x0000000081800000, 0x0000000085f80000, 0x00000000d5d80000)
  object space 73216K, 16% used [0x0000000081800000,0x00000000823a8588,0x0000000085f80000)
 Metaspace       used 41137K, capacity 41368K, committed 41768K, reserved 1085440K
  class space    used 5587K, capacity 5676K, committed 5680K, reserved 1048576K
Event: 15.703 GC heap after
Heap after GC invocations=10 (full 2):
 PSYoungGen      total 187392K, used 8674K [0x00000000d5d80000, 0x00000000e3d80000, 0x0000000100000000)
  eden space 178688K, 0% used [0x00000000d5d80000,0x00000000d5d80000,0x00000000e0c00000)
  from space 8704K, 99% used [0x00000000e3500000,0x00000000e3d78be0,0x00000000e3d80000)
  to   space 9728K, 0% used [0x00000000e2a80000,0x00000000e2a80000,0x00000000e3400000)
 ParOldGen       total 73216K, used 14059K [0x0000000081800000, 0x0000000085f80000, 0x00000000d5d80000)
  object space 73216K, 19% used [0x0000000081800000,0x00000000825bae30,0x0000000085f80000)
 Metaspace       used 41137K, capacity 41368K, committed 41768K, reserved 1085440K
  class space    used 5587K, capacity 5676K, committed 5680K, reserved 1048576K
}

