# JRE version: Java(TM) SE Runtime Environment (8.0_91-b14) (build 1.8.0_91-b14)
# Java VM: Java HotSpot(TM) 64-Bit Server VM (25.91-b14 mixed mode windows-amd64 compressed oops)
Heap:
 PSYoungGen      total 223232K, used 108373K [0x00000000d5d80000, 0x00000000e4180000, 0x0000000100000000)
  eden space 212992K, 49% used [0x00000000d5d80000,0x00000000dc38af80,0x00000000e2d80000)
  from space 10240K, 37% used [0x00000000e3780000,0x00000000e3b4a680,0x00000000e4180000)
  to   space 10240K, 0% used [0x00000000e2d80000,0x00000000e2d80000,0x00000000e3780000)
 ParOldGen       total 87552K, used 12760K [0x0000000081800000, 0x0000000086d80000, 0x00000000d5d80000)
  object space 87552K, 14% used [0x0000000081800000,0x0000000082476360,0x0000000086d80000)
 Metaspace       used 11781K, capacity 12054K, committed 12416K, reserved 1060864K
  class space    used 1198K, capacity 1297K, committed 1408K, reserved 1048576K
GC Heap History (10 events):
Event: 143.874 GC heap before
{Heap before GC invocations=6 (full 0):
 PSYoungGen      total 38400K, used 38328K [0x00000000d5d80000, 0x00000000db280000, 0x0000000100000000)
  eden space 33280K, 99% used [0x00000000d5d80000,0x00000000d7df5a38,0x00000000d7e00000)
  from space 5120K, 99% used [0x00000000d7e00000,0x00000000d82f86f0,0x00000000d8300000)
  to   space 10240K, 0% used [0x00000000da880000,0x00000000da880000,0x00000000db280000)
 ParOldGen       total 87552K, used 8968K [0x0000000081800000, 0x0000000086d80000, 0x00000000d5d80000)
  object space 87552K, 10% used [0x0000000081800000,0x00000000820c2280,0x0000000086d80000)
 Metaspace       used 11745K, capacity 11976K, committed 12160K, reserved 1060864K
  class space    used 1198K, capacity 1296K, committed 1408K, reserved 1048576K
Event: 143.881 GC heap after
Heap after GC invocations=6 (full 0):
 PSYoungGen      total 76800K, used 4466K [0x00000000d5d80000, 0x00000000db280000, 0x0000000100000000)
  eden space 66560K, 0% used [0x00000000d5d80000,0x00000000d5d80000,0x00000000d9e80000)
  from space 10240K, 43% used [0x00000000da880000,0x00000000dacdc9a8,0x00000000db280000)
  to   space 10240K, 0% used [0x00000000d9e80000,0x00000000d9e80000,0x00000000da880000)
 ParOldGen       total 87552K, used 8976K [0x0000000081800000, 0x0000000086d80000, 0x00000000d5d80000)
  object space 87552K, 10% used [0x0000000081800000,0x00000000820c4280,0x0000000086d80000)
 Metaspace       used 11745K, capacity 11976K, committed 12160K, reserved 1060864K
  class space    used 1198K, capacity 1296K, committed 1408K, reserved 1048576K
}
Event: 190.475 GC heap before
{Heap before GC invocations=7 (full 0):
 PSYoungGen      total 76800K, used 71009K [0x00000000d5d80000, 0x00000000db280000, 0x0000000100000000)
  eden space 66560K, 99% used [0x00000000d5d80000,0x00000000d9e7bbd0,0x00000000d9e80000)
  from space 10240K, 43% used [0x00000000da880000,0x00000000dacdc9a8,0x00000000db280000)
  to   space 10240K, 0% used [0x00000000d9e80000,0x00000000d9e80000,0x00000000da880000)
 ParOldGen       total 87552K, used 8976K [0x0000000081800000, 0x0000000086d80000, 0x00000000d5d80000)
  object space 87552K, 10% used [0x0000000081800000,0x00000000820c4280,0x0000000086d80000)
 Metaspace       used 11763K, capacity 12046K, committed 12416K, reserved 1060864K
  class space    used 1198K, capacity 1297K, committed 1408K, reserved 1048576K
Event: 190.491 GC heap after
Heap after GC invocations=7 (full 0):
 PSYoungGen      total 76800K, used 4076K [0x00000000d5d80000, 0x00000000df380000, 0x0000000100000000)
  eden space 66560K, 0% used [0x00000000d5d80000,0x00000000d5d80000,0x00000000d9e80000)
  from space 10240K, 39% used [0x00000000d9e80000,0x00000000da27b338,0x00000000da880000)
  to   space 10240K, 0% used [0x00000000de980000,0x00000000de980000,0x00000000df380000)
 ParOldGen       total 87552K, used 12224K [0x0000000081800000, 0x0000000086d80000, 0x00000000d5d80000)
  object space 87552K, 13% used [0x0000000081800000,0x00000000823f0350,0x0000000086d80000)
 Metaspace       used 11763K, capacity 12046K, committed 12416K, reserved 1060864K
  class space    used 1198K, capacity 1297K, committed 1408K, reserved 1048576K
}
Event: 190.514 GC heap before
{Heap before GC invocations=8 (full 0):
 PSYoungGen      total 76800K, used 70459K [0x00000000d5d80000, 0x00000000df380000, 0x0000000100000000)
  eden space 66560K, 99% used [0x00000000d5d80000,0x00000000d9e53a90,0x00000000d9e80000)
  from space 10240K, 39% used [0x00000000d9e80000,0x00000000da27b338,0x00000000da880000)
  to   space 10240K, 0% used [0x00000000de980000,0x00000000de980000,0x00000000df380000)
 ParOldGen       total 87552K, used 12224K [0x0000000081800000, 0x0000000086d80000, 0x00000000d5d80000)
  object space 87552K, 13% used [0x0000000081800000,0x00000000823f0350,0x0000000086d80000)
 Metaspace       used 11763K, capacity 12046K, committed 12416K, reserved 1060864K
  class space    used 1198K, capacity 1297K, committed 1408K, reserved 1048576K
Event: 190.535 GC heap after
Heap after GC invocations=8 (full 0):
 PSYoungGen      total 143360K, used 3864K [0x00000000d5d80000, 0x00000000df380000, 0x0000000100000000)
  eden space 133120K, 0% used [0x00000000d5d80000,0x00000000d5d80000,0x00000000ddf80000)
  from space 10240K, 37% used [0x00000000de980000,0x00000000ded46148,0x00000000df380000)
  to   space 10240K, 0% used [0x00000000ddf80000,0x00000000ddf80000,0x00000000de980000)
 ParOldGen       total 87552K, used 12712K [0x0000000081800000, 0x0000000086d80000, 0x00000000d5d80000)
  object space 87552K, 14% used [0x0000000081800000,0x000000008246a360,0x0000000086d80000)
 Metaspace       used 11763K, capacity 12046K, committed 12416K, reserved 1060864K
  class space    used 1198K, capacity 1297K, committed 1408K, reserved 1048576K
}
Event: 253.702 GC heap before
{Heap before GC invocations=9 (full 0):
 PSYoungGen      total 143360K, used 136935K [0x00000000d5d80000, 0x00000000df380000, 0x0000000100000000)
  eden space 133120K, 99% used [0x00000000d5d80000,0x00000000ddf73b30,0x00000000ddf80000)
  from space 10240K, 37% used [0x00000000de980000,0x00000000ded46148,0x00000000df380000)
  to   space 10240K, 0% used [0x00000000ddf80000,0x00000000ddf80000,0x00000000de980000)
 ParOldGen       total 87552K, used 12712K [0x0000000081800000, 0x0000000086d80000, 0x00000000d5d80000)
  object space 87552K, 14% used [0x0000000081800000,0x000000008246a360,0x0000000086d80000)
 Metaspace       used 11773K, capacity 12050K, committed 12416K, reserved 1060864K
  class space    used 1198K, capacity 1297K, committed 1408K, reserved 1048576K
Event: 253.714 GC heap after
Heap after GC invocations=9 (full 0):
 PSYoungGen      total 143360K, used 4207K [0x00000000d5d80000, 0x00000000e4180000, 0x0000000100000000)
  eden space 133120K, 0% used [0x00000000d5d80000,0x00000000d5d80000,0x00000000ddf80000)
  from space 10240K, 41% used [0x00000000ddf80000,0x00000000de39bd20,0x00000000de980000)
  to   space 10240K, 0% used [0x00000000e3780000,0x00000000e3780000,0x00000000e4180000)
 ParOldGen       total 87552K, used 12720K [0x0000000081800000, 0x0000000086d80000, 0x00000000d5d80000)
  object space 87552K, 14% used [0x0000000081800000,0x000000008246c360,0x0000000086d80000)
 Metaspace       used 11773K, capacity 12050K, committed 12416K, reserved 1060864K
  class space    used 1198K, capacity 1297K, committed 1408K, reserved 1048576K
}
Event: 261.995 GC heap before
{Heap before GC invocations=10 (full 0):
 PSYoungGen      total 143360K, used 137327K [0x00000000d5d80000, 0x00000000e4180000, 0x0000000100000000)
  eden space 133120K, 100% used [0x00000000d5d80000,0x00000000ddf80000,0x00000000ddf80000)
  from space 10240K, 41% used [0x00000000ddf80000,0x00000000de39bd20,0x00000000de980000)
  to   space 10240K, 0% used [0x00000000e3780000,0x00000000e3780000,0x00000000e4180000)
 ParOldGen       total 87552K, used 12720K [0x0000000081800000, 0x0000000086d80000, 0x00000000d5d80000)
  object space 87552K, 14% used [0x0000000081800000,0x000000008246c360,0x0000000086d80000)
 Metaspace       used 11780K, capacity 12054K, committed 12416K, reserved 1060864K
  class space    used 1198K, capacity 1297K, committed 1408K, reserved 1048576K
Event: 262.009 GC heap after
Heap after GC invocations=10 (full 0):
 PSYoungGen      total 223232K, used 3881K [0x00000000d5d80000, 0x00000000e4180000, 0x0000000100000000)
  eden space 212992K, 0% used [0x00000000d5d80000,0x00000000d5d80000,0x00000000e2d80000)
  from space 10240K, 37% used [0x00000000e3780000,0x00000000e3b4a680,0x00000000e4180000)
  to   space 10240K, 0% used [0x00000000e2d80000,0x00000000e2d80000,0x00000000e3780000)
 ParOldGen       total 87552K, used 12760K [0x0000000081800000, 0x0000000086d80000, 0x00000000d5d80000)
  object space 87552K, 14% used [0x0000000081800000,0x0000000082476360,0x0000000086d80000)
 Metaspace       used 11780K, capacity 12054K, committed 12416K, reserved 1060864K
  class space    used 1198K, capacity 1297K, committed 1408K, reserved 1048576K
}

