# JRE version: Java(TM) SE Runtime Environment (8.0_121-b13) (build 1.8.0_121-b13)
# Java VM: Java HotSpot(TM) 64-Bit Server VM (25.121-b13 mixed mode windows-amd64 compressed oops)
Heap:
 PSYoungGen      total 670720K, used 462450K [0x00000000d5d80000, 0x0000000100000000, 0x0000000100000000)
  eden space 654848K, 68% used [0x00000000d5d80000,0x00000000f11f6480,0x00000000fdd00000)
  from space 15872K, 97% used [0x00000000fdd00000,0x00000000fec26508,0x00000000fec80000)
  to   space 18944K, 0% used [0x00000000fed80000,0x00000000fed80000,0x0000000100000000)
 ParOldGen       total 98816K, used 40359K [0x0000000081800000, 0x0000000087880000, 0x00000000d5d80000)
  object space 98816K, 40% used [0x0000000081800000,0x0000000083f69f70,0x0000000087880000)
 Metaspace       used 82110K, capacity 84030K, committed 84224K, reserved 1122304K
  class space    used 11325K, capacity 11735K, committed 11776K, reserved 1048576K
GC Heap History (10 events):
Event: 69.884 GC heap before
{Heap before GC invocations=26 (full 3):
 PSYoungGen      total 673280K, used 666153K [0x00000000d5d80000, 0x00000000ffe80000, 0x0000000100000000)
  eden space 659456K, 99% used [0x00000000d5d80000,0x00000000fdf9c480,0x00000000fe180000)
  from space 13824K, 62% used [0x00000000ff100000,0x00000000ff96e350,0x00000000ffe80000)
  to   space 14848K, 0% used [0x00000000fe180000,0x00000000fe180000,0x00000000ff000000)
 ParOldGen       total 98816K, used 40327K [0x0000000081800000, 0x0000000087880000, 0x00000000d5d80000)
  object space 98816K, 40% used [0x0000000081800000,0x0000000083f61f70,0x0000000087880000)
 Metaspace       used 81130K, capacity 82718K, committed 82816K, reserved 1120256K
  class space    used 11244K, capacity 11591K, committed 11648K, reserved 1048576K
Event: 69.896 GC heap after
Heap after GC invocations=26 (full 3):
 PSYoungGen      total 674304K, used 10354K [0x00000000d5d80000, 0x0000000100000000, 0x0000000100000000)
  eden space 659456K, 0% used [0x00000000d5d80000,0x00000000d5d80000,0x00000000fe180000)
  from space 14848K, 69% used [0x00000000fe180000,0x00000000feb9c818,0x00000000ff000000)
  to   space 14848K, 0% used [0x00000000ff180000,0x00000000ff180000,0x0000000100000000)
 ParOldGen       total 98816K, used 40335K [0x0000000081800000, 0x0000000087880000, 0x00000000d5d80000)
  object space 98816K, 40% used [0x0000000081800000,0x0000000083f63f70,0x0000000087880000)
 Metaspace       used 81130K, capacity 82718K, committed 82816K, reserved 1120256K
  class space    used 11244K, capacity 11591K, committed 11648K, reserved 1048576K
}
Event: 71.307 GC heap before
{Heap before GC invocations=27 (full 3):
 PSYoungGen      total 674304K, used 669810K [0x00000000d5d80000, 0x0000000100000000, 0x0000000100000000)
  eden space 659456K, 100% used [0x00000000d5d80000,0x00000000fe180000,0x00000000fe180000)
  from space 14848K, 69% used [0x00000000fe180000,0x00000000feb9c818,0x00000000ff000000)
  to   space 14848K, 0% used [0x00000000ff180000,0x00000000ff180000,0x0000000100000000)
 ParOldGen       total 98816K, used 40335K [0x0000000081800000, 0x0000000087880000, 0x00000000d5d80000)
  object space 98816K, 40% used [0x0000000081800000,0x0000000083f63f70,0x0000000087880000)
 Metaspace       used 81328K, capacity 83032K, committed 83072K, reserved 1120256K
  class space    used 11262K, capacity 11622K, committed 11648K, reserved 1048576K
Event: 71.320 GC heap after
Heap after GC invocations=27 (full 3):
 PSYoungGen      total 673792K, used 11704K [0x00000000d5d80000, 0x0000000100000000, 0x0000000100000000)
  eden space 658944K, 0% used [0x00000000d5d80000,0x00000000d5d80000,0x00000000fe100000)
  from space 14848K, 78% used [0x00000000ff180000,0x00000000ffcee0d0,0x0000000100000000)
  to   space 15872K, 0% used [0x00000000fe100000,0x00000000fe100000,0x00000000ff080000)
 ParOldGen       total 98816K, used 40343K [0x0000000081800000, 0x0000000087880000, 0x00000000d5d80000)
  object space 98816K, 40% used [0x0000000081800000,0x0000000083f65f70,0x0000000087880000)
 Metaspace       used 81328K, capacity 83032K, committed 83072K, reserved 1120256K
  class space    used 11262K, capacity 11622K, committed 11648K, reserved 1048576K
}
Event: 72.710 GC heap before
{Heap before GC invocations=28 (full 3):
 PSYoungGen      total 673792K, used 670648K [0x00000000d5d80000, 0x0000000100000000, 0x0000000100000000)
  eden space 658944K, 100% used [0x00000000d5d80000,0x00000000fe100000,0x00000000fe100000)
  from space 14848K, 78% used [0x00000000ff180000,0x00000000ffcee0d0,0x0000000100000000)
  to   space 15872K, 0% used [0x00000000fe100000,0x00000000fe100000,0x00000000ff080000)
 ParOldGen       total 98816K, used 40343K [0x0000000081800000, 0x0000000087880000, 0x00000000d5d80000)
  object space 98816K, 40% used [0x0000000081800000,0x0000000083f65f70,0x0000000087880000)
 Metaspace       used 81566K, capacity 83346K, committed 83712K, reserved 1122304K
  class space    used 11280K, capacity 11653K, committed 11776K, reserved 1048576K
Event: 72.723 GC heap after
Heap after GC invocations=28 (full 3):
 PSYoungGen      total 672256K, used 13032K [0x00000000d5d80000, 0x0000000100000000, 0x0000000100000000)
  eden space 658944K, 0% used [0x00000000d5d80000,0x00000000d5d80000,0x00000000fe100000)
  from space 13312K, 97% used [0x00000000fe100000,0x00000000fedba2e0,0x00000000fee00000)
  to   space 16384K, 0% used [0x00000000ff000000,0x00000000ff000000,0x0000000100000000)
 ParOldGen       total 98816K, used 40351K [0x0000000081800000, 0x0000000087880000, 0x00000000d5d80000)
  object space 98816K, 40% used [0x0000000081800000,0x0000000083f67f70,0x0000000087880000)
 Metaspace       used 81566K, capacity 83346K, committed 83712K, reserved 1122304K
  class space    used 11280K, capacity 11653K, committed 11776K, reserved 1048576K
}
Event: 74.172 GC heap before
{Heap before GC invocations=29 (full 3):
 PSYoungGen      total 672256K, used 671970K [0x00000000d5d80000, 0x0000000100000000, 0x0000000100000000)
  eden space 658944K, 99% used [0x00000000d5d80000,0x00000000fe0fe598,0x00000000fe100000)
  from space 13312K, 97% used [0x00000000fe100000,0x00000000fedba2e0,0x00000000fee00000)
  to   space 16384K, 0% used [0x00000000ff000000,0x00000000ff000000,0x0000000100000000)
 ParOldGen       total 98816K, used 40351K [0x0000000081800000, 0x0000000087880000, 0x00000000d5d80000)
  object space 98816K, 40% used [0x0000000081800000,0x0000000083f67f70,0x0000000087880000)
 Metaspace       used 81748K, capacity 83532K, committed 83712K, reserved 1122304K
  class space    used 11297K, capacity 11684K, committed 11776K, reserved 1048576K
Event: 74.186 GC heap after
Heap after GC invocations=29 (full 3):
 PSYoungGen      total 671232K, used 14387K [0x00000000d5d80000, 0x0000000100000000, 0x0000000100000000)
  eden space 654848K, 0% used [0x00000000d5d80000,0x00000000d5d80000,0x00000000fdd00000)
  from space 16384K, 87% used [0x00000000ff000000,0x00000000ffe0cfb8,0x0000000100000000)
  to   space 17920K, 0% used [0x00000000fdd00000,0x00000000fdd00000,0x00000000fee80000)
 ParOldGen       total 98816K, used 40359K [0x0000000081800000, 0x0000000087880000, 0x00000000d5d80000)
  object space 98816K, 40% used [0x0000000081800000,0x0000000083f69f70,0x0000000087880000)
 Metaspace       used 81748K, capacity 83532K, committed 83712K, reserved 1122304K
  class space    used 11297K, capacity 11684K, committed 11776K, reserved 1048576K
}
Event: 75.631 GC heap before
{Heap before GC invocations=30 (full 3):
 PSYoungGen      total 671232K, used 668554K [0x00000000d5d80000, 0x0000000100000000, 0x0000000100000000)
  eden space 654848K, 99% used [0x00000000d5d80000,0x00000000fdc55ae0,0x00000000fdd00000)
  from space 16384K, 87% used [0x00000000ff000000,0x00000000ffe0cfb8,0x0000000100000000)
  to   space 17920K, 0% used [0x00000000fdd00000,0x00000000fdd00000,0x00000000fee80000)
 ParOldGen       total 98816K, used 40359K [0x0000000081800000, 0x0000000087880000, 0x00000000d5d80000)
  object space 98816K, 40% used [0x0000000081800000,0x0000000083f69f70,0x0000000087880000)
 Metaspace       used 81944K, capacity 83846K, committed 83968K, reserved 1122304K
  class space    used 11314K, capacity 11715K, committed 11776K, reserved 1048576K
Event: 75.647 GC heap after
Heap after GC invocations=30 (full 3):
 PSYoungGen      total 670720K, used 15513K [0x00000000d5d80000, 0x0000000100000000, 0x0000000100000000)
  eden space 654848K, 0% used [0x00000000d5d80000,0x00000000d5d80000,0x00000000fdd00000)
  from space 15872K, 97% used [0x00000000fdd00000,0x00000000fec26508,0x00000000fec80000)
  to   space 18944K, 0% used [0x00000000fed80000,0x00000000fed80000,0x0000000100000000)
 ParOldGen       total 98816K, used 40359K [0x0000000081800000, 0x0000000087880000, 0x00000000d5d80000)
  object space 98816K, 40% used [0x0000000081800000,0x0000000083f69f70,0x0000000087880000)
 Metaspace       used 81944K, capacity 83846K, committed 83968K, reserved 1122304K
  class space    used 11314K, capacity 11715K, committed 11776K, reserved 1048576K
}

