# JRE version: Java(TM) SE Runtime Environment (8.0_121-b13) (build 1.8.0_121-b13)
# Java VM: Java HotSpot(TM) 64-Bit Server VM (25.121-b13 mixed mode windows-amd64 compressed oops)
Heap:
 PSYoungGen      total 498176K, used 229116K [0x00000000d5d80000, 0x0000000100000000, 0x0000000100000000)
  eden space 305664K, 11% used [0x00000000d5d80000,0x00000000d813f048,0x00000000e8800000)
  from space 192512K, 100% used [0x00000000e8800000,0x00000000f4400000,0x00000000f4400000)
  to   space 192512K, 0% used [0x00000000f4400000,0x00000000f4400000,0x0000000100000000)
 ParOldGen       total 804864K, used 629286K [0x0000000081800000, 0x00000000b2a00000, 0x00000000d5d80000)
  object space 804864K, 78% used [0x0000000081800000,0x00000000a7e89938,0x00000000b2a00000)
 Metaspace       used 12333K, capacity 12614K, committed 12672K, reserved 1060864K
  class space    used 1271K, capacity 1355K, committed 1408K, reserved 1048576K
GC Heap History (10 events):
Event: 98.551 GC heap before
{Heap before GC invocations=13 (full 2):
 PSYoungGen      total 431104K, used 426438K [0x00000000d5d80000, 0x0000000100000000, 0x0000000100000000)
  eden space 359936K, 100% used [0x00000000d5d80000,0x00000000ebd00000,0x00000000ebd00000)
  from space 71168K, 93% used [0x00000000f4300000,0x00000000f83f1bf8,0x00000000f8880000)
  to   space 137216K, 0% used [0x00000000ebd00000,0x00000000ebd00000,0x00000000f4300000)
 ParOldGen       total 448000K, used 292782K [0x0000000081800000, 0x000000009cd80000, 0x00000000d5d80000)
  object space 448000K, 65% used [0x0000000081800000,0x00000000935ebbe8,0x000000009cd80000)
 Metaspace       used 12257K, capacity 12516K, committed 12672K, reserved 1060864K
  class space    used 1261K, capacity 1322K, committed 1408K, reserved 1048576K
Event: 98.619 GC heap after
Heap after GC invocations=13 (full 2):
 PSYoungGen      total 497152K, used 35200K [0x00000000d5d80000, 0x0000000100000000, 0x0000000100000000)
  eden space 359936K, 0% used [0x00000000d5d80000,0x00000000d5d80000,0x00000000ebd00000)
  from space 137216K, 25% used [0x00000000ebd00000,0x00000000edf60000,0x00000000f4300000)
  to   space 129024K, 0% used [0x00000000f8200000,0x00000000f8200000,0x0000000100000000)
 ParOldGen       total 448000K, used 361110K [0x0000000081800000, 0x000000009cd80000, 0x00000000d5d80000)
  object space 448000K, 80% used [0x0000000081800000,0x00000000978a5be8,0x000000009cd80000)
 Metaspace       used 12257K, capacity 12516K, committed 12672K, reserved 1060864K
  class space    used 1261K, capacity 1322K, committed 1408K, reserved 1048576K
}
Event: 98.620 GC heap before
{Heap before GC invocations=14 (full 3):
 PSYoungGen      total 497152K, used 35200K [0x00000000d5d80000, 0x0000000100000000, 0x0000000100000000)
  eden space 359936K, 0% used [0x00000000d5d80000,0x00000000d5d80000,0x00000000ebd00000)
  from space 137216K, 25% used [0x00000000ebd00000,0x00000000edf60000,0x00000000f4300000)
  to   space 129024K, 0% used [0x00000000f8200000,0x00000000f8200000,0x0000000100000000)
 ParOldGen       total 448000K, used 361110K [0x0000000081800000, 0x000000009cd80000, 0x00000000d5d80000)
  object space 448000K, 80% used [0x0000000081800000,0x00000000978a5be8,0x000000009cd80000)
 Metaspace       used 12257K, capacity 12516K, committed 12672K, reserved 1060864K
  class space    used 1261K, capacity 1322K, committed 1408K, reserved 1048576K
Event: 98.846 GC heap after
Heap after GC invocations=14 (full 3):
 PSYoungGen      total 497152K, used 0K [0x00000000d5d80000, 0x0000000100000000, 0x0000000100000000)
  eden space 359936K, 0% used [0x00000000d5d80000,0x00000000d5d80000,0x00000000ebd00000)
  from space 137216K, 0% used [0x00000000ebd00000,0x00000000ebd00000,0x00000000f4300000)
  to   space 129024K, 0% used [0x00000000f8200000,0x00000000f8200000,0x0000000100000000)
 ParOldGen       total 576000K, used 394365K [0x0000000081800000, 0x00000000a4a80000, 0x00000000d5d80000)
  object space 576000K, 68% used [0x0000000081800000,0x000000009991f7a8,0x00000000a4a80000)
 Metaspace       used 12257K, capacity 12516K, committed 12672K, reserved 1060864K
  class space    used 1261K, capacity 1322K, committed 1408K, reserved 1048576K
}
Event: 102.975 GC heap before
{Heap before GC invocations=15 (full 3):
 PSYoungGen      total 497152K, used 359936K [0x00000000d5d80000, 0x0000000100000000, 0x0000000100000000)
  eden space 359936K, 100% used [0x00000000d5d80000,0x00000000ebd00000,0x00000000ebd00000)
  from space 137216K, 0% used [0x00000000ebd00000,0x00000000ebd00000,0x00000000f4300000)
  to   space 129024K, 0% used [0x00000000f8200000,0x00000000f8200000,0x0000000100000000)
 ParOldGen       total 576000K, used 394365K [0x0000000081800000, 0x00000000a4a80000, 0x00000000d5d80000)
  object space 576000K, 68% used [0x0000000081800000,0x000000009991f7a8,0x00000000a4a80000)
 Metaspace       used 12328K, capacity 12614K, committed 12672K, reserved 1060864K
  class space    used 1271K, capacity 1355K, committed 1408K, reserved 1048576K
Event: 103.115 GC heap after
Heap after GC invocations=15 (full 3):
 PSYoungGen      total 434688K, used 129024K [0x00000000d5d80000, 0x0000000100000000, 0x0000000100000000)
  eden space 305664K, 0% used [0x00000000d5d80000,0x00000000d5d80000,0x00000000e8800000)
  from space 129024K, 100% used [0x00000000f8200000,0x0000000100000000,0x0000000100000000)
  to   space 192512K, 0% used [0x00000000e8800000,0x00000000e8800000,0x00000000f4400000)
 ParOldGen       total 576000K, used 501509K [0x0000000081800000, 0x00000000a4a80000, 0x00000000d5d80000)
  object space 576000K, 87% used [0x0000000081800000,0x00000000a01c17e8,0x00000000a4a80000)
 Metaspace       used 12328K, capacity 12614K, committed 12672K, reserved 1060864K
  class space    used 1271K, capacity 1355K, committed 1408K, reserved 1048576K
}
Event: 103.115 GC heap before
{Heap before GC invocations=16 (full 4):
 PSYoungGen      total 434688K, used 129024K [0x00000000d5d80000, 0x0000000100000000, 0x0000000100000000)
  eden space 305664K, 0% used [0x00000000d5d80000,0x00000000d5d80000,0x00000000e8800000)
  from space 129024K, 100% used [0x00000000f8200000,0x0000000100000000,0x0000000100000000)
  to   space 192512K, 0% used [0x00000000e8800000,0x00000000e8800000,0x00000000f4400000)
 ParOldGen       total 576000K, used 501509K [0x0000000081800000, 0x00000000a4a80000, 0x00000000d5d80000)
  object space 576000K, 87% used [0x0000000081800000,0x00000000a01c17e8,0x00000000a4a80000)
 Metaspace       used 12328K, capacity 12614K, committed 12672K, reserved 1060864K
  class space    used 1271K, capacity 1355K, committed 1408K, reserved 1048576K
Event: 103.744 GC heap after
Heap after GC invocations=16 (full 4):
 PSYoungGen      total 434688K, used 16797K [0x00000000d5d80000, 0x0000000100000000, 0x0000000100000000)
  eden space 305664K, 0% used [0x00000000d5d80000,0x00000000d5d80000,0x00000000e8800000)
  from space 129024K, 13% used [0x00000000f8200000,0x00000000f9267658,0x0000000100000000)
  to   space 192512K, 0% used [0x00000000e8800000,0x00000000e8800000,0x00000000f4400000)
 ParOldGen       total 804864K, used 575766K [0x0000000081800000, 0x00000000b2a00000, 0x00000000d5d80000)
  object space 804864K, 71% used [0x0000000081800000,0x00000000a4a45938,0x00000000b2a00000)
 Metaspace       used 12328K, capacity 12614K, committed 12672K, reserved 1060864K
  class space    used 1271K, capacity 1355K, committed 1408K, reserved 1048576K
}
Event: 197.117 GC heap before
{Heap before GC invocations=17 (full 4):
 PSYoungGen      total 434688K, used 322461K [0x00000000d5d80000, 0x0000000100000000, 0x0000000100000000)
  eden space 305664K, 100% used [0x00000000d5d80000,0x00000000e8800000,0x00000000e8800000)
  from space 129024K, 13% used [0x00000000f8200000,0x00000000f9267658,0x0000000100000000)
  to   space 192512K, 0% used [0x00000000e8800000,0x00000000e8800000,0x00000000f4400000)
 ParOldGen       total 804864K, used 575766K [0x0000000081800000, 0x00000000b2a00000, 0x00000000d5d80000)
  object space 804864K, 71% used [0x0000000081800000,0x00000000a4a45938,0x00000000b2a00000)
 Metaspace       used 12331K, capacity 12614K, committed 12672K, reserved 1060864K
  class space    used 1271K, capacity 1355K, committed 1408K, reserved 1048576K
Event: 200.892 GC heap after
Heap after GC invocations=17 (full 4):
 PSYoungGen      total 498176K, used 192512K [0x00000000d5d80000, 0x0000000100000000, 0x0000000100000000)
  eden space 305664K, 0% used [0x00000000d5d80000,0x00000000d5d80000,0x00000000e8800000)
  from space 192512K, 100% used [0x00000000e8800000,0x00000000f4400000,0x00000000f4400000)
  to   space 192512K, 0% used [0x00000000f4400000,0x00000000f4400000,0x0000000100000000)
 ParOldGen       total 804864K, used 629286K [0x0000000081800000, 0x00000000b2a00000, 0x00000000d5d80000)
  object space 804864K, 78% used [0x0000000081800000,0x00000000a7e89938,0x00000000b2a00000)
 Metaspace       used 12331K, capacity 12614K, committed 12672K, reserved 1060864K
  class space    used 1271K, capacity 1355K, committed 1408K, reserved 1048576K
}

