# JRE version: Java(TM) SE Runtime Environment (8.0_121-b13) (build 1.8.0_121-b13)
# Java VM: Java HotSpot(TM) 64-Bit Server VM (25.121-b13 mixed mode windows-amd64 compressed oops)
Heap:
 PSYoungGen      total 146944K, used 70078K [0x00000000d5d80000, 0x00000000e1c80000, 0x0000000100000000)
  eden space 136704K, 43% used [0x00000000d5d80000,0x00000000d97f53d0,0x00000000de300000)
  from space 10240K, 99% used [0x00000000df900000,0x00000000e02fa580,0x00000000e0300000)
  to   space 22528K, 0% used [0x00000000de300000,0x00000000de300000,0x00000000df900000)
 ParOldGen       total 71680K, used 43518K [0x0000000081800000, 0x0000000085e00000, 0x00000000d5d80000)
  object space 71680K, 60% used [0x0000000081800000,0x000000008427fa80,0x0000000085e00000)
 Metaspace       used 45073K, capacity 45348K, committed 45608K, reserved 1089536K
  class space    used 6087K, capacity 6178K, committed 6192K, reserved 1048576K
GC Heap History (10 events):
Event: 8.203 GC heap before
{Heap before GC invocations=8 (full 1):
 PSYoungGen      total 67584K, used 64094K [0x00000000d5d80000, 0x00000000da900000, 0x0000000100000000)
  eden space 58880K, 100% used [0x00000000d5d80000,0x00000000d9700000,0x00000000d9700000)
  from space 8704K, 59% used [0x00000000da080000,0x00000000da597a18,0x00000000da900000)
  to   space 9216K, 0% used [0x00000000d9700000,0x00000000d9700000,0x00000000da000000)
 ParOldGen       total 52224K, used 7401K [0x0000000081800000, 0x0000000084b00000, 0x00000000d5d80000)
  object space 52224K, 14% used [0x0000000081800000,0x0000000081f3a738,0x0000000084b00000)
 Metaspace       used 32492K, capacity 32652K, committed 32816K, reserved 1077248K
  class space    used 4338K, capacity 4394K, committed 4400K, reserved 1048576K
Event: 8.242 GC heap after
Heap after GC invocations=8 (full 1):
 PSYoungGen      total 68096K, used 7365K [0x00000000d5d80000, 0x00000000dda00000, 0x0000000100000000)
  eden space 58880K, 0% used [0x00000000d5d80000,0x00000000d5d80000,0x00000000d9700000)
  from space 9216K, 79% used [0x00000000d9700000,0x00000000d9e31430,0x00000000da000000)
  to   space 9216K, 0% used [0x00000000dd100000,0x00000000dd100000,0x00000000dda00000)
 ParOldGen       total 52224K, used 7409K [0x0000000081800000, 0x0000000084b00000, 0x00000000d5d80000)
  object space 52224K, 14% used [0x0000000081800000,0x0000000081f3c738,0x0000000084b00000)
 Metaspace       used 32492K, capacity 32652K, committed 32816K, reserved 1077248K
  class space    used 4338K, capacity 4394K, committed 4400K, reserved 1048576K
}
Event: 8.568 GC heap before
{Heap before GC invocations=9 (full 1):
 PSYoungGen      total 68096K, used 45661K [0x00000000d5d80000, 0x00000000dda00000, 0x0000000100000000)
  eden space 58880K, 65% used [0x00000000d5d80000,0x00000000d82e6270,0x00000000d9700000)
  from space 9216K, 79% used [0x00000000d9700000,0x00000000d9e31430,0x00000000da000000)
  to   space 9216K, 0% used [0x00000000dd100000,0x00000000dd100000,0x00000000dda00000)
 ParOldGen       total 52224K, used 7409K [0x0000000081800000, 0x0000000084b00000, 0x00000000d5d80000)
  object space 52224K, 14% used [0x0000000081800000,0x0000000081f3c738,0x0000000084b00000)
 Metaspace       used 35110K, capacity 35288K, committed 35496K, reserved 1079296K
  class space    used 4699K, capacity 4780K, committed 4784K, reserved 1048576K
Event: 8.573 GC heap after
Heap after GC invocations=9 (full 1):
 PSYoungGen      total 117248K, used 7343K [0x00000000d5d80000, 0x00000000dd980000, 0x0000000100000000)
  eden space 108544K, 0% used [0x00000000d5d80000,0x00000000d5d80000,0x00000000dc780000)
  from space 8704K, 84% used [0x00000000dd100000,0x00000000dd82bdd8,0x00000000dd980000)
  to   space 9216K, 0% used [0x00000000dc780000,0x00000000dc780000,0x00000000dd080000)
 ParOldGen       total 52224K, used 7417K [0x0000000081800000, 0x0000000084b00000, 0x00000000d5d80000)
  object space 52224K, 14% used [0x0000000081800000,0x0000000081f3e738,0x0000000084b00000)
 Metaspace       used 35110K, capacity 35288K, committed 35496K, reserved 1079296K
  class space    used 4699K, capacity 4780K, committed 4784K, reserved 1048576K
}
Event: 8.573 GC heap before
{Heap before GC invocations=10 (full 2):
 PSYoungGen      total 117248K, used 7343K [0x00000000d5d80000, 0x00000000dd980000, 0x0000000100000000)
  eden space 108544K, 0% used [0x00000000d5d80000,0x00000000d5d80000,0x00000000dc780000)
  from space 8704K, 84% used [0x00000000dd100000,0x00000000dd82bdd8,0x00000000dd980000)
  to   space 9216K, 0% used [0x00000000dc780000,0x00000000dc780000,0x00000000dd080000)
 ParOldGen       total 52224K, used 7417K [0x0000000081800000, 0x0000000084b00000, 0x00000000d5d80000)
  object space 52224K, 14% used [0x0000000081800000,0x0000000081f3e738,0x0000000084b00000)
 Metaspace       used 35110K, capacity 35288K, committed 35496K, reserved 1079296K
  class space    used 4699K, capacity 4780K, committed 4784K, reserved 1048576K
Event: 8.616 GC heap after
Heap after GC invocations=10 (full 2):
 PSYoungGen      total 117248K, used 0K [0x00000000d5d80000, 0x00000000dd980000, 0x0000000100000000)
  eden space 108544K, 0% used [0x00000000d5d80000,0x00000000d5d80000,0x00000000dc780000)
  from space 8704K, 0% used [0x00000000dd100000,0x00000000dd100000,0x00000000dd980000)
  to   space 9216K, 0% used [0x00000000dc780000,0x00000000dc780000,0x00000000dd080000)
 ParOldGen       total 71680K, used 12337K [0x0000000081800000, 0x0000000085e00000, 0x00000000d5d80000)
  object space 71680K, 17% used [0x0000000081800000,0x000000008240c738,0x0000000085e00000)
 Metaspace       used 35110K, capacity 35288K, committed 35496K, reserved 1079296K
  class space    used 4699K, capacity 4780K, committed 4784K, reserved 1048576K
}
Event: 9.296 GC heap before
{Heap before GC invocations=11 (full 2):
 PSYoungGen      total 117248K, used 108544K [0x00000000d5d80000, 0x00000000dd980000, 0x0000000100000000)
  eden space 108544K, 100% used [0x00000000d5d80000,0x00000000dc780000,0x00000000dc780000)
  from space 8704K, 0% used [0x00000000dd100000,0x00000000dd100000,0x00000000dd980000)
  to   space 9216K, 0% used [0x00000000dc780000,0x00000000dc780000,0x00000000dd080000)
 ParOldGen       total 71680K, used 12337K [0x0000000081800000, 0x0000000085e00000, 0x00000000d5d80000)
  object space 71680K, 17% used [0x0000000081800000,0x000000008240c738,0x0000000085e00000)
 Metaspace       used 40232K, capacity 40440K, committed 40744K, reserved 1085440K
  class space    used 5497K, capacity 5580K, committed 5680K, reserved 1048576K
Event: 9.302 GC heap after
Heap after GC invocations=11 (full 2):
 PSYoungGen      total 117760K, used 9211K [0x00000000d5d80000, 0x00000000e0300000, 0x0000000100000000)
  eden space 108544K, 0% used [0x00000000d5d80000,0x00000000d5d80000,0x00000000dc780000)
  from space 9216K, 99% used [0x00000000dc780000,0x00000000dd07efa8,0x00000000dd080000)
  to   space 10240K, 0% used [0x00000000df900000,0x00000000df900000,0x00000000e0300000)
 ParOldGen       total 71680K, used 12800K [0x0000000081800000, 0x0000000085e00000, 0x00000000d5d80000)
  object space 71680K, 17% used [0x0000000081800000,0x00000000824801b0,0x0000000085e00000)
 Metaspace       used 40232K, capacity 40440K, committed 40744K, reserved 1085440K
  class space    used 5497K, capacity 5580K, committed 5680K, reserved 1048576K
}
Event: 10.258 GC heap before
{Heap before GC invocations=12 (full 2):
 PSYoungGen      total 117760K, used 117755K [0x00000000d5d80000, 0x00000000e0300000, 0x0000000100000000)
  eden space 108544K, 100% used [0x00000000d5d80000,0x00000000dc780000,0x00000000dc780000)
  from space 9216K, 99% used [0x00000000dc780000,0x00000000dd07efa8,0x00000000dd080000)
  to   space 10240K, 0% used [0x00000000df900000,0x00000000df900000,0x00000000e0300000)
 ParOldGen       total 71680K, used 12800K [0x0000000081800000, 0x0000000085e00000, 0x00000000d5d80000)
  object space 71680K, 17% used [0x0000000081800000,0x00000000824801b0,0x0000000085e00000)
 Metaspace       used 44194K, capacity 44424K, committed 44840K, reserved 1087488K
  class space    used 5984K, capacity 6068K, committed 6192K, reserved 1048576K
Event: 10.287 GC heap after
Heap after GC invocations=12 (full 2):
 PSYoungGen      total 146944K, used 10217K [0x00000000d5d80000, 0x00000000e1c80000, 0x0000000100000000)
  eden space 136704K, 0% used [0x00000000d5d80000,0x00000000d5d80000,0x00000000de300000)
  from space 10240K, 99% used [0x00000000df900000,0x00000000e02fa580,0x00000000e0300000)
  to   space 22528K, 0% used [0x00000000de300000,0x00000000de300000,0x00000000df900000)
 ParOldGen       total 71680K, used 43518K [0x0000000081800000, 0x0000000085e00000, 0x00000000d5d80000)
  object space 71680K, 60% used [0x0000000081800000,0x000000008427fa80,0x0000000085e00000)
 Metaspace       used 44194K, capacity 44424K, committed 44840K, reserved 1087488K
  class space    used 5984K, capacity 6068K, committed 6192K, reserved 1048576K
}

