# JRE version: Java(TM) SE Runtime Environment (8.0_121-b13) (build 1.8.0_121-b13)
# Java VM: Java HotSpot(TM) 64-Bit Server VM (25.121-b13 mixed mode windows-amd64 compressed oops)
Heap:
 PSYoungGen      total 689152K, used 386153K [0x00000000d5d80000, 0x0000000100000000, 0x0000000100000000)
  eden space 687616K, 56% used [0x00000000d5d80000,0x00000000ed58a4a0,0x00000000ffd00000)
  from space 1536K, 70% used [0x00000000ffd00000,0x00000000ffe10000,0x00000000ffe80000)
  to   space 1536K, 0% used [0x00000000ffe80000,0x00000000ffe80000,0x0000000100000000)
 ParOldGen       total 497664K, used 321210K [0x0000000081800000, 0x000000009fe00000, 0x00000000d5d80000)
  object space 497664K, 64% used [0x0000000081800000,0x00000000951ae990,0x000000009fe00000)
 Metaspace       used 12263K, capacity 12550K, committed 12672K, reserved 1060864K
  class space    used 1269K, capacity 1355K, committed 1408K, reserved 1048576K
GC Heap History (10 events):
Event: 1058.309 GC heap before
{Heap before GC invocations=596 (full 3):
 PSYoungGen      total 689152K, used 688064K [0x00000000d5d80000, 0x0000000100000000, 0x0000000100000000)
  eden space 687616K, 100% used [0x00000000d5d80000,0x00000000ffd00000,0x00000000ffd00000)
  from space 1536K, 29% used [0x00000000ffe80000,0x00000000ffef0000,0x0000000100000000)
  to   space 1536K, 0% used [0x00000000ffd00000,0x00000000ffd00000,0x00000000ffe80000)
 ParOldGen       total 497664K, used 321210K [0x0000000081800000, 0x000000009fe00000, 0x00000000d5d80000)
  object space 497664K, 64% used [0x0000000081800000,0x00000000951ae990,0x000000009fe00000)
 Metaspace       used 12260K, capacity 12550K, committed 12672K, reserved 1060864K
  class space    used 1269K, capacity 1355K, committed 1408K, reserved 1048576K
Event: 1058.314 GC heap after
Heap after GC invocations=596 (full 3):
 PSYoungGen      total 689152K, used 416K [0x00000000d5d80000, 0x0000000100000000, 0x0000000100000000)
  eden space 687616K, 0% used [0x00000000d5d80000,0x00000000d5d80000,0x00000000ffd00000)
  from space 1536K, 27% used [0x00000000ffd00000,0x00000000ffd68000,0x00000000ffe80000)
  to   space 1536K, 0% used [0x00000000ffe80000,0x00000000ffe80000,0x0000000100000000)
 ParOldGen       total 497664K, used 321210K [0x0000000081800000, 0x000000009fe00000, 0x00000000d5d80000)
  object space 497664K, 64% used [0x0000000081800000,0x00000000951ae990,0x000000009fe00000)
 Metaspace       used 12260K, capacity 12550K, committed 12672K, reserved 1060864K
  class space    used 1269K, capacity 1355K, committed 1408K, reserved 1048576K
}
Event: 1063.748 GC heap before
{Heap before GC invocations=597 (full 3):
 PSYoungGen      total 689152K, used 688032K [0x00000000d5d80000, 0x0000000100000000, 0x0000000100000000)
  eden space 687616K, 100% used [0x00000000d5d80000,0x00000000ffd00000,0x00000000ffd00000)
  from space 1536K, 27% used [0x00000000ffd00000,0x00000000ffd68000,0x00000000ffe80000)
  to   space 1536K, 0% used [0x00000000ffe80000,0x00000000ffe80000,0x0000000100000000)
 ParOldGen       total 497664K, used 321210K [0x0000000081800000, 0x000000009fe00000, 0x00000000d5d80000)
  object space 497664K, 64% used [0x0000000081800000,0x00000000951ae990,0x000000009fe00000)
 Metaspace       used 12260K, capacity 12550K, committed 12672K, reserved 1060864K
  class space    used 1269K, capacity 1355K, committed 1408K, reserved 1048576K
Event: 1063.753 GC heap after
Heap after GC invocations=597 (full 3):
 PSYoungGen      total 689152K, used 448K [0x00000000d5d80000, 0x0000000100000000, 0x0000000100000000)
  eden space 687616K, 0% used [0x00000000d5d80000,0x00000000d5d80000,0x00000000ffd00000)
  from space 1536K, 29% used [0x00000000ffe80000,0x00000000ffef0000,0x0000000100000000)
  to   space 1536K, 0% used [0x00000000ffd00000,0x00000000ffd00000,0x00000000ffe80000)
 ParOldGen       total 497664K, used 321210K [0x0000000081800000, 0x000000009fe00000, 0x00000000d5d80000)
  object space 497664K, 64% used [0x0000000081800000,0x00000000951ae990,0x000000009fe00000)
 Metaspace       used 12260K, capacity 12550K, committed 12672K, reserved 1060864K
  class space    used 1269K, capacity 1355K, committed 1408K, reserved 1048576K
}
Event: 1070.959 GC heap before
{Heap before GC invocations=598 (full 3):
 PSYoungGen      total 689152K, used 688064K [0x00000000d5d80000, 0x0000000100000000, 0x0000000100000000)
  eden space 687616K, 100% used [0x00000000d5d80000,0x00000000ffd00000,0x00000000ffd00000)
  from space 1536K, 29% used [0x00000000ffe80000,0x00000000ffef0000,0x0000000100000000)
  to   space 1536K, 0% used [0x00000000ffd00000,0x00000000ffd00000,0x00000000ffe80000)
 ParOldGen       total 497664K, used 321210K [0x0000000081800000, 0x000000009fe00000, 0x00000000d5d80000)
  object space 497664K, 64% used [0x0000000081800000,0x00000000951ae990,0x000000009fe00000)
 Metaspace       used 12260K, capacity 12550K, committed 12672K, reserved 1060864K
  class space    used 1269K, capacity 1355K, committed 1408K, reserved 1048576K
Event: 1070.962 GC heap after
Heap after GC invocations=598 (full 3):
 PSYoungGen      total 689152K, used 448K [0x00000000d5d80000, 0x0000000100000000, 0x0000000100000000)
  eden space 687616K, 0% used [0x00000000d5d80000,0x00000000d5d80000,0x00000000ffd00000)
  from space 1536K, 29% used [0x00000000ffd00000,0x00000000ffd70000,0x00000000ffe80000)
  to   space 1536K, 0% used [0x00000000ffe80000,0x00000000ffe80000,0x0000000100000000)
 ParOldGen       total 497664K, used 321210K [0x0000000081800000, 0x000000009fe00000, 0x00000000d5d80000)
  object space 497664K, 64% used [0x0000000081800000,0x00000000951ae990,0x000000009fe00000)
 Metaspace       used 12260K, capacity 12550K, committed 12672K, reserved 1060864K
  class space    used 1269K, capacity 1355K, committed 1408K, reserved 1048576K
}
Event: 1077.709 GC heap before
{Heap before GC invocations=599 (full 3):
 PSYoungGen      total 689152K, used 688064K [0x00000000d5d80000, 0x0000000100000000, 0x0000000100000000)
  eden space 687616K, 100% used [0x00000000d5d80000,0x00000000ffd00000,0x00000000ffd00000)
  from space 1536K, 29% used [0x00000000ffd00000,0x00000000ffd70000,0x00000000ffe80000)
  to   space 1536K, 0% used [0x00000000ffe80000,0x00000000ffe80000,0x0000000100000000)
 ParOldGen       total 497664K, used 321210K [0x0000000081800000, 0x000000009fe00000, 0x00000000d5d80000)
  object space 497664K, 64% used [0x0000000081800000,0x00000000951ae990,0x000000009fe00000)
 Metaspace       used 12260K, capacity 12550K, committed 12672K, reserved 1060864K
  class space    used 1269K, capacity 1355K, committed 1408K, reserved 1048576K
Event: 1077.712 GC heap after
Heap after GC invocations=599 (full 3):
 PSYoungGen      total 689152K, used 416K [0x00000000d5d80000, 0x0000000100000000, 0x0000000100000000)
  eden space 687616K, 0% used [0x00000000d5d80000,0x00000000d5d80000,0x00000000ffd00000)
  from space 1536K, 27% used [0x00000000ffe80000,0x00000000ffee8000,0x0000000100000000)
  to   space 1536K, 0% used [0x00000000ffd00000,0x00000000ffd00000,0x00000000ffe80000)
 ParOldGen       total 497664K, used 321210K [0x0000000081800000, 0x000000009fe00000, 0x00000000d5d80000)
  object space 497664K, 64% used [0x0000000081800000,0x00000000951ae990,0x000000009fe00000)
 Metaspace       used 12260K, capacity 12550K, committed 12672K, reserved 1060864K
  class space    used 1269K, capacity 1355K, committed 1408K, reserved 1048576K
}
Event: 1088.775 GC heap before
{Heap before GC invocations=600 (full 3):
 PSYoungGen      total 689152K, used 688032K [0x00000000d5d80000, 0x0000000100000000, 0x0000000100000000)
  eden space 687616K, 100% used [0x00000000d5d80000,0x00000000ffd00000,0x00000000ffd00000)
  from space 1536K, 27% used [0x00000000ffe80000,0x00000000ffee8000,0x0000000100000000)
  to   space 1536K, 0% used [0x00000000ffd00000,0x00000000ffd00000,0x00000000ffe80000)
 ParOldGen       total 497664K, used 321210K [0x0000000081800000, 0x000000009fe00000, 0x00000000d5d80000)
  object space 497664K, 64% used [0x0000000081800000,0x00000000951ae990,0x000000009fe00000)
 Metaspace       used 12260K, capacity 12550K, committed 12672K, reserved 1060864K
  class space    used 1269K, capacity 1355K, committed 1408K, reserved 1048576K
Event: 1088.782 GC heap after
Heap after GC invocations=600 (full 3):
 PSYoungGen      total 689152K, used 1088K [0x00000000d5d80000, 0x0000000100000000, 0x0000000100000000)
  eden space 687616K, 0% used [0x00000000d5d80000,0x00000000d5d80000,0x00000000ffd00000)
  from space 1536K, 70% used [0x00000000ffd00000,0x00000000ffe10000,0x00000000ffe80000)
  to   space 1536K, 0% used [0x00000000ffe80000,0x00000000ffe80000,0x0000000100000000)
 ParOldGen       total 497664K, used 321210K [0x0000000081800000, 0x000000009fe00000, 0x00000000d5d80000)
  object space 497664K, 64% used [0x0000000081800000,0x00000000951ae990,0x000000009fe00000)
 Metaspace       used 12260K, capacity 12550K, committed 12672K, reserved 1060864K
  class space    used 1269K, capacity 1355K, committed 1408K, reserved 1048576K
}

