# JRE version: Java(TM) SE Runtime Environment (8.0_121-b13) (build 1.8.0_121-b13)
# Java VM: Java HotSpot(TM) 64-Bit Server VM (25.121-b13 mixed mode windows-amd64 compressed oops)
Heap:
 PSYoungGen      total 676352K, used 38709K [0x00000000d5d80000, 0x0000000100000000, 0x0000000100000000)
  eden space 663552K, 5% used [0x00000000d5d80000,0x00000000d834d410,0x00000000fe580000)
  from space 12800K, 0% used [0x00000000ff280000,0x00000000ff280000,0x00000000fff00000)
  to   space 13312K, 0% used [0x00000000fe580000,0x00000000fe580000,0x00000000ff280000)
 ParOldGen       total 103936K, used 49554K [0x0000000081800000, 0x0000000087d80000, 0x00000000d5d80000)
  object space 103936K, 47% used [0x0000000081800000,0x0000000084864940,0x0000000087d80000)
 Metaspace       used 80526K, capacity 81432K, committed 84264K, reserved 1122304K
  class space    used 11078K, capacity 11292K, committed 11824K, reserved 1048576K
GC Heap History (10 events):
Event: 71.420 GC heap before
{Heap before GC invocations=28 (full 3):
 PSYoungGen      total 674816K, used 669086K [0x00000000d5d80000, 0x00000000ffe80000, 0x0000000100000000)
  eden space 661504K, 100% used [0x00000000d5d80000,0x00000000fe380000,0x00000000fe380000)
  from space 13312K, 56% used [0x00000000ff180000,0x00000000ff8e7800,0x00000000ffe80000)
  to   space 13824K, 0% used [0x00000000fe380000,0x00000000fe380000,0x00000000ff100000)
 ParOldGen       total 103936K, used 52644K [0x0000000081800000, 0x0000000087d80000, 0x00000000d5d80000)
  object space 103936K, 50% used [0x0000000081800000,0x0000000084b690a8,0x0000000087d80000)
 Metaspace       used 81643K, capacity 83402K, committed 83624K, reserved 1122304K
  class space    used 11279K, capacity 11663K, committed 11696K, reserved 1048576K
Event: 71.428 GC heap after
Heap after GC invocations=28 (full 3):
 PSYoungGen      total 675328K, used 7168K [0x00000000d5d80000, 0x00000000fff80000, 0x0000000100000000)
  eden space 661504K, 0% used [0x00000000d5d80000,0x00000000d5d80000,0x00000000fe380000)
  from space 13824K, 51% used [0x00000000fe380000,0x00000000fea801a0,0x00000000ff100000)
  to   space 13312K, 0% used [0x00000000ff280000,0x00000000ff280000,0x00000000fff80000)
 ParOldGen       total 103936K, used 54059K [0x0000000081800000, 0x0000000087d80000, 0x00000000d5d80000)
  object space 103936K, 52% used [0x0000000081800000,0x0000000084ccae58,0x0000000087d80000)
 Metaspace       used 81643K, capacity 83402K, committed 83624K, reserved 1122304K
  class space    used 11279K, capacity 11663K, committed 11696K, reserved 1048576K
}
Event: 72.943 GC heap before
{Heap before GC invocations=29 (full 3):
 PSYoungGen      total 675328K, used 668672K [0x00000000d5d80000, 0x00000000fff80000, 0x0000000100000000)
  eden space 661504K, 100% used [0x00000000d5d80000,0x00000000fe380000,0x00000000fe380000)
  from space 13824K, 51% used [0x00000000fe380000,0x00000000fea801a0,0x00000000ff100000)
  to   space 13312K, 0% used [0x00000000ff280000,0x00000000ff280000,0x00000000fff80000)
 ParOldGen       total 103936K, used 54059K [0x0000000081800000, 0x0000000087d80000, 0x00000000d5d80000)
  object space 103936K, 52% used [0x0000000081800000,0x0000000084ccae58,0x0000000087d80000)
 Metaspace       used 81858K, capacity 83716K, committed 83880K, reserved 1122304K
  class space    used 11297K, capacity 11694K, committed 11696K, reserved 1048576K
Event: 72.960 GC heap after
Heap after GC invocations=29 (full 3):
 PSYoungGen      total 676864K, used 8753K [0x00000000d5d80000, 0x00000000fff80000, 0x0000000100000000)
  eden space 663552K, 0% used [0x00000000d5d80000,0x00000000d5d80000,0x00000000fe580000)
  from space 13312K, 65% used [0x00000000ff280000,0x00000000ffb0c428,0x00000000fff80000)
  to   space 13312K, 0% used [0x00000000fe580000,0x00000000fe580000,0x00000000ff280000)
 ParOldGen       total 103936K, used 54067K [0x0000000081800000, 0x0000000087d80000, 0x00000000d5d80000)
  object space 103936K, 52% used [0x0000000081800000,0x0000000084ccce58,0x0000000087d80000)
 Metaspace       used 81858K, capacity 83716K, committed 83880K, reserved 1122304K
  class space    used 11297K, capacity 11694K, committed 11696K, reserved 1048576K
}
Event: 74.393 GC heap before
{Heap before GC invocations=30 (full 3):
 PSYoungGen      total 676864K, used 668469K [0x00000000d5d80000, 0x00000000fff80000, 0x0000000100000000)
  eden space 663552K, 99% used [0x00000000d5d80000,0x00000000fe1c1158,0x00000000fe580000)
  from space 13312K, 65% used [0x00000000ff280000,0x00000000ffb0c428,0x00000000fff80000)
  to   space 13312K, 0% used [0x00000000fe580000,0x00000000fe580000,0x00000000ff280000)
 ParOldGen       total 103936K, used 54067K [0x0000000081800000, 0x0000000087d80000, 0x00000000d5d80000)
  object space 103936K, 52% used [0x0000000081800000,0x0000000084ccce58,0x0000000087d80000)
 Metaspace       used 82075K, capacity 83972K, committed 84264K, reserved 1122304K
  class space    used 11319K, capacity 11726K, committed 11824K, reserved 1048576K
Event: 74.406 GC heap after
Heap after GC invocations=30 (full 3):
 PSYoungGen      total 676864K, used 8887K [0x00000000d5d80000, 0x00000000fff00000, 0x0000000100000000)
  eden space 663552K, 0% used [0x00000000d5d80000,0x00000000d5d80000,0x00000000fe580000)
  from space 13312K, 66% used [0x00000000fe580000,0x00000000fee2dc08,0x00000000ff280000)
  to   space 12800K, 0% used [0x00000000ff280000,0x00000000ff280000,0x00000000fff00000)
 ParOldGen       total 103936K, used 55315K [0x0000000081800000, 0x0000000087d80000, 0x00000000d5d80000)
  object space 103936K, 53% used [0x0000000081800000,0x0000000084e04e68,0x0000000087d80000)
 Metaspace       used 82075K, capacity 83972K, committed 84264K, reserved 1122304K
  class space    used 11319K, capacity 11726K, committed 11824K, reserved 1048576K
}
Event: 1811.783 GC heap before
{Heap before GC invocations=31 (full 3):
 PSYoungGen      total 676864K, used 181394K [0x00000000d5d80000, 0x00000000fff00000, 0x0000000100000000)
  eden space 663552K, 25% used [0x00000000d5d80000,0x00000000e05f6e90,0x00000000fe580000)
  from space 13312K, 66% used [0x00000000fe580000,0x00000000fee2dc08,0x00000000ff280000)
  to   space 12800K, 0% used [0x00000000ff280000,0x00000000ff280000,0x00000000fff00000)
 ParOldGen       total 103936K, used 55315K [0x0000000081800000, 0x0000000087d80000, 0x00000000d5d80000)
  object space 103936K, 53% used [0x0000000081800000,0x0000000084e04e68,0x0000000087d80000)
 Metaspace       used 82157K, capacity 84008K, committed 84264K, reserved 1122304K
  class space    used 11322K, capacity 11732K, committed 11824K, reserved 1048576K
Event: 1811.790 GC heap after
Heap after GC invocations=31 (full 3):
 PSYoungGen      total 676352K, used 2768K [0x00000000d5d80000, 0x0000000100000000, 0x0000000100000000)
  eden space 663552K, 0% used [0x00000000d5d80000,0x00000000d5d80000,0x00000000fe580000)
  from space 12800K, 21% used [0x00000000ff280000,0x00000000ff534080,0x00000000fff00000)
  to   space 13312K, 0% used [0x00000000fe580000,0x00000000fe580000,0x00000000ff280000)
 ParOldGen       total 103936K, used 56675K [0x0000000081800000, 0x0000000087d80000, 0x00000000d5d80000)
  object space 103936K, 54% used [0x0000000081800000,0x0000000084f58ea8,0x0000000087d80000)
 Metaspace       used 82157K, capacity 84008K, committed 84264K, reserved 1122304K
  class space    used 11322K, capacity 11732K, committed 11824K, reserved 1048576K
}
Event: 1811.790 GC heap before
{Heap before GC invocations=32 (full 4):
 PSYoungGen      total 676352K, used 2768K [0x00000000d5d80000, 0x0000000100000000, 0x0000000100000000)
  eden space 663552K, 0% used [0x00000000d5d80000,0x00000000d5d80000,0x00000000fe580000)
  from space 12800K, 21% used [0x00000000ff280000,0x00000000ff534080,0x00000000fff00000)
  to   space 13312K, 0% used [0x00000000fe580000,0x00000000fe580000,0x00000000ff280000)
 ParOldGen       total 103936K, used 56675K [0x0000000081800000, 0x0000000087d80000, 0x00000000d5d80000)
  object space 103936K, 54% used [0x0000000081800000,0x0000000084f58ea8,0x0000000087d80000)
 Metaspace       used 82157K, capacity 84008K, committed 84264K, reserved 1122304K
  class space    used 11322K, capacity 11732K, committed 11824K, reserved 1048576K
Event: 1812.098 GC heap after
Heap after GC invocations=32 (full 4):
 PSYoungGen      total 676352K, used 0K [0x00000000d5d80000, 0x0000000100000000, 0x0000000100000000)
  eden space 663552K, 0% used [0x00000000d5d80000,0x00000000d5d80000,0x00000000fe580000)
  from space 12800K, 0% used [0x00000000ff280000,0x00000000ff280000,0x00000000fff00000)
  to   space 13312K, 0% used [0x00000000fe580000,0x00000000fe580000,0x00000000ff280000)
 ParOldGen       total 103936K, used 49554K [0x0000000081800000, 0x0000000087d80000, 0x00000000d5d80000)
  object space 103936K, 47% used [0x0000000081800000,0x0000000084864940,0x0000000087d80000)
 Metaspace       used 80511K, capacity 81368K, committed 84264K, reserved 1122304K
  class space    used 11078K, capacity 11292K, committed 11824K, reserved 1048576K
}

