# JRE version: Java(TM) SE Runtime Environment (8.0_121-b13) (build 1.8.0_121-b13)
# Java VM: Java HotSpot(TM) 64-Bit Server VM (25.121-b13 mixed mode windows-amd64 compressed oops)
Heap:
 PSYoungGen      total 660480K, used 597156K [0x00000000d5d80000, 0x0000000100000000, 0x0000000100000000)
  eden space 643584K, 90% used [0x00000000d5d80000,0x00000000f9485a70,0x00000000fd200000)
  from space 16896K, 97% used [0x00000000fd200000,0x00000000fe223670,0x00000000fe280000)
  to   space 24064K, 0% used [0x00000000fe880000,0x00000000fe880000,0x0000000100000000)
 ParOldGen       total 110080K, used 48824K [0x0000000081800000, 0x0000000088380000, 0x00000000d5d80000)
  object space 110080K, 44% used [0x0000000081800000,0x00000000847ae328,0x0000000088380000)
 Metaspace       used 82237K, capacity 84118K, committed 84264K, reserved 1122304K
  class space    used 11327K, capacity 11739K, committed 11824K, reserved 1048576K
GC Heap History (10 events):
Event: 47.496 GC heap before
{Heap before GC invocations=26 (full 3):
 PSYoungGen      total 669696K, used 663431K [0x00000000d5d80000, 0x0000000100000000, 0x0000000100000000)
  eden space 650752K, 99% used [0x00000000d5d80000,0x00000000fd64ef50,0x00000000fd900000)
  from space 18944K, 81% used [0x00000000fed80000,0x00000000ffc92f18,0x0000000100000000)
  to   space 19968K, 0% used [0x00000000fd900000,0x00000000fd900000,0x00000000fec80000)
 ParOldGen       total 110080K, used 43489K [0x0000000081800000, 0x0000000088380000, 0x00000000d5d80000)
  object space 110080K, 39% used [0x0000000081800000,0x0000000084278760,0x0000000088380000)
 Metaspace       used 81224K, capacity 82842K, committed 83112K, reserved 1120256K
  class space    used 11244K, capacity 11591K, committed 11696K, reserved 1048576K
Event: 47.510 GC heap after
Heap after GC invocations=26 (full 3):
 PSYoungGen      total 667136K, used 15894K [0x00000000d5d80000, 0x0000000100000000, 0x0000000100000000)
  eden space 650752K, 0% used [0x00000000d5d80000,0x00000000d5d80000,0x00000000fd900000)
  from space 16384K, 97% used [0x00000000fd900000,0x00000000fe8858e0,0x00000000fe900000)
  to   space 20992K, 0% used [0x00000000feb80000,0x00000000feb80000,0x0000000100000000)
 ParOldGen       total 110080K, used 44400K [0x0000000081800000, 0x0000000088380000, 0x00000000d5d80000)
  object space 110080K, 40% used [0x0000000081800000,0x000000008435c328,0x0000000088380000)
 Metaspace       used 81224K, capacity 82842K, committed 83112K, reserved 1120256K
  class space    used 11244K, capacity 11591K, committed 11696K, reserved 1048576K
}
Event: 48.975 GC heap before
{Heap before GC invocations=27 (full 3):
 PSYoungGen      total 667136K, used 666646K [0x00000000d5d80000, 0x0000000100000000, 0x0000000100000000)
  eden space 650752K, 100% used [0x00000000d5d80000,0x00000000fd900000,0x00000000fd900000)
  from space 16384K, 97% used [0x00000000fd900000,0x00000000fe8858e0,0x00000000fe900000)
  to   space 20992K, 0% used [0x00000000feb80000,0x00000000feb80000,0x0000000100000000)
 ParOldGen       total 110080K, used 44400K [0x0000000081800000, 0x0000000088380000, 0x00000000d5d80000)
  object space 110080K, 40% used [0x0000000081800000,0x000000008435c328,0x0000000088380000)
 Metaspace       used 81428K, capacity 83096K, committed 83368K, reserved 1120256K
  class space    used 11261K, capacity 11622K, committed 11696K, reserved 1048576K
Event: 48.996 GC heap after
Heap after GC invocations=27 (full 3):
 PSYoungGen      total 666624K, used 16434K [0x00000000d5d80000, 0x0000000100000000, 0x0000000100000000)
  eden space 645632K, 0% used [0x00000000d5d80000,0x00000000d5d80000,0x00000000fd400000)
  from space 20992K, 78% used [0x00000000feb80000,0x00000000ffb8caf8,0x0000000100000000)
  to   space 22528K, 0% used [0x00000000fd400000,0x00000000fd400000,0x00000000fea00000)
 ParOldGen       total 110080K, used 45304K [0x0000000081800000, 0x0000000088380000, 0x00000000d5d80000)
  object space 110080K, 41% used [0x0000000081800000,0x000000008443e328,0x0000000088380000)
 Metaspace       used 81428K, capacity 83096K, committed 83368K, reserved 1120256K
  class space    used 11261K, capacity 11622K, committed 11696K, reserved 1048576K
}
Event: 50.404 GC heap before
{Heap before GC invocations=28 (full 3):
 PSYoungGen      total 666624K, used 662066K [0x00000000d5d80000, 0x0000000100000000, 0x0000000100000000)
  eden space 645632K, 100% used [0x00000000d5d80000,0x00000000fd400000,0x00000000fd400000)
  from space 20992K, 78% used [0x00000000feb80000,0x00000000ffb8caf8,0x0000000100000000)
  to   space 22528K, 0% used [0x00000000fd400000,0x00000000fd400000,0x00000000fea00000)
 ParOldGen       total 110080K, used 45304K [0x0000000081800000, 0x0000000088380000, 0x00000000d5d80000)
  object space 110080K, 41% used [0x0000000081800000,0x000000008443e328,0x0000000088380000)
 Metaspace       used 81656K, capacity 83410K, committed 83624K, reserved 1122304K
  class space    used 11278K, capacity 11653K, committed 11696K, reserved 1048576K
Event: 50.423 GC heap after
Heap after GC invocations=28 (full 3):
 PSYoungGen      total 662528K, used 16647K [0x00000000d5d80000, 0x0000000100000000, 0x0000000100000000)
  eden space 645632K, 0% used [0x00000000d5d80000,0x00000000d5d80000,0x00000000fd400000)
  from space 16896K, 98% used [0x00000000fd400000,0x00000000fe441fb0,0x00000000fe480000)
  to   space 23040K, 0% used [0x00000000fe980000,0x00000000fe980000,0x0000000100000000)
 ParOldGen       total 110080K, used 46432K [0x0000000081800000, 0x0000000088380000, 0x00000000d5d80000)
  object space 110080K, 42% used [0x0000000081800000,0x0000000084558328,0x0000000088380000)
 Metaspace       used 81656K, capacity 83410K, committed 83624K, reserved 1122304K
  class space    used 11278K, capacity 11653K, committed 11696K, reserved 1048576K
}
Event: 51.883 GC heap before
{Heap before GC invocations=29 (full 3):
 PSYoungGen      total 662528K, used 660324K [0x00000000d5d80000, 0x0000000100000000, 0x0000000100000000)
  eden space 645632K, 99% used [0x00000000d5d80000,0x00000000fd2171e8,0x00000000fd400000)
  from space 16896K, 98% used [0x00000000fd400000,0x00000000fe441fb0,0x00000000fe480000)
  to   space 23040K, 0% used [0x00000000fe980000,0x00000000fe980000,0x0000000100000000)
 ParOldGen       total 110080K, used 46432K [0x0000000081800000, 0x0000000088380000, 0x00000000d5d80000)
  object space 110080K, 42% used [0x0000000081800000,0x0000000084558328,0x0000000088380000)
 Metaspace       used 81831K, capacity 83654K, committed 83880K, reserved 1122304K
  class space    used 11296K, capacity 11683K, committed 11696K, reserved 1048576K
Event: 51.905 GC heap after
Heap after GC invocations=29 (full 3):
 PSYoungGen      total 666624K, used 16601K [0x00000000d5d80000, 0x0000000100000000, 0x0000000100000000)
  eden space 643584K, 0% used [0x00000000d5d80000,0x00000000d5d80000,0x00000000fd200000)
  from space 23040K, 72% used [0x00000000fe980000,0x00000000ff9b6548,0x0000000100000000)
  to   space 23552K, 0% used [0x00000000fd200000,0x00000000fd200000,0x00000000fe900000)
 ParOldGen       total 110080K, used 47544K [0x0000000081800000, 0x0000000088380000, 0x00000000d5d80000)
  object space 110080K, 43% used [0x0000000081800000,0x000000008466e328,0x0000000088380000)
 Metaspace       used 81831K, capacity 83654K, committed 83880K, reserved 1122304K
  class space    used 11296K, capacity 11683K, committed 11696K, reserved 1048576K
}
Event: 53.186 GC heap before
{Heap before GC invocations=30 (full 3):
 PSYoungGen      total 666624K, used 660185K [0x00000000d5d80000, 0x0000000100000000, 0x0000000100000000)
  eden space 643584K, 100% used [0x00000000d5d80000,0x00000000fd200000,0x00000000fd200000)
  from space 23040K, 72% used [0x00000000fe980000,0x00000000ff9b6548,0x0000000100000000)
  to   space 23552K, 0% used [0x00000000fd200000,0x00000000fd200000,0x00000000fe900000)
 ParOldGen       total 110080K, used 47544K [0x0000000081800000, 0x0000000088380000, 0x00000000d5d80000)
  object space 110080K, 43% used [0x0000000081800000,0x000000008466e328,0x0000000088380000)
 Metaspace       used 82039K, capacity 83898K, committed 84264K, reserved 1122304K
  class space    used 11312K, capacity 11713K, committed 11824K, reserved 1048576K
Event: 53.225 GC heap after
Heap after GC invocations=30 (full 3):
 PSYoungGen      total 660480K, used 16525K [0x00000000d5d80000, 0x0000000100000000, 0x0000000100000000)
  eden space 643584K, 0% used [0x00000000d5d80000,0x00000000d5d80000,0x00000000fd200000)
  from space 16896K, 97% used [0x00000000fd200000,0x00000000fe223670,0x00000000fe280000)
  to   space 24064K, 0% used [0x00000000fe880000,0x00000000fe880000,0x0000000100000000)
 ParOldGen       total 110080K, used 48824K [0x0000000081800000, 0x0000000088380000, 0x00000000d5d80000)
  object space 110080K, 44% used [0x0000000081800000,0x00000000847ae328,0x0000000088380000)
 Metaspace       used 82039K, capacity 83898K, committed 84264K, reserved 1122304K
  class space    used 11312K, capacity 11713K, committed 11824K, reserved 1048576K
}

