# JRE version: Java(TM) SE Runtime Environment (8.0_121-b13) (build 1.8.0_121-b13)
# Java VM: Java HotSpot(TM) 64-Bit Server VM (25.121-b13 mixed mode windows-amd64 compressed oops)
Heap:
 PSYoungGen      total 126976K, used 112287K [0x00000000d5d80000, 0x00000000e0f80000, 0x0000000100000000)
  eden space 117760K, 87% used [0x00000000d5d80000,0x00000000dc22fd30,0x00000000dd080000)
  from space 9216K, 99% used [0x00000000de880000,0x00000000df178040,0x00000000df180000)
  to   space 24576K, 0% used [0x00000000dd080000,0x00000000dd080000,0x00000000de880000)
 ParOldGen       total 87552K, used 32363K [0x0000000081800000, 0x0000000086d80000, 0x00000000d5d80000)
  object space 87552K, 36% used [0x0000000081800000,0x000000008379ade8,0x0000000086d80000)
 Metaspace       used 12348K, capacity 12604K, committed 12672K, reserved 1060864K
  class space    used 1267K, capacity 1352K, committed 1408K, reserved 1048576K
GC Heap History (10 events):
Event: 98.259 GC heap before
{Heap before GC invocations=2 (full 0):
 PSYoungGen      total 38400K, used 38375K [0x00000000d5d80000, 0x00000000d8800000, 0x0000000100000000)
  eden space 33280K, 100% used [0x00000000d5d80000,0x00000000d7e00000,0x00000000d7e00000)
  from space 5120K, 99% used [0x00000000d7e00000,0x00000000d82f9e48,0x00000000d8300000)
  to   space 5120K, 0% used [0x00000000d8300000,0x00000000d8300000,0x00000000d8800000)
 ParOldGen       total 87552K, used 1536K [0x0000000081800000, 0x0000000086d80000, 0x00000000d5d80000)
  object space 87552K, 1% used [0x0000000081800000,0x00000000819803a8,0x0000000086d80000)
 Metaspace       used 12040K, capacity 12224K, committed 12416K, reserved 1060864K
  class space    used 1233K, capacity 1304K, committed 1408K, reserved 1048576K
Event: 98.265 GC heap after
Heap after GC invocations=2 (full 0):
 PSYoungGen      total 38400K, used 5104K [0x00000000d5d80000, 0x00000000d8800000, 0x0000000100000000)
  eden space 33280K, 0% used [0x00000000d5d80000,0x00000000d5d80000,0x00000000d7e00000)
  from space 5120K, 99% used [0x00000000d8300000,0x00000000d87fc050,0x00000000d8800000)
  to   space 5120K, 0% used [0x00000000d7e00000,0x00000000d7e00000,0x00000000d8300000)
 ParOldGen       total 87552K, used 4403K [0x0000000081800000, 0x0000000086d80000, 0x00000000d5d80000)
  object space 87552K, 5% used [0x0000000081800000,0x0000000081c4cde8,0x0000000086d80000)
 Metaspace       used 12040K, capacity 12224K, committed 12416K, reserved 1060864K
  class space    used 1233K, capacity 1304K, committed 1408K, reserved 1048576K
}
Event: 98.340 GC heap before
{Heap before GC invocations=3 (full 0):
 PSYoungGen      total 38400K, used 38384K [0x00000000d5d80000, 0x00000000d8800000, 0x0000000100000000)
  eden space 33280K, 100% used [0x00000000d5d80000,0x00000000d7e00000,0x00000000d7e00000)
  from space 5120K, 99% used [0x00000000d8300000,0x00000000d87fc050,0x00000000d8800000)
  to   space 5120K, 0% used [0x00000000d7e00000,0x00000000d7e00000,0x00000000d8300000)
 ParOldGen       total 87552K, used 4403K [0x0000000081800000, 0x0000000086d80000, 0x00000000d5d80000)
  object space 87552K, 5% used [0x0000000081800000,0x0000000081c4cde8,0x0000000086d80000)
 Metaspace       used 12046K, capacity 12232K, committed 12416K, reserved 1060864K
  class space    used 1233K, capacity 1304K, committed 1408K, reserved 1048576K
Event: 98.353 GC heap after
Heap after GC invocations=3 (full 0):
 PSYoungGen      total 38400K, used 5088K [0x00000000d5d80000, 0x00000000da880000, 0x0000000100000000)
  eden space 33280K, 0% used [0x00000000d5d80000,0x00000000d5d80000,0x00000000d7e00000)
  from space 5120K, 99% used [0x00000000d7e00000,0x00000000d82f8040,0x00000000d8300000)
  to   space 5120K, 0% used [0x00000000da380000,0x00000000da380000,0x00000000da880000)
 ParOldGen       total 87552K, used 4427K [0x0000000081800000, 0x0000000086d80000, 0x00000000d5d80000)
  object space 87552K, 5% used [0x0000000081800000,0x0000000081c52de8,0x0000000086d80000)
 Metaspace       used 12046K, capacity 12232K, committed 12416K, reserved 1060864K
  class space    used 1233K, capacity 1304K, committed 1408K, reserved 1048576K
}
Event: 98.472 GC heap before
{Heap before GC invocations=4 (full 0):
 PSYoungGen      total 38400K, used 38368K [0x00000000d5d80000, 0x00000000da880000, 0x0000000100000000)
  eden space 33280K, 100% used [0x00000000d5d80000,0x00000000d7e00000,0x00000000d7e00000)
  from space 5120K, 99% used [0x00000000d7e00000,0x00000000d82f8040,0x00000000d8300000)
  to   space 5120K, 0% used [0x00000000da380000,0x00000000da380000,0x00000000da880000)
 ParOldGen       total 87552K, used 4427K [0x0000000081800000, 0x0000000086d80000, 0x00000000d5d80000)
  object space 87552K, 5% used [0x0000000081800000,0x0000000081c52de8,0x0000000086d80000)
 Metaspace       used 12175K, capacity 12424K, committed 12672K, reserved 1060864K
  class space    used 1251K, capacity 1318K, committed 1408K, reserved 1048576K
Event: 98.477 GC heap after
Heap after GC invocations=4 (full 0):
 PSYoungGen      total 71680K, used 5088K [0x00000000d5d80000, 0x00000000da880000, 0x0000000100000000)
  eden space 66560K, 0% used [0x00000000d5d80000,0x00000000d5d80000,0x00000000d9e80000)
  from space 5120K, 99% used [0x00000000da380000,0x00000000da878040,0x00000000da880000)
  to   space 5120K, 0% used [0x00000000d9e80000,0x00000000d9e80000,0x00000000da380000)
 ParOldGen       total 87552K, used 4771K [0x0000000081800000, 0x0000000086d80000, 0x00000000d5d80000)
  object space 87552K, 5% used [0x0000000081800000,0x0000000081ca8de8,0x0000000086d80000)
 Metaspace       used 12175K, capacity 12424K, committed 12672K, reserved 1060864K
  class space    used 1251K, capacity 1318K, committed 1408K, reserved 1048576K
}
Event: 98.646 GC heap before
{Heap before GC invocations=5 (full 0):
 PSYoungGen      total 71680K, used 71648K [0x00000000d5d80000, 0x00000000da880000, 0x0000000100000000)
  eden space 66560K, 100% used [0x00000000d5d80000,0x00000000d9e80000,0x00000000d9e80000)
  from space 5120K, 99% used [0x00000000da380000,0x00000000da878040,0x00000000da880000)
  to   space 5120K, 0% used [0x00000000d9e80000,0x00000000d9e80000,0x00000000da380000)
 ParOldGen       total 87552K, used 4771K [0x0000000081800000, 0x0000000086d80000, 0x00000000d5d80000)
  object space 87552K, 5% used [0x0000000081800000,0x0000000081ca8de8,0x0000000086d80000)
 Metaspace       used 12181K, capacity 12430K, committed 12672K, reserved 1060864K
  class space    used 1251K, capacity 1319K, committed 1408K, reserved 1048576K
Event: 98.651 GC heap after
Heap after GC invocations=5 (full 0):
 PSYoungGen      total 71680K, used 5104K [0x00000000d5d80000, 0x00000000df180000, 0x0000000100000000)
  eden space 66560K, 0% used [0x00000000d5d80000,0x00000000d5d80000,0x00000000d9e80000)
  from space 5120K, 99% used [0x00000000d9e80000,0x00000000da37c030,0x00000000da380000)
  to   space 9216K, 0% used [0x00000000de880000,0x00000000de880000,0x00000000df180000)
 ParOldGen       total 87552K, used 7307K [0x0000000081800000, 0x0000000086d80000, 0x00000000d5d80000)
  object space 87552K, 8% used [0x0000000081800000,0x0000000081f22de8,0x0000000086d80000)
 Metaspace       used 12181K, capacity 12430K, committed 12672K, reserved 1060864K
  class space    used 1251K, capacity 1319K, committed 1408K, reserved 1048576K
}
Event: 98.840 GC heap before
{Heap before GC invocations=6 (full 0):
 PSYoungGen      total 71680K, used 71664K [0x00000000d5d80000, 0x00000000df180000, 0x0000000100000000)
  eden space 66560K, 100% used [0x00000000d5d80000,0x00000000d9e80000,0x00000000d9e80000)
  from space 5120K, 99% used [0x00000000d9e80000,0x00000000da37c030,0x00000000da380000)
  to   space 9216K, 0% used [0x00000000de880000,0x00000000de880000,0x00000000df180000)
 ParOldGen       total 87552K, used 7307K [0x0000000081800000, 0x0000000086d80000, 0x00000000d5d80000)
  object space 87552K, 8% used [0x0000000081800000,0x0000000081f22de8,0x0000000086d80000)
 Metaspace       used 12249K, capacity 12444K, committed 12672K, reserved 1060864K
  class space    used 1257K, capacity 1320K, committed 1408K, reserved 1048576K
Event: 98.881 GC heap after
Heap after GC invocations=6 (full 0):
 PSYoungGen      total 126976K, used 9184K [0x00000000d5d80000, 0x00000000e0f80000, 0x0000000100000000)
  eden space 117760K, 0% used [0x00000000d5d80000,0x00000000d5d80000,0x00000000dd080000)
  from space 9216K, 99% used [0x00000000de880000,0x00000000df178040,0x00000000df180000)
  to   space 24576K, 0% used [0x00000000dd080000,0x00000000dd080000,0x00000000de880000)
 ParOldGen       total 87552K, used 32363K [0x0000000081800000, 0x0000000086d80000, 0x00000000d5d80000)
  object space 87552K, 36% used [0x0000000081800000,0x000000008379ade8,0x0000000086d80000)
 Metaspace       used 12249K, capacity 12444K, committed 12672K, reserved 1060864K
  class space    used 1257K, capacity 1320K, committed 1408K, reserved 1048576K
}

