# JRE version: Java(TM) SE Runtime Environment (8.0_121-b13) (build 1.8.0_121-b13)
# Java VM: Java HotSpot(TM) 64-Bit Server VM (25.121-b13 mixed mode windows-amd64 compressed oops)
Heap:
 PSYoungGen      total 460800K, used 251914K [0x00000000d5d80000, 0x0000000100000000, 0x0000000100000000)
  eden space 230912K, 41% used [0x00000000d5d80000,0x00000000dbc34db0,0x00000000e3f00000)
  from space 229888K, 67% used [0x00000000f1f80000,0x00000000fb6cdae8,0x0000000100000000)
  to   space 229888K, 0% used [0x00000000e3f00000,0x00000000e3f00000,0x00000000f1f80000)
 ParOldGen       total 870912K, used 624421K [0x0000000081800000, 0x00000000b6a80000, 0x00000000d5d80000)
  object space 870912K, 71% used [0x0000000081800000,0x00000000a79c9420,0x00000000b6a80000)
 Metaspace       used 12674K, capacity 13048K, committed 13184K, reserved 1060864K
  class space    used 1292K, capacity 1396K, committed 1408K, reserved 1048576K
GC Heap History (10 events):
Event: 2038.914 GC heap before
{Heap before GC invocations=41 (full 7):
 PSYoungGen      total 460800K, used 252704K [0x00000000d5d80000, 0x0000000100000000, 0x0000000100000000)
  eden space 230912K, 100% used [0x00000000d5d80000,0x00000000e3f00000,0x00000000e3f00000)
  from space 229888K, 9% used [0x00000000f1f80000,0x00000000f34c8000,0x0000000100000000)
  to   space 229888K, 0% used [0x00000000e3f00000,0x00000000e3f00000,0x00000000f1f80000)
 ParOldGen       total 559104K, used 353000K [0x0000000081800000, 0x00000000a3a00000, 0x00000000d5d80000)
  object space 559104K, 63% used [0x0000000081800000,0x00000000970ba250,0x00000000a3a00000)
 Metaspace       used 12674K, capacity 13048K, committed 13184K, reserved 1060864K
  class space    used 1292K, capacity 1396K, committed 1408K, reserved 1048576K
Event: 2039.149 GC heap after
Heap after GC invocations=41 (full 7):
 PSYoungGen      total 460800K, used 33312K [0x00000000d5d80000, 0x0000000100000000, 0x0000000100000000)
  eden space 230912K, 0% used [0x00000000d5d80000,0x00000000d5d80000,0x00000000e3f00000)
  from space 229888K, 14% used [0x00000000e3f00000,0x00000000e5f88000,0x00000000f1f80000)
  to   space 229888K, 0% used [0x00000000f1f80000,0x00000000f1f80000,0x0000000100000000)
 ParOldGen       total 559104K, used 375288K [0x0000000081800000, 0x00000000a3a00000, 0x00000000d5d80000)
  object space 559104K, 67% used [0x0000000081800000,0x000000009867e250,0x00000000a3a00000)
 Metaspace       used 12674K, capacity 13048K, committed 13184K, reserved 1060864K
  class space    used 1292K, capacity 1396K, committed 1408K, reserved 1048576K
}
Event: 2167.712 GC heap before
{Heap before GC invocations=42 (full 7):
 PSYoungGen      total 460800K, used 264224K [0x00000000d5d80000, 0x0000000100000000, 0x0000000100000000)
  eden space 230912K, 100% used [0x00000000d5d80000,0x00000000e3f00000,0x00000000e3f00000)
  from space 229888K, 14% used [0x00000000e3f00000,0x00000000e5f88000,0x00000000f1f80000)
  to   space 229888K, 0% used [0x00000000f1f80000,0x00000000f1f80000,0x0000000100000000)
 ParOldGen       total 559104K, used 375288K [0x0000000081800000, 0x00000000a3a00000, 0x00000000d5d80000)
  object space 559104K, 67% used [0x0000000081800000,0x000000009867e250,0x00000000a3a00000)
 Metaspace       used 12674K, capacity 13048K, committed 13184K, reserved 1060864K
  class space    used 1292K, capacity 1396K, committed 1408K, reserved 1048576K
Event: 2167.724 GC heap after
Heap after GC invocations=42 (full 7):
 PSYoungGen      total 460800K, used 13888K [0x00000000d5d80000, 0x0000000100000000, 0x0000000100000000)
  eden space 230912K, 0% used [0x00000000d5d80000,0x00000000d5d80000,0x00000000e3f00000)
  from space 229888K, 6% used [0x00000000f1f80000,0x00000000f2d10000,0x0000000100000000)
  to   space 229888K, 0% used [0x00000000e3f00000,0x00000000e3f00000,0x00000000f1f80000)
 ParOldGen       total 559104K, used 375288K [0x0000000081800000, 0x00000000a3a00000, 0x00000000d5d80000)
  object space 559104K, 67% used [0x0000000081800000,0x000000009867e250,0x00000000a3a00000)
 Metaspace       used 12674K, capacity 13048K, committed 13184K, reserved 1060864K
  class space    used 1292K, capacity 1396K, committed 1408K, reserved 1048576K
}
Event: 2167.819 GC heap before
{Heap before GC invocations=43 (full 7):
 PSYoungGen      total 460800K, used 244800K [0x00000000d5d80000, 0x0000000100000000, 0x0000000100000000)
  eden space 230912K, 100% used [0x00000000d5d80000,0x00000000e3f00000,0x00000000e3f00000)
  from space 229888K, 6% used [0x00000000f1f80000,0x00000000f2d10000,0x0000000100000000)
  to   space 229888K, 0% used [0x00000000e3f00000,0x00000000e3f00000,0x00000000f1f80000)
 ParOldGen       total 559104K, used 375288K [0x0000000081800000, 0x00000000a3a00000, 0x00000000d5d80000)
  object space 559104K, 67% used [0x0000000081800000,0x000000009867e250,0x00000000a3a00000)
 Metaspace       used 12674K, capacity 13048K, committed 13184K, reserved 1060864K
  class space    used 1292K, capacity 1396K, committed 1408K, reserved 1048576K
Event: 2167.991 GC heap after
Heap after GC invocations=43 (full 7):
 PSYoungGen      total 460800K, used 229888K [0x00000000d5d80000, 0x0000000100000000, 0x0000000100000000)
  eden space 230912K, 0% used [0x00000000d5d80000,0x00000000d5d80000,0x00000000e3f00000)
  from space 229888K, 100% used [0x00000000e3f00000,0x00000000f1f80000,0x00000000f1f80000)
  to   space 229888K, 0% used [0x00000000f1f80000,0x00000000f1f80000,0x0000000100000000)
 ParOldGen       total 559104K, used 388848K [0x0000000081800000, 0x00000000a3a00000, 0x00000000d5d80000)
  object space 559104K, 69% used [0x0000000081800000,0x00000000993bc250,0x00000000a3a00000)
 Metaspace       used 12674K, capacity 13048K, committed 13184K, reserved 1060864K
  class space    used 1292K, capacity 1396K, committed 1408K, reserved 1048576K
}
Event: 2169.533 GC heap before
{Heap before GC invocations=44 (full 7):
 PSYoungGen      total 460800K, used 460800K [0x00000000d5d80000, 0x0000000100000000, 0x0000000100000000)
  eden space 230912K, 100% used [0x00000000d5d80000,0x00000000e3f00000,0x00000000e3f00000)
  from space 229888K, 100% used [0x00000000e3f00000,0x00000000f1f80000,0x00000000f1f80000)
  to   space 229888K, 0% used [0x00000000f1f80000,0x00000000f1f80000,0x0000000100000000)
 ParOldGen       total 559104K, used 388848K [0x0000000081800000, 0x00000000a3a00000, 0x00000000d5d80000)
  object space 559104K, 69% used [0x0000000081800000,0x00000000993bc250,0x00000000a3a00000)
 Metaspace       used 12674K, capacity 13048K, committed 13184K, reserved 1060864K
  class space    used 1292K, capacity 1396K, committed 1408K, reserved 1048576K
Event: 2170.186 GC heap after
Heap after GC invocations=44 (full 7):
 PSYoungGen      total 460800K, used 163456K [0x00000000d5d80000, 0x0000000100000000, 0x0000000100000000)
  eden space 230912K, 0% used [0x00000000d5d80000,0x00000000d5d80000,0x00000000e3f00000)
  from space 229888K, 71% used [0x00000000f1f80000,0x00000000fbf20000,0x0000000100000000)
  to   space 229888K, 0% used [0x00000000e3f00000,0x00000000e3f00000,0x00000000f1f80000)
 ParOldGen       total 624640K, used 624488K [0x0000000081800000, 0x00000000a7a00000, 0x00000000d5d80000)
  object space 624640K, 99% used [0x0000000081800000,0x00000000a79da250,0x00000000a7a00000)
 Metaspace       used 12674K, capacity 13048K, committed 13184K, reserved 1060864K
  class space    used 1292K, capacity 1396K, committed 1408K, reserved 1048576K
}
Event: 2170.186 GC heap before
{Heap before GC invocations=45 (full 8):
 PSYoungGen      total 460800K, used 163456K [0x00000000d5d80000, 0x0000000100000000, 0x0000000100000000)
  eden space 230912K, 0% used [0x00000000d5d80000,0x00000000d5d80000,0x00000000e3f00000)
  from space 229888K, 71% used [0x00000000f1f80000,0x00000000fbf20000,0x0000000100000000)
  to   space 229888K, 0% used [0x00000000e3f00000,0x00000000e3f00000,0x00000000f1f80000)
 ParOldGen       total 624640K, used 624488K [0x0000000081800000, 0x00000000a7a00000, 0x00000000d5d80000)
  object space 624640K, 99% used [0x0000000081800000,0x00000000a79da250,0x00000000a7a00000)
 Metaspace       used 12674K, capacity 13048K, committed 13184K, reserved 1060864K
  class space    used 1292K, capacity 1396K, committed 1408K, reserved 1048576K
Event: 2171.033 GC heap after
Heap after GC invocations=45 (full 8):
 PSYoungGen      total 460800K, used 154934K [0x00000000d5d80000, 0x0000000100000000, 0x0000000100000000)
  eden space 230912K, 0% used [0x00000000d5d80000,0x00000000d5d80000,0x00000000e3f00000)
  from space 229888K, 67% used [0x00000000f1f80000,0x00000000fb6cdae8,0x0000000100000000)
  to   space 229888K, 0% used [0x00000000e3f00000,0x00000000e3f00000,0x00000000f1f80000)
 ParOldGen       total 870912K, used 624421K [0x0000000081800000, 0x00000000b6a80000, 0x00000000d5d80000)
  object space 870912K, 71% used [0x0000000081800000,0x00000000a79c9420,0x00000000b6a80000)
 Metaspace       used 12674K, capacity 13048K, committed 13184K, reserved 1060864K
  class space    used 1292K, capacity 1396K, committed 1408K, reserved 1048576K
}

