# JRE version: Java(TM) SE Runtime Environment (8.0_121-b13) (build 1.8.0_121-b13)
# Java VM: Java HotSpot(TM) 64-Bit Server VM (25.121-b13 mixed mode windows-amd64 compressed oops)
Heap:
 PSYoungGen      total 378368K, used 192569K [0x00000000d5d80000, 0x00000000f0d80000, 0x0000000100000000)
  eden space 331776K, 58% used [0x00000000d5d80000,0x00000000e19867a8,0x00000000ea180000)
  from space 46592K, 0% used [0x00000000ee000000,0x00000000ee008000,0x00000000f0d80000)
  to   space 55296K, 0% used [0x00000000ea180000,0x00000000ea180000,0x00000000ed780000)
 ParOldGen       total 197632K, used 130601K [0x0000000081800000, 0x000000008d900000, 0x00000000d5d80000)
  object space 197632K, 66% used [0x0000000081800000,0x000000008978a6f8,0x000000008d900000)
 Metaspace       used 12760K, capacity 13068K, committed 13312K, reserved 1060864K
  class space    used 1303K, capacity 1418K, committed 1536K, reserved 1048576K
GC Heap History (10 events):
Event: 71.053 GC heap before
{Heap before GC invocations=9 (full 0):
 PSYoungGen      total 147456K, used 132640K [0x00000000d5d80000, 0x00000000dfd80000, 0x0000000100000000)
  eden space 132608K, 100% used [0x00000000d5d80000,0x00000000ddf00000,0x00000000ddf00000)
  from space 14848K, 0% used [0x00000000dee00000,0x00000000dee08000,0x00000000dfc80000)
  to   space 15360K, 0% used [0x00000000ddf00000,0x00000000ddf00000,0x00000000dee00000)
 ParOldGen       total 87552K, used 17661K [0x0000000081800000, 0x0000000086d80000, 0x00000000d5d80000)
  object space 87552K, 20% used [0x0000000081800000,0x000000008293f530,0x0000000086d80000)
 Metaspace       used 12664K, capacity 12858K, committed 12928K, reserved 1060864K
  class space    used 1287K, capacity 1351K, committed 1408K, reserved 1048576K
Event: 71.057 GC heap after
Heap after GC invocations=9 (full 0):
 PSYoungGen      total 147968K, used 10400K [0x00000000d5d80000, 0x00000000e4c00000, 0x0000000100000000)
  eden space 132608K, 0% used [0x00000000d5d80000,0x00000000d5d80000,0x00000000ddf00000)
  from space 15360K, 67% used [0x00000000ddf00000,0x00000000de928000,0x00000000dee00000)
  to   space 15872K, 0% used [0x00000000e3c80000,0x00000000e3c80000,0x00000000e4c00000)
 ParOldGen       total 87552K, used 17669K [0x0000000081800000, 0x0000000086d80000, 0x00000000d5d80000)
  object space 87552K, 20% used [0x0000000081800000,0x0000000082941530,0x0000000086d80000)
 Metaspace       used 12664K, capacity 12858K, committed 12928K, reserved 1060864K
  class space    used 1287K, capacity 1351K, committed 1408K, reserved 1048576K
}
Event: 71.249 GC heap before
{Heap before GC invocations=10 (full 0):
 PSYoungGen      total 147968K, used 143008K [0x00000000d5d80000, 0x00000000e4c00000, 0x0000000100000000)
  eden space 132608K, 100% used [0x00000000d5d80000,0x00000000ddf00000,0x00000000ddf00000)
  from space 15360K, 67% used [0x00000000ddf00000,0x00000000de928000,0x00000000dee00000)
  to   space 15872K, 0% used [0x00000000e3c80000,0x00000000e3c80000,0x00000000e4c00000)
 ParOldGen       total 87552K, used 17669K [0x0000000081800000, 0x0000000086d80000, 0x00000000d5d80000)
  object space 87552K, 20% used [0x0000000081800000,0x0000000082941530,0x0000000086d80000)
 Metaspace       used 12664K, capacity 12858K, committed 12928K, reserved 1060864K
  class space    used 1287K, capacity 1351K, committed 1408K, reserved 1048576K
Event: 71.253 GC heap after
Heap after GC invocations=10 (full 0):
 PSYoungGen      total 227840K, used 10368K [0x00000000d5d80000, 0x00000000e4d00000, 0x0000000100000000)
  eden space 211968K, 0% used [0x00000000d5d80000,0x00000000d5d80000,0x00000000e2c80000)
  from space 15872K, 65% used [0x00000000e3c80000,0x00000000e46a0000,0x00000000e4c00000)
  to   space 16384K, 0% used [0x00000000e2c80000,0x00000000e2c80000,0x00000000e3c80000)
 ParOldGen       total 87552K, used 17677K [0x0000000081800000, 0x0000000086d80000, 0x00000000d5d80000)
  object space 87552K, 20% used [0x0000000081800000,0x0000000082943530,0x0000000086d80000)
 Metaspace       used 12664K, capacity 12858K, committed 12928K, reserved 1060864K
  class space    used 1287K, capacity 1351K, committed 1408K, reserved 1048576K
}
Event: 72.264 GC heap before
{Heap before GC invocations=11 (full 0):
 PSYoungGen      total 227840K, used 222336K [0x00000000d5d80000, 0x00000000e4d00000, 0x0000000100000000)
  eden space 211968K, 100% used [0x00000000d5d80000,0x00000000e2c80000,0x00000000e2c80000)
  from space 15872K, 65% used [0x00000000e3c80000,0x00000000e46a0000,0x00000000e4c00000)
  to   space 16384K, 0% used [0x00000000e2c80000,0x00000000e2c80000,0x00000000e3c80000)
 ParOldGen       total 87552K, used 17677K [0x0000000081800000, 0x0000000086d80000, 0x00000000d5d80000)
  object space 87552K, 20% used [0x0000000081800000,0x0000000082943530,0x0000000086d80000)
 Metaspace       used 12724K, capacity 12972K, committed 13184K, reserved 1060864K
  class space    used 1297K, capacity 1386K, committed 1408K, reserved 1048576K
Event: 72.333 GC heap after
Heap after GC invocations=11 (full 0):
 PSYoungGen      total 228352K, used 16384K [0x00000000d5d80000, 0x00000000f1700000, 0x0000000100000000)
  eden space 211968K, 0% used [0x00000000d5d80000,0x00000000d5d80000,0x00000000e2c80000)
  from space 16384K, 100% used [0x00000000e2c80000,0x00000000e3c80000,0x00000000e3c80000)
  to   space 56320K, 0% used [0x00000000ee000000,0x00000000ee000000,0x00000000f1700000)
 ParOldGen       total 118784K, used 117693K [0x0000000081800000, 0x0000000088c00000, 0x00000000d5d80000)
  object space 118784K, 99% used [0x0000000081800000,0x0000000088aef530,0x0000000088c00000)
 Metaspace       used 12724K, capacity 12972K, committed 13184K, reserved 1060864K
  class space    used 1297K, capacity 1386K, committed 1408K, reserved 1048576K
}
Event: 72.333 GC heap before
{Heap before GC invocations=12 (full 1):
 PSYoungGen      total 228352K, used 16384K [0x00000000d5d80000, 0x00000000f1700000, 0x0000000100000000)
  eden space 211968K, 0% used [0x00000000d5d80000,0x00000000d5d80000,0x00000000e2c80000)
  from space 16384K, 100% used [0x00000000e2c80000,0x00000000e3c80000,0x00000000e3c80000)
  to   space 56320K, 0% used [0x00000000ee000000,0x00000000ee000000,0x00000000f1700000)
 ParOldGen       total 118784K, used 117693K [0x0000000081800000, 0x0000000088c00000, 0x00000000d5d80000)
  object space 118784K, 99% used [0x0000000081800000,0x0000000088aef530,0x0000000088c00000)
 Metaspace       used 12724K, capacity 12972K, committed 13184K, reserved 1060864K
  class space    used 1297K, capacity 1386K, committed 1408K, reserved 1048576K
Event: 72.471 GC heap after
Heap after GC invocations=12 (full 1):
 PSYoungGen      total 228352K, used 11755K [0x00000000d5d80000, 0x00000000f1700000, 0x0000000100000000)
  eden space 211968K, 0% used [0x00000000d5d80000,0x00000000d5d80000,0x00000000e2c80000)
  from space 16384K, 71% used [0x00000000e2c80000,0x00000000e37fac30,0x00000000e3c80000)
  to   space 56320K, 0% used [0x00000000ee000000,0x00000000ee000000,0x00000000f1700000)
 ParOldGen       total 197632K, used 118713K [0x0000000081800000, 0x000000008d900000, 0x00000000d5d80000)
  object space 197632K, 60% used [0x0000000081800000,0x0000000088bee6f8,0x000000008d900000)
 Metaspace       used 12724K, capacity 12972K, committed 13184K, reserved 1060864K
  class space    used 1297K, capacity 1386K, committed 1408K, reserved 1048576K
}
Event: 73.384 GC heap before
{Heap before GC invocations=13 (full 1):
 PSYoungGen      total 228352K, used 223723K [0x00000000d5d80000, 0x00000000f1700000, 0x0000000100000000)
  eden space 211968K, 100% used [0x00000000d5d80000,0x00000000e2c80000,0x00000000e2c80000)
  from space 16384K, 71% used [0x00000000e2c80000,0x00000000e37fac30,0x00000000e3c80000)
  to   space 56320K, 0% used [0x00000000ee000000,0x00000000ee000000,0x00000000f1700000)
 ParOldGen       total 197632K, used 118713K [0x0000000081800000, 0x000000008d900000, 0x00000000d5d80000)
  object space 197632K, 60% used [0x0000000081800000,0x0000000088bee6f8,0x000000008d900000)
 Metaspace       used 12724K, capacity 12972K, committed 13184K, reserved 1060864K
  class space    used 1297K, capacity 1386K, committed 1408K, reserved 1048576K
Event: 73.403 GC heap after
Heap after GC invocations=13 (full 1):
 PSYoungGen      total 378368K, used 32K [0x00000000d5d80000, 0x00000000f0d80000, 0x0000000100000000)
  eden space 331776K, 0% used [0x00000000d5d80000,0x00000000d5d80000,0x00000000ea180000)
  from space 46592K, 0% used [0x00000000ee000000,0x00000000ee008000,0x00000000f0d80000)
  to   space 55296K, 0% used [0x00000000ea180000,0x00000000ea180000,0x00000000ed780000)
 ParOldGen       total 197632K, used 130601K [0x0000000081800000, 0x000000008d900000, 0x00000000d5d80000)
  object space 197632K, 66% used [0x0000000081800000,0x000000008978a6f8,0x000000008d900000)
 Metaspace       used 12724K, capacity 12972K, committed 13184K, reserved 1060864K
  class space    used 1297K, capacity 1386K, committed 1408K, reserved 1048576K
}

