# JRE version: Java(TM) SE Runtime Environment (8.0_121-b13) (build 1.8.0_121-b13)
# Java VM: Java HotSpot(TM) 64-Bit Server VM (25.121-b13 mixed mode windows-amd64 compressed oops)
Heap:
 PSYoungGen      total 186368K, used 152654K [0x00000000d5d80000, 0x00000000e2980000, 0x0000000100000000)
  eden space 164864K, 91% used [0x00000000d5d80000,0x00000000df16fb68,0x00000000dfe80000)
  from space 21504K, 5% used [0x00000000e1480000,0x00000000e15a3d50,0x00000000e2980000)
  to   space 22016K, 0% used [0x00000000dfe80000,0x00000000dfe80000,0x00000000e1400000)
 ParOldGen       total 87552K, used 42375K [0x0000000081800000, 0x0000000086d80000, 0x00000000d5d80000)
  object space 87552K, 48% used [0x0000000081800000,0x0000000084161e38,0x0000000086d80000)
 Metaspace       used 13290K, capacity 13570K, committed 13824K, reserved 1060864K
  class space    used 1365K, capacity 1449K, committed 1536K, reserved 1048576K
GC Heap History (10 events):
Event: 778.438 GC heap before
{Heap before GC invocations=8 (full 0):
 PSYoungGen      total 55296K, used 38342K [0x00000000d5d80000, 0x00000000dc880000, 0x0000000100000000)
  eden space 32256K, 99% used [0x00000000d5d80000,0x00000000d7ce37a0,0x00000000d7d00000)
  from space 23040K, 26% used [0x00000000d7d00000,0x00000000d830e190,0x00000000d9380000)
  to   space 22528K, 0% used [0x00000000db280000,0x00000000db280000,0x00000000dc880000)
 ParOldGen       total 87552K, used 37807K [0x0000000081800000, 0x0000000086d80000, 0x00000000d5d80000)
  object space 87552K, 43% used [0x0000000081800000,0x0000000083cebe18,0x0000000086d80000)
 Metaspace       used 13263K, capacity 13502K, committed 13824K, reserved 1060864K
  class space    used 1365K, capacity 1449K, committed 1536K, reserved 1048576K
Event: 778.454 GC heap after
Heap after GC invocations=8 (full 0):
 PSYoungGen      total 86016K, used 5463K [0x00000000d5d80000, 0x00000000dc780000, 0x0000000100000000)
  eden space 64512K, 0% used [0x00000000d5d80000,0x00000000d5d80000,0x00000000d9c80000)
  from space 21504K, 25% used [0x00000000db280000,0x00000000db7d5ce0,0x00000000dc780000)
  to   space 22016K, 0% used [0x00000000d9c80000,0x00000000d9c80000,0x00000000db200000)
 ParOldGen       total 87552K, used 38055K [0x0000000081800000, 0x0000000086d80000, 0x00000000d5d80000)
  object space 87552K, 43% used [0x0000000081800000,0x0000000083d29e38,0x0000000086d80000)
 Metaspace       used 13263K, capacity 13502K, committed 13824K, reserved 1060864K
  class space    used 1365K, capacity 1449K, committed 1536K, reserved 1048576K
}
Event: 778.489 GC heap before
{Heap before GC invocations=9 (full 0):
 PSYoungGen      total 86016K, used 69975K [0x00000000d5d80000, 0x00000000dc780000, 0x0000000100000000)
  eden space 64512K, 100% used [0x00000000d5d80000,0x00000000d9c80000,0x00000000d9c80000)
  from space 21504K, 25% used [0x00000000db280000,0x00000000db7d5ce0,0x00000000dc780000)
  to   space 22016K, 0% used [0x00000000d9c80000,0x00000000d9c80000,0x00000000db200000)
 ParOldGen       total 87552K, used 38055K [0x0000000081800000, 0x0000000086d80000, 0x00000000d5d80000)
  object space 87552K, 43% used [0x0000000081800000,0x0000000083d29e38,0x0000000086d80000)
 Metaspace       used 13287K, capacity 13566K, committed 13824K, reserved 1060864K
  class space    used 1365K, capacity 1449K, committed 1536K, reserved 1048576K
Event: 778.498 GC heap after
Heap after GC invocations=9 (full 0):
 PSYoungGen      total 86528K, used 266K [0x00000000d5d80000, 0x00000000dee80000, 0x0000000100000000)
  eden space 64512K, 0% used [0x00000000d5d80000,0x00000000d5d80000,0x00000000d9c80000)
  from space 22016K, 1% used [0x00000000d9c80000,0x00000000d9cc2a78,0x00000000db200000)
  to   space 22528K, 0% used [0x00000000dd880000,0x00000000dd880000,0x00000000dee80000)
 ParOldGen       total 87552K, used 42375K [0x0000000081800000, 0x0000000086d80000, 0x00000000d5d80000)
  object space 87552K, 48% used [0x0000000081800000,0x0000000084161e38,0x0000000086d80000)
 Metaspace       used 13287K, capacity 13566K, committed 13824K, reserved 1060864K
  class space    used 1365K, capacity 1449K, committed 1536K, reserved 1048576K
}
Event: 778.514 GC heap before
{Heap before GC invocations=10 (full 0):
 PSYoungGen      total 86528K, used 64700K [0x00000000d5d80000, 0x00000000dee80000, 0x0000000100000000)
  eden space 64512K, 99% used [0x00000000d5d80000,0x00000000d9c6c5e8,0x00000000d9c80000)
  from space 22016K, 1% used [0x00000000d9c80000,0x00000000d9cc2a78,0x00000000db200000)
  to   space 22528K, 0% used [0x00000000dd880000,0x00000000dd880000,0x00000000dee80000)
 ParOldGen       total 87552K, used 42375K [0x0000000081800000, 0x0000000086d80000, 0x00000000d5d80000)
  object space 87552K, 48% used [0x0000000081800000,0x0000000084161e38,0x0000000086d80000)
 Metaspace       used 13287K, capacity 13566K, committed 13824K, reserved 1060864K
  class space    used 1365K, capacity 1449K, committed 1536K, reserved 1048576K
Event: 778.534 GC heap after
Heap after GC invocations=10 (full 0):
 PSYoungGen      total 125440K, used 872K [0x00000000d5d80000, 0x00000000def80000, 0x0000000100000000)
  eden space 102912K, 0% used [0x00000000d5d80000,0x00000000d5d80000,0x00000000dc200000)
  from space 22528K, 3% used [0x00000000dd880000,0x00000000dd95a388,0x00000000dee80000)
  to   space 23040K, 0% used [0x00000000dc200000,0x00000000dc200000,0x00000000dd880000)
 ParOldGen       total 87552K, used 42375K [0x0000000081800000, 0x0000000086d80000, 0x00000000d5d80000)
  object space 87552K, 48% used [0x0000000081800000,0x0000000084161e38,0x0000000086d80000)
 Metaspace       used 13287K, capacity 13566K, committed 13824K, reserved 1060864K
  class space    used 1365K, capacity 1449K, committed 1536K, reserved 1048576K
}
Event: 778.567 GC heap before
{Heap before GC invocations=11 (full 0):
 PSYoungGen      total 125440K, used 103784K [0x00000000d5d80000, 0x00000000def80000, 0x0000000100000000)
  eden space 102912K, 100% used [0x00000000d5d80000,0x00000000dc200000,0x00000000dc200000)
  from space 22528K, 3% used [0x00000000dd880000,0x00000000dd95a388,0x00000000dee80000)
  to   space 23040K, 0% used [0x00000000dc200000,0x00000000dc200000,0x00000000dd880000)
 ParOldGen       total 87552K, used 42375K [0x0000000081800000, 0x0000000086d80000, 0x00000000d5d80000)
  object space 87552K, 48% used [0x0000000081800000,0x0000000084161e38,0x0000000086d80000)
 Metaspace       used 13287K, capacity 13566K, committed 13824K, reserved 1060864K
  class space    used 1365K, capacity 1449K, committed 1536K, reserved 1048576K
Event: 778.586 GC heap after
Heap after GC invocations=11 (full 0):
 PSYoungGen      total 125952K, used 703K [0x00000000d5d80000, 0x00000000e2a80000, 0x0000000100000000)
  eden space 102912K, 0% used [0x00000000d5d80000,0x00000000d5d80000,0x00000000dc200000)
  from space 23040K, 3% used [0x00000000dc200000,0x00000000dc2afcc0,0x00000000dd880000)
  to   space 22528K, 0% used [0x00000000e1480000,0x00000000e1480000,0x00000000e2a80000)
 ParOldGen       total 87552K, used 42375K [0x0000000081800000, 0x0000000086d80000, 0x00000000d5d80000)
  object space 87552K, 48% used [0x0000000081800000,0x0000000084161e38,0x0000000086d80000)
 Metaspace       used 13287K, capacity 13566K, committed 13824K, reserved 1060864K
  class space    used 1365K, capacity 1449K, committed 1536K, reserved 1048576K
}
Event: 778.606 GC heap before
{Heap before GC invocations=12 (full 0):
 PSYoungGen      total 125952K, used 103340K [0x00000000d5d80000, 0x00000000e2a80000, 0x0000000100000000)
  eden space 102912K, 99% used [0x00000000d5d80000,0x00000000dc1bb4b0,0x00000000dc200000)
  from space 23040K, 3% used [0x00000000dc200000,0x00000000dc2afcc0,0x00000000dd880000)
  to   space 22528K, 0% used [0x00000000e1480000,0x00000000e1480000,0x00000000e2a80000)
 ParOldGen       total 87552K, used 42375K [0x0000000081800000, 0x0000000086d80000, 0x00000000d5d80000)
  object space 87552K, 48% used [0x0000000081800000,0x0000000084161e38,0x0000000086d80000)
 Metaspace       used 13287K, capacity 13566K, committed 13824K, reserved 1060864K
  class space    used 1365K, capacity 1449K, committed 1536K, reserved 1048576K
Event: 778.607 GC heap after
Heap after GC invocations=12 (full 0):
 PSYoungGen      total 186368K, used 1167K [0x00000000d5d80000, 0x00000000e2980000, 0x0000000100000000)
  eden space 164864K, 0% used [0x00000000d5d80000,0x00000000d5d80000,0x00000000dfe80000)
  from space 21504K, 5% used [0x00000000e1480000,0x00000000e15a3d50,0x00000000e2980000)
  to   space 22016K, 0% used [0x00000000dfe80000,0x00000000dfe80000,0x00000000e1400000)
 ParOldGen       total 87552K, used 42375K [0x0000000081800000, 0x0000000086d80000, 0x00000000d5d80000)
  object space 87552K, 48% used [0x0000000081800000,0x0000000084161e38,0x0000000086d80000)
 Metaspace       used 13287K, capacity 13566K, committed 13824K, reserved 1060864K
  class space    used 1365K, capacity 1449K, committed 1536K, reserved 1048576K
}

