# JRE version: Java(TM) SE Runtime Environment (8.0_121-b13) (build 1.8.0_121-b13)
# Java VM: Java HotSpot(TM) 64-Bit Server VM (25.121-b13 mixed mode windows-amd64 compressed oops)
Heap:
 PSYoungGen      total 119296K, used 97616K [0x00000000d5d80000, 0x00000000eb700000, 0x0000000100000000)
  eden space 118272K, 82% used [0x00000000d5d80000,0x00000000dbc4c2c8,0x00000000dd100000)
  from space 1024K, 53% used [0x00000000eb500000,0x00000000eb588000,0x00000000eb600000)
  to   space 1024K, 0% used [0x00000000eb600000,0x00000000eb600000,0x00000000eb700000)
 ParOldGen       total 232960K, used 172017K [0x0000000081800000, 0x000000008fb80000, 0x00000000d5d80000)
  object space 232960K, 73% used [0x0000000081800000,0x000000008bffc778,0x000000008fb80000)
 Metaspace       used 12836K, capacity 13136K, committed 13312K, reserved 1060864K
  class space    used 1306K, capacity 1418K, committed 1536K, reserved 1048576K
GC Heap History (10 events):
Event: 570.300 GC heap before
{Heap before GC invocations=1597 (full 2):
 PSYoungGen      total 143872K, used 143520K [0x00000000d5d80000, 0x00000000eb700000, 0x0000000100000000)
  eden space 143360K, 100% used [0x00000000d5d80000,0x00000000de980000,0x00000000de980000)
  from space 512K, 31% used [0x00000000eb680000,0x00000000eb6a8000,0x00000000eb700000)
  to   space 512K, 0% used [0x00000000eb600000,0x00000000eb600000,0x00000000eb680000)
 ParOldGen       total 232960K, used 171665K [0x0000000081800000, 0x000000008fb80000, 0x00000000d5d80000)
  object space 232960K, 73% used [0x0000000081800000,0x000000008bfa4778,0x000000008fb80000)
 Metaspace       used 12836K, capacity 13136K, committed 13312K, reserved 1060864K
  class space    used 1306K, capacity 1418K, committed 1536K, reserved 1048576K
Event: 570.302 GC heap after
Heap after GC invocations=1597 (full 2):
 PSYoungGen      total 138240K, used 192K [0x00000000d5d80000, 0x00000000eb700000, 0x0000000100000000)
  eden space 137728K, 0% used [0x00000000d5d80000,0x00000000d5d80000,0x00000000de400000)
  from space 512K, 37% used [0x00000000eb600000,0x00000000eb630000,0x00000000eb680000)
  to   space 512K, 0% used [0x00000000eb680000,0x00000000eb680000,0x00000000eb700000)
 ParOldGen       total 232960K, used 171673K [0x0000000081800000, 0x000000008fb80000, 0x00000000d5d80000)
  object space 232960K, 73% used [0x0000000081800000,0x000000008bfa6778,0x000000008fb80000)
 Metaspace       used 12836K, capacity 13136K, committed 13312K, reserved 1060864K
  class space    used 1306K, capacity 1418K, committed 1536K, reserved 1048576K
}
Event: 570.885 GC heap before
{Heap before GC invocations=1598 (full 2):
 PSYoungGen      total 138240K, used 137920K [0x00000000d5d80000, 0x00000000eb700000, 0x0000000100000000)
  eden space 137728K, 100% used [0x00000000d5d80000,0x00000000de400000,0x00000000de400000)
  from space 512K, 37% used [0x00000000eb600000,0x00000000eb630000,0x00000000eb680000)
  to   space 512K, 0% used [0x00000000eb680000,0x00000000eb680000,0x00000000eb700000)
 ParOldGen       total 232960K, used 171673K [0x0000000081800000, 0x000000008fb80000, 0x00000000d5d80000)
  object space 232960K, 73% used [0x0000000081800000,0x000000008bfa6778,0x000000008fb80000)
 Metaspace       used 12836K, capacity 13136K, committed 13312K, reserved 1060864K
  class space    used 1306K, capacity 1418K, committed 1536K, reserved 1048576K
Event: 570.887 GC heap after
Heap after GC invocations=1598 (full 2):
 PSYoungGen      total 133120K, used 192K [0x00000000d5d80000, 0x00000000eb700000, 0x0000000100000000)
  eden space 132608K, 0% used [0x00000000d5d80000,0x00000000d5d80000,0x00000000ddf00000)
  from space 512K, 37% used [0x00000000eb680000,0x00000000eb6b0000,0x00000000eb700000)
  to   space 512K, 0% used [0x00000000eb600000,0x00000000eb600000,0x00000000eb680000)
 ParOldGen       total 232960K, used 171689K [0x0000000081800000, 0x000000008fb80000, 0x00000000d5d80000)
  object space 232960K, 73% used [0x0000000081800000,0x000000008bfaa778,0x000000008fb80000)
 Metaspace       used 12836K, capacity 13136K, committed 13312K, reserved 1060864K
  class space    used 1306K, capacity 1418K, committed 1536K, reserved 1048576K
}
Event: 572.279 GC heap before
{Heap before GC invocations=1599 (full 2):
 PSYoungGen      total 133120K, used 132800K [0x00000000d5d80000, 0x00000000eb700000, 0x0000000100000000)
  eden space 132608K, 100% used [0x00000000d5d80000,0x00000000ddf00000,0x00000000ddf00000)
  from space 512K, 37% used [0x00000000eb680000,0x00000000eb6b0000,0x00000000eb700000)
  to   space 512K, 0% used [0x00000000eb600000,0x00000000eb600000,0x00000000eb680000)
 ParOldGen       total 232960K, used 171689K [0x0000000081800000, 0x000000008fb80000, 0x00000000d5d80000)
  object space 232960K, 73% used [0x0000000081800000,0x000000008bfaa778,0x000000008fb80000)
 Metaspace       used 12836K, capacity 13136K, committed 13312K, reserved 1060864K
  class space    used 1306K, capacity 1418K, committed 1536K, reserved 1048576K
Event: 572.283 GC heap after
Heap after GC invocations=1599 (full 2):
 PSYoungGen      total 128000K, used 352K [0x00000000d5d80000, 0x00000000eb700000, 0x0000000100000000)
  eden space 127488K, 0% used [0x00000000d5d80000,0x00000000d5d80000,0x00000000dda00000)
  from space 512K, 68% used [0x00000000eb600000,0x00000000eb658000,0x00000000eb680000)
  to   space 512K, 0% used [0x00000000eb680000,0x00000000eb680000,0x00000000eb700000)
 ParOldGen       total 232960K, used 171697K [0x0000000081800000, 0x000000008fb80000, 0x00000000d5d80000)
  object space 232960K, 73% used [0x0000000081800000,0x000000008bfac778,0x000000008fb80000)
 Metaspace       used 12836K, capacity 13136K, committed 13312K, reserved 1060864K
  class space    used 1306K, capacity 1418K, committed 1536K, reserved 1048576K
}
Event: 573.770 GC heap before
{Heap before GC invocations=1600 (full 2):
 PSYoungGen      total 128000K, used 127840K [0x00000000d5d80000, 0x00000000eb700000, 0x0000000100000000)
  eden space 127488K, 100% used [0x00000000d5d80000,0x00000000dda00000,0x00000000dda00000)
  from space 512K, 68% used [0x00000000eb600000,0x00000000eb658000,0x00000000eb680000)
  to   space 512K, 0% used [0x00000000eb680000,0x00000000eb680000,0x00000000eb700000)
 ParOldGen       total 232960K, used 171697K [0x0000000081800000, 0x000000008fb80000, 0x00000000d5d80000)
  object space 232960K, 73% used [0x0000000081800000,0x000000008bfac778,0x000000008fb80000)
 Metaspace       used 12836K, capacity 13136K, committed 13312K, reserved 1060864K
  class space    used 1306K, capacity 1418K, committed 1536K, reserved 1048576K
Event: 573.775 GC heap after
Heap after GC invocations=1600 (full 2):
 PSYoungGen      total 123392K, used 512K [0x00000000d5d80000, 0x00000000eb700000, 0x0000000100000000)
  eden space 122880K, 0% used [0x00000000d5d80000,0x00000000d5d80000,0x00000000dd580000)
  from space 512K, 100% used [0x00000000eb680000,0x00000000eb700000,0x00000000eb700000)
  to   space 1024K, 0% used [0x00000000eb500000,0x00000000eb500000,0x00000000eb600000)
 ParOldGen       total 232960K, used 172001K [0x0000000081800000, 0x000000008fb80000, 0x00000000d5d80000)
  object space 232960K, 73% used [0x0000000081800000,0x000000008bff8778,0x000000008fb80000)
 Metaspace       used 12836K, capacity 13136K, committed 13312K, reserved 1060864K
  class space    used 1306K, capacity 1418K, committed 1536K, reserved 1048576K
}
Event: 574.717 GC heap before
{Heap before GC invocations=1601 (full 2):
 PSYoungGen      total 123392K, used 123392K [0x00000000d5d80000, 0x00000000eb700000, 0x0000000100000000)
  eden space 122880K, 100% used [0x00000000d5d80000,0x00000000dd580000,0x00000000dd580000)
  from space 512K, 100% used [0x00000000eb680000,0x00000000eb700000,0x00000000eb700000)
  to   space 1024K, 0% used [0x00000000eb500000,0x00000000eb500000,0x00000000eb600000)
 ParOldGen       total 232960K, used 172001K [0x0000000081800000, 0x000000008fb80000, 0x00000000d5d80000)
  object space 232960K, 73% used [0x0000000081800000,0x000000008bff8778,0x000000008fb80000)
 Metaspace       used 12836K, capacity 13136K, committed 13312K, reserved 1060864K
  class space    used 1306K, capacity 1418K, committed 1536K, reserved 1048576K
Event: 574.726 GC heap after
Heap after GC invocations=1601 (full 2):
 PSYoungGen      total 119296K, used 544K [0x00000000d5d80000, 0x00000000eb700000, 0x0000000100000000)
  eden space 118272K, 0% used [0x00000000d5d80000,0x00000000d5d80000,0x00000000dd100000)
  from space 1024K, 53% used [0x00000000eb500000,0x00000000eb588000,0x00000000eb600000)
  to   space 1024K, 0% used [0x00000000eb600000,0x00000000eb600000,0x00000000eb700000)
 ParOldGen       total 232960K, used 172017K [0x0000000081800000, 0x000000008fb80000, 0x00000000d5d80000)
  object space 232960K, 73% used [0x0000000081800000,0x000000008bffc778,0x000000008fb80000)
 Metaspace       used 12836K, capacity 13136K, committed 13312K, reserved 1060864K
  class space    used 1306K, capacity 1418K, committed 1536K, reserved 1048576K
}

