# JRE version: Java(TM) SE Runtime Environment (8.0_121-b13) (build 1.8.0_121-b13)
# Java VM: Java HotSpot(TM) 64-Bit Server VM (25.121-b13 mixed mode windows-amd64 compressed oops)
Heap:
 PSYoungGen      total 240640K, used 216273K [0x00000000d5d80000, 0x00000000ef380000, 0x0000000100000000)
  eden space 184320K, 95% used [0x00000000d5d80000,0x00000000e09bfa90,0x00000000e1180000)
  from space 56320K, 70% used [0x00000000e6f80000,0x00000000e9674c30,0x00000000ea680000)
  to   space 96256K, 0% used [0x00000000e1180000,0x00000000e1180000,0x00000000e6f80000)
 ParOldGen       total 256512K, used 157076K [0x0000000081800000, 0x0000000091280000, 0x00000000d5d80000)
  object space 256512K, 61% used [0x0000000081800000,0x000000008b1652a0,0x0000000091280000)
 Metaspace       used 12631K, capacity 12926K, committed 13056K, reserved 1060864K
  class space    used 1304K, capacity 1417K, committed 1536K, reserved 1048576K
GC Heap History (10 events):
Event: 97.526 GC heap before
{Heap before GC invocations=6 (full 0):
 PSYoungGen      total 71680K, used 71664K [0x00000000d5d80000, 0x00000000df280000, 0x0000000100000000)
  eden space 66560K, 100% used [0x00000000d5d80000,0x00000000d9e80000,0x00000000d9e80000)
  from space 5120K, 99% used [0x00000000d9e80000,0x00000000da37c030,0x00000000da380000)
  to   space 9728K, 0% used [0x00000000de900000,0x00000000de900000,0x00000000df280000)
 ParOldGen       total 87552K, used 7435K [0x0000000081800000, 0x0000000086d80000, 0x00000000d5d80000)
  object space 87552K, 8% used [0x0000000081800000,0x0000000081f42e78,0x0000000086d80000)
 Metaspace       used 12498K, capacity 12718K, committed 12928K, reserved 1060864K
  class space    used 1290K, capacity 1351K, committed 1408K, reserved 1048576K
Event: 97.550 GC heap after
Heap after GC invocations=6 (full 0):
 PSYoungGen      total 121856K, used 9712K [0x00000000d5d80000, 0x00000000e1b80000, 0x0000000100000000)
  eden space 112128K, 0% used [0x00000000d5d80000,0x00000000d5d80000,0x00000000dcb00000)
  from space 9728K, 99% used [0x00000000de900000,0x00000000df27c050,0x00000000df280000)
  to   space 30720K, 0% used [0x00000000dcb00000,0x00000000dcb00000,0x00000000de900000)
 ParOldGen       total 87552K, used 42819K [0x0000000081800000, 0x0000000086d80000, 0x00000000d5d80000)
  object space 87552K, 48% used [0x0000000081800000,0x00000000841d0e78,0x0000000086d80000)
 Metaspace       used 12498K, capacity 12718K, committed 12928K, reserved 1060864K
  class space    used 1290K, capacity 1351K, committed 1408K, reserved 1048576K
}
Event: 97.848 GC heap before
{Heap before GC invocations=7 (full 0):
 PSYoungGen      total 121856K, used 121840K [0x00000000d5d80000, 0x00000000e1b80000, 0x0000000100000000)
  eden space 112128K, 100% used [0x00000000d5d80000,0x00000000dcb00000,0x00000000dcb00000)
  from space 9728K, 99% used [0x00000000de900000,0x00000000df27c050,0x00000000df280000)
  to   space 30720K, 0% used [0x00000000dcb00000,0x00000000dcb00000,0x00000000de900000)
 ParOldGen       total 87552K, used 42819K [0x0000000081800000, 0x0000000086d80000, 0x00000000d5d80000)
  object space 87552K, 48% used [0x0000000081800000,0x00000000841d0e78,0x0000000086d80000)
 Metaspace       used 12564K, capacity 12796K, committed 12928K, reserved 1060864K
  class space    used 1293K, capacity 1352K, committed 1408K, reserved 1048576K
Event: 97.895 GC heap after
Heap after GC invocations=7 (full 0):
 PSYoungGen      total 142848K, used 30720K [0x00000000d5d80000, 0x00000000ea680000, 0x0000000100000000)
  eden space 112128K, 0% used [0x00000000d5d80000,0x00000000d5d80000,0x00000000dcb00000)
  from space 30720K, 100% used [0x00000000dcb00000,0x00000000de900000,0x00000000de900000)
  to   space 56320K, 0% used [0x00000000e6f80000,0x00000000e6f80000,0x00000000ea680000)
 ParOldGen       total 87552K, used 81059K [0x0000000081800000, 0x0000000086d80000, 0x00000000d5d80000)
  object space 87552K, 92% used [0x0000000081800000,0x0000000086728f18,0x0000000086d80000)
 Metaspace       used 12564K, capacity 12796K, committed 12928K, reserved 1060864K
  class space    used 1293K, capacity 1352K, committed 1408K, reserved 1048576K
}
Event: 97.895 GC heap before
{Heap before GC invocations=8 (full 1):
 PSYoungGen      total 142848K, used 30720K [0x00000000d5d80000, 0x00000000ea680000, 0x0000000100000000)
  eden space 112128K, 0% used [0x00000000d5d80000,0x00000000d5d80000,0x00000000dcb00000)
  from space 30720K, 100% used [0x00000000dcb00000,0x00000000de900000,0x00000000de900000)
  to   space 56320K, 0% used [0x00000000e6f80000,0x00000000e6f80000,0x00000000ea680000)
 ParOldGen       total 87552K, used 81059K [0x0000000081800000, 0x0000000086d80000, 0x00000000d5d80000)
  object space 87552K, 92% used [0x0000000081800000,0x0000000086728f18,0x0000000086d80000)
 Metaspace       used 12564K, capacity 12796K, committed 12928K, reserved 1060864K
  class space    used 1293K, capacity 1352K, committed 1408K, reserved 1048576K
Event: 98.010 GC heap after
Heap after GC invocations=8 (full 1):
 PSYoungGen      total 142848K, used 19922K [0x00000000d5d80000, 0x00000000ea680000, 0x0000000100000000)
  eden space 112128K, 0% used [0x00000000d5d80000,0x00000000d5d80000,0x00000000dcb00000)
  from space 30720K, 64% used [0x00000000dcb00000,0x00000000dde74a68,0x00000000de900000)
  to   space 56320K, 0% used [0x00000000e6f80000,0x00000000e6f80000,0x00000000ea680000)
 ParOldGen       total 157184K, used 87481K [0x0000000081800000, 0x000000008b180000, 0x00000000d5d80000)
  object space 157184K, 55% used [0x0000000081800000,0x0000000086d6e438,0x000000008b180000)
 Metaspace       used 12564K, capacity 12796K, committed 12928K, reserved 1060864K
  class space    used 1293K, capacity 1352K, committed 1408K, reserved 1048576K
}
Event: 100.209 GC heap before
{Heap before GC invocations=9 (full 1):
 PSYoungGen      total 142848K, used 132050K [0x00000000d5d80000, 0x00000000ea680000, 0x0000000100000000)
  eden space 112128K, 100% used [0x00000000d5d80000,0x00000000dcb00000,0x00000000dcb00000)
  from space 30720K, 64% used [0x00000000dcb00000,0x00000000dde74a68,0x00000000de900000)
  to   space 56320K, 0% used [0x00000000e6f80000,0x00000000e6f80000,0x00000000ea680000)
 ParOldGen       total 157184K, used 87481K [0x0000000081800000, 0x000000008b180000, 0x00000000d5d80000)
  object space 157184K, 55% used [0x0000000081800000,0x0000000086d6e438,0x000000008b180000)
 Metaspace       used 12629K, capacity 12926K, committed 13056K, reserved 1060864K
  class space    used 1304K, capacity 1417K, committed 1536K, reserved 1048576K
Event: 100.270 GC heap after
Heap after GC invocations=9 (full 1):
 PSYoungGen      total 240640K, used 56320K [0x00000000d5d80000, 0x00000000ef380000, 0x0000000100000000)
  eden space 184320K, 0% used [0x00000000d5d80000,0x00000000d5d80000,0x00000000e1180000)
  from space 56320K, 100% used [0x00000000e6f80000,0x00000000ea680000,0x00000000ea680000)
  to   space 96256K, 0% used [0x00000000e1180000,0x00000000e1180000,0x00000000e6f80000)
 ParOldGen       total 157184K, used 152126K [0x0000000081800000, 0x000000008b180000, 0x00000000d5d80000)
  object space 157184K, 96% used [0x0000000081800000,0x000000008ac8fa90,0x000000008b180000)
 Metaspace       used 12629K, capacity 12926K, committed 13056K, reserved 1060864K
  class space    used 1304K, capacity 1417K, committed 1536K, reserved 1048576K
}
Event: 100.270 GC heap before
{Heap before GC invocations=10 (full 2):
 PSYoungGen      total 240640K, used 56320K [0x00000000d5d80000, 0x00000000ef380000, 0x0000000100000000)
  eden space 184320K, 0% used [0x00000000d5d80000,0x00000000d5d80000,0x00000000e1180000)
  from space 56320K, 100% used [0x00000000e6f80000,0x00000000ea680000,0x00000000ea680000)
  to   space 96256K, 0% used [0x00000000e1180000,0x00000000e1180000,0x00000000e6f80000)
 ParOldGen       total 157184K, used 152126K [0x0000000081800000, 0x000000008b180000, 0x00000000d5d80000)
  object space 157184K, 96% used [0x0000000081800000,0x000000008ac8fa90,0x000000008b180000)
 Metaspace       used 12629K, capacity 12926K, committed 13056K, reserved 1060864K
  class space    used 1304K, capacity 1417K, committed 1536K, reserved 1048576K
Event: 100.422 GC heap after
Heap after GC invocations=10 (full 2):
 PSYoungGen      total 240640K, used 39891K [0x00000000d5d80000, 0x00000000ef380000, 0x0000000100000000)
  eden space 184320K, 0% used [0x00000000d5d80000,0x00000000d5d80000,0x00000000e1180000)
  from space 56320K, 70% used [0x00000000e6f80000,0x00000000e9674c30,0x00000000ea680000)
  to   space 96256K, 0% used [0x00000000e1180000,0x00000000e1180000,0x00000000e6f80000)
 ParOldGen       total 256512K, used 157076K [0x0000000081800000, 0x0000000091280000, 0x00000000d5d80000)
  object space 256512K, 61% used [0x0000000081800000,0x000000008b1652a0,0x0000000091280000)
 Metaspace       used 12629K, capacity 12926K, committed 13056K, reserved 1060864K
  class space    used 1304K, capacity 1417K, committed 1536K, reserved 1048576K
}

