# JRE version: Java(TM) SE Runtime Environment (8.0_121-b13) (build 1.8.0_121-b13)
# Java VM: Java HotSpot(TM) 64-Bit Server VM (25.121-b13 mixed mode windows-amd64 compressed oops)
Heap:
 PSYoungGen      total 656896K, used 84381K [0x00000000d5d80000, 0x0000000100000000, 0x0000000100000000)
  eden space 627200K, 9% used [0x00000000d5d80000,0x00000000d996e8e0,0x00000000fc200000)
  from space 29696K, 77% used [0x00000000fe300000,0x00000000ff978b70,0x0000000100000000)
  to   space 31744K, 0% used [0x00000000fc200000,0x00000000fc200000,0x00000000fe100000)
 ParOldGen       total 124928K, used 43404K [0x0000000081800000, 0x0000000089200000, 0x00000000d5d80000)
  object space 124928K, 34% used [0x0000000081800000,0x00000000842632d8,0x0000000089200000)
 Metaspace       used 82170K, capacity 84084K, committed 84224K, reserved 1122304K
  class space    used 11328K, capacity 11744K, committed 11776K, reserved 1048576K
GC Heap History (10 events):
Event: 60.989 GC heap before
{Heap before GC invocations=29 (full 3):
 PSYoungGen      total 667648K, used 665823K [0x00000000d5d80000, 0x0000000100000000, 0x0000000100000000)
  eden space 649728K, 99% used [0x00000000d5d80000,0x00000000fd650030,0x00000000fd800000)
  from space 17920K, 99% used [0x00000000fd800000,0x00000000fe967c58,0x00000000fe980000)
  to   space 22528K, 0% used [0x00000000fea00000,0x00000000fea00000,0x0000000100000000)
 ParOldGen       total 124928K, used 42596K [0x0000000081800000, 0x0000000089200000, 0x00000000d5d80000)
  object space 124928K, 34% used [0x0000000081800000,0x00000000841992d8,0x0000000089200000)
 Metaspace       used 81364K, capacity 83038K, committed 83072K, reserved 1120256K
  class space    used 11254K, capacity 11623K, committed 11648K, reserved 1048576K
Event: 61.013 GC heap after
Heap after GC invocations=29 (full 3):
 PSYoungGen      total 665088K, used 19036K [0x00000000d5d80000, 0x0000000100000000, 0x0000000100000000)
  eden space 642560K, 0% used [0x00000000d5d80000,0x00000000d5d80000,0x00000000fd100000)
  from space 22528K, 84% used [0x00000000fea00000,0x00000000ffc97288,0x0000000100000000)
  to   space 24064K, 0% used [0x00000000fd100000,0x00000000fd100000,0x00000000fe880000)
 ParOldGen       total 124928K, used 42596K [0x0000000081800000, 0x0000000089200000, 0x00000000d5d80000)
  object space 124928K, 34% used [0x0000000081800000,0x00000000841992d8,0x0000000089200000)
 Metaspace       used 81364K, capacity 83038K, committed 83072K, reserved 1120256K
  class space    used 11254K, capacity 11623K, committed 11648K, reserved 1048576K
}
Event: 62.267 GC heap before
{Heap before GC invocations=30 (full 3):
 PSYoungGen      total 665088K, used 659609K [0x00000000d5d80000, 0x0000000100000000, 0x0000000100000000)
  eden space 642560K, 99% used [0x00000000d5d80000,0x00000000fcf0f1c0,0x00000000fd100000)
  from space 22528K, 84% used [0x00000000fea00000,0x00000000ffc97288,0x0000000100000000)
  to   space 24064K, 0% used [0x00000000fd100000,0x00000000fd100000,0x00000000fe880000)
 ParOldGen       total 124928K, used 42596K [0x0000000081800000, 0x0000000089200000, 0x00000000d5d80000)
  object space 124928K, 34% used [0x0000000081800000,0x00000000841992d8,0x0000000089200000)
 Metaspace       used 81593K, capacity 83352K, committed 83712K, reserved 1122304K
  class space    used 11271K, capacity 11654K, committed 11776K, reserved 1048576K
Event: 62.287 GC heap after
Heap after GC invocations=30 (full 3):
 PSYoungGen      total 663040K, used 20174K [0x00000000d5d80000, 0x0000000100000000, 0x0000000100000000)
  eden space 642560K, 0% used [0x00000000d5d80000,0x00000000d5d80000,0x00000000fd100000)
  from space 20480K, 98% used [0x00000000fd100000,0x00000000fe4b39f0,0x00000000fe500000)
  to   space 26112K, 0% used [0x00000000fe680000,0x00000000fe680000,0x0000000100000000)
 ParOldGen       total 124928K, used 42596K [0x0000000081800000, 0x0000000089200000, 0x00000000d5d80000)
  object space 124928K, 34% used [0x0000000081800000,0x00000000841992d8,0x0000000089200000)
 Metaspace       used 81593K, capacity 83352K, committed 83712K, reserved 1122304K
  class space    used 11271K, capacity 11654K, committed 11776K, reserved 1048576K
}
Event: 63.686 GC heap before
{Heap before GC invocations=31 (full 3):
 PSYoungGen      total 663040K, used 662734K [0x00000000d5d80000, 0x0000000100000000, 0x0000000100000000)
  eden space 642560K, 100% used [0x00000000d5d80000,0x00000000fd100000,0x00000000fd100000)
  from space 20480K, 98% used [0x00000000fd100000,0x00000000fe4b39f0,0x00000000fe500000)
  to   space 26112K, 0% used [0x00000000fe680000,0x00000000fe680000,0x0000000100000000)
 ParOldGen       total 124928K, used 42596K [0x0000000081800000, 0x0000000089200000, 0x00000000d5d80000)
  object space 124928K, 34% used [0x0000000081800000,0x00000000841992d8,0x0000000089200000)
 Metaspace       used 81788K, capacity 83596K, committed 83712K, reserved 1122304K
  class space    used 11294K, capacity 11684K, committed 11776K, reserved 1048576K
Event: 63.713 GC heap after
Heap after GC invocations=31 (full 3):
 PSYoungGen      total 660480K, used 21591K [0x00000000d5d80000, 0x0000000100000000, 0x0000000100000000)
  eden space 634368K, 0% used [0x00000000d5d80000,0x00000000d5d80000,0x00000000fc900000)
  from space 26112K, 82% used [0x00000000fe680000,0x00000000ffb95ee8,0x0000000100000000)
  to   space 28160K, 0% used [0x00000000fc900000,0x00000000fc900000,0x00000000fe480000)
 ParOldGen       total 124928K, used 42596K [0x0000000081800000, 0x0000000089200000, 0x00000000d5d80000)
  object space 124928K, 34% used [0x0000000081800000,0x00000000841992d8,0x0000000089200000)
 Metaspace       used 81788K, capacity 83596K, committed 83712K, reserved 1122304K
  class space    used 11294K, capacity 11684K, committed 11776K, reserved 1048576K
}
Event: 65.533 GC heap before
{Heap before GC invocations=32 (full 3):
 PSYoungGen      total 660480K, used 655959K [0x00000000d5d80000, 0x0000000100000000, 0x0000000100000000)
  eden space 634368K, 100% used [0x00000000d5d80000,0x00000000fc900000,0x00000000fc900000)
  from space 26112K, 82% used [0x00000000fe680000,0x00000000ffb95ee8,0x0000000100000000)
  to   space 28160K, 0% used [0x00000000fc900000,0x00000000fc900000,0x00000000fe480000)
 ParOldGen       total 124928K, used 42596K [0x0000000081800000, 0x0000000089200000, 0x00000000d5d80000)
  object space 124928K, 34% used [0x0000000081800000,0x00000000841992d8,0x0000000089200000)
 Metaspace       used 81976K, capacity 83834K, committed 83968K, reserved 1122304K
  class space    used 11310K, capacity 11713K, committed 11776K, reserved 1048576K
Event: 65.559 GC heap after
Heap after GC invocations=32 (full 3):
 PSYoungGen      total 656896K, used 22499K [0x00000000d5d80000, 0x0000000100000000, 0x0000000100000000)
  eden space 634368K, 0% used [0x00000000d5d80000,0x00000000d5d80000,0x00000000fc900000)
  from space 22528K, 99% used [0x00000000fc900000,0x00000000fdef8ec8,0x00000000fdf00000)
  to   space 29696K, 0% used [0x00000000fe300000,0x00000000fe300000,0x0000000100000000)
 ParOldGen       total 124928K, used 42604K [0x0000000081800000, 0x0000000089200000, 0x00000000d5d80000)
  object space 124928K, 34% used [0x0000000081800000,0x000000008419b2d8,0x0000000089200000)
 Metaspace       used 81976K, capacity 83834K, committed 83968K, reserved 1122304K
  class space    used 11310K, capacity 11713K, committed 11776K, reserved 1048576K
}
Event: 67.118 GC heap before
{Heap before GC invocations=33 (full 3):
 PSYoungGen      total 656896K, used 656867K [0x00000000d5d80000, 0x0000000100000000, 0x0000000100000000)
  eden space 634368K, 100% used [0x00000000d5d80000,0x00000000fc900000,0x00000000fc900000)
  from space 22528K, 99% used [0x00000000fc900000,0x00000000fdef8ec8,0x00000000fdf00000)
  to   space 29696K, 0% used [0x00000000fe300000,0x00000000fe300000,0x0000000100000000)
 ParOldGen       total 124928K, used 42604K [0x0000000081800000, 0x0000000089200000, 0x00000000d5d80000)
  object space 124928K, 34% used [0x0000000081800000,0x000000008419b2d8,0x0000000089200000)
 Metaspace       used 82168K, capacity 84084K, committed 84224K, reserved 1122304K
  class space    used 11328K, capacity 11744K, committed 11776K, reserved 1048576K
Event: 67.143 GC heap after
Heap after GC invocations=33 (full 3):
 PSYoungGen      total 656896K, used 23010K [0x00000000d5d80000, 0x0000000100000000, 0x0000000100000000)
  eden space 627200K, 0% used [0x00000000d5d80000,0x00000000d5d80000,0x00000000fc200000)
  from space 29696K, 77% used [0x00000000fe300000,0x00000000ff978b70,0x0000000100000000)
  to   space 31744K, 0% used [0x00000000fc200000,0x00000000fc200000,0x00000000fe100000)
 ParOldGen       total 124928K, used 43404K [0x0000000081800000, 0x0000000089200000, 0x00000000d5d80000)
  object space 124928K, 34% used [0x0000000081800000,0x00000000842632d8,0x0000000089200000)
 Metaspace       used 82168K, capacity 84084K, committed 84224K, reserved 1122304K
  class space    used 11328K, capacity 11744K, committed 11776K, reserved 1048576K
}

