# JRE version: Java(TM) SE Runtime Environment (8.0_121-b13) (build 1.8.0_121-b13)
# Java VM: Java HotSpot(TM) 64-Bit Server VM (25.121-b13 mixed mode windows-amd64 compressed oops)
Heap:
 PSYoungGen      total 212480K, used 15600K [0x00000000d5d80000, 0x00000000e4c00000, 0x0000000100000000)
  eden space 202752K, 2% used [0x00000000d5d80000,0x00000000d6341980,0x00000000e2380000)
  from space 9728K, 99% used [0x00000000e2380000,0x00000000e2cfa860,0x00000000e2d00000)
  to   space 10752K, 0% used [0x00000000e4180000,0x00000000e4180000,0x00000000e4c00000)
 ParOldGen       total 74752K, used 14392K [0x0000000081800000, 0x0000000086100000, 0x00000000d5d80000)
  object space 74752K, 19% used [0x0000000081800000,0x000000008260e3d8,0x0000000086100000)
 Metaspace       used 45050K, capacity 45284K, committed 45608K, reserved 1089536K
  class space    used 6087K, capacity 6178K, committed 6192K, reserved 1048576K
GC Heap History (10 events):
Event: 9.288 GC heap before
{Heap before GC invocations=7 (full 1):
 PSYoungGen      total 71680K, used 71665K [0x00000000d5d80000, 0x00000000ddc80000, 0x0000000100000000)
  eden space 66560K, 100% used [0x00000000d5d80000,0x00000000d9e80000,0x00000000d9e80000)
  from space 5120K, 99% used [0x00000000d9e80000,0x00000000da37c6e0,0x00000000da380000)
  to   space 8192K, 0% used [0x00000000dd480000,0x00000000dd480000,0x00000000ddc80000)
 ParOldGen       total 52736K, used 9351K [0x0000000081800000, 0x0000000084b80000, 0x00000000d5d80000)
  object space 52736K, 17% used [0x0000000081800000,0x0000000082121f10,0x0000000084b80000)
 Metaspace       used 32896K, capacity 33100K, committed 33456K, reserved 1079296K
  class space    used 4394K, capacity 4458K, committed 4528K, reserved 1048576K
Event: 9.311 GC heap after
Heap after GC invocations=7 (full 1):
 PSYoungGen      total 121344K, used 8055K [0x00000000d5d80000, 0x00000000de080000, 0x0000000100000000)
  eden space 113152K, 0% used [0x00000000d5d80000,0x00000000d5d80000,0x00000000dcc00000)
  from space 8192K, 98% used [0x00000000dd480000,0x00000000ddc5ddc8,0x00000000ddc80000)
  to   space 8704K, 0% used [0x00000000dcc00000,0x00000000dcc00000,0x00000000dd480000)
 ParOldGen       total 52736K, used 9351K [0x0000000081800000, 0x0000000084b80000, 0x00000000d5d80000)
  object space 52736K, 17% used [0x0000000081800000,0x0000000082121f10,0x0000000084b80000)
 Metaspace       used 32896K, capacity 33100K, committed 33456K, reserved 1079296K
  class space    used 4394K, capacity 4458K, committed 4528K, reserved 1048576K
}
Event: 9.632 GC heap before
{Heap before GC invocations=8 (full 1):
 PSYoungGen      total 121344K, used 40180K [0x00000000d5d80000, 0x00000000de080000, 0x0000000100000000)
  eden space 113152K, 28% used [0x00000000d5d80000,0x00000000d7cdf320,0x00000000dcc00000)
  from space 8192K, 98% used [0x00000000dd480000,0x00000000ddc5ddc8,0x00000000ddc80000)
  to   space 8704K, 0% used [0x00000000dcc00000,0x00000000dcc00000,0x00000000dd480000)
 ParOldGen       total 52736K, used 9351K [0x0000000081800000, 0x0000000084b80000, 0x00000000d5d80000)
  object space 52736K, 17% used [0x0000000081800000,0x0000000082121f10,0x0000000084b80000)
 Metaspace       used 35034K, capacity 35224K, committed 35496K, reserved 1079296K
  class space    used 4693K, capacity 4780K, committed 4784K, reserved 1048576K
Event: 9.648 GC heap after
Heap after GC invocations=8 (full 1):
 PSYoungGen      total 121856K, used 6688K [0x00000000d5d80000, 0x00000000e3680000, 0x0000000100000000)
  eden space 113152K, 0% used [0x00000000d5d80000,0x00000000d5d80000,0x00000000dcc00000)
  from space 8704K, 76% used [0x00000000dcc00000,0x00000000dd288248,0x00000000dd480000)
  to   space 8704K, 0% used [0x00000000e2e00000,0x00000000e2e00000,0x00000000e3680000)
 ParOldGen       total 52736K, used 9359K [0x0000000081800000, 0x0000000084b80000, 0x00000000d5d80000)
  object space 52736K, 17% used [0x0000000081800000,0x0000000082123f10,0x0000000084b80000)
 Metaspace       used 35034K, capacity 35224K, committed 35496K, reserved 1079296K
  class space    used 4693K, capacity 4780K, committed 4784K, reserved 1048576K
}
Event: 9.648 GC heap before
{Heap before GC invocations=9 (full 2):
 PSYoungGen      total 121856K, used 6688K [0x00000000d5d80000, 0x00000000e3680000, 0x0000000100000000)
  eden space 113152K, 0% used [0x00000000d5d80000,0x00000000d5d80000,0x00000000dcc00000)
  from space 8704K, 76% used [0x00000000dcc00000,0x00000000dd288248,0x00000000dd480000)
  to   space 8704K, 0% used [0x00000000e2e00000,0x00000000e2e00000,0x00000000e3680000)
 ParOldGen       total 52736K, used 9359K [0x0000000081800000, 0x0000000084b80000, 0x00000000d5d80000)
  object space 52736K, 17% used [0x0000000081800000,0x0000000082123f10,0x0000000084b80000)
 Metaspace       used 35034K, capacity 35224K, committed 35496K, reserved 1079296K
  class space    used 4693K, capacity 4780K, committed 4784K, reserved 1048576K
Event: 9.720 GC heap after
Heap after GC invocations=9 (full 2):
 PSYoungGen      total 121856K, used 0K [0x00000000d5d80000, 0x00000000e3680000, 0x0000000100000000)
  eden space 113152K, 0% used [0x00000000d5d80000,0x00000000d5d80000,0x00000000dcc00000)
  from space 8704K, 0% used [0x00000000dcc00000,0x00000000dcc00000,0x00000000dd480000)
  to   space 8704K, 0% used [0x00000000e2e00000,0x00000000e2e00000,0x00000000e3680000)
 ParOldGen       total 74752K, used 11777K [0x0000000081800000, 0x0000000086100000, 0x00000000d5d80000)
  object space 74752K, 15% used [0x0000000081800000,0x00000000823806c0,0x0000000086100000)
 Metaspace       used 35034K, capacity 35224K, committed 35496K, reserved 1079296K
  class space    used 4693K, capacity 4780K, committed 4784K, reserved 1048576K
}
Event: 10.701 GC heap before
{Heap before GC invocations=10 (full 2):
 PSYoungGen      total 121856K, used 113152K [0x00000000d5d80000, 0x00000000e3680000, 0x0000000100000000)
  eden space 113152K, 100% used [0x00000000d5d80000,0x00000000dcc00000,0x00000000dcc00000)
  from space 8704K, 0% used [0x00000000dcc00000,0x00000000dcc00000,0x00000000dd480000)
  to   space 8704K, 0% used [0x00000000e2e00000,0x00000000e2e00000,0x00000000e3680000)
 ParOldGen       total 74752K, used 11777K [0x0000000081800000, 0x0000000086100000, 0x00000000d5d80000)
  object space 74752K, 15% used [0x0000000081800000,0x00000000823806c0,0x0000000086100000)
 Metaspace       used 40944K, capacity 41144K, committed 41512K, reserved 1085440K
  class space    used 5572K, capacity 5644K, committed 5680K, reserved 1048576K
Event: 10.709 GC heap after
Heap after GC invocations=10 (full 2):
 PSYoungGen      total 182784K, used 8702K [0x00000000d5d80000, 0x00000000e3680000, 0x0000000100000000)
  eden space 174080K, 0% used [0x00000000d5d80000,0x00000000d5d80000,0x00000000e0780000)
  from space 8704K, 99% used [0x00000000e2e00000,0x00000000e367fb88,0x00000000e3680000)
  to   space 9728K, 0% used [0x00000000e2380000,0x00000000e2380000,0x00000000e2d00000)
 ParOldGen       total 74752K, used 13457K [0x0000000081800000, 0x0000000086100000, 0x00000000d5d80000)
  object space 74752K, 18% used [0x0000000081800000,0x0000000082524680,0x0000000086100000)
 Metaspace       used 40944K, capacity 41144K, committed 41512K, reserved 1085440K
  class space    used 5572K, capacity 5644K, committed 5680K, reserved 1048576K
}
Event: 78.745 GC heap before
{Heap before GC invocations=11 (full 2):
 PSYoungGen      total 182784K, used 182782K [0x00000000d5d80000, 0x00000000e3680000, 0x0000000100000000)
  eden space 174080K, 100% used [0x00000000d5d80000,0x00000000e0780000,0x00000000e0780000)
  from space 8704K, 99% used [0x00000000e2e00000,0x00000000e367fb88,0x00000000e3680000)
  to   space 9728K, 0% used [0x00000000e2380000,0x00000000e2380000,0x00000000e2d00000)
 ParOldGen       total 74752K, used 13457K [0x0000000081800000, 0x0000000086100000, 0x00000000d5d80000)
  object space 74752K, 18% used [0x0000000081800000,0x0000000082524680,0x0000000086100000)
 Metaspace       used 45049K, capacity 45284K, committed 45608K, reserved 1089536K
  class space    used 6087K, capacity 6178K, committed 6192K, reserved 1048576K
Event: 78.767 GC heap after
Heap after GC invocations=11 (full 2):
 PSYoungGen      total 212480K, used 9706K [0x00000000d5d80000, 0x00000000e4c00000, 0x0000000100000000)
  eden space 202752K, 0% used [0x00000000d5d80000,0x00000000d5d80000,0x00000000e2380000)
  from space 9728K, 99% used [0x00000000e2380000,0x00000000e2cfa860,0x00000000e2d00000)
  to   space 10752K, 0% used [0x00000000e4180000,0x00000000e4180000,0x00000000e4c00000)
 ParOldGen       total 74752K, used 14392K [0x0000000081800000, 0x0000000086100000, 0x00000000d5d80000)
  object space 74752K, 19% used [0x0000000081800000,0x000000008260e3d8,0x0000000086100000)
 Metaspace       used 45049K, capacity 45284K, committed 45608K, reserved 1089536K
  class space    used 6087K, capacity 6178K, committed 6192K, reserved 1048576K
}

