# JRE version: Java(TM) SE Runtime Environment (8.0_121-b13) (build 1.8.0_121-b13)
# Java VM: Java HotSpot(TM) 64-Bit Server VM (25.121-b13 mixed mode windows-amd64 compressed oops)
Heap:
 PSYoungGen      total 529408K, used 16975K [0x00000000d5d80000, 0x0000000100000000, 0x0000000100000000)
  eden space 518144K, 1% used [0x00000000d5d80000,0x00000000d6793718,0x00000000f5780000)
  from space 11264K, 59% used [0x00000000f5780000,0x00000000f5e005f8,0x00000000f6280000)
  to   space 11264K, 0% used [0x00000000ff500000,0x00000000ff500000,0x0000000100000000)
 ParOldGen       total 87552K, used 22299K [0x0000000081800000, 0x0000000086d80000, 0x00000000d5d80000)
  object space 87552K, 25% used [0x0000000081800000,0x0000000082dc6f18,0x0000000086d80000)
 Metaspace       used 13062K, capacity 13358K, committed 13568K, reserved 1060864K
  class space    used 1332K, capacity 1435K, committed 1536K, reserved 1048576K
GC Heap History (10 events):
Event: 114.088 GC heap before
{Heap before GC invocations=11 (full 0):
 PSYoungGen      total 214016K, used 202304K [0x00000000d5d80000, 0x00000000e3b80000, 0x0000000100000000)
  eden space 202240K, 100% used [0x00000000d5d80000,0x00000000e2300000,0x00000000e2300000)
  from space 11776K, 0% used [0x00000000e2f00000,0x00000000e2f10000,0x00000000e3a80000)
  to   space 12288K, 0% used [0x00000000e2300000,0x00000000e2300000,0x00000000e2f00000)
 ParOldGen       total 87552K, used 18168K [0x0000000081800000, 0x0000000086d80000, 0x00000000d5d80000)
  object space 87552K, 20% used [0x0000000081800000,0x00000000829be0a0,0x0000000086d80000)
 Metaspace       used 12982K, capacity 13256K, committed 13568K, reserved 1060864K
  class space    used 1330K, capacity 1432K, committed 1536K, reserved 1048576K
Event: 114.096 GC heap after
Heap after GC invocations=11 (full 0):
 PSYoungGen      total 214528K, used 4691K [0x00000000d5d80000, 0x00000000eb080000, 0x0000000100000000)
  eden space 202240K, 0% used [0x00000000d5d80000,0x00000000d5d80000,0x00000000e2300000)
  from space 12288K, 38% used [0x00000000e2300000,0x00000000e2794e48,0x00000000e2f00000)
  to   space 11776K, 0% used [0x00000000ea500000,0x00000000ea500000,0x00000000eb080000)
 ParOldGen       total 87552K, used 18176K [0x0000000081800000, 0x0000000086d80000, 0x00000000d5d80000)
  object space 87552K, 20% used [0x0000000081800000,0x00000000829c00a0,0x0000000086d80000)
 Metaspace       used 12982K, capacity 13256K, committed 13568K, reserved 1060864K
  class space    used 1330K, capacity 1432K, committed 1536K, reserved 1048576K
}
Event: 421.240 GC heap before
{Heap before GC invocations=12 (full 0):
 PSYoungGen      total 214528K, used 206931K [0x00000000d5d80000, 0x00000000eb080000, 0x0000000100000000)
  eden space 202240K, 100% used [0x00000000d5d80000,0x00000000e2300000,0x00000000e2300000)
  from space 12288K, 38% used [0x00000000e2300000,0x00000000e2794e48,0x00000000e2f00000)
  to   space 11776K, 0% used [0x00000000ea500000,0x00000000ea500000,0x00000000eb080000)
 ParOldGen       total 87552K, used 18176K [0x0000000081800000, 0x0000000086d80000, 0x00000000d5d80000)
  object space 87552K, 20% used [0x0000000081800000,0x00000000829c00a0,0x0000000086d80000)
 Metaspace       used 13000K, capacity 13336K, committed 13568K, reserved 1060864K
  class space    used 1331K, capacity 1432K, committed 1536K, reserved 1048576K
Event: 421.257 GC heap after
Heap after GC invocations=12 (full 0):
 PSYoungGen      total 334336K, used 2096K [0x00000000d5d80000, 0x00000000eaf80000, 0x0000000100000000)
  eden space 323584K, 0% used [0x00000000d5d80000,0x00000000d5d80000,0x00000000e9980000)
  from space 10752K, 19% used [0x00000000ea500000,0x00000000ea70c010,0x00000000eaf80000)
  to   space 11264K, 0% used [0x00000000e9980000,0x00000000e9980000,0x00000000ea480000)
 ParOldGen       total 87552K, used 18803K [0x0000000081800000, 0x0000000086d80000, 0x00000000d5d80000)
  object space 87552K, 21% used [0x0000000081800000,0x0000000082a5cef8,0x0000000086d80000)
 Metaspace       used 13000K, capacity 13336K, committed 13568K, reserved 1060864K
  class space    used 1331K, capacity 1432K, committed 1536K, reserved 1048576K
}
Event: 443.168 GC heap before
{Heap before GC invocations=13 (full 0):
 PSYoungGen      total 334336K, used 325680K [0x00000000d5d80000, 0x00000000eaf80000, 0x0000000100000000)
  eden space 323584K, 100% used [0x00000000d5d80000,0x00000000e9980000,0x00000000e9980000)
  from space 10752K, 19% used [0x00000000ea500000,0x00000000ea70c010,0x00000000eaf80000)
  to   space 11264K, 0% used [0x00000000e9980000,0x00000000e9980000,0x00000000ea480000)
 ParOldGen       total 87552K, used 18803K [0x0000000081800000, 0x0000000086d80000, 0x00000000d5d80000)
  object space 87552K, 21% used [0x0000000081800000,0x0000000082a5cef8,0x0000000086d80000)
 Metaspace       used 13054K, capacity 13358K, committed 13568K, reserved 1060864K
  class space    used 1332K, capacity 1435K, committed 1536K, reserved 1048576K
Event: 443.174 GC heap after
Heap after GC invocations=13 (full 0):
 PSYoungGen      total 334848K, used 5360K [0x00000000d5d80000, 0x00000000f6d80000, 0x0000000100000000)
  eden space 323584K, 0% used [0x00000000d5d80000,0x00000000d5d80000,0x00000000e9980000)
  from space 11264K, 47% used [0x00000000e9980000,0x00000000e9ebc050,0x00000000ea480000)
  to   space 11264K, 0% used [0x00000000f6280000,0x00000000f6280000,0x00000000f6d80000)
 ParOldGen       total 87552K, used 18891K [0x0000000081800000, 0x0000000086d80000, 0x00000000d5d80000)
  object space 87552K, 21% used [0x0000000081800000,0x0000000082a72f08,0x0000000086d80000)
 Metaspace       used 13054K, capacity 13358K, committed 13568K, reserved 1060864K
  class space    used 1332K, capacity 1435K, committed 1536K, reserved 1048576K
}
Event: 443.662 GC heap before
{Heap before GC invocations=14 (full 0):
 PSYoungGen      total 334848K, used 328944K [0x00000000d5d80000, 0x00000000f6d80000, 0x0000000100000000)
  eden space 323584K, 100% used [0x00000000d5d80000,0x00000000e9980000,0x00000000e9980000)
  from space 11264K, 47% used [0x00000000e9980000,0x00000000e9ebc050,0x00000000ea480000)
  to   space 11264K, 0% used [0x00000000f6280000,0x00000000f6280000,0x00000000f6d80000)
 ParOldGen       total 87552K, used 18891K [0x0000000081800000, 0x0000000086d80000, 0x00000000d5d80000)
  object space 87552K, 21% used [0x0000000081800000,0x0000000082a72f08,0x0000000086d80000)
 Metaspace       used 13054K, capacity 13358K, committed 13568K, reserved 1060864K
  class space    used 1332K, capacity 1435K, committed 1536K, reserved 1048576K
Event: 443.671 GC heap after
Heap after GC invocations=14 (full 0):
 PSYoungGen      total 529408K, used 6976K [0x00000000d5d80000, 0x00000000f6d80000, 0x0000000100000000)
  eden space 518144K, 0% used [0x00000000d5d80000,0x00000000d5d80000,0x00000000f5780000)
  from space 11264K, 61% used [0x00000000f6280000,0x00000000f6950000,0x00000000f6d80000)
  to   space 11264K, 0% used [0x00000000f5780000,0x00000000f5780000,0x00000000f6280000)
 ParOldGen       total 87552K, used 22299K [0x0000000081800000, 0x0000000086d80000, 0x00000000d5d80000)
  object space 87552K, 25% used [0x0000000081800000,0x0000000082dc6f18,0x0000000086d80000)
 Metaspace       used 13054K, capacity 13358K, committed 13568K, reserved 1060864K
  class space    used 1332K, capacity 1435K, committed 1536K, reserved 1048576K
}
Event: 456.864 GC heap before
{Heap before GC invocations=15 (full 0):
 PSYoungGen      total 529408K, used 525120K [0x00000000d5d80000, 0x00000000f6d80000, 0x0000000100000000)
  eden space 518144K, 100% used [0x00000000d5d80000,0x00000000f5780000,0x00000000f5780000)
  from space 11264K, 61% used [0x00000000f6280000,0x00000000f6950000,0x00000000f6d80000)
  to   space 11264K, 0% used [0x00000000f5780000,0x00000000f5780000,0x00000000f6280000)
 ParOldGen       total 87552K, used 22299K [0x0000000081800000, 0x0000000086d80000, 0x00000000d5d80000)
  object space 87552K, 25% used [0x0000000081800000,0x0000000082dc6f18,0x0000000086d80000)
 Metaspace       used 13062K, capacity 13358K, committed 13568K, reserved 1060864K
  class space    used 1332K, capacity 1435K, committed 1536K, reserved 1048576K
Event: 456.876 GC heap after
Heap after GC invocations=15 (full 0):
 PSYoungGen      total 529408K, used 6657K [0x00000000d5d80000, 0x0000000100000000, 0x0000000100000000)
  eden space 518144K, 0% used [0x00000000d5d80000,0x00000000d5d80000,0x00000000f5780000)
  from space 11264K, 59% used [0x00000000f5780000,0x00000000f5e005f8,0x00000000f6280000)
  to   space 11264K, 0% used [0x00000000ff500000,0x00000000ff500000,0x0000000100000000)
 ParOldGen       total 87552K, used 22299K [0x0000000081800000, 0x0000000086d80000, 0x00000000d5d80000)
  object space 87552K, 25% used [0x0000000081800000,0x0000000082dc6f18,0x0000000086d80000)
 Metaspace       used 13062K, capacity 13358K, committed 13568K, reserved 1060864K
  class space    used 1332K, capacity 1435K, committed 1536K, reserved 1048576K
}

