# JRE version: Java(TM) SE Runtime Environment (8.0_121-b13) (build 1.8.0_121-b13)
# Java VM: Java HotSpot(TM) 64-Bit Server VM (25.121-b13 mixed mode windows-amd64 compressed oops)
Heap:
 PSYoungGen      total 670720K, used 273647K [0x00000000d5d80000, 0x0000000100000000, 0x0000000100000000)
  eden space 650752K, 40% used [0x00000000d5d80000,0x00000000e5c694b8,0x00000000fd900000)
  from space 19968K, 63% used [0x00000000fd900000,0x00000000fe552928,0x00000000fec80000)
  to   space 19456K, 0% used [0x00000000fed00000,0x00000000fed00000,0x0000000100000000)
 ParOldGen       total 105472K, used 50884K [0x0000000081800000, 0x0000000087f00000, 0x00000000d5d80000)
  object space 105472K, 48% used [0x0000000081800000,0x00000000849b1158,0x0000000087f00000)
 Metaspace       used 82163K, capacity 84070K, committed 84264K, reserved 1122304K
  class space    used 11325K, capacity 11731K, committed 11824K, reserved 1048576K
GC Heap History (10 events):
Event: 106.842 GC heap before
{Heap before GC invocations=26 (full 3):
 PSYoungGen      total 674304K, used 670614K [0x00000000d5d80000, 0x0000000100000000, 0x0000000100000000)
  eden space 658944K, 100% used [0x00000000d5d80000,0x00000000fe100000,0x00000000fe100000)
  from space 15360K, 75% used [0x00000000ff100000,0x00000000ffc658e8,0x0000000100000000)
  to   space 15872K, 0% used [0x00000000fe100000,0x00000000fe100000,0x00000000ff080000)
 ParOldGen       total 105472K, used 45308K [0x0000000081800000, 0x0000000087f00000, 0x00000000d5d80000)
  object space 105472K, 42% used [0x0000000081800000,0x000000008443f128,0x0000000087f00000)
 Metaspace       used 81283K, capacity 82888K, committed 83112K, reserved 1120256K
  class space    used 11251K, capacity 11598K, committed 11696K, reserved 1048576K
Event: 106.863 GC heap after
Heap after GC invocations=26 (full 3):
 PSYoungGen      total 671744K, used 12708K [0x00000000d5d80000, 0x0000000100000000, 0x0000000100000000)
  eden space 658944K, 0% used [0x00000000d5d80000,0x00000000d5d80000,0x00000000fe100000)
  from space 12800K, 99% used [0x00000000fe100000,0x00000000fed69190,0x00000000fed80000)
  to   space 16896K, 0% used [0x00000000fef80000,0x00000000fef80000,0x0000000100000000)
 ParOldGen       total 105472K, used 45316K [0x0000000081800000, 0x0000000087f00000, 0x00000000d5d80000)
  object space 105472K, 42% used [0x0000000081800000,0x0000000084441128,0x0000000087f00000)
 Metaspace       used 81283K, capacity 82888K, committed 83112K, reserved 1120256K
  class space    used 11251K, capacity 11598K, committed 11696K, reserved 1048576K
}
Event: 108.881 GC heap before
{Heap before GC invocations=27 (full 3):
 PSYoungGen      total 671744K, used 670177K [0x00000000d5d80000, 0x0000000100000000, 0x0000000100000000)
  eden space 658944K, 99% used [0x00000000d5d80000,0x00000000fdf8f5b0,0x00000000fe100000)
  from space 12800K, 99% used [0x00000000fe100000,0x00000000fed69190,0x00000000fed80000)
  to   space 16896K, 0% used [0x00000000fef80000,0x00000000fef80000,0x0000000100000000)
 ParOldGen       total 105472K, used 45316K [0x0000000081800000, 0x0000000087f00000, 0x00000000d5d80000)
  object space 105472K, 42% used [0x0000000081800000,0x0000000084441128,0x0000000087f00000)
 Metaspace       used 81460K, capacity 83144K, committed 83368K, reserved 1120256K
  class space    used 11269K, capacity 11630K, committed 11696K, reserved 1048576K
Event: 108.898 GC heap after
Heap after GC invocations=27 (full 3):
 PSYoungGen      total 671744K, used 14359K [0x00000000d5d80000, 0x0000000100000000, 0x0000000100000000)
  eden space 654848K, 0% used [0x00000000d5d80000,0x00000000d5d80000,0x00000000fdd00000)
  from space 16896K, 84% used [0x00000000fef80000,0x00000000ffd85e80,0x0000000100000000)
  to   space 17920K, 0% used [0x00000000fdd00000,0x00000000fdd00000,0x00000000fee80000)
 ParOldGen       total 105472K, used 45324K [0x0000000081800000, 0x0000000087f00000, 0x00000000d5d80000)
  object space 105472K, 42% used [0x0000000081800000,0x0000000084443128,0x0000000087f00000)
 Metaspace       used 81460K, capacity 83144K, committed 83368K, reserved 1120256K
  class space    used 11269K, capacity 11630K, committed 11696K, reserved 1048576K
}
Event: 110.634 GC heap before
{Heap before GC invocations=28 (full 3):
 PSYoungGen      total 671744K, used 669207K [0x00000000d5d80000, 0x0000000100000000, 0x0000000100000000)
  eden space 654848K, 100% used [0x00000000d5d80000,0x00000000fdd00000,0x00000000fdd00000)
  from space 16896K, 84% used [0x00000000fef80000,0x00000000ffd85e80,0x0000000100000000)
  to   space 17920K, 0% used [0x00000000fdd00000,0x00000000fdd00000,0x00000000fee80000)
 ParOldGen       total 105472K, used 45324K [0x0000000081800000, 0x0000000087f00000, 0x00000000d5d80000)
  object space 105472K, 42% used [0x0000000081800000,0x0000000084443128,0x0000000087f00000)
 Metaspace       used 81673K, capacity 83452K, committed 83624K, reserved 1122304K
  class space    used 11286K, capacity 11660K, committed 11696K, reserved 1048576K
Event: 110.682 GC heap after
Heap after GC invocations=28 (full 3):
 PSYoungGen      total 670720K, used 15365K [0x00000000d5d80000, 0x0000000100000000, 0x0000000100000000)
  eden space 654848K, 0% used [0x00000000d5d80000,0x00000000d5d80000,0x00000000fdd00000)
  from space 15872K, 96% used [0x00000000fdd00000,0x00000000fec015b8,0x00000000fec80000)
  to   space 18944K, 0% used [0x00000000fed80000,0x00000000fed80000,0x0000000100000000)
 ParOldGen       total 105472K, used 45324K [0x0000000081800000, 0x0000000087f00000, 0x00000000d5d80000)
  object space 105472K, 42% used [0x0000000081800000,0x0000000084443128,0x0000000087f00000)
 Metaspace       used 81673K, capacity 83452K, committed 83624K, reserved 1122304K
  class space    used 11286K, capacity 11660K, committed 11696K, reserved 1048576K
}
Event: 112.589 GC heap before
{Heap before GC invocations=29 (full 3):
 PSYoungGen      total 670720K, used 670213K [0x00000000d5d80000, 0x0000000100000000, 0x0000000100000000)
  eden space 654848K, 100% used [0x00000000d5d80000,0x00000000fdd00000,0x00000000fdd00000)
  from space 15872K, 96% used [0x00000000fdd00000,0x00000000fec015b8,0x00000000fec80000)
  to   space 18944K, 0% used [0x00000000fed80000,0x00000000fed80000,0x0000000100000000)
 ParOldGen       total 105472K, used 45324K [0x0000000081800000, 0x0000000087f00000, 0x00000000d5d80000)
  object space 105472K, 42% used [0x0000000081800000,0x0000000084443128,0x0000000087f00000)
 Metaspace       used 81886K, capacity 83702K, committed 83880K, reserved 1122304K
  class space    used 11303K, capacity 11691K, committed 11696K, reserved 1048576K
Event: 112.616 GC heap after
Heap after GC invocations=29 (full 3):
 PSYoungGen      total 669696K, used 14362K [0x00000000d5d80000, 0x0000000100000000, 0x0000000100000000)
  eden space 650752K, 0% used [0x00000000d5d80000,0x00000000d5d80000,0x00000000fd900000)
  from space 18944K, 75% used [0x00000000fed80000,0x00000000ffb86aa8,0x0000000100000000)
  to   space 19968K, 0% used [0x00000000fd900000,0x00000000fd900000,0x00000000fec80000)
 ParOldGen       total 105472K, used 47964K [0x0000000081800000, 0x0000000087f00000, 0x00000000d5d80000)
  object space 105472K, 45% used [0x0000000081800000,0x00000000846d7128,0x0000000087f00000)
 Metaspace       used 81886K, capacity 83702K, committed 83880K, reserved 1122304K
  class space    used 11303K, capacity 11691K, committed 11696K, reserved 1048576K
}
Event: 114.500 GC heap before
{Heap before GC invocations=30 (full 3):
 PSYoungGen      total 669696K, used 665114K [0x00000000d5d80000, 0x0000000100000000, 0x0000000100000000)
  eden space 650752K, 100% used [0x00000000d5d80000,0x00000000fd900000,0x00000000fd900000)
  from space 18944K, 75% used [0x00000000fed80000,0x00000000ffb86aa8,0x0000000100000000)
  to   space 19968K, 0% used [0x00000000fd900000,0x00000000fd900000,0x00000000fec80000)
 ParOldGen       total 105472K, used 47964K [0x0000000081800000, 0x0000000087f00000, 0x00000000d5d80000)
  object space 105472K, 45% used [0x0000000081800000,0x00000000846d7128,0x0000000087f00000)
 Metaspace       used 82070K, capacity 83946K, committed 84264K, reserved 1122304K
  class space    used 11320K, capacity 11721K, committed 11824K, reserved 1048576K
Event: 114.522 GC heap after
Heap after GC invocations=30 (full 3):
 PSYoungGen      total 670720K, used 12618K [0x00000000d5d80000, 0x0000000100000000, 0x0000000100000000)
  eden space 650752K, 0% used [0x00000000d5d80000,0x00000000d5d80000,0x00000000fd900000)
  from space 19968K, 63% used [0x00000000fd900000,0x00000000fe552928,0x00000000fec80000)
  to   space 19456K, 0% used [0x00000000fed00000,0x00000000fed00000,0x0000000100000000)
 ParOldGen       total 105472K, used 50884K [0x0000000081800000, 0x0000000087f00000, 0x00000000d5d80000)
  object space 105472K, 48% used [0x0000000081800000,0x00000000849b1158,0x0000000087f00000)
 Metaspace       used 82070K, capacity 83946K, committed 84264K, reserved 1122304K
  class space    used 11320K, capacity 11721K, committed 11824K, reserved 1048576K
}

