# JRE version: Java(TM) SE Runtime Environment (8.0_121-b13) (build 1.8.0_121-b13)
# Java VM: Java HotSpot(TM) 64-Bit Server VM (25.121-b13 mixed mode windows-amd64 compressed oops)
Heap:
 PSYoungGen      total 658944K, used 636323K [0x00000000d5d80000, 0x0000000100000000, 0x0000000100000000)
  eden space 631296K, 97% used [0x00000000d5d80000,0x00000000fb4c26d0,0x00000000fc600000)
  from space 27648K, 82% used [0x00000000fe500000,0x00000000ffb265e0,0x0000000100000000)
  to   space 29696K, 0% used [0x00000000fc600000,0x00000000fc600000,0x00000000fe300000)
 ParOldGen       total 108032K, used 33867K [0x0000000081800000, 0x0000000088180000, 0x00000000d5d80000)
  object space 108032K, 31% used [0x0000000081800000,0x0000000083912e90,0x0000000088180000)
 Metaspace       used 82140K, capacity 84042K, committed 84264K, reserved 1122304K
  class space    used 11322K, capacity 11737K, committed 11824K, reserved 1048576K
GC Heap History (10 events):
Event: 62.107 GC heap before
{Heap before GC invocations=27 (full 3):
 PSYoungGen      total 669184K, used 666442K [0x00000000d5d80000, 0x0000000100000000, 0x0000000100000000)
  eden space 652800K, 99% used [0x00000000d5d80000,0x00000000fd8cd6c0,0x00000000fdb00000)
  from space 16384K, 97% used [0x00000000fdb00000,0x00000000fea85210,0x00000000feb00000)
  to   space 20480K, 0% used [0x00000000fec00000,0x00000000fec00000,0x0000000100000000)
 ParOldGen       total 108032K, used 33859K [0x0000000081800000, 0x0000000088180000, 0x00000000d5d80000)
  object space 108032K, 31% used [0x0000000081800000,0x0000000083910e90,0x0000000088180000)
 Metaspace       used 81131K, capacity 82702K, committed 82856K, reserved 1120256K
  class space    used 11238K, capacity 11589K, committed 11696K, reserved 1048576K
Event: 62.122 GC heap after
Heap after GC invocations=27 (full 3):
 PSYoungGen      total 667136K, used 17513K [0x00000000d5d80000, 0x0000000100000000, 0x0000000100000000)
  eden space 646656K, 0% used [0x00000000d5d80000,0x00000000d5d80000,0x00000000fd500000)
  from space 20480K, 85% used [0x00000000fec00000,0x00000000ffd1a630,0x0000000100000000)
  to   space 22016K, 0% used [0x00000000fd500000,0x00000000fd500000,0x00000000fea80000)
 ParOldGen       total 108032K, used 33867K [0x0000000081800000, 0x0000000088180000, 0x00000000d5d80000)
  object space 108032K, 31% used [0x0000000081800000,0x0000000083912e90,0x0000000088180000)
 Metaspace       used 81131K, capacity 82702K, committed 82856K, reserved 1120256K
  class space    used 11238K, capacity 11589K, committed 11696K, reserved 1048576K
}
Event: 63.626 GC heap before
{Heap before GC invocations=28 (full 3):
 PSYoungGen      total 667136K, used 663055K [0x00000000d5d80000, 0x0000000100000000, 0x0000000100000000)
  eden space 646656K, 99% used [0x00000000d5d80000,0x00000000fd3e9608,0x00000000fd500000)
  from space 20480K, 85% used [0x00000000fec00000,0x00000000ffd1a630,0x0000000100000000)
  to   space 22016K, 0% used [0x00000000fd500000,0x00000000fd500000,0x00000000fea80000)
 ParOldGen       total 108032K, used 33867K [0x0000000081800000, 0x0000000088180000, 0x00000000d5d80000)
  object space 108032K, 31% used [0x0000000081800000,0x0000000083912e90,0x0000000088180000)
 Metaspace       used 81327K, capacity 83010K, committed 83112K, reserved 1120256K
  class space    used 11255K, capacity 11619K, committed 11696K, reserved 1048576K
Event: 63.649 GC heap after
Heap after GC invocations=28 (full 3):
 PSYoungGen      total 665600K, used 18524K [0x00000000d5d80000, 0x0000000100000000, 0x0000000100000000)
  eden space 646656K, 0% used [0x00000000d5d80000,0x00000000d5d80000,0x00000000fd500000)
  from space 18944K, 97% used [0x00000000fd500000,0x00000000fe7170e8,0x00000000fe780000)
  to   space 23552K, 0% used [0x00000000fe900000,0x00000000fe900000,0x0000000100000000)
 ParOldGen       total 108032K, used 33867K [0x0000000081800000, 0x0000000088180000, 0x00000000d5d80000)
  object space 108032K, 31% used [0x0000000081800000,0x0000000083912e90,0x0000000088180000)
 Metaspace       used 81327K, capacity 83010K, committed 83112K, reserved 1120256K
  class space    used 11255K, capacity 11619K, committed 11696K, reserved 1048576K
}
Event: 65.100 GC heap before
{Heap before GC invocations=29 (full 3):
 PSYoungGen      total 665600K, used 661636K [0x00000000d5d80000, 0x0000000100000000, 0x0000000100000000)
  eden space 646656K, 99% used [0x00000000d5d80000,0x00000000fd18a208,0x00000000fd500000)
  from space 18944K, 97% used [0x00000000fd500000,0x00000000fe7170e8,0x00000000fe780000)
  to   space 23552K, 0% used [0x00000000fe900000,0x00000000fe900000,0x0000000100000000)
 ParOldGen       total 108032K, used 33867K [0x0000000081800000, 0x0000000088180000, 0x00000000d5d80000)
  object space 108032K, 31% used [0x0000000081800000,0x0000000083912e90,0x0000000088180000)
 Metaspace       used 81501K, capacity 83200K, committed 83368K, reserved 1120256K
  class space    used 11273K, capacity 11650K, committed 11696K, reserved 1048576K
Event: 65.119 GC heap after
Heap after GC invocations=29 (full 3):
 PSYoungGen      total 663040K, used 19859K [0x00000000d5d80000, 0x0000000100000000, 0x0000000100000000)
  eden space 639488K, 0% used [0x00000000d5d80000,0x00000000d5d80000,0x00000000fce00000)
  from space 23552K, 84% used [0x00000000fe900000,0x00000000ffc64e40,0x0000000100000000)
  to   space 25600K, 0% used [0x00000000fce00000,0x00000000fce00000,0x00000000fe700000)
 ParOldGen       total 108032K, used 33867K [0x0000000081800000, 0x0000000088180000, 0x00000000d5d80000)
  object space 108032K, 31% used [0x0000000081800000,0x0000000083912e90,0x0000000088180000)
 Metaspace       used 81501K, capacity 83200K, committed 83368K, reserved 1120256K
  class space    used 11273K, capacity 11650K, committed 11696K, reserved 1048576K
}
Event: 66.387 GC heap before
{Heap before GC invocations=30 (full 3):
 PSYoungGen      total 663040K, used 658744K [0x00000000d5d80000, 0x0000000100000000, 0x0000000100000000)
  eden space 639488K, 99% used [0x00000000d5d80000,0x00000000fcd692f0,0x00000000fce00000)
  from space 23552K, 84% used [0x00000000fe900000,0x00000000ffc64e40,0x0000000100000000)
  to   space 25600K, 0% used [0x00000000fce00000,0x00000000fce00000,0x00000000fe700000)
 ParOldGen       total 108032K, used 33867K [0x0000000081800000, 0x0000000088180000, 0x00000000d5d80000)
  object space 108032K, 31% used [0x0000000081800000,0x0000000083912e90,0x0000000088180000)
 Metaspace       used 81747K, capacity 83508K, committed 83624K, reserved 1122304K
  class space    used 11290K, capacity 11680K, committed 11696K, reserved 1048576K
Event: 66.435 GC heap after
Heap after GC invocations=30 (full 3):
 PSYoungGen      total 660992K, used 21222K [0x00000000d5d80000, 0x0000000100000000, 0x0000000100000000)
  eden space 639488K, 0% used [0x00000000d5d80000,0x00000000d5d80000,0x00000000fce00000)
  from space 21504K, 98% used [0x00000000fce00000,0x00000000fe2b9b88,0x00000000fe300000)
  to   space 27648K, 0% used [0x00000000fe500000,0x00000000fe500000,0x0000000100000000)
 ParOldGen       total 108032K, used 33867K [0x0000000081800000, 0x0000000088180000, 0x00000000d5d80000)
  object space 108032K, 31% used [0x0000000081800000,0x0000000083912e90,0x0000000088180000)
 Metaspace       used 81747K, capacity 83508K, committed 83624K, reserved 1122304K
  class space    used 11290K, capacity 11680K, committed 11696K, reserved 1048576K
}
Event: 67.889 GC heap before
{Heap before GC invocations=31 (full 3):
 PSYoungGen      total 660992K, used 659368K [0x00000000d5d80000, 0x0000000100000000, 0x0000000100000000)
  eden space 639488K, 99% used [0x00000000d5d80000,0x00000000fccb04c8,0x00000000fce00000)
  from space 21504K, 98% used [0x00000000fce00000,0x00000000fe2b9b88,0x00000000fe300000)
  to   space 27648K, 0% used [0x00000000fe500000,0x00000000fe500000,0x0000000100000000)
 ParOldGen       total 108032K, used 33867K [0x0000000081800000, 0x0000000088180000, 0x00000000d5d80000)
  object space 108032K, 31% used [0x0000000081800000,0x0000000083912e90,0x0000000088180000)
 Metaspace       used 81945K, capacity 83816K, committed 84008K, reserved 1122304K
  class space    used 11307K, capacity 11710K, committed 11824K, reserved 1048576K
Event: 67.909 GC heap after
Heap after GC invocations=31 (full 3):
 PSYoungGen      total 658944K, used 22681K [0x00000000d5d80000, 0x0000000100000000, 0x0000000100000000)
  eden space 631296K, 0% used [0x00000000d5d80000,0x00000000d5d80000,0x00000000fc600000)
  from space 27648K, 82% used [0x00000000fe500000,0x00000000ffb265e0,0x0000000100000000)
  to   space 29696K, 0% used [0x00000000fc600000,0x00000000fc600000,0x00000000fe300000)
 ParOldGen       total 108032K, used 33867K [0x0000000081800000, 0x0000000088180000, 0x00000000d5d80000)
  object space 108032K, 31% used [0x0000000081800000,0x0000000083912e90,0x0000000088180000)
 Metaspace       used 81945K, capacity 83816K, committed 84008K, reserved 1122304K
  class space    used 11307K, capacity 11710K, committed 11824K, reserved 1048576K
}

