# JRE version: Java(TM) SE Runtime Environment (8.0_91-b14) (build 1.8.0_91-b14)
# Java VM: Java HotSpot(TM) 64-Bit Server VM (25.91-b14 mixed mode windows-amd64 compressed oops)
Heap:
 PSYoungGen      total 223232K, used 105675K [0x00000000d5d80000, 0x00000000e4180000, 0x0000000100000000)
  eden space 212992K, 47% used [0x00000000d5d80000,0x00000000dc124368,0x00000000e2d80000)
  from space 10240K, 35% used [0x00000000e3780000,0x00000000e3b0eb48,0x00000000e4180000)
  to   space 10240K, 0% used [0x00000000e2d80000,0x00000000e2d80000,0x00000000e3780000)
 ParOldGen       total 87552K, used 12620K [0x0000000081800000, 0x0000000086d80000, 0x00000000d5d80000)
  object space 87552K, 14% used [0x0000000081800000,0x0000000082453030,0x0000000086d80000)
 Metaspace       used 11776K, capacity 12054K, committed 12416K, reserved 1060864K
  class space    used 1198K, capacity 1297K, committed 1408K, reserved 1048576K
GC Heap History (10 events):
Event: 140.292 GC heap before
{Heap before GC invocations=6 (full 0):
 PSYoungGen      total 38400K, used 37604K [0x00000000d5d80000, 0x00000000db380000, 0x0000000100000000)
  eden space 33280K, 100% used [0x00000000d5d80000,0x00000000d7e00000,0x00000000d7e00000)
  from space 5120K, 84% used [0x00000000d7e00000,0x00000000d8239048,0x00000000d8300000)
  to   space 10752K, 0% used [0x00000000da900000,0x00000000da900000,0x00000000db380000)
 ParOldGen       total 87552K, used 8867K [0x0000000081800000, 0x0000000086d80000, 0x00000000d5d80000)
  object space 87552K, 10% used [0x0000000081800000,0x00000000820a8f50,0x0000000086d80000)
 Metaspace       used 11691K, capacity 11908K, committed 12160K, reserved 1060864K
  class space    used 1198K, capacity 1296K, committed 1408K, reserved 1048576K
Event: 140.306 GC heap after
Heap after GC invocations=6 (full 0):
 PSYoungGen      total 77312K, used 4438K [0x00000000d5d80000, 0x00000000db380000, 0x0000000100000000)
  eden space 66560K, 0% used [0x00000000d5d80000,0x00000000d5d80000,0x00000000d9e80000)
  from space 10752K, 41% used [0x00000000da900000,0x00000000dad55b38,0x00000000db380000)
  to   space 10752K, 0% used [0x00000000d9e80000,0x00000000d9e80000,0x00000000da900000)
 ParOldGen       total 87552K, used 8875K [0x0000000081800000, 0x0000000086d80000, 0x00000000d5d80000)
  object space 87552K, 10% used [0x0000000081800000,0x00000000820aaf50,0x0000000086d80000)
 Metaspace       used 11691K, capacity 11908K, committed 12160K, reserved 1060864K
  class space    used 1198K, capacity 1296K, committed 1408K, reserved 1048576K
}
Event: 170.021 GC heap before
{Heap before GC invocations=7 (full 0):
 PSYoungGen      total 77312K, used 70883K [0x00000000d5d80000, 0x00000000db380000, 0x0000000100000000)
  eden space 66560K, 99% used [0x00000000d5d80000,0x00000000d9e632c8,0x00000000d9e80000)
  from space 10752K, 41% used [0x00000000da900000,0x00000000dad55b38,0x00000000db380000)
  to   space 10752K, 0% used [0x00000000d9e80000,0x00000000d9e80000,0x00000000da900000)
 ParOldGen       total 87552K, used 8875K [0x0000000081800000, 0x0000000086d80000, 0x00000000d5d80000)
  object space 87552K, 10% used [0x0000000081800000,0x00000000820aaf50,0x0000000086d80000)
 Metaspace       used 11751K, capacity 11982K, committed 12160K, reserved 1060864K
  class space    used 1198K, capacity 1297K, committed 1408K, reserved 1048576K
Event: 170.033 GC heap after
Heap after GC invocations=7 (full 0):
 PSYoungGen      total 77312K, used 3948K [0x00000000d5d80000, 0x00000000df380000, 0x0000000100000000)
  eden space 66560K, 0% used [0x00000000d5d80000,0x00000000d5d80000,0x00000000d9e80000)
  from space 10752K, 36% used [0x00000000d9e80000,0x00000000da25b2c0,0x00000000da900000)
  to   space 10240K, 0% used [0x00000000de980000,0x00000000de980000,0x00000000df380000)
 ParOldGen       total 87552K, used 12148K [0x0000000081800000, 0x0000000086d80000, 0x00000000d5d80000)
  object space 87552K, 13% used [0x0000000081800000,0x00000000823dd020,0x0000000086d80000)
 Metaspace       used 11751K, capacity 11982K, committed 12160K, reserved 1060864K
  class space    used 1198K, capacity 1297K, committed 1408K, reserved 1048576K
}
Event: 170.046 GC heap before
{Heap before GC invocations=8 (full 0):
 PSYoungGen      total 77312K, used 70407K [0x00000000d5d80000, 0x00000000df380000, 0x0000000100000000)
  eden space 66560K, 99% used [0x00000000d5d80000,0x00000000d9e66c88,0x00000000d9e80000)
  from space 10752K, 36% used [0x00000000d9e80000,0x00000000da25b2c0,0x00000000da900000)
  to   space 10240K, 0% used [0x00000000de980000,0x00000000de980000,0x00000000df380000)
 ParOldGen       total 87552K, used 12148K [0x0000000081800000, 0x0000000086d80000, 0x00000000d5d80000)
  object space 87552K, 13% used [0x0000000081800000,0x00000000823dd020,0x0000000086d80000)
 Metaspace       used 11751K, capacity 11982K, committed 12160K, reserved 1060864K
  class space    used 1198K, capacity 1297K, committed 1408K, reserved 1048576K
Event: 170.053 GC heap after
Heap after GC invocations=8 (full 0):
 PSYoungGen      total 143360K, used 3634K [0x00000000d5d80000, 0x00000000df380000, 0x0000000100000000)
  eden space 133120K, 0% used [0x00000000d5d80000,0x00000000d5d80000,0x00000000ddf80000)
  from space 10240K, 35% used [0x00000000de980000,0x00000000ded0cb90,0x00000000df380000)
  to   space 10240K, 0% used [0x00000000ddf80000,0x00000000ddf80000,0x00000000de980000)
 ParOldGen       total 87552K, used 12580K [0x0000000081800000, 0x0000000086d80000, 0x00000000d5d80000)
  object space 87552K, 14% used [0x0000000081800000,0x0000000082449030,0x0000000086d80000)
 Metaspace       used 11751K, capacity 11982K, committed 12160K, reserved 1060864K
  class space    used 1198K, capacity 1297K, committed 1408K, reserved 1048576K
}
Event: 270.990 GC heap before
{Heap before GC invocations=9 (full 0):
 PSYoungGen      total 143360K, used 136653K [0x00000000d5d80000, 0x00000000df380000, 0x0000000100000000)
  eden space 133120K, 99% used [0x00000000d5d80000,0x00000000ddf66af0,0x00000000ddf80000)
  from space 10240K, 35% used [0x00000000de980000,0x00000000ded0cb90,0x00000000df380000)
  to   space 10240K, 0% used [0x00000000ddf80000,0x00000000ddf80000,0x00000000de980000)
 ParOldGen       total 87552K, used 12580K [0x0000000081800000, 0x0000000086d80000, 0x00000000d5d80000)
  object space 87552K, 14% used [0x0000000081800000,0x0000000082449030,0x0000000086d80000)
 Metaspace       used 11759K, capacity 12050K, committed 12416K, reserved 1060864K
  class space    used 1198K, capacity 1297K, committed 1408K, reserved 1048576K
Event: 271.003 GC heap after
Heap after GC invocations=9 (full 0):
 PSYoungGen      total 143360K, used 4409K [0x00000000d5d80000, 0x00000000e4180000, 0x0000000100000000)
  eden space 133120K, 0% used [0x00000000d5d80000,0x00000000d5d80000,0x00000000ddf80000)
  from space 10240K, 43% used [0x00000000ddf80000,0x00000000de3ce6a0,0x00000000de980000)
  to   space 10240K, 0% used [0x00000000e3780000,0x00000000e3780000,0x00000000e4180000)
 ParOldGen       total 87552K, used 12580K [0x0000000081800000, 0x0000000086d80000, 0x00000000d5d80000)
  object space 87552K, 14% used [0x0000000081800000,0x0000000082449030,0x0000000086d80000)
 Metaspace       used 11759K, capacity 12050K, committed 12416K, reserved 1060864K
  class space    used 1198K, capacity 1297K, committed 1408K, reserved 1048576K
}
Event: 279.114 GC heap before
{Heap before GC invocations=10 (full 0):
 PSYoungGen      total 143360K, used 137529K [0x00000000d5d80000, 0x00000000e4180000, 0x0000000100000000)
  eden space 133120K, 100% used [0x00000000d5d80000,0x00000000ddf80000,0x00000000ddf80000)
  from space 10240K, 43% used [0x00000000ddf80000,0x00000000de3ce6a0,0x00000000de980000)
  to   space 10240K, 0% used [0x00000000e3780000,0x00000000e3780000,0x00000000e4180000)
 ParOldGen       total 87552K, used 12580K [0x0000000081800000, 0x0000000086d80000, 0x00000000d5d80000)
  object space 87552K, 14% used [0x0000000081800000,0x0000000082449030,0x0000000086d80000)
 Metaspace       used 11769K, capacity 12054K, committed 12416K, reserved 1060864K
  class space    used 1198K, capacity 1297K, committed 1408K, reserved 1048576K
Event: 279.124 GC heap after
Heap after GC invocations=10 (full 0):
 PSYoungGen      total 223232K, used 3642K [0x00000000d5d80000, 0x00000000e4180000, 0x0000000100000000)
  eden space 212992K, 0% used [0x00000000d5d80000,0x00000000d5d80000,0x00000000e2d80000)
  from space 10240K, 35% used [0x00000000e3780000,0x00000000e3b0eb48,0x00000000e4180000)
  to   space 10240K, 0% used [0x00000000e2d80000,0x00000000e2d80000,0x00000000e3780000)
 ParOldGen       total 87552K, used 12620K [0x0000000081800000, 0x0000000086d80000, 0x00000000d5d80000)
  object space 87552K, 14% used [0x0000000081800000,0x0000000082453030,0x0000000086d80000)
 Metaspace       used 11769K, capacity 12054K, committed 12416K, reserved 1060864K
  class space    used 1198K, capacity 1297K, committed 1408K, reserved 1048576K
}

