# JRE version: Java(TM) SE Runtime Environment (8.0_121-b13) (build 1.8.0_121-b13)
# Java VM: Java HotSpot(TM) 64-Bit Server VM (25.121-b13 mixed mode windows-amd64 compressed oops)
Heap:
 PSYoungGen      total 605696K, used 254986K [0x00000000d5d80000, 0x00000000faf00000, 0x0000000100000000)
  eden space 604672K, 42% used [0x00000000d5d80000,0x00000000e55829b8,0x00000000fac00000)
  from space 1024K, 100% used [0x00000000fad80000,0x00000000fae80000,0x00000000fae80000)
  to   space 1536K, 0% used [0x00000000fac00000,0x00000000fac00000,0x00000000fad80000)
 ParOldGen       total 523264K, used 366992K [0x0000000081800000, 0x00000000a1700000, 0x00000000d5d80000)
  object space 523264K, 70% used [0x0000000081800000,0x0000000097e64270,0x00000000a1700000)
 Metaspace       used 12891K, capacity 13196K, committed 13568K, reserved 1060864K
  class space    used 1306K, capacity 1418K, committed 1536K, reserved 1048576K
GC Heap History (10 events):
Event: 1318.291 GC heap before
{Heap before GC invocations=136 (full 4):
 PSYoungGen      total 602112K, used 600960K [0x00000000d5d80000, 0x00000000fac80000, 0x0000000100000000)
  eden space 600576K, 100% used [0x00000000d5d80000,0x00000000fa800000,0x00000000fa800000)
  from space 1536K, 25% used [0x00000000fa800000,0x00000000fa860000,0x00000000fa980000)
  to   space 1536K, 0% used [0x00000000fab00000,0x00000000fab00000,0x00000000fac80000)
 ParOldGen       total 523264K, used 366952K [0x0000000081800000, 0x00000000a1700000, 0x00000000d5d80000)
  object space 523264K, 70% used [0x0000000081800000,0x0000000097e5a270,0x00000000a1700000)
 Metaspace       used 12891K, capacity 13196K, committed 13568K, reserved 1060864K
  class space    used 1306K, capacity 1418K, committed 1536K, reserved 1048576K
Event: 1318.294 GC heap after
Heap after GC invocations=136 (full 4):
 PSYoungGen      total 603648K, used 384K [0x00000000d5d80000, 0x00000000fac80000, 0x0000000100000000)
  eden space 602112K, 0% used [0x00000000d5d80000,0x00000000d5d80000,0x00000000fa980000)
  from space 1536K, 25% used [0x00000000fab00000,0x00000000fab60000,0x00000000fac80000)
  to   space 1536K, 0% used [0x00000000fa980000,0x00000000fa980000,0x00000000fab00000)
 ParOldGen       total 523264K, used 366952K [0x0000000081800000, 0x00000000a1700000, 0x00000000d5d80000)
  object space 523264K, 70% used [0x0000000081800000,0x0000000097e5a270,0x00000000a1700000)
 Metaspace       used 12891K, capacity 13196K, committed 13568K, reserved 1060864K
  class space    used 1306K, capacity 1418K, committed 1536K, reserved 1048576K
}
Event: 1326.164 GC heap before
{Heap before GC invocations=137 (full 4):
 PSYoungGen      total 603648K, used 602495K [0x00000000d5d80000, 0x00000000fac80000, 0x0000000100000000)
  eden space 602112K, 99% used [0x00000000d5d80000,0x00000000fa97fff0,0x00000000fa980000)
  from space 1536K, 25% used [0x00000000fab00000,0x00000000fab60000,0x00000000fac80000)
  to   space 1536K, 0% used [0x00000000fa980000,0x00000000fa980000,0x00000000fab00000)
 ParOldGen       total 523264K, used 366952K [0x0000000081800000, 0x00000000a1700000, 0x00000000d5d80000)
  object space 523264K, 70% used [0x0000000081800000,0x0000000097e5a270,0x00000000a1700000)
 Metaspace       used 12891K, capacity 13196K, committed 13568K, reserved 1060864K
  class space    used 1306K, capacity 1418K, committed 1536K, reserved 1048576K
Event: 1326.167 GC heap after
Heap after GC invocations=137 (full 4):
 PSYoungGen      total 603648K, used 384K [0x00000000d5d80000, 0x00000000fae00000, 0x0000000100000000)
  eden space 602112K, 0% used [0x00000000d5d80000,0x00000000d5d80000,0x00000000fa980000)
  from space 1536K, 25% used [0x00000000fa980000,0x00000000fa9e0000,0x00000000fab00000)
  to   space 1536K, 0% used [0x00000000fac80000,0x00000000fac80000,0x00000000fae00000)
 ParOldGen       total 523264K, used 366952K [0x0000000081800000, 0x00000000a1700000, 0x00000000d5d80000)
  object space 523264K, 70% used [0x0000000081800000,0x0000000097e5a270,0x00000000a1700000)
 Metaspace       used 12891K, capacity 13196K, committed 13568K, reserved 1060864K
  class space    used 1306K, capacity 1418K, committed 1536K, reserved 1048576K
}
Event: 1333.599 GC heap before
{Heap before GC invocations=138 (full 4):
 PSYoungGen      total 603648K, used 602496K [0x00000000d5d80000, 0x00000000fae00000, 0x0000000100000000)
  eden space 602112K, 100% used [0x00000000d5d80000,0x00000000fa980000,0x00000000fa980000)
  from space 1536K, 25% used [0x00000000fa980000,0x00000000fa9e0000,0x00000000fab00000)
  to   space 1536K, 0% used [0x00000000fac80000,0x00000000fac80000,0x00000000fae00000)
 ParOldGen       total 523264K, used 366952K [0x0000000081800000, 0x00000000a1700000, 0x00000000d5d80000)
  object space 523264K, 70% used [0x0000000081800000,0x0000000097e5a270,0x00000000a1700000)
 Metaspace       used 12891K, capacity 13196K, committed 13568K, reserved 1060864K
  class space    used 1306K, capacity 1418K, committed 1536K, reserved 1048576K
Event: 1333.603 GC heap after
Heap after GC invocations=138 (full 4):
 PSYoungGen      total 604160K, used 384K [0x00000000d5d80000, 0x00000000fad00000, 0x0000000100000000)
  eden space 603648K, 0% used [0x00000000d5d80000,0x00000000d5d80000,0x00000000fab00000)
  from space 512K, 75% used [0x00000000fac80000,0x00000000face0000,0x00000000fad00000)
  to   space 1024K, 0% used [0x00000000fab00000,0x00000000fab00000,0x00000000fac00000)
 ParOldGen       total 523264K, used 366952K [0x0000000081800000, 0x00000000a1700000, 0x00000000d5d80000)
  object space 523264K, 70% used [0x0000000081800000,0x0000000097e5a270,0x00000000a1700000)
 Metaspace       used 12891K, capacity 13196K, committed 13568K, reserved 1060864K
  class space    used 1306K, capacity 1418K, committed 1536K, reserved 1048576K
}
Event: 1342.553 GC heap before
{Heap before GC invocations=139 (full 4):
 PSYoungGen      total 604160K, used 604032K [0x00000000d5d80000, 0x00000000fad00000, 0x0000000100000000)
  eden space 603648K, 100% used [0x00000000d5d80000,0x00000000fab00000,0x00000000fab00000)
  from space 512K, 75% used [0x00000000fac80000,0x00000000face0000,0x00000000fad00000)
  to   space 1024K, 0% used [0x00000000fab00000,0x00000000fab00000,0x00000000fac00000)
 ParOldGen       total 523264K, used 366952K [0x0000000081800000, 0x00000000a1700000, 0x00000000d5d80000)
  object space 523264K, 70% used [0x0000000081800000,0x0000000097e5a270,0x00000000a1700000)
 Metaspace       used 12891K, capacity 13196K, committed 13568K, reserved 1060864K
  class space    used 1306K, capacity 1418K, committed 1536K, reserved 1048576K
Event: 1342.558 GC heap after
Heap after GC invocations=139 (full 4):
 PSYoungGen      total 604672K, used 384K [0x00000000d5d80000, 0x00000000fae80000, 0x0000000100000000)
  eden space 603648K, 0% used [0x00000000d5d80000,0x00000000d5d80000,0x00000000fab00000)
  from space 1024K, 37% used [0x00000000fab00000,0x00000000fab60000,0x00000000fac00000)
  to   space 1024K, 0% used [0x00000000fad80000,0x00000000fad80000,0x00000000fae80000)
 ParOldGen       total 523264K, used 366952K [0x0000000081800000, 0x00000000a1700000, 0x00000000d5d80000)
  object space 523264K, 70% used [0x0000000081800000,0x0000000097e5a270,0x00000000a1700000)
 Metaspace       used 12891K, capacity 13196K, committed 13568K, reserved 1060864K
  class space    used 1306K, capacity 1418K, committed 1536K, reserved 1048576K
}
Event: 1422.903 GC heap before
{Heap before GC invocations=140 (full 4):
 PSYoungGen      total 604672K, used 604032K [0x00000000d5d80000, 0x00000000fae80000, 0x0000000100000000)
  eden space 603648K, 100% used [0x00000000d5d80000,0x00000000fab00000,0x00000000fab00000)
  from space 1024K, 37% used [0x00000000fab00000,0x00000000fab60000,0x00000000fac00000)
  to   space 1024K, 0% used [0x00000000fad80000,0x00000000fad80000,0x00000000fae80000)
 ParOldGen       total 523264K, used 366952K [0x0000000081800000, 0x00000000a1700000, 0x00000000d5d80000)
  object space 523264K, 70% used [0x0000000081800000,0x0000000097e5a270,0x00000000a1700000)
 Metaspace       used 12891K, capacity 13196K, committed 13568K, reserved 1060864K
  class space    used 1306K, capacity 1418K, committed 1536K, reserved 1048576K
Event: 1422.909 GC heap after
Heap after GC invocations=140 (full 4):
 PSYoungGen      total 605696K, used 1024K [0x00000000d5d80000, 0x00000000faf00000, 0x0000000100000000)
  eden space 604672K, 0% used [0x00000000d5d80000,0x00000000d5d80000,0x00000000fac00000)
  from space 1024K, 100% used [0x00000000fad80000,0x00000000fae80000,0x00000000fae80000)
  to   space 1536K, 0% used [0x00000000fac00000,0x00000000fac00000,0x00000000fad80000)
 ParOldGen       total 523264K, used 366992K [0x0000000081800000, 0x00000000a1700000, 0x00000000d5d80000)
  object space 523264K, 70% used [0x0000000081800000,0x0000000097e64270,0x00000000a1700000)
 Metaspace       used 12891K, capacity 13196K, committed 13568K, reserved 1060864K
  class space    used 1306K, capacity 1418K, committed 1536K, reserved 1048576K
}

