# JRE version: Java(TM) SE Runtime Environment (8.0_121-b13) (build 1.8.0_121-b13)
# Java VM: Java HotSpot(TM) 64-Bit Server VM (25.121-b13 mixed mode windows-amd64 compressed oops)
Heap:
 PSYoungGen      total 355328K, used 5176K [0x00000000d5d80000, 0x0000000100000000, 0x0000000100000000)
  eden space 259584K, 1% used [0x00000000d5d80000,0x00000000d628e288,0x00000000e5b00000)
  from space 95744K, 0% used [0x00000000e5b00000,0x00000000e5b00000,0x00000000eb880000)
  to   space 149504K, 0% used [0x00000000f6e00000,0x00000000f6e00000,0x0000000100000000)
 ParOldGen       total 324608K, used 211225K [0x0000000081800000, 0x0000000095500000, 0x00000000d5d80000)
  object space 324608K, 65% used [0x0000000081800000,0x000000008e646558,0x0000000095500000)
 Metaspace       used 12951K, capacity 13256K, committed 13568K, reserved 1060864K
  class space    used 1325K, capacity 1430K, committed 1536K, reserved 1048576K
GC Heap History (10 events):
Event: 157.461 GC heap before
{Heap before GC invocations=12 (full 1):
 PSYoungGen      total 225280K, used 192560K [0x00000000d5d80000, 0x00000000e7d80000, 0x0000000100000000)
  eden space 166912K, 100% used [0x00000000d5d80000,0x00000000e0080000,0x00000000e0080000)
  from space 58368K, 43% used [0x00000000e4480000,0x00000000e5d8c010,0x00000000e7d80000)
  to   space 64000K, 0% used [0x00000000e0080000,0x00000000e0080000,0x00000000e3f00000)
 ParOldGen       total 160768K, used 98637K [0x0000000081800000, 0x000000008b500000, 0x00000000d5d80000)
  object space 160768K, 61% used [0x0000000081800000,0x0000000087853450,0x000000008b500000)
 Metaspace       used 12947K, capacity 13248K, committed 13568K, reserved 1060864K
  class space    used 1325K, capacity 1430K, committed 1536K, reserved 1048576K
Event: 157.548 GC heap after
Heap after GC invocations=12 (full 1):
 PSYoungGen      total 230912K, used 64000K [0x00000000d5d80000, 0x00000000f1a80000, 0x0000000100000000)
  eden space 166912K, 0% used [0x00000000d5d80000,0x00000000d5d80000,0x00000000e0080000)
  from space 64000K, 100% used [0x00000000e0080000,0x00000000e3f00000,0x00000000e3f00000)
  to   space 95744K, 0% used [0x00000000ebd00000,0x00000000ebd00000,0x00000000f1a80000)
 ParOldGen       total 160768K, used 155613K [0x0000000081800000, 0x000000008b500000, 0x00000000d5d80000)
  object space 160768K, 96% used [0x0000000081800000,0x000000008aff7460,0x000000008b500000)
 Metaspace       used 12947K, capacity 13248K, committed 13568K, reserved 1060864K
  class space    used 1325K, capacity 1430K, committed 1536K, reserved 1048576K
}
Event: 157.548 GC heap before
{Heap before GC invocations=13 (full 2):
 PSYoungGen      total 230912K, used 64000K [0x00000000d5d80000, 0x00000000f1a80000, 0x0000000100000000)
  eden space 166912K, 0% used [0x00000000d5d80000,0x00000000d5d80000,0x00000000e0080000)
  from space 64000K, 100% used [0x00000000e0080000,0x00000000e3f00000,0x00000000e3f00000)
  to   space 95744K, 0% used [0x00000000ebd00000,0x00000000ebd00000,0x00000000f1a80000)
 ParOldGen       total 160768K, used 155613K [0x0000000081800000, 0x000000008b500000, 0x00000000d5d80000)
  object space 160768K, 96% used [0x0000000081800000,0x000000008aff7460,0x000000008b500000)
 Metaspace       used 12947K, capacity 13248K, committed 13568K, reserved 1060864K
  class space    used 1325K, capacity 1430K, committed 1536K, reserved 1048576K
Event: 157.907 GC heap after
Heap after GC invocations=13 (full 2):
 PSYoungGen      total 230912K, used 0K [0x00000000d5d80000, 0x00000000f1a80000, 0x0000000100000000)
  eden space 166912K, 0% used [0x00000000d5d80000,0x00000000d5d80000,0x00000000e0080000)
  from space 64000K, 0% used [0x00000000e0080000,0x00000000e0080000,0x00000000e3f00000)
  to   space 95744K, 0% used [0x00000000ebd00000,0x00000000ebd00000,0x00000000f1a80000)
 ParOldGen       total 215040K, used 132178K [0x0000000081800000, 0x000000008ea00000, 0x00000000d5d80000)
  object space 215040K, 61% used [0x0000000081800000,0x00000000899149e8,0x000000008ea00000)
 Metaspace       used 12947K, capacity 13248K, committed 13568K, reserved 1060864K
  class space    used 1325K, capacity 1430K, committed 1536K, reserved 1048576K
}
Event: 325.512 GC heap before
{Heap before GC invocations=14 (full 2):
 PSYoungGen      total 230912K, used 166912K [0x00000000d5d80000, 0x00000000f1a80000, 0x0000000100000000)
  eden space 166912K, 100% used [0x00000000d5d80000,0x00000000e0080000,0x00000000e0080000)
  from space 64000K, 0% used [0x00000000e0080000,0x00000000e0080000,0x00000000e3f00000)
  to   space 95744K, 0% used [0x00000000ebd00000,0x00000000ebd00000,0x00000000f1a80000)
 ParOldGen       total 215040K, used 132178K [0x0000000081800000, 0x000000008ea00000, 0x00000000d5d80000)
  object space 215040K, 61% used [0x0000000081800000,0x00000000899149e8,0x000000008ea00000)
 Metaspace       used 12951K, capacity 13256K, committed 13568K, reserved 1060864K
  class space    used 1325K, capacity 1430K, committed 1536K, reserved 1048576K
Event: 325.579 GC heap after
Heap after GC invocations=14 (full 2):
 PSYoungGen      total 350720K, used 50879K [0x00000000d5d80000, 0x00000000f1600000, 0x0000000100000000)
  eden space 259584K, 0% used [0x00000000d5d80000,0x00000000d5d80000,0x00000000e5b00000)
  from space 91136K, 55% used [0x00000000ebd00000,0x00000000eeeaff78,0x00000000f1600000)
  to   space 95744K, 0% used [0x00000000e5b00000,0x00000000e5b00000,0x00000000eb880000)
 ParOldGen       total 215040K, used 132178K [0x0000000081800000, 0x000000008ea00000, 0x00000000d5d80000)
  object space 215040K, 61% used [0x0000000081800000,0x00000000899149e8,0x000000008ea00000)
 Metaspace       used 12951K, capacity 13256K, committed 13568K, reserved 1060864K
  class space    used 1325K, capacity 1430K, committed 1536K, reserved 1048576K
}
Event: 379.959 GC heap before
{Heap before GC invocations=15 (full 2):
 PSYoungGen      total 350720K, used 310463K [0x00000000d5d80000, 0x00000000f1600000, 0x0000000100000000)
  eden space 259584K, 100% used [0x00000000d5d80000,0x00000000e5b00000,0x00000000e5b00000)
  from space 91136K, 55% used [0x00000000ebd00000,0x00000000eeeaff78,0x00000000f1600000)
  to   space 95744K, 0% used [0x00000000e5b00000,0x00000000e5b00000,0x00000000eb880000)
 ParOldGen       total 215040K, used 132178K [0x0000000081800000, 0x000000008ea00000, 0x00000000d5d80000)
  object space 215040K, 61% used [0x0000000081800000,0x00000000899149e8,0x000000008ea00000)
 Metaspace       used 12951K, capacity 13256K, committed 13568K, reserved 1060864K
  class space    used 1325K, capacity 1430K, committed 1536K, reserved 1048576K
Event: 380.124 GC heap after
Heap after GC invocations=15 (full 2):
 PSYoungGen      total 355328K, used 95744K [0x00000000d5d80000, 0x0000000100000000, 0x0000000100000000)
  eden space 259584K, 0% used [0x00000000d5d80000,0x00000000d5d80000,0x00000000e5b00000)
  from space 95744K, 100% used [0x00000000e5b00000,0x00000000eb880000,0x00000000eb880000)
  to   space 149504K, 0% used [0x00000000f6e00000,0x00000000f6e00000,0x0000000100000000)
 ParOldGen       total 233472K, used 233098K [0x0000000081800000, 0x000000008fc00000, 0x00000000d5d80000)
  object space 233472K, 99% used [0x0000000081800000,0x000000008fba2970,0x000000008fc00000)
 Metaspace       used 12951K, capacity 13256K, committed 13568K, reserved 1060864K
  class space    used 1325K, capacity 1430K, committed 1536K, reserved 1048576K
}
Event: 380.124 GC heap before
{Heap before GC invocations=16 (full 3):
 PSYoungGen      total 355328K, used 95744K [0x00000000d5d80000, 0x0000000100000000, 0x0000000100000000)
  eden space 259584K, 0% used [0x00000000d5d80000,0x00000000d5d80000,0x00000000e5b00000)
  from space 95744K, 100% used [0x00000000e5b00000,0x00000000eb880000,0x00000000eb880000)
  to   space 149504K, 0% used [0x00000000f6e00000,0x00000000f6e00000,0x0000000100000000)
 ParOldGen       total 233472K, used 233098K [0x0000000081800000, 0x000000008fc00000, 0x00000000d5d80000)
  object space 233472K, 99% used [0x0000000081800000,0x000000008fba2970,0x000000008fc00000)
 Metaspace       used 12951K, capacity 13256K, committed 13568K, reserved 1060864K
  class space    used 1325K, capacity 1430K, committed 1536K, reserved 1048576K
Event: 380.911 GC heap after
Heap after GC invocations=16 (full 3):
 PSYoungGen      total 355328K, used 0K [0x00000000d5d80000, 0x0000000100000000, 0x0000000100000000)
  eden space 259584K, 0% used [0x00000000d5d80000,0x00000000d5d80000,0x00000000e5b00000)
  from space 95744K, 0% used [0x00000000e5b00000,0x00000000e5b00000,0x00000000eb880000)
  to   space 149504K, 0% used [0x00000000f6e00000,0x00000000f6e00000,0x0000000100000000)
 ParOldGen       total 324608K, used 211225K [0x0000000081800000, 0x0000000095500000, 0x00000000d5d80000)
  object space 324608K, 65% used [0x0000000081800000,0x000000008e646558,0x0000000095500000)
 Metaspace       used 12951K, capacity 13256K, committed 13568K, reserved 1060864K
  class space    used 1325K, capacity 1430K, committed 1536K, reserved 1048576K
}

