# JRE version: Java(TM) SE Runtime Environment (8.0_121-b13) (build 1.8.0_121-b13)
# Java VM: Java HotSpot(TM) 64-Bit Server VM (25.121-b13 mixed mode windows-amd64 compressed oops)
Heap:
 PSYoungGen      total 198144K, used 171698K [0x00000000d5d80000, 0x00000000e4880000, 0x0000000100000000)
  eden space 189440K, 86% used [0x00000000d5d80000,0x00000000dfcadfa8,0x00000000e1680000)
  from space 8704K, 99% used [0x00000000e4000000,0x00000000e487e930,0x00000000e4880000)
  to   space 10240K, 0% used [0x00000000e3480000,0x00000000e3480000,0x00000000e3e80000)
 ParOldGen       total 69632K, used 15105K [0x0000000081800000, 0x0000000085c00000, 0x00000000d5d80000)
  object space 69632K, 21% used [0x0000000081800000,0x00000000826c0720,0x0000000085c00000)
 Metaspace       used 44795K, capacity 45060K, committed 45608K, reserved 1089536K
  class space    used 6048K, capacity 6146K, committed 6192K, reserved 1048576K
GC Heap History (10 events):
Event: 7.363 GC heap before
{Heap before GC invocations=6 (full 1):
 PSYoungGen      total 71680K, used 66560K [0x00000000d5d80000, 0x00000000da880000, 0x0000000100000000)
  eden space 66560K, 100% used [0x00000000d5d80000,0x00000000d9e80000,0x00000000d9e80000)
  from space 5120K, 0% used [0x00000000da380000,0x00000000da380000,0x00000000da880000)
  to   space 5120K, 0% used [0x00000000d9e80000,0x00000000d9e80000,0x00000000da380000)
 ParOldGen       total 50688K, used 7397K [0x0000000081800000, 0x0000000084980000, 0x00000000d5d80000)
  object space 50688K, 14% used [0x0000000081800000,0x0000000081f39678,0x0000000084980000)
 Metaspace       used 27799K, capacity 27970K, committed 28208K, reserved 1073152K
  class space    used 3709K, capacity 3775K, committed 3888K, reserved 1048576K
Event: 7.369 GC heap after
Heap after GC invocations=6 (full 1):
 PSYoungGen      total 71680K, used 5116K [0x00000000d5d80000, 0x00000000de180000, 0x0000000100000000)
  eden space 66560K, 0% used [0x00000000d5d80000,0x00000000d5d80000,0x00000000d9e80000)
  from space 5120K, 99% used [0x00000000d9e80000,0x00000000da37f2a8,0x00000000da380000)
  to   space 8192K, 0% used [0x00000000dd980000,0x00000000dd980000,0x00000000de180000)
 ParOldGen       total 50688K, used 9730K [0x0000000081800000, 0x0000000084980000, 0x00000000d5d80000)
  object space 50688K, 19% used [0x0000000081800000,0x0000000082180958,0x0000000084980000)
 Metaspace       used 27799K, capacity 27970K, committed 28208K, reserved 1073152K
  class space    used 3709K, capacity 3775K, committed 3888K, reserved 1048576K
}
Event: 7.989 GC heap before
{Heap before GC invocations=7 (full 1):
 PSYoungGen      total 71680K, used 71676K [0x00000000d5d80000, 0x00000000de180000, 0x0000000100000000)
  eden space 66560K, 100% used [0x00000000d5d80000,0x00000000d9e80000,0x00000000d9e80000)
  from space 5120K, 99% used [0x00000000d9e80000,0x00000000da37f2a8,0x00000000da380000)
  to   space 8192K, 0% used [0x00000000dd980000,0x00000000dd980000,0x00000000de180000)
 ParOldGen       total 50688K, used 9730K [0x0000000081800000, 0x0000000084980000, 0x00000000d5d80000)
  object space 50688K, 19% used [0x0000000081800000,0x0000000082180958,0x0000000084980000)
 Metaspace       used 32914K, capacity 33100K, committed 33456K, reserved 1079296K
  class space    used 4392K, capacity 4458K, committed 4528K, reserved 1048576K
Event: 8.019 GC heap after
Heap after GC invocations=7 (full 1):
 PSYoungGen      total 126976K, used 7999K [0x00000000d5d80000, 0x00000000de480000, 0x0000000100000000)
  eden space 118784K, 0% used [0x00000000d5d80000,0x00000000d5d80000,0x00000000dd180000)
  from space 8192K, 97% used [0x00000000dd980000,0x00000000de14fdf0,0x00000000de180000)
  to   space 8192K, 0% used [0x00000000dd180000,0x00000000dd180000,0x00000000dd980000)
 ParOldGen       total 50688K, used 9730K [0x0000000081800000, 0x0000000084980000, 0x00000000d5d80000)
  object space 50688K, 19% used [0x0000000081800000,0x0000000082180958,0x0000000084980000)
 Metaspace       used 32914K, capacity 33100K, committed 33456K, reserved 1079296K
  class space    used 4392K, capacity 4458K, committed 4528K, reserved 1048576K
}
Event: 8.297 GC heap before
{Heap before GC invocations=8 (full 1):
 PSYoungGen      total 126976K, used 38183K [0x00000000d5d80000, 0x00000000de480000, 0x0000000100000000)
  eden space 118784K, 25% used [0x00000000d5d80000,0x00000000d7afa180,0x00000000dd180000)
  from space 8192K, 97% used [0x00000000dd980000,0x00000000de14fdf0,0x00000000de180000)
  to   space 8192K, 0% used [0x00000000dd180000,0x00000000dd180000,0x00000000dd980000)
 ParOldGen       total 50688K, used 9730K [0x0000000081800000, 0x0000000084980000, 0x00000000d5d80000)
  object space 50688K, 19% used [0x0000000081800000,0x0000000082180958,0x0000000084980000)
 Metaspace       used 35050K, capacity 35192K, committed 35496K, reserved 1079296K
  class space    used 4691K, capacity 4748K, committed 4784K, reserved 1048576K
Event: 8.319 GC heap after
Heap after GC invocations=8 (full 1):
 PSYoungGen      total 126976K, used 6728K [0x00000000d5d80000, 0x00000000e4880000, 0x0000000100000000)
  eden space 118784K, 0% used [0x00000000d5d80000,0x00000000d5d80000,0x00000000dd180000)
  from space 8192K, 82% used [0x00000000dd180000,0x00000000dd8123d8,0x00000000dd980000)
  to   space 8704K, 0% used [0x00000000e4000000,0x00000000e4000000,0x00000000e4880000)
 ParOldGen       total 50688K, used 9738K [0x0000000081800000, 0x0000000084980000, 0x00000000d5d80000)
  object space 50688K, 19% used [0x0000000081800000,0x0000000082182958,0x0000000084980000)
 Metaspace       used 35050K, capacity 35192K, committed 35496K, reserved 1079296K
  class space    used 4691K, capacity 4748K, committed 4784K, reserved 1048576K
}
Event: 8.319 GC heap before
{Heap before GC invocations=9 (full 2):
 PSYoungGen      total 126976K, used 6728K [0x00000000d5d80000, 0x00000000e4880000, 0x0000000100000000)
  eden space 118784K, 0% used [0x00000000d5d80000,0x00000000d5d80000,0x00000000dd180000)
  from space 8192K, 82% used [0x00000000dd180000,0x00000000dd8123d8,0x00000000dd980000)
  to   space 8704K, 0% used [0x00000000e4000000,0x00000000e4000000,0x00000000e4880000)
 ParOldGen       total 50688K, used 9738K [0x0000000081800000, 0x0000000084980000, 0x00000000d5d80000)
  object space 50688K, 19% used [0x0000000081800000,0x0000000082182958,0x0000000084980000)
 Metaspace       used 35050K, capacity 35192K, committed 35496K, reserved 1079296K
  class space    used 4691K, capacity 4748K, committed 4784K, reserved 1048576K
Event: 8.394 GC heap after
Heap after GC invocations=9 (full 2):
 PSYoungGen      total 126976K, used 0K [0x00000000d5d80000, 0x00000000e4880000, 0x0000000100000000)
  eden space 118784K, 0% used [0x00000000d5d80000,0x00000000d5d80000,0x00000000dd180000)
  from space 8192K, 0% used [0x00000000dd180000,0x00000000dd180000,0x00000000dd980000)
  to   space 8704K, 0% used [0x00000000e4000000,0x00000000e4000000,0x00000000e4880000)
 ParOldGen       total 69632K, used 11784K [0x0000000081800000, 0x0000000085c00000, 0x00000000d5d80000)
  object space 69632K, 16% used [0x0000000081800000,0x0000000082382320,0x0000000085c00000)
 Metaspace       used 35050K, capacity 35192K, committed 35496K, reserved 1079296K
  class space    used 4691K, capacity 4748K, committed 4784K, reserved 1048576K
}
Event: 9.122 GC heap before
{Heap before GC invocations=10 (full 2):
 PSYoungGen      total 126976K, used 118784K [0x00000000d5d80000, 0x00000000e4880000, 0x0000000100000000)
  eden space 118784K, 100% used [0x00000000d5d80000,0x00000000dd180000,0x00000000dd180000)
  from space 8192K, 0% used [0x00000000dd180000,0x00000000dd180000,0x00000000dd980000)
  to   space 8704K, 0% used [0x00000000e4000000,0x00000000e4000000,0x00000000e4880000)
 ParOldGen       total 69632K, used 11784K [0x0000000081800000, 0x0000000085c00000, 0x00000000d5d80000)
  object space 69632K, 16% used [0x0000000081800000,0x0000000082382320,0x0000000085c00000)
 Metaspace       used 41129K, capacity 41368K, committed 41768K, reserved 1085440K
  class space    used 5586K, capacity 5676K, committed 5680K, reserved 1048576K
Event: 9.131 GC heap after
Heap after GC invocations=10 (full 2):
 PSYoungGen      total 198144K, used 8698K [0x00000000d5d80000, 0x00000000e4880000, 0x0000000100000000)
  eden space 189440K, 0% used [0x00000000d5d80000,0x00000000d5d80000,0x00000000e1680000)
  from space 8704K, 99% used [0x00000000e4000000,0x00000000e487e930,0x00000000e4880000)
  to   space 10240K, 0% used [0x00000000e3480000,0x00000000e3480000,0x00000000e3e80000)
 ParOldGen       total 69632K, used 15105K [0x0000000081800000, 0x0000000085c00000, 0x00000000d5d80000)
  object space 69632K, 21% used [0x0000000081800000,0x00000000826c0720,0x0000000085c00000)
 Metaspace       used 41129K, capacity 41368K, committed 41768K, reserved 1085440K
  class space    used 5586K, capacity 5676K, committed 5680K, reserved 1048576K
}

