# JRE version: Java(TM) SE Runtime Environment (8.0_121-b13) (build 1.8.0_121-b13)
# Java VM: Java HotSpot(TM) 64-Bit Server VM (25.121-b13 mixed mode windows-amd64 compressed oops)
Heap:
 PSYoungGen      total 141312K, used 115520K [0x00000000d5d80000, 0x00000000dea00000, 0x0000000100000000)
  eden space 140800K, 82% used [0x00000000d5d80000,0x00000000dce40170,0x00000000de700000)
  from space 512K, 12% used [0x00000000de780000,0x00000000de790000,0x00000000de800000)
  to   space 512K, 0% used [0x00000000de700000,0x00000000de700000,0x00000000de780000)
 ParOldGen       total 216576K, used 146367K [0x0000000081800000, 0x000000008eb80000, 0x00000000d5d80000)
  object space 216576K, 67% used [0x0000000081800000,0x000000008a6efcd0,0x000000008eb80000)
 Metaspace       used 12235K, capacity 12420K, committed 12672K, reserved 1060864K
  class space    used 1289K, capacity 1346K, committed 1408K, reserved 1048576K
GC Heap History (10 events):
Event: 8672.709 GC heap before
{Heap before GC invocations=1580 (full 2):
 PSYoungGen      total 122880K, used 122432K [0x00000000d5d80000, 0x00000000de500000, 0x0000000100000000)
  eden space 122368K, 100% used [0x00000000d5d80000,0x00000000dd500000,0x00000000dd500000)
  from space 512K, 12% used [0x00000000de400000,0x00000000de410000,0x00000000de480000)
  to   space 512K, 0% used [0x00000000de480000,0x00000000de480000,0x00000000de500000)
 ParOldGen       total 216576K, used 146367K [0x0000000081800000, 0x000000008eb80000, 0x00000000d5d80000)
  object space 216576K, 67% used [0x0000000081800000,0x000000008a6efcd0,0x000000008eb80000)
 Metaspace       used 12235K, capacity 12420K, committed 12672K, reserved 1060864K
  class space    used 1289K, capacity 1346K, committed 1408K, reserved 1048576K
Event: 8672.712 GC heap after
Heap after GC invocations=1580 (full 2):
 PSYoungGen      total 127488K, used 64K [0x00000000d5d80000, 0x00000000de500000, 0x0000000100000000)
  eden space 126976K, 0% used [0x00000000d5d80000,0x00000000d5d80000,0x00000000dd980000)
  from space 512K, 12% used [0x00000000de480000,0x00000000de490000,0x00000000de500000)
  to   space 512K, 0% used [0x00000000de400000,0x00000000de400000,0x00000000de480000)
 ParOldGen       total 216576K, used 146367K [0x0000000081800000, 0x000000008eb80000, 0x00000000d5d80000)
  object space 216576K, 67% used [0x0000000081800000,0x000000008a6efcd0,0x000000008eb80000)
 Metaspace       used 12235K, capacity 12420K, committed 12672K, reserved 1060864K
  class space    used 1289K, capacity 1346K, committed 1408K, reserved 1048576K
}
Event: 8673.459 GC heap before
{Heap before GC invocations=1581 (full 2):
 PSYoungGen      total 127488K, used 127040K [0x00000000d5d80000, 0x00000000de500000, 0x0000000100000000)
  eden space 126976K, 100% used [0x00000000d5d80000,0x00000000dd980000,0x00000000dd980000)
  from space 512K, 12% used [0x00000000de480000,0x00000000de490000,0x00000000de500000)
  to   space 512K, 0% used [0x00000000de400000,0x00000000de400000,0x00000000de480000)
 ParOldGen       total 216576K, used 146367K [0x0000000081800000, 0x000000008eb80000, 0x00000000d5d80000)
  object space 216576K, 67% used [0x0000000081800000,0x000000008a6efcd0,0x000000008eb80000)
 Metaspace       used 12235K, capacity 12420K, committed 12672K, reserved 1060864K
  class space    used 1289K, capacity 1346K, committed 1408K, reserved 1048576K
Event: 8673.463 GC heap after
Heap after GC invocations=1581 (full 2):
 PSYoungGen      total 132096K, used 64K [0x00000000d5d80000, 0x00000000de500000, 0x0000000100000000)
  eden space 131584K, 0% used [0x00000000d5d80000,0x00000000d5d80000,0x00000000dde00000)
  from space 512K, 12% used [0x00000000de400000,0x00000000de410000,0x00000000de480000)
  to   space 512K, 0% used [0x00000000de480000,0x00000000de480000,0x00000000de500000)
 ParOldGen       total 216576K, used 146367K [0x0000000081800000, 0x000000008eb80000, 0x00000000d5d80000)
  object space 216576K, 67% used [0x0000000081800000,0x000000008a6efcd0,0x000000008eb80000)
 Metaspace       used 12235K, capacity 12420K, committed 12672K, reserved 1060864K
  class space    used 1289K, capacity 1346K, committed 1408K, reserved 1048576K
}
Event: 8674.594 GC heap before
{Heap before GC invocations=1582 (full 2):
 PSYoungGen      total 132096K, used 131648K [0x00000000d5d80000, 0x00000000de500000, 0x0000000100000000)
  eden space 131584K, 100% used [0x00000000d5d80000,0x00000000dde00000,0x00000000dde00000)
  from space 512K, 12% used [0x00000000de400000,0x00000000de410000,0x00000000de480000)
  to   space 512K, 0% used [0x00000000de480000,0x00000000de480000,0x00000000de500000)
 ParOldGen       total 216576K, used 146367K [0x0000000081800000, 0x000000008eb80000, 0x00000000d5d80000)
  object space 216576K, 67% used [0x0000000081800000,0x000000008a6efcd0,0x000000008eb80000)
 Metaspace       used 12235K, capacity 12420K, committed 12672K, reserved 1060864K
  class space    used 1289K, capacity 1346K, committed 1408K, reserved 1048576K
Event: 8674.600 GC heap after
Heap after GC invocations=1582 (full 2):
 PSYoungGen      total 136704K, used 64K [0x00000000d5d80000, 0x00000000de500000, 0x0000000100000000)
  eden space 136192K, 0% used [0x00000000d5d80000,0x00000000d5d80000,0x00000000de280000)
  from space 512K, 12% used [0x00000000de480000,0x00000000de490000,0x00000000de500000)
  to   space 512K, 0% used [0x00000000de400000,0x00000000de400000,0x00000000de480000)
 ParOldGen       total 216576K, used 146367K [0x0000000081800000, 0x000000008eb80000, 0x00000000d5d80000)
  object space 216576K, 67% used [0x0000000081800000,0x000000008a6efcd0,0x000000008eb80000)
 Metaspace       used 12235K, capacity 12420K, committed 12672K, reserved 1060864K
  class space    used 1289K, capacity 1346K, committed 1408K, reserved 1048576K
}
Event: 8676.398 GC heap before
{Heap before GC invocations=1583 (full 2):
 PSYoungGen      total 136704K, used 136256K [0x00000000d5d80000, 0x00000000de500000, 0x0000000100000000)
  eden space 136192K, 100% used [0x00000000d5d80000,0x00000000de280000,0x00000000de280000)
  from space 512K, 12% used [0x00000000de480000,0x00000000de490000,0x00000000de500000)
  to   space 512K, 0% used [0x00000000de400000,0x00000000de400000,0x00000000de480000)
 ParOldGen       total 216576K, used 146367K [0x0000000081800000, 0x000000008eb80000, 0x00000000d5d80000)
  object space 216576K, 67% used [0x0000000081800000,0x000000008a6efcd0,0x000000008eb80000)
 Metaspace       used 12235K, capacity 12420K, committed 12672K, reserved 1060864K
  class space    used 1289K, capacity 1346K, committed 1408K, reserved 1048576K
Event: 8676.415 GC heap after
Heap after GC invocations=1583 (full 2):
 PSYoungGen      total 138240K, used 64K [0x00000000d5d80000, 0x00000000de800000, 0x0000000100000000)
  eden space 137728K, 0% used [0x00000000d5d80000,0x00000000d5d80000,0x00000000de400000)
  from space 512K, 12% used [0x00000000de400000,0x00000000de410000,0x00000000de480000)
  to   space 512K, 0% used [0x00000000de780000,0x00000000de780000,0x00000000de800000)
 ParOldGen       total 216576K, used 146367K [0x0000000081800000, 0x000000008eb80000, 0x00000000d5d80000)
  object space 216576K, 67% used [0x0000000081800000,0x000000008a6efcd0,0x000000008eb80000)
 Metaspace       used 12235K, capacity 12420K, committed 12672K, reserved 1060864K
  class space    used 1289K, capacity 1346K, committed 1408K, reserved 1048576K
}
Event: 8677.835 GC heap before
{Heap before GC invocations=1584 (full 2):
 PSYoungGen      total 138240K, used 137792K [0x00000000d5d80000, 0x00000000de800000, 0x0000000100000000)
  eden space 137728K, 100% used [0x00000000d5d80000,0x00000000de400000,0x00000000de400000)
  from space 512K, 12% used [0x00000000de400000,0x00000000de410000,0x00000000de480000)
  to   space 512K, 0% used [0x00000000de780000,0x00000000de780000,0x00000000de800000)
 ParOldGen       total 216576K, used 146367K [0x0000000081800000, 0x000000008eb80000, 0x00000000d5d80000)
  object space 216576K, 67% used [0x0000000081800000,0x000000008a6efcd0,0x000000008eb80000)
 Metaspace       used 12235K, capacity 12420K, committed 12672K, reserved 1060864K
  class space    used 1289K, capacity 1346K, committed 1408K, reserved 1048576K
Event: 8677.846 GC heap after
Heap after GC invocations=1584 (full 2):
 PSYoungGen      total 141312K, used 64K [0x00000000d5d80000, 0x00000000dea00000, 0x0000000100000000)
  eden space 140800K, 0% used [0x00000000d5d80000,0x00000000d5d80000,0x00000000de700000)
  from space 512K, 12% used [0x00000000de780000,0x00000000de790000,0x00000000de800000)
  to   space 512K, 0% used [0x00000000de700000,0x00000000de700000,0x00000000de780000)
 ParOldGen       total 216576K, used 146367K [0x0000000081800000, 0x000000008eb80000, 0x00000000d5d80000)
  object space 216576K, 67% used [0x0000000081800000,0x000000008a6efcd0,0x000000008eb80000)
 Metaspace       used 12235K, capacity 12420K, committed 12672K, reserved 1060864K
  class space    used 1289K, capacity 1346K, committed 1408K, reserved 1048576K
}

