# JRE version: Java(TM) SE Runtime Environment (8.0_121-b13) (build 1.8.0_121-b13)
# Java VM: Java HotSpot(TM) 64-Bit Server VM (25.121-b13 mixed mode windows-amd64 compressed oops)
Heap:
 PSYoungGen      total 666624K, used 625988K [0x00000000d5d80000, 0x0000000100000000, 0x0000000100000000)
  eden space 646656K, 93% used [0x00000000d5d80000,0x00000000fad6d120,0x00000000fd500000)
  from space 19968K, 99% used [0x00000000fd500000,0x00000000fe864058,0x00000000fe880000)
  to   space 24064K, 0% used [0x00000000fe880000,0x00000000fe880000,0x0000000100000000)
 ParOldGen       total 124416K, used 39029K [0x0000000081800000, 0x0000000089180000, 0x00000000d5d80000)
  object space 124416K, 31% used [0x0000000081800000,0x0000000083e1d500,0x0000000089180000)
 Metaspace       used 82928K, capacity 84804K, committed 84952K, reserved 1122304K
  class space    used 11307K, capacity 11710K, committed 11776K, reserved 1048576K
GC Heap History (10 events):
Event: 272.082 GC heap before
{Heap before GC invocations=36 (full 3):
 PSYoungGen      total 612864K, used 610528K [0x00000000d5d80000, 0x00000000fc900000, 0x0000000100000000)
  eden space 597504K, 100% used [0x00000000d5d80000,0x00000000fa500000,0x00000000fa500000)
  from space 15360K, 84% used [0x00000000fb480000,0x00000000fc138330,0x00000000fc380000)
  to   space 15872K, 0% used [0x00000000fa500000,0x00000000fa500000,0x00000000fb480000)
 ParOldGen       total 124416K, used 39013K [0x0000000081800000, 0x0000000089180000, 0x00000000d5d80000)
  object space 124416K, 31% used [0x0000000081800000,0x0000000083e19500,0x0000000089180000)
 Metaspace       used 81915K, capacity 83470K, committed 83800K, reserved 1122304K
  class space    used 11224K, capacity 11563K, committed 11648K, reserved 1048576K
Event: 272.102 GC heap after
Heap after GC invocations=36 (full 3):
 PSYoungGen      total 613376K, used 14257K [0x00000000d5d80000, 0x00000000fff00000, 0x0000000100000000)
  eden space 597504K, 0% used [0x00000000d5d80000,0x00000000d5d80000,0x00000000fa500000)
  from space 15872K, 89% used [0x00000000fa500000,0x00000000fb2ec550,0x00000000fb480000)
  to   space 17408K, 0% used [0x00000000fee00000,0x00000000fee00000,0x00000000fff00000)
 ParOldGen       total 124416K, used 39013K [0x0000000081800000, 0x0000000089180000, 0x00000000d5d80000)
  object space 124416K, 31% used [0x0000000081800000,0x0000000083e19500,0x0000000089180000)
 Metaspace       used 81915K, capacity 83470K, committed 83800K, reserved 1122304K
  class space    used 11224K, capacity 11563K, committed 11648K, reserved 1048576K
}
Event: 273.540 GC heap before
{Heap before GC invocations=37 (full 3):
 PSYoungGen      total 613376K, used 611761K [0x00000000d5d80000, 0x00000000fff00000, 0x0000000100000000)
  eden space 597504K, 100% used [0x00000000d5d80000,0x00000000fa500000,0x00000000fa500000)
  from space 15872K, 89% used [0x00000000fa500000,0x00000000fb2ec550,0x00000000fb480000)
  to   space 17408K, 0% used [0x00000000fee00000,0x00000000fee00000,0x00000000fff00000)
 ParOldGen       total 124416K, used 39013K [0x0000000081800000, 0x0000000089180000, 0x00000000d5d80000)
  object space 124416K, 31% used [0x0000000081800000,0x0000000083e19500,0x0000000089180000)
 Metaspace       used 82119K, capacity 83770K, committed 84056K, reserved 1122304K
  class space    used 11240K, capacity 11591K, committed 11648K, reserved 1048576K
Event: 273.560 GC heap after
Heap after GC invocations=37 (full 3):
 PSYoungGen      total 670208K, used 15824K [0x00000000d5d80000, 0x0000000100000000, 0x0000000100000000)
  eden space 652800K, 0% used [0x00000000d5d80000,0x00000000d5d80000,0x00000000fdb00000)
  from space 17408K, 90% used [0x00000000fee00000,0x00000000ffd74028,0x00000000fff00000)
  to   space 18944K, 0% used [0x00000000fdb00000,0x00000000fdb00000,0x00000000fed80000)
 ParOldGen       total 124416K, used 39021K [0x0000000081800000, 0x0000000089180000, 0x00000000d5d80000)
  object space 124416K, 31% used [0x0000000081800000,0x0000000083e1b500,0x0000000089180000)
 Metaspace       used 82119K, capacity 83770K, committed 84056K, reserved 1122304K
  class space    used 11240K, capacity 11591K, committed 11648K, reserved 1048576K
}
Event: 275.035 GC heap before
{Heap before GC invocations=38 (full 3):
 PSYoungGen      total 670208K, used 668624K [0x00000000d5d80000, 0x0000000100000000, 0x0000000100000000)
  eden space 652800K, 100% used [0x00000000d5d80000,0x00000000fdb00000,0x00000000fdb00000)
  from space 17408K, 90% used [0x00000000fee00000,0x00000000ffd74028,0x00000000fff00000)
  to   space 18944K, 0% used [0x00000000fdb00000,0x00000000fdb00000,0x00000000fed80000)
 ParOldGen       total 124416K, used 39021K [0x0000000081800000, 0x0000000089180000, 0x00000000d5d80000)
  object space 124416K, 31% used [0x0000000081800000,0x0000000083e1b500,0x0000000089180000)
 Metaspace       used 82351K, capacity 84020K, committed 84056K, reserved 1122304K
  class space    used 11257K, capacity 11622K, committed 11648K, reserved 1048576K
Event: 275.063 GC heap after
Heap after GC invocations=38 (full 3):
 PSYoungGen      total 670208K, used 17286K [0x00000000d5d80000, 0x0000000100000000, 0x0000000100000000)
  eden space 652800K, 0% used [0x00000000d5d80000,0x00000000d5d80000,0x00000000fdb00000)
  from space 17408K, 99% used [0x00000000fdb00000,0x00000000febe1818,0x00000000fec00000)
  to   space 20480K, 0% used [0x00000000fec00000,0x00000000fec00000,0x0000000100000000)
 ParOldGen       total 124416K, used 39021K [0x0000000081800000, 0x0000000089180000, 0x00000000d5d80000)
  object space 124416K, 31% used [0x0000000081800000,0x0000000083e1b500,0x0000000089180000)
 Metaspace       used 82351K, capacity 84020K, committed 84056K, reserved 1122304K
  class space    used 11257K, capacity 11622K, committed 11648K, reserved 1048576K
}
Event: 276.447 GC heap before
{Heap before GC invocations=39 (full 3):
 PSYoungGen      total 670208K, used 670086K [0x00000000d5d80000, 0x0000000100000000, 0x0000000100000000)
  eden space 652800K, 100% used [0x00000000d5d80000,0x00000000fdb00000,0x00000000fdb00000)
  from space 17408K, 99% used [0x00000000fdb00000,0x00000000febe1818,0x00000000fec00000)
  to   space 20480K, 0% used [0x00000000fec00000,0x00000000fec00000,0x0000000100000000)
 ParOldGen       total 124416K, used 39021K [0x0000000081800000, 0x0000000089180000, 0x00000000d5d80000)
  object space 124416K, 31% used [0x0000000081800000,0x0000000083e1b500,0x0000000089180000)
 Metaspace       used 82538K, capacity 84264K, committed 84440K, reserved 1122304K
  class space    used 11274K, capacity 11652K, committed 11776K, reserved 1048576K
Event: 276.464 GC heap after
Heap after GC invocations=39 (full 3):
 PSYoungGen      total 667136K, used 18576K [0x00000000d5d80000, 0x0000000100000000, 0x0000000100000000)
  eden space 646656K, 0% used [0x00000000d5d80000,0x00000000d5d80000,0x00000000fd500000)
  from space 20480K, 90% used [0x00000000fec00000,0x00000000ffe24360,0x0000000100000000)
  to   space 22016K, 0% used [0x00000000fd500000,0x00000000fd500000,0x00000000fea80000)
 ParOldGen       total 124416K, used 39029K [0x0000000081800000, 0x0000000089180000, 0x00000000d5d80000)
  object space 124416K, 31% used [0x0000000081800000,0x0000000083e1d500,0x0000000089180000)
 Metaspace       used 82538K, capacity 84264K, committed 84440K, reserved 1122304K
  class space    used 11274K, capacity 11652K, committed 11776K, reserved 1048576K
}
Event: 277.996 GC heap before
{Heap before GC invocations=40 (full 3):
 PSYoungGen      total 667136K, used 664124K [0x00000000d5d80000, 0x0000000100000000, 0x0000000100000000)
  eden space 646656K, 99% used [0x00000000d5d80000,0x00000000fd3eaf28,0x00000000fd500000)
  from space 20480K, 90% used [0x00000000fec00000,0x00000000ffe24360,0x0000000100000000)
  to   space 22016K, 0% used [0x00000000fd500000,0x00000000fd500000,0x00000000fea80000)
 ParOldGen       total 124416K, used 39029K [0x0000000081800000, 0x0000000089180000, 0x00000000d5d80000)
  object space 124416K, 31% used [0x0000000081800000,0x0000000083e1d500,0x0000000089180000)
 Metaspace       used 82731K, capacity 84566K, committed 84696K, reserved 1122304K
  class space    used 11290K, capacity 11681K, committed 11776K, reserved 1048576K
Event: 278.021 GC heap after
Heap after GC invocations=40 (full 3):
 PSYoungGen      total 666624K, used 19856K [0x00000000d5d80000, 0x0000000100000000, 0x0000000100000000)
  eden space 646656K, 0% used [0x00000000d5d80000,0x00000000d5d80000,0x00000000fd500000)
  from space 19968K, 99% used [0x00000000fd500000,0x00000000fe864058,0x00000000fe880000)
  to   space 24064K, 0% used [0x00000000fe880000,0x00000000fe880000,0x0000000100000000)
 ParOldGen       total 124416K, used 39029K [0x0000000081800000, 0x0000000089180000, 0x00000000d5d80000)
  object space 124416K, 31% used [0x0000000081800000,0x0000000083e1d500,0x0000000089180000)
 Metaspace       used 82731K, capacity 84566K, committed 84696K, reserved 1122304K
  class space    used 11290K, capacity 11681K, committed 11776K, reserved 1048576K
}

