# JRE version: Java(TM) SE Runtime Environment (8.0_121-b13) (build 1.8.0_121-b13)
# Java VM: Java HotSpot(TM) 64-Bit Server VM (25.121-b13 mixed mode windows-amd64 compressed oops)
Heap:
 PSYoungGen      total 681984K, used 69516K [0x00000000d5d80000, 0x00000000fff80000, 0x0000000100000000)
  eden space 675328K, 10% used [0x00000000d5d80000,0x00000000d9f73370,0x00000000ff100000)
  from space 6656K, 29% used [0x00000000ff100000,0x00000000ff2f0000,0x00000000ff780000)
  to   space 6656K, 0% used [0x00000000ff900000,0x00000000ff900000,0x00000000fff80000)
 ParOldGen       total 221184K, used 132908K [0x0000000081800000, 0x000000008f000000, 0x00000000d5d80000)
  object space 221184K, 60% used [0x0000000081800000,0x00000000899cb0d8,0x000000008f000000)
 Metaspace       used 12706K, capacity 13000K, committed 13312K, reserved 1060864K
  class space    used 1306K, capacity 1418K, committed 1536K, reserved 1048576K
GC Heap History (10 events):
Event: 260.424 GC heap before
{Heap before GC invocations=45 (full 2):
 PSYoungGen      total 680448K, used 672320K [0x00000000d5d80000, 0x00000000ffe80000, 0x0000000100000000)
  eden space 671232K, 100% used [0x00000000d5d80000,0x00000000fed00000,0x00000000fed00000)
  from space 9216K, 11% used [0x00000000ff580000,0x00000000ff690000,0x00000000ffe80000)
  to   space 8704K, 0% used [0x00000000fed00000,0x00000000fed00000,0x00000000ff580000)
 ParOldGen       total 221184K, used 132908K [0x0000000081800000, 0x000000008f000000, 0x00000000d5d80000)
  object space 221184K, 60% used [0x0000000081800000,0x00000000899cb0d8,0x000000008f000000)
 Metaspace       used 12706K, capacity 13000K, committed 13312K, reserved 1060864K
  class space    used 1306K, capacity 1418K, committed 1536K, reserved 1048576K
Event: 260.434 GC heap after
Heap after GC invocations=45 (full 2):
 PSYoungGen      total 679936K, used 1472K [0x00000000d5d80000, 0x00000000ffe80000, 0x0000000100000000)
  eden space 671232K, 0% used [0x00000000d5d80000,0x00000000d5d80000,0x00000000fed00000)
  from space 8704K, 16% used [0x00000000fed00000,0x00000000fee70000,0x00000000ff580000)
  to   space 8192K, 0% used [0x00000000ff680000,0x00000000ff680000,0x00000000ffe80000)
 ParOldGen       total 221184K, used 132908K [0x0000000081800000, 0x000000008f000000, 0x00000000d5d80000)
  object space 221184K, 60% used [0x0000000081800000,0x00000000899cb0d8,0x000000008f000000)
 Metaspace       used 12706K, capacity 13000K, committed 13312K, reserved 1060864K
  class space    used 1306K, capacity 1418K, committed 1536K, reserved 1048576K
}
Event: 263.089 GC heap before
{Heap before GC invocations=46 (full 2):
 PSYoungGen      total 679936K, used 672704K [0x00000000d5d80000, 0x00000000ffe80000, 0x0000000100000000)
  eden space 671232K, 100% used [0x00000000d5d80000,0x00000000fed00000,0x00000000fed00000)
  from space 8704K, 16% used [0x00000000fed00000,0x00000000fee70000,0x00000000ff580000)
  to   space 8192K, 0% used [0x00000000ff680000,0x00000000ff680000,0x00000000ffe80000)
 ParOldGen       total 221184K, used 132908K [0x0000000081800000, 0x000000008f000000, 0x00000000d5d80000)
  object space 221184K, 60% used [0x0000000081800000,0x00000000899cb0d8,0x000000008f000000)
 Metaspace       used 12706K, capacity 13000K, committed 13312K, reserved 1060864K
  class space    used 1306K, capacity 1418K, committed 1536K, reserved 1048576K
Event: 263.093 GC heap after
Heap after GC invocations=46 (full 2):
 PSYoungGen      total 681472K, used 672K [0x00000000d5d80000, 0x00000000ffe80000, 0x0000000100000000)
  eden space 673280K, 0% used [0x00000000d5d80000,0x00000000d5d80000,0x00000000fef00000)
  from space 8192K, 8% used [0x00000000ff680000,0x00000000ff728000,0x00000000ffe80000)
  to   space 7680K, 0% used [0x00000000fef00000,0x00000000fef00000,0x00000000ff680000)
 ParOldGen       total 221184K, used 132908K [0x0000000081800000, 0x000000008f000000, 0x00000000d5d80000)
  object space 221184K, 60% used [0x0000000081800000,0x00000000899cb0d8,0x000000008f000000)
 Metaspace       used 12706K, capacity 13000K, committed 13312K, reserved 1060864K
  class space    used 1306K, capacity 1418K, committed 1536K, reserved 1048576K
}
Event: 265.773 GC heap before
{Heap before GC invocations=47 (full 2):
 PSYoungGen      total 681472K, used 673952K [0x00000000d5d80000, 0x00000000ffe80000, 0x0000000100000000)
  eden space 673280K, 100% used [0x00000000d5d80000,0x00000000fef00000,0x00000000fef00000)
  from space 8192K, 8% used [0x00000000ff680000,0x00000000ff728000,0x00000000ffe80000)
  to   space 7680K, 0% used [0x00000000fef00000,0x00000000fef00000,0x00000000ff680000)
 ParOldGen       total 221184K, used 132908K [0x0000000081800000, 0x000000008f000000, 0x00000000d5d80000)
  object space 221184K, 60% used [0x0000000081800000,0x00000000899cb0d8,0x000000008f000000)
 Metaspace       used 12706K, capacity 13000K, committed 13312K, reserved 1060864K
  class space    used 1306K, capacity 1418K, committed 1536K, reserved 1048576K
Event: 265.785 GC heap after
Heap after GC invocations=47 (full 2):
 PSYoungGen      total 680960K, used 736K [0x00000000d5d80000, 0x00000000ffe80000, 0x0000000100000000)
  eden space 673280K, 0% used [0x00000000d5d80000,0x00000000d5d80000,0x00000000fef00000)
  from space 7680K, 9% used [0x00000000fef00000,0x00000000fefb8000,0x00000000ff680000)
  to   space 7168K, 0% used [0x00000000ff780000,0x00000000ff780000,0x00000000ffe80000)
 ParOldGen       total 221184K, used 132908K [0x0000000081800000, 0x000000008f000000, 0x00000000d5d80000)
  object space 221184K, 60% used [0x0000000081800000,0x00000000899cb0d8,0x000000008f000000)
 Metaspace       used 12706K, capacity 13000K, committed 13312K, reserved 1060864K
  class space    used 1306K, capacity 1418K, committed 1536K, reserved 1048576K
}
Event: 269.571 GC heap before
{Heap before GC invocations=48 (full 2):
 PSYoungGen      total 680960K, used 674016K [0x00000000d5d80000, 0x00000000ffe80000, 0x0000000100000000)
  eden space 673280K, 100% used [0x00000000d5d80000,0x00000000fef00000,0x00000000fef00000)
  from space 7680K, 9% used [0x00000000fef00000,0x00000000fefb8000,0x00000000ff680000)
  to   space 7168K, 0% used [0x00000000ff780000,0x00000000ff780000,0x00000000ffe80000)
 ParOldGen       total 221184K, used 132908K [0x0000000081800000, 0x000000008f000000, 0x00000000d5d80000)
  object space 221184K, 60% used [0x0000000081800000,0x00000000899cb0d8,0x000000008f000000)
 Metaspace       used 12706K, capacity 13000K, committed 13312K, reserved 1060864K
  class space    used 1306K, capacity 1418K, committed 1536K, reserved 1048576K
Event: 269.575 GC heap after
Heap after GC invocations=48 (full 2):
 PSYoungGen      total 682496K, used 672K [0x00000000d5d80000, 0x00000000ffe80000, 0x0000000100000000)
  eden space 675328K, 0% used [0x00000000d5d80000,0x00000000d5d80000,0x00000000ff100000)
  from space 7168K, 9% used [0x00000000ff780000,0x00000000ff828000,0x00000000ffe80000)
  to   space 6656K, 0% used [0x00000000ff100000,0x00000000ff100000,0x00000000ff780000)
 ParOldGen       total 221184K, used 132908K [0x0000000081800000, 0x000000008f000000, 0x00000000d5d80000)
  object space 221184K, 60% used [0x0000000081800000,0x00000000899cb0d8,0x000000008f000000)
 Metaspace       used 12706K, capacity 13000K, committed 13312K, reserved 1060864K
  class space    used 1306K, capacity 1418K, committed 1536K, reserved 1048576K
}
Event: 276.875 GC heap before
{Heap before GC invocations=49 (full 2):
 PSYoungGen      total 682496K, used 676000K [0x00000000d5d80000, 0x00000000ffe80000, 0x0000000100000000)
  eden space 675328K, 100% used [0x00000000d5d80000,0x00000000ff100000,0x00000000ff100000)
  from space 7168K, 9% used [0x00000000ff780000,0x00000000ff828000,0x00000000ffe80000)
  to   space 6656K, 0% used [0x00000000ff100000,0x00000000ff100000,0x00000000ff780000)
 ParOldGen       total 221184K, used 132908K [0x0000000081800000, 0x000000008f000000, 0x00000000d5d80000)
  object space 221184K, 60% used [0x0000000081800000,0x00000000899cb0d8,0x000000008f000000)
 Metaspace       used 12706K, capacity 13000K, committed 13312K, reserved 1060864K
  class space    used 1306K, capacity 1418K, committed 1536K, reserved 1048576K
Event: 277.106 GC heap after
Heap after GC invocations=49 (full 2):
 PSYoungGen      total 681984K, used 1984K [0x00000000d5d80000, 0x00000000fff80000, 0x0000000100000000)
  eden space 675328K, 0% used [0x00000000d5d80000,0x00000000d5d80000,0x00000000ff100000)
  from space 6656K, 29% used [0x00000000ff100000,0x00000000ff2f0000,0x00000000ff780000)
  to   space 6656K, 0% used [0x00000000ff900000,0x00000000ff900000,0x00000000fff80000)
 ParOldGen       total 221184K, used 132908K [0x0000000081800000, 0x000000008f000000, 0x00000000d5d80000)
  object space 221184K, 60% used [0x0000000081800000,0x00000000899cb0d8,0x000000008f000000)
 Metaspace       used 12706K, capacity 13000K, committed 13312K, reserved 1060864K
  class space    used 1306K, capacity 1418K, committed 1536K, reserved 1048576K
}

