# JRE version: Java(TM) SE Runtime Environment (8.0_121-b13) (build 1.8.0_121-b13)
# Java VM: Java HotSpot(TM) 64-Bit Server VM (25.121-b13 mixed mode windows-amd64 compressed oops)
Heap:
 PSYoungGen      total 400896K, used 294453K [0x00000000d5d80000, 0x00000000f3980000, 0x0000000100000000)
  eden space 316416K, 79% used [0x00000000d5d80000,0x00000000e53d6fa8,0x00000000e9280000)
  from space 84480K, 49% used [0x00000000ee700000,0x00000000f1036688,0x00000000f3980000)
  to   space 85504K, 0% used [0x00000000e9280000,0x00000000e9280000,0x00000000ee600000)
 ParOldGen       total 205824K, used 118087K [0x0000000081800000, 0x000000008e100000, 0x00000000d5d80000)
  object space 205824K, 57% used [0x0000000081800000,0x0000000088b51d48,0x000000008e100000)
 Metaspace       used 12948K, capacity 13268K, committed 13568K, reserved 1060864K
  class space    used 1326K, capacity 1430K, committed 1536K, reserved 1048576K
GC Heap History (10 events):
Event: 97.458 GC heap before
{Heap before GC invocations=10 (full 1):
 PSYoungGen      total 152576K, used 27648K [0x00000000d5d80000, 0x00000000e9300000, 0x0000000100000000)
  eden space 124928K, 0% used [0x00000000d5d80000,0x00000000d5d80000,0x00000000dd780000)
  from space 27648K, 100% used [0x00000000dd780000,0x00000000df280000,0x00000000df280000)
  to   space 58368K, 0% used [0x00000000e5a00000,0x00000000e5a00000,0x00000000e9300000)
 ParOldGen       total 101888K, used 100559K [0x0000000081800000, 0x0000000087b80000, 0x00000000d5d80000)
  object space 101888K, 98% used [0x0000000081800000,0x0000000087a33df0,0x0000000087b80000)
 Metaspace       used 12938K, capacity 13248K, committed 13568K, reserved 1060864K
  class space    used 1325K, capacity 1430K, committed 1536K, reserved 1048576K
Event: 97.563 GC heap after
Heap after GC invocations=10 (full 1):
 PSYoungGen      total 152576K, used 5093K [0x00000000d5d80000, 0x00000000e9300000, 0x0000000100000000)
  eden space 124928K, 0% used [0x00000000d5d80000,0x00000000d5d80000,0x00000000dd780000)
  from space 27648K, 18% used [0x00000000dd780000,0x00000000ddc79700,0x00000000df280000)
  to   space 58368K, 0% used [0x00000000e5a00000,0x00000000e5a00000,0x00000000e9300000)
 ParOldGen       total 174080K, used 101753K [0x0000000081800000, 0x000000008c200000, 0x00000000d5d80000)
  object space 174080K, 58% used [0x0000000081800000,0x0000000087b5e7a8,0x000000008c200000)
 Metaspace       used 12938K, capacity 13248K, committed 13568K, reserved 1060864K
  class space    used 1325K, capacity 1430K, committed 1536K, reserved 1048576K
}
Event: 404.193 GC heap before
{Heap before GC invocations=11 (full 1):
 PSYoungGen      total 152576K, used 130021K [0x00000000d5d80000, 0x00000000e9300000, 0x0000000100000000)
  eden space 124928K, 100% used [0x00000000d5d80000,0x00000000dd780000,0x00000000dd780000)
  from space 27648K, 18% used [0x00000000dd780000,0x00000000ddc79700,0x00000000df280000)
  to   space 58368K, 0% used [0x00000000e5a00000,0x00000000e5a00000,0x00000000e9300000)
 ParOldGen       total 174080K, used 101753K [0x0000000081800000, 0x000000008c200000, 0x00000000d5d80000)
  object space 174080K, 58% used [0x0000000081800000,0x0000000087b5e7a8,0x000000008c200000)
 Metaspace       used 12942K, capacity 13256K, committed 13568K, reserved 1060864K
  class space    used 1325K, capacity 1430K, committed 1536K, reserved 1048576K
Event: 404.228 GC heap after
Heap after GC invocations=11 (full 1):
 PSYoungGen      total 248320K, used 17354K [0x00000000d5d80000, 0x00000000e8a80000, 0x0000000100000000)
  eden space 198656K, 0% used [0x00000000d5d80000,0x00000000d5d80000,0x00000000e1f80000)
  from space 49664K, 34% used [0x00000000e5a00000,0x00000000e6af2ae8,0x00000000e8a80000)
  to   space 54784K, 0% used [0x00000000e1f80000,0x00000000e1f80000,0x00000000e5500000)
 ParOldGen       total 174080K, used 101761K [0x0000000081800000, 0x000000008c200000, 0x00000000d5d80000)
  object space 174080K, 58% used [0x0000000081800000,0x0000000087b607a8,0x000000008c200000)
 Metaspace       used 12942K, capacity 13256K, committed 13568K, reserved 1060864K
  class space    used 1325K, capacity 1430K, committed 1536K, reserved 1048576K
}
Event: 404.541 GC heap before
{Heap before GC invocations=12 (full 1):
 PSYoungGen      total 248320K, used 216010K [0x00000000d5d80000, 0x00000000e8a80000, 0x0000000100000000)
  eden space 198656K, 100% used [0x00000000d5d80000,0x00000000e1f80000,0x00000000e1f80000)
  from space 49664K, 34% used [0x00000000e5a00000,0x00000000e6af2ae8,0x00000000e8a80000)
  to   space 54784K, 0% used [0x00000000e1f80000,0x00000000e1f80000,0x00000000e5500000)
 ParOldGen       total 174080K, used 101761K [0x0000000081800000, 0x000000008c200000, 0x00000000d5d80000)
  object space 174080K, 58% used [0x0000000081800000,0x0000000087b607a8,0x000000008c200000)
 Metaspace       used 12942K, capacity 13256K, committed 13568K, reserved 1060864K
  class space    used 1325K, capacity 1430K, committed 1536K, reserved 1048576K
Event: 404.607 GC heap after
Heap after GC invocations=12 (full 1):
 PSYoungGen      total 253440K, used 54784K [0x00000000d5d80000, 0x00000000f3b80000, 0x0000000100000000)
  eden space 198656K, 0% used [0x00000000d5d80000,0x00000000d5d80000,0x00000000e1f80000)
  from space 54784K, 100% used [0x00000000e1f80000,0x00000000e5500000,0x00000000e5500000)
  to   space 86528K, 0% used [0x00000000ee700000,0x00000000ee700000,0x00000000f3b80000)
 ParOldGen       total 174080K, used 161164K [0x0000000081800000, 0x000000008c200000, 0x00000000d5d80000)
  object space 174080K, 92% used [0x0000000081800000,0x000000008b5632a0,0x000000008c200000)
 Metaspace       used 12942K, capacity 13256K, committed 13568K, reserved 1060864K
  class space    used 1325K, capacity 1430K, committed 1536K, reserved 1048576K
}
Event: 404.607 GC heap before
{Heap before GC invocations=13 (full 2):
 PSYoungGen      total 253440K, used 54784K [0x00000000d5d80000, 0x00000000f3b80000, 0x0000000100000000)
  eden space 198656K, 0% used [0x00000000d5d80000,0x00000000d5d80000,0x00000000e1f80000)
  from space 54784K, 100% used [0x00000000e1f80000,0x00000000e5500000,0x00000000e5500000)
  to   space 86528K, 0% used [0x00000000ee700000,0x00000000ee700000,0x00000000f3b80000)
 ParOldGen       total 174080K, used 161164K [0x0000000081800000, 0x000000008c200000, 0x00000000d5d80000)
  object space 174080K, 92% used [0x0000000081800000,0x000000008b5632a0,0x000000008c200000)
 Metaspace       used 12942K, capacity 13256K, committed 13568K, reserved 1060864K
  class space    used 1325K, capacity 1430K, committed 1536K, reserved 1048576K
Event: 404.779 GC heap after
Heap after GC invocations=13 (full 2):
 PSYoungGen      total 253440K, used 0K [0x00000000d5d80000, 0x00000000f3b80000, 0x0000000100000000)
  eden space 198656K, 0% used [0x00000000d5d80000,0x00000000d5d80000,0x00000000e1f80000)
  from space 54784K, 0% used [0x00000000e1f80000,0x00000000e1f80000,0x00000000e5500000)
  to   space 86528K, 0% used [0x00000000ee700000,0x00000000ee700000,0x00000000f3b80000)
 ParOldGen       total 205824K, used 118087K [0x0000000081800000, 0x000000008e100000, 0x00000000d5d80000)
  object space 205824K, 57% used [0x0000000081800000,0x0000000088b51d48,0x000000008e100000)
 Metaspace       used 12942K, capacity 13256K, committed 13568K, reserved 1060864K
  class space    used 1325K, capacity 1430K, committed 1536K, reserved 1048576K
}
Event: 742.757 GC heap before
{Heap before GC invocations=14 (full 2):
 PSYoungGen      total 253440K, used 198656K [0x00000000d5d80000, 0x00000000f3b80000, 0x0000000100000000)
  eden space 198656K, 100% used [0x00000000d5d80000,0x00000000e1f80000,0x00000000e1f80000)
  from space 54784K, 0% used [0x00000000e1f80000,0x00000000e1f80000,0x00000000e5500000)
  to   space 86528K, 0% used [0x00000000ee700000,0x00000000ee700000,0x00000000f3b80000)
 ParOldGen       total 205824K, used 118087K [0x0000000081800000, 0x000000008e100000, 0x00000000d5d80000)
  object space 205824K, 57% used [0x0000000081800000,0x0000000088b51d48,0x000000008e100000)
 Metaspace       used 12948K, capacity 13268K, committed 13568K, reserved 1060864K
  class space    used 1326K, capacity 1430K, committed 1536K, reserved 1048576K
Event: 743.107 GC heap after
Heap after GC invocations=14 (full 2):
 PSYoungGen      total 400896K, used 42201K [0x00000000d5d80000, 0x00000000f3980000, 0x0000000100000000)
  eden space 316416K, 0% used [0x00000000d5d80000,0x00000000d5d80000,0x00000000e9280000)
  from space 84480K, 49% used [0x00000000ee700000,0x00000000f1036688,0x00000000f3980000)
  to   space 85504K, 0% used [0x00000000e9280000,0x00000000e9280000,0x00000000ee600000)
 ParOldGen       total 205824K, used 118087K [0x0000000081800000, 0x000000008e100000, 0x00000000d5d80000)
  object space 205824K, 57% used [0x0000000081800000,0x0000000088b51d48,0x000000008e100000)
 Metaspace       used 12948K, capacity 13268K, committed 13568K, reserved 1060864K
  class space    used 1326K, capacity 1430K, committed 1536K, reserved 1048576K
}

