# JRE version: Java(TM) SE Runtime Environment (8.0_91-b14) (build 1.8.0_91-b14)
# Java VM: Java HotSpot(TM) 64-Bit Server VM (25.91-b14 mixed mode windows-amd64 compressed oops)
Heap:
 PSYoungGen      total 223232K, used 108094K [0x00000000d5d80000, 0x00000000e4200000, 0x0000000100000000)
  eden space 212480K, 49% used [0x00000000d5d80000,0x00000000dc33d968,0x00000000e2d00000)
  from space 10752K, 36% used [0x00000000e3780000,0x00000000e3b51ea0,0x00000000e4200000)
  to   space 10752K, 0% used [0x00000000e2d00000,0x00000000e2d00000,0x00000000e3780000)
 ParOldGen       total 87552K, used 14291K [0x0000000081800000, 0x0000000086d80000, 0x00000000d5d80000)
  object space 87552K, 16% used [0x0000000081800000,0x00000000825f4e60,0x0000000086d80000)
 Metaspace       used 11771K, capacity 12054K, committed 12416K, reserved 1060864K
  class space    used 1198K, capacity 1297K, committed 1408K, reserved 1048576K
GC Heap History (10 events):
Event: 149.462 GC heap before
{Heap before GC invocations=6 (full 0):
 PSYoungGen      total 38400K, used 38046K [0x00000000d5d80000, 0x00000000db380000, 0x0000000100000000)
  eden space 33280K, 99% used [0x00000000d5d80000,0x00000000d7dcf500,0x00000000d7e00000)
  from space 5120K, 96% used [0x00000000d7e00000,0x00000000d82d8330,0x00000000d8300000)
  to   space 10752K, 0% used [0x00000000da900000,0x00000000da900000,0x00000000db380000)
 ParOldGen       total 87552K, used 9751K [0x0000000081800000, 0x0000000086d80000, 0x00000000d5d80000)
  object space 87552K, 11% used [0x0000000081800000,0x0000000082185c60,0x0000000086d80000)
 Metaspace       used 11688K, capacity 11908K, committed 12160K, reserved 1060864K
  class space    used 1198K, capacity 1296K, committed 1408K, reserved 1048576K
Event: 149.473 GC heap after
Heap after GC invocations=6 (full 0):
 PSYoungGen      total 77312K, used 4994K [0x00000000d5d80000, 0x00000000db380000, 0x0000000100000000)
  eden space 66560K, 0% used [0x00000000d5d80000,0x00000000d5d80000,0x00000000d9e80000)
  from space 10752K, 46% used [0x00000000da900000,0x00000000dade0aa0,0x00000000db380000)
  to   space 10752K, 0% used [0x00000000d9e80000,0x00000000d9e80000,0x00000000da900000)
 ParOldGen       total 87552K, used 9751K [0x0000000081800000, 0x0000000086d80000, 0x00000000d5d80000)
  object space 87552K, 11% used [0x0000000081800000,0x0000000082185c60,0x0000000086d80000)
 Metaspace       used 11688K, capacity 11908K, committed 12160K, reserved 1060864K
  class space    used 1198K, capacity 1296K, committed 1408K, reserved 1048576K
}
Event: 177.226 GC heap before
{Heap before GC invocations=7 (full 0):
 PSYoungGen      total 77312K, used 71554K [0x00000000d5d80000, 0x00000000db380000, 0x0000000100000000)
  eden space 66560K, 100% used [0x00000000d5d80000,0x00000000d9e80000,0x00000000d9e80000)
  from space 10752K, 46% used [0x00000000da900000,0x00000000dade0aa0,0x00000000db380000)
  to   space 10752K, 0% used [0x00000000d9e80000,0x00000000d9e80000,0x00000000da900000)
 ParOldGen       total 87552K, used 9751K [0x0000000081800000, 0x0000000086d80000, 0x00000000d5d80000)
  object space 87552K, 11% used [0x0000000081800000,0x0000000082185c60,0x0000000086d80000)
 Metaspace       used 11743K, capacity 11918K, committed 12160K, reserved 1060864K
  class space    used 1198K, capacity 1297K, committed 1408K, reserved 1048576K
Event: 177.240 GC heap after
Heap after GC invocations=7 (full 0):
 PSYoungGen      total 77312K, used 4146K [0x00000000d5d80000, 0x00000000df480000, 0x0000000100000000)
  eden space 66560K, 0% used [0x00000000d5d80000,0x00000000d5d80000,0x00000000d9e80000)
  from space 10752K, 38% used [0x00000000d9e80000,0x00000000da28cb48,0x00000000da900000)
  to   space 10752K, 0% used [0x00000000dea00000,0x00000000dea00000,0x00000000df480000)
 ParOldGen       total 87552K, used 13699K [0x0000000081800000, 0x0000000086d80000, 0x00000000d5d80000)
  object space 87552K, 15% used [0x0000000081800000,0x0000000082560e50,0x0000000086d80000)
 Metaspace       used 11743K, capacity 11918K, committed 12160K, reserved 1060864K
  class space    used 1198K, capacity 1297K, committed 1408K, reserved 1048576K
}
Event: 177.274 GC heap before
{Heap before GC invocations=8 (full 0):
 PSYoungGen      total 77312K, used 70577K [0x00000000d5d80000, 0x00000000df480000, 0x0000000100000000)
  eden space 66560K, 99% used [0x00000000d5d80000,0x00000000d9e5fb80,0x00000000d9e80000)
  from space 10752K, 38% used [0x00000000d9e80000,0x00000000da28cb48,0x00000000da900000)
  to   space 10752K, 0% used [0x00000000dea00000,0x00000000dea00000,0x00000000df480000)
 ParOldGen       total 87552K, used 13699K [0x0000000081800000, 0x0000000086d80000, 0x00000000d5d80000)
  object space 87552K, 15% used [0x0000000081800000,0x0000000082560e50,0x0000000086d80000)
 Metaspace       used 11744K, capacity 11982K, committed 12160K, reserved 1060864K
  class space    used 1198K, capacity 1297K, committed 1408K, reserved 1048576K
Event: 177.281 GC heap after
Heap after GC invocations=8 (full 0):
 PSYoungGen      total 143360K, used 1006K [0x00000000d5d80000, 0x00000000df580000, 0x0000000100000000)
  eden space 132608K, 0% used [0x00000000d5d80000,0x00000000d5d80000,0x00000000ddf00000)
  from space 10752K, 9% used [0x00000000dea00000,0x00000000deafbba0,0x00000000df480000)
  to   space 11264K, 0% used [0x00000000ddf00000,0x00000000ddf00000,0x00000000dea00000)
 ParOldGen       total 87552K, used 14243K [0x0000000081800000, 0x0000000086d80000, 0x00000000d5d80000)
  object space 87552K, 16% used [0x0000000081800000,0x00000000825e8e60,0x0000000086d80000)
 Metaspace       used 11744K, capacity 11982K, committed 12160K, reserved 1060864K
  class space    used 1198K, capacity 1297K, committed 1408K, reserved 1048576K
}
Event: 262.926 GC heap before
{Heap before GC invocations=9 (full 0):
 PSYoungGen      total 143360K, used 133614K [0x00000000d5d80000, 0x00000000df580000, 0x0000000100000000)
  eden space 132608K, 100% used [0x00000000d5d80000,0x00000000ddf00000,0x00000000ddf00000)
  from space 10752K, 9% used [0x00000000dea00000,0x00000000deafbba0,0x00000000df480000)
  to   space 11264K, 0% used [0x00000000ddf00000,0x00000000ddf00000,0x00000000dea00000)
 ParOldGen       total 87552K, used 14243K [0x0000000081800000, 0x0000000086d80000, 0x00000000d5d80000)
  object space 87552K, 16% used [0x0000000081800000,0x00000000825e8e60,0x0000000086d80000)
 Metaspace       used 11751K, capacity 12050K, committed 12416K, reserved 1060864K
  class space    used 1198K, capacity 1297K, committed 1408K, reserved 1048576K
Event: 262.937 GC heap after
Heap after GC invocations=9 (full 0):
 PSYoungGen      total 143872K, used 4359K [0x00000000d5d80000, 0x00000000e4200000, 0x0000000100000000)
  eden space 132608K, 0% used [0x00000000d5d80000,0x00000000d5d80000,0x00000000ddf00000)
  from space 11264K, 38% used [0x00000000ddf00000,0x00000000de341d98,0x00000000dea00000)
  to   space 10752K, 0% used [0x00000000e3780000,0x00000000e3780000,0x00000000e4200000)
 ParOldGen       total 87552K, used 14251K [0x0000000081800000, 0x0000000086d80000, 0x00000000d5d80000)
  object space 87552K, 16% used [0x0000000081800000,0x00000000825eae60,0x0000000086d80000)
 Metaspace       used 11751K, capacity 12050K, committed 12416K, reserved 1060864K
  class space    used 1198K, capacity 1297K, committed 1408K, reserved 1048576K
}
Event: 271.899 GC heap before
{Heap before GC invocations=10 (full 0):
 PSYoungGen      total 143872K, used 136933K [0x00000000d5d80000, 0x00000000e4200000, 0x0000000100000000)
  eden space 132608K, 99% used [0x00000000d5d80000,0x00000000ddef7810,0x00000000ddf00000)
  from space 11264K, 38% used [0x00000000ddf00000,0x00000000de341d98,0x00000000dea00000)
  to   space 10752K, 0% used [0x00000000e3780000,0x00000000e3780000,0x00000000e4200000)
 ParOldGen       total 87552K, used 14251K [0x0000000081800000, 0x0000000086d80000, 0x00000000d5d80000)
  object space 87552K, 16% used [0x0000000081800000,0x00000000825eae60,0x0000000086d80000)
 Metaspace       used 11764K, capacity 12054K, committed 12416K, reserved 1060864K
  class space    used 1198K, capacity 1297K, committed 1408K, reserved 1048576K
Event: 271.909 GC heap after
Heap after GC invocations=10 (full 0):
 PSYoungGen      total 223232K, used 3911K [0x00000000d5d80000, 0x00000000e4200000, 0x0000000100000000)
  eden space 212480K, 0% used [0x00000000d5d80000,0x00000000d5d80000,0x00000000e2d00000)
  from space 10752K, 36% used [0x00000000e3780000,0x00000000e3b51ea0,0x00000000e4200000)
  to   space 10752K, 0% used [0x00000000e2d00000,0x00000000e2d00000,0x00000000e3780000)
 ParOldGen       total 87552K, used 14291K [0x0000000081800000, 0x0000000086d80000, 0x00000000d5d80000)
  object space 87552K, 16% used [0x0000000081800000,0x00000000825f4e60,0x0000000086d80000)
 Metaspace       used 11764K, capacity 12054K, committed 12416K, reserved 1060864K
  class space    used 1198K, capacity 1297K, committed 1408K, reserved 1048576K
}

