# JRE version: Java(TM) SE Runtime Environment (8.0_121-b13) (build 1.8.0_121-b13)
# Java VM: Java HotSpot(TM) 64-Bit Server VM (25.121-b13 mixed mode windows-amd64 compressed oops)
Heap:
 PSYoungGen      total 383488K, used 194126K [0x00000000d5d80000, 0x00000000f1000000, 0x0000000100000000)
  eden space 334336K, 58% used [0x00000000d5d80000,0x00000000e1b0bb00,0x00000000ea400000)
  from space 49152K, 0% used [0x00000000ee000000,0x00000000ee008000,0x00000000f1000000)
  to   space 55296K, 0% used [0x00000000ea400000,0x00000000ea400000,0x00000000eda00000)
 ParOldGen       total 195584K, used 130562K [0x0000000081800000, 0x000000008d700000, 0x00000000d5d80000)
  object space 195584K, 66% used [0x0000000081800000,0x00000000897809b0,0x000000008d700000)
 Metaspace       used 12758K, capacity 13068K, committed 13312K, reserved 1060864K
  class space    used 1303K, capacity 1418K, committed 1536K, reserved 1048576K
GC Heap History (10 events):
Event: 99.514 GC heap before
{Heap before GC invocations=9 (full 0):
 PSYoungGen      total 147456K, used 132608K [0x00000000d5d80000, 0x00000000dfd80000, 0x0000000100000000)
  eden space 132608K, 100% used [0x00000000d5d80000,0x00000000ddf00000,0x00000000ddf00000)
  from space 14848K, 0% used [0x00000000dee00000,0x00000000dee00000,0x00000000dfc80000)
  to   space 15360K, 0% used [0x00000000ddf00000,0x00000000ddf00000,0x00000000dee00000)
 ParOldGen       total 87552K, used 17650K [0x0000000081800000, 0x0000000086d80000, 0x00000000d5d80000)
  object space 87552K, 20% used [0x0000000081800000,0x000000008293c8d8,0x0000000086d80000)
 Metaspace       used 12665K, capacity 12858K, committed 12928K, reserved 1060864K
  class space    used 1287K, capacity 1351K, committed 1408K, reserved 1048576K
Event: 99.517 GC heap after
Heap after GC invocations=9 (full 0):
 PSYoungGen      total 147968K, used 10432K [0x00000000d5d80000, 0x00000000e4d00000, 0x0000000100000000)
  eden space 132608K, 0% used [0x00000000d5d80000,0x00000000d5d80000,0x00000000ddf00000)
  from space 15360K, 67% used [0x00000000ddf00000,0x00000000de930000,0x00000000dee00000)
  to   space 16384K, 0% used [0x00000000e3d00000,0x00000000e3d00000,0x00000000e4d00000)
 ParOldGen       total 87552K, used 17658K [0x0000000081800000, 0x0000000086d80000, 0x00000000d5d80000)
  object space 87552K, 20% used [0x0000000081800000,0x000000008293e8d8,0x0000000086d80000)
 Metaspace       used 12665K, capacity 12858K, committed 12928K, reserved 1060864K
  class space    used 1287K, capacity 1351K, committed 1408K, reserved 1048576K
}
Event: 99.701 GC heap before
{Heap before GC invocations=10 (full 0):
 PSYoungGen      total 147968K, used 143040K [0x00000000d5d80000, 0x00000000e4d00000, 0x0000000100000000)
  eden space 132608K, 100% used [0x00000000d5d80000,0x00000000ddf00000,0x00000000ddf00000)
  from space 15360K, 67% used [0x00000000ddf00000,0x00000000de930000,0x00000000dee00000)
  to   space 16384K, 0% used [0x00000000e3d00000,0x00000000e3d00000,0x00000000e4d00000)
 ParOldGen       total 87552K, used 17658K [0x0000000081800000, 0x0000000086d80000, 0x00000000d5d80000)
  object space 87552K, 20% used [0x0000000081800000,0x000000008293e8d8,0x0000000086d80000)
 Metaspace       used 12665K, capacity 12858K, committed 12928K, reserved 1060864K
  class space    used 1287K, capacity 1351K, committed 1408K, reserved 1048576K
Event: 99.705 GC heap after
Heap after GC invocations=10 (full 0):
 PSYoungGen      total 228352K, used 10368K [0x00000000d5d80000, 0x00000000e4e00000, 0x0000000100000000)
  eden space 211968K, 0% used [0x00000000d5d80000,0x00000000d5d80000,0x00000000e2c80000)
  from space 16384K, 63% used [0x00000000e3d00000,0x00000000e4720000,0x00000000e4d00000)
  to   space 16896K, 0% used [0x00000000e2c80000,0x00000000e2c80000,0x00000000e3d00000)
 ParOldGen       total 87552K, used 17658K [0x0000000081800000, 0x0000000086d80000, 0x00000000d5d80000)
  object space 87552K, 20% used [0x0000000081800000,0x000000008293e8d8,0x0000000086d80000)
 Metaspace       used 12665K, capacity 12858K, committed 12928K, reserved 1060864K
  class space    used 1287K, capacity 1351K, committed 1408K, reserved 1048576K
}
Event: 100.855 GC heap before
{Heap before GC invocations=11 (full 0):
 PSYoungGen      total 228352K, used 222336K [0x00000000d5d80000, 0x00000000e4e00000, 0x0000000100000000)
  eden space 211968K, 100% used [0x00000000d5d80000,0x00000000e2c80000,0x00000000e2c80000)
  from space 16384K, 63% used [0x00000000e3d00000,0x00000000e4720000,0x00000000e4d00000)
  to   space 16896K, 0% used [0x00000000e2c80000,0x00000000e2c80000,0x00000000e3d00000)
 ParOldGen       total 87552K, used 17658K [0x0000000081800000, 0x0000000086d80000, 0x00000000d5d80000)
  object space 87552K, 20% used [0x0000000081800000,0x000000008293e8d8,0x0000000086d80000)
 Metaspace       used 12723K, capacity 12972K, committed 13184K, reserved 1060864K
  class space    used 1297K, capacity 1386K, committed 1408K, reserved 1048576K
Event: 100.940 GC heap after
Heap after GC invocations=11 (full 0):
 PSYoungGen      total 228864K, used 16896K [0x00000000d5d80000, 0x00000000f1700000, 0x0000000100000000)
  eden space 211968K, 0% used [0x00000000d5d80000,0x00000000d5d80000,0x00000000e2c80000)
  from space 16896K, 100% used [0x00000000e2c80000,0x00000000e3d00000,0x00000000e3d00000)
  to   space 56320K, 0% used [0x00000000ee000000,0x00000000ee000000,0x00000000f1700000)
 ParOldGen       total 117248K, used 117154K [0x0000000081800000, 0x0000000088a80000, 0x00000000d5d80000)
  object space 117248K, 99% used [0x0000000081800000,0x0000000088a688d8,0x0000000088a80000)
 Metaspace       used 12723K, capacity 12972K, committed 13184K, reserved 1060864K
  class space    used 1297K, capacity 1386K, committed 1408K, reserved 1048576K
}
Event: 100.940 GC heap before
{Heap before GC invocations=12 (full 1):
 PSYoungGen      total 228864K, used 16896K [0x00000000d5d80000, 0x00000000f1700000, 0x0000000100000000)
  eden space 211968K, 0% used [0x00000000d5d80000,0x00000000d5d80000,0x00000000e2c80000)
  from space 16896K, 100% used [0x00000000e2c80000,0x00000000e3d00000,0x00000000e3d00000)
  to   space 56320K, 0% used [0x00000000ee000000,0x00000000ee000000,0x00000000f1700000)
 ParOldGen       total 117248K, used 117154K [0x0000000081800000, 0x0000000088a80000, 0x00000000d5d80000)
  object space 117248K, 99% used [0x0000000081800000,0x0000000088a688d8,0x0000000088a80000)
 Metaspace       used 12723K, capacity 12972K, committed 13184K, reserved 1060864K
  class space    used 1297K, capacity 1386K, committed 1408K, reserved 1048576K
Event: 101.081 GC heap after
Heap after GC invocations=12 (full 1):
 PSYoungGen      total 228864K, used 13288K [0x00000000d5d80000, 0x00000000f1700000, 0x0000000100000000)
  eden space 211968K, 0% used [0x00000000d5d80000,0x00000000d5d80000,0x00000000e2c80000)
  from space 16896K, 78% used [0x00000000e2c80000,0x00000000e397a050,0x00000000e3d00000)
  to   space 56320K, 0% used [0x00000000ee000000,0x00000000ee000000,0x00000000f1700000)
 ParOldGen       total 195584K, used 117122K [0x0000000081800000, 0x000000008d700000, 0x00000000d5d80000)
  object space 195584K, 59% used [0x0000000081800000,0x0000000088a609b0,0x000000008d700000)
 Metaspace       used 12723K, capacity 12972K, committed 13184K, reserved 1060864K
  class space    used 1297K, capacity 1386K, committed 1408K, reserved 1048576K
}
Event: 101.905 GC heap before
{Heap before GC invocations=13 (full 1):
 PSYoungGen      total 228864K, used 225256K [0x00000000d5d80000, 0x00000000f1700000, 0x0000000100000000)
  eden space 211968K, 100% used [0x00000000d5d80000,0x00000000e2c80000,0x00000000e2c80000)
  from space 16896K, 78% used [0x00000000e2c80000,0x00000000e397a050,0x00000000e3d00000)
  to   space 56320K, 0% used [0x00000000ee000000,0x00000000ee000000,0x00000000f1700000)
 ParOldGen       total 195584K, used 117122K [0x0000000081800000, 0x000000008d700000, 0x00000000d5d80000)
  object space 195584K, 59% used [0x0000000081800000,0x0000000088a609b0,0x000000008d700000)
 Metaspace       used 12723K, capacity 12972K, committed 13184K, reserved 1060864K
  class space    used 1297K, capacity 1386K, committed 1408K, reserved 1048576K
Event: 101.925 GC heap after
Heap after GC invocations=13 (full 1):
 PSYoungGen      total 383488K, used 32K [0x00000000d5d80000, 0x00000000f1000000, 0x0000000100000000)
  eden space 334336K, 0% used [0x00000000d5d80000,0x00000000d5d80000,0x00000000ea400000)
  from space 49152K, 0% used [0x00000000ee000000,0x00000000ee008000,0x00000000f1000000)
  to   space 55296K, 0% used [0x00000000ea400000,0x00000000ea400000,0x00000000eda00000)
 ParOldGen       total 195584K, used 130562K [0x0000000081800000, 0x000000008d700000, 0x00000000d5d80000)
  object space 195584K, 66% used [0x0000000081800000,0x00000000897809b0,0x000000008d700000)
 Metaspace       used 12723K, capacity 12972K, committed 13184K, reserved 1060864K
  class space    used 1297K, capacity 1386K, committed 1408K, reserved 1048576K
}

