# JRE version: Java(TM) SE Runtime Environment (8.0_121-b13) (build 1.8.0_121-b13)
# Java VM: Java HotSpot(TM) 64-Bit Server VM (25.121-b13 mixed mode windows-amd64 compressed oops)
Heap:
 PSYoungGen      total 457728K, used 185297K [0x00000000d5d80000, 0x0000000100000000, 0x0000000100000000)
  eden space 394752K, 33% used [0x00000000d5d80000,0x00000000de02ab48,0x00000000edf00000)
  from space 62976K, 81% used [0x00000000edf00000,0x00000000f1149928,0x00000000f1c80000)
  to   space 114176K, 0% used [0x00000000f9080000,0x00000000f9080000,0x0000000100000000)
 ParOldGen       total 357888K, used 237638K [0x0000000081800000, 0x0000000097580000, 0x00000000d5d80000)
  object space 357888K, 66% used [0x0000000081800000,0x0000000090011a98,0x0000000097580000)
 Metaspace       used 13092K, capacity 13384K, committed 13568K, reserved 1060864K
  class space    used 1324K, capacity 1428K, committed 1536K, reserved 1048576K
GC Heap History (10 events):
Event: 260.793 GC heap before
{Heap before GC invocations=13 (full 1):
 PSYoungGen      total 223232K, used 157088K [0x00000000d5d80000, 0x00000000ed380000, 0x0000000100000000)
  eden space 154624K, 100% used [0x00000000d5d80000,0x00000000df480000,0x00000000df480000)
  from space 68608K, 3% used [0x00000000df480000,0x00000000df6e8000,0x00000000e3780000)
  to   space 67584K, 0% used [0x00000000e9180000,0x00000000e9180000,0x00000000ed380000)
 ParOldGen       total 214528K, used 131201K [0x0000000081800000, 0x000000008e980000, 0x00000000d5d80000)
  object space 214528K, 61% used [0x0000000081800000,0x00000000898206c0,0x000000008e980000)
 Metaspace       used 13092K, capacity 13384K, committed 13568K, reserved 1060864K
  class space    used 1324K, capacity 1428K, committed 1536K, reserved 1048576K
Event: 260.795 GC heap after
Heap after GC invocations=13 (full 1):
 PSYoungGen      total 312320K, used 32K [0x00000000d5d80000, 0x00000000ed100000, 0x0000000100000000)
  eden space 247296K, 0% used [0x00000000d5d80000,0x00000000d5d80000,0x00000000e4f00000)
  from space 65024K, 0% used [0x00000000e9180000,0x00000000e9188000,0x00000000ed100000)
  to   space 66560K, 0% used [0x00000000e4f00000,0x00000000e4f00000,0x00000000e9000000)
 ParOldGen       total 214528K, used 133697K [0x0000000081800000, 0x000000008e980000, 0x00000000d5d80000)
  object space 214528K, 62% used [0x0000000081800000,0x0000000089a906c0,0x000000008e980000)
 Metaspace       used 13092K, capacity 13384K, committed 13568K, reserved 1060864K
  class space    used 1324K, capacity 1428K, committed 1536K, reserved 1048576K
}
Event: 261.601 GC heap before
{Heap before GC invocations=14 (full 1):
 PSYoungGen      total 312320K, used 247328K [0x00000000d5d80000, 0x00000000ed100000, 0x0000000100000000)
  eden space 247296K, 100% used [0x00000000d5d80000,0x00000000e4f00000,0x00000000e4f00000)
  from space 65024K, 0% used [0x00000000e9180000,0x00000000e9188000,0x00000000ed100000)
  to   space 66560K, 0% used [0x00000000e4f00000,0x00000000e4f00000,0x00000000e9000000)
 ParOldGen       total 214528K, used 133697K [0x0000000081800000, 0x000000008e980000, 0x00000000d5d80000)
  object space 214528K, 62% used [0x0000000081800000,0x0000000089a906c0,0x000000008e980000)
 Metaspace       used 13092K, capacity 13384K, committed 13568K, reserved 1060864K
  class space    used 1324K, capacity 1428K, committed 1536K, reserved 1048576K
Event: 261.603 GC heap after
Heap after GC invocations=14 (full 1):
 PSYoungGen      total 313856K, used 32K [0x00000000d5d80000, 0x00000000f5e00000, 0x0000000100000000)
  eden space 247296K, 0% used [0x00000000d5d80000,0x00000000d5d80000,0x00000000e4f00000)
  from space 66560K, 0% used [0x00000000e4f00000,0x00000000e4f08000,0x00000000e9000000)
  to   space 65024K, 0% used [0x00000000f1e80000,0x00000000f1e80000,0x00000000f5e00000)
 ParOldGen       total 214528K, used 133697K [0x0000000081800000, 0x000000008e980000, 0x00000000d5d80000)
  object space 214528K, 62% used [0x0000000081800000,0x0000000089a906c0,0x000000008e980000)
 Metaspace       used 13092K, capacity 13384K, committed 13568K, reserved 1060864K
  class space    used 1324K, capacity 1428K, committed 1536K, reserved 1048576K
}
Event: 262.307 GC heap before
{Heap before GC invocations=15 (full 1):
 PSYoungGen      total 313856K, used 247328K [0x00000000d5d80000, 0x00000000f5e00000, 0x0000000100000000)
  eden space 247296K, 100% used [0x00000000d5d80000,0x00000000e4f00000,0x00000000e4f00000)
  from space 66560K, 0% used [0x00000000e4f00000,0x00000000e4f08000,0x00000000e9000000)
  to   space 65024K, 0% used [0x00000000f1e80000,0x00000000f1e80000,0x00000000f5e00000)
 ParOldGen       total 214528K, used 133697K [0x0000000081800000, 0x000000008e980000, 0x00000000d5d80000)
  object space 214528K, 62% used [0x0000000081800000,0x0000000089a906c0,0x000000008e980000)
 Metaspace       used 13092K, capacity 13384K, committed 13568K, reserved 1060864K
  class space    used 1324K, capacity 1428K, committed 1536K, reserved 1048576K
Event: 262.308 GC heap after
Heap after GC invocations=15 (full 1):
 PSYoungGen      total 455680K, used 32K [0x00000000d5d80000, 0x00000000f5a00000, 0x0000000100000000)
  eden space 394752K, 0% used [0x00000000d5d80000,0x00000000d5d80000,0x00000000edf00000)
  from space 60928K, 0% used [0x00000000f1e80000,0x00000000f1e88000,0x00000000f5a00000)
  to   space 62976K, 0% used [0x00000000edf00000,0x00000000edf00000,0x00000000f1c80000)
 ParOldGen       total 214528K, used 133697K [0x0000000081800000, 0x000000008e980000, 0x00000000d5d80000)
  object space 214528K, 62% used [0x0000000081800000,0x0000000089a906c0,0x000000008e980000)
 Metaspace       used 13092K, capacity 13384K, committed 13568K, reserved 1060864K
  class space    used 1324K, capacity 1428K, committed 1536K, reserved 1048576K
}
Event: 269.056 GC heap before
{Heap before GC invocations=16 (full 1):
 PSYoungGen      total 455680K, used 394784K [0x00000000d5d80000, 0x00000000f5a00000, 0x0000000100000000)
  eden space 394752K, 100% used [0x00000000d5d80000,0x00000000edf00000,0x00000000edf00000)
  from space 60928K, 0% used [0x00000000f1e80000,0x00000000f1e88000,0x00000000f5a00000)
  to   space 62976K, 0% used [0x00000000edf00000,0x00000000edf00000,0x00000000f1c80000)
 ParOldGen       total 214528K, used 133697K [0x0000000081800000, 0x000000008e980000, 0x00000000d5d80000)
  object space 214528K, 62% used [0x0000000081800000,0x0000000089a906c0,0x000000008e980000)
 Metaspace       used 13092K, capacity 13384K, committed 13568K, reserved 1060864K
  class space    used 1324K, capacity 1428K, committed 1536K, reserved 1048576K
Event: 269.171 GC heap after
Heap after GC invocations=16 (full 1):
 PSYoungGen      total 457728K, used 62976K [0x00000000d5d80000, 0x0000000100000000, 0x0000000100000000)
  eden space 394752K, 0% used [0x00000000d5d80000,0x00000000d5d80000,0x00000000edf00000)
  from space 62976K, 100% used [0x00000000edf00000,0x00000000f1c80000,0x00000000f1c80000)
  to   space 114176K, 0% used [0x00000000f9080000,0x00000000f9080000,0x0000000100000000)
 ParOldGen       total 238080K, used 237585K [0x0000000081800000, 0x0000000090080000, 0x00000000d5d80000)
  object space 238080K, 99% used [0x0000000081800000,0x00000000900046c0,0x0000000090080000)
 Metaspace       used 13092K, capacity 13384K, committed 13568K, reserved 1060864K
  class space    used 1324K, capacity 1428K, committed 1536K, reserved 1048576K
}
Event: 269.171 GC heap before
{Heap before GC invocations=17 (full 2):
 PSYoungGen      total 457728K, used 62976K [0x00000000d5d80000, 0x0000000100000000, 0x0000000100000000)
  eden space 394752K, 0% used [0x00000000d5d80000,0x00000000d5d80000,0x00000000edf00000)
  from space 62976K, 100% used [0x00000000edf00000,0x00000000f1c80000,0x00000000f1c80000)
  to   space 114176K, 0% used [0x00000000f9080000,0x00000000f9080000,0x0000000100000000)
 ParOldGen       total 238080K, used 237585K [0x0000000081800000, 0x0000000090080000, 0x00000000d5d80000)
  object space 238080K, 99% used [0x0000000081800000,0x00000000900046c0,0x0000000090080000)
 Metaspace       used 13092K, capacity 13384K, committed 13568K, reserved 1060864K
  class space    used 1324K, capacity 1428K, committed 1536K, reserved 1048576K
Event: 269.598 GC heap after
Heap after GC invocations=17 (full 2):
 PSYoungGen      total 457728K, used 51494K [0x00000000d5d80000, 0x0000000100000000, 0x0000000100000000)
  eden space 394752K, 0% used [0x00000000d5d80000,0x00000000d5d80000,0x00000000edf00000)
  from space 62976K, 81% used [0x00000000edf00000,0x00000000f1149928,0x00000000f1c80000)
  to   space 114176K, 0% used [0x00000000f9080000,0x00000000f9080000,0x0000000100000000)
 ParOldGen       total 357888K, used 237638K [0x0000000081800000, 0x0000000097580000, 0x00000000d5d80000)
  object space 357888K, 66% used [0x0000000081800000,0x0000000090011a98,0x0000000097580000)
 Metaspace       used 13092K, capacity 13384K, committed 13568K, reserved 1060864K
  class space    used 1324K, capacity 1428K, committed 1536K, reserved 1048576K
}

