# JRE version: Java(TM) SE Runtime Environment (8.0_121-b13) (build 1.8.0_121-b13)
# Java VM: Java HotSpot(TM) 64-Bit Server VM (25.121-b13 mixed mode windows-amd64 compressed oops)
Heap:
 PSYoungGen      total 574976K, used 27534K [0x00000000d5d80000, 0x0000000100000000, 0x0000000100000000)
  eden space 459264K, 5% used [0x00000000d5d80000,0x00000000d7863ab8,0x00000000f1e00000)
  from space 115712K, 0% used [0x00000000f1e00000,0x00000000f1e00000,0x00000000f8f00000)
  to   space 115712K, 0% used [0x00000000f8f00000,0x00000000f8f00000,0x0000000100000000)
 ParOldGen       total 352256K, used 237401K [0x0000000081800000, 0x0000000097000000, 0x00000000d5d80000)
  object space 352256K, 67% used [0x0000000081800000,0x000000008ffd67d8,0x0000000097000000)
 Metaspace       used 12977K, capacity 13340K, committed 13568K, reserved 1060864K
  class space    used 1331K, capacity 1432K, committed 1536K, reserved 1048576K
GC Heap History (10 events):
Event: 870.081 GC heap before
{Heap before GC invocations=17 (full 2):
 PSYoungGen      total 543744K, used 495330K [0x00000000d5d80000, 0x00000000fc500000, 0x0000000100000000)
  eden space 467456K, 100% used [0x00000000d5d80000,0x00000000f2600000,0x00000000f2600000)
  from space 76288K, 36% used [0x00000000f7a80000,0x00000000f95b8b20,0x00000000fc500000)
  to   space 81408K, 0% used [0x00000000f2600000,0x00000000f2600000,0x00000000f7580000)
 ParOldGen       total 146944K, used 85369K [0x0000000081800000, 0x000000008a780000, 0x00000000d5d80000)
  object space 146944K, 58% used [0x0000000081800000,0x0000000086b5e568,0x000000008a780000)
 Metaspace       used 12969K, capacity 13336K, committed 13568K, reserved 1060864K
  class space    used 1331K, capacity 1432K, committed 1536K, reserved 1048576K
Event: 870.493 GC heap after
Heap after GC invocations=17 (full 2):
 PSYoungGen      total 548864K, used 81408K [0x00000000d5d80000, 0x0000000100000000, 0x0000000100000000)
  eden space 467456K, 0% used [0x00000000d5d80000,0x00000000d5d80000,0x00000000f2600000)
  from space 81408K, 100% used [0x00000000f2600000,0x00000000f7580000,0x00000000f7580000)
  to   space 113152K, 0% used [0x00000000f9180000,0x00000000f9180000,0x0000000100000000)
 ParOldGen       total 146944K, used 134457K [0x0000000081800000, 0x000000008a780000, 0x00000000d5d80000)
  object space 146944K, 91% used [0x0000000081800000,0x0000000089b4e568,0x000000008a780000)
 Metaspace       used 12969K, capacity 13336K, committed 13568K, reserved 1060864K
  class space    used 1331K, capacity 1432K, committed 1536K, reserved 1048576K
}
Event: 870.493 GC heap before
{Heap before GC invocations=18 (full 3):
 PSYoungGen      total 548864K, used 81408K [0x00000000d5d80000, 0x0000000100000000, 0x0000000100000000)
  eden space 467456K, 0% used [0x00000000d5d80000,0x00000000d5d80000,0x00000000f2600000)
  from space 81408K, 100% used [0x00000000f2600000,0x00000000f7580000,0x00000000f7580000)
  to   space 113152K, 0% used [0x00000000f9180000,0x00000000f9180000,0x0000000100000000)
 ParOldGen       total 146944K, used 134457K [0x0000000081800000, 0x000000008a780000, 0x00000000d5d80000)
  object space 146944K, 91% used [0x0000000081800000,0x0000000089b4e568,0x000000008a780000)
 Metaspace       used 12969K, capacity 13336K, committed 13568K, reserved 1060864K
  class space    used 1331K, capacity 1432K, committed 1536K, reserved 1048576K
Event: 870.964 GC heap after
Heap after GC invocations=18 (full 3):
 PSYoungGen      total 548864K, used 0K [0x00000000d5d80000, 0x0000000100000000, 0x0000000100000000)
  eden space 467456K, 0% used [0x00000000d5d80000,0x00000000d5d80000,0x00000000f2600000)
  from space 81408K, 0% used [0x00000000f2600000,0x00000000f2600000,0x00000000f7580000)
  to   space 113152K, 0% used [0x00000000f9180000,0x00000000f9180000,0x0000000100000000)
 ParOldGen       total 213504K, used 135569K [0x0000000081800000, 0x000000008e880000, 0x00000000d5d80000)
  object space 213504K, 63% used [0x0000000081800000,0x0000000089c64650,0x000000008e880000)
 Metaspace       used 12969K, capacity 13336K, committed 13568K, reserved 1060864K
  class space    used 1331K, capacity 1432K, committed 1536K, reserved 1048576K
}
Event: 1294.696 GC heap before
{Heap before GC invocations=19 (full 3):
 PSYoungGen      total 548864K, used 467456K [0x00000000d5d80000, 0x0000000100000000, 0x0000000100000000)
  eden space 467456K, 100% used [0x00000000d5d80000,0x00000000f2600000,0x00000000f2600000)
  from space 81408K, 0% used [0x00000000f2600000,0x00000000f2600000,0x00000000f7580000)
  to   space 113152K, 0% used [0x00000000f9180000,0x00000000f9180000,0x0000000100000000)
 ParOldGen       total 213504K, used 135569K [0x0000000081800000, 0x000000008e880000, 0x00000000d5d80000)
  object space 213504K, 63% used [0x0000000081800000,0x0000000089c64650,0x000000008e880000)
 Metaspace       used 12977K, capacity 13340K, committed 13568K, reserved 1060864K
  class space    used 1331K, capacity 1432K, committed 1536K, reserved 1048576K
Event: 1295.292 GC heap after
Heap after GC invocations=19 (full 3):
 PSYoungGen      total 572416K, used 66464K [0x00000000d5d80000, 0x0000000100000000, 0x0000000100000000)
  eden space 459264K, 0% used [0x00000000d5d80000,0x00000000d5d80000,0x00000000f1e00000)
  from space 113152K, 58% used [0x00000000f9180000,0x00000000fd268000,0x0000000100000000)
  to   space 115712K, 0% used [0x00000000f1e00000,0x00000000f1e00000,0x00000000f8f00000)
 ParOldGen       total 213504K, used 135569K [0x0000000081800000, 0x000000008e880000, 0x00000000d5d80000)
  object space 213504K, 63% used [0x0000000081800000,0x0000000089c64650,0x000000008e880000)
 Metaspace       used 12977K, capacity 13340K, committed 13568K, reserved 1060864K
  class space    used 1331K, capacity 1432K, committed 1536K, reserved 1048576K
}
Event: 1306.364 GC heap before
{Heap before GC invocations=20 (full 3):
 PSYoungGen      total 572416K, used 525728K [0x00000000d5d80000, 0x0000000100000000, 0x0000000100000000)
  eden space 459264K, 100% used [0x00000000d5d80000,0x00000000f1e00000,0x00000000f1e00000)
  from space 113152K, 58% used [0x00000000f9180000,0x00000000fd268000,0x0000000100000000)
  to   space 115712K, 0% used [0x00000000f1e00000,0x00000000f1e00000,0x00000000f8f00000)
 ParOldGen       total 213504K, used 135569K [0x0000000081800000, 0x000000008e880000, 0x00000000d5d80000)
  object space 213504K, 63% used [0x0000000081800000,0x0000000089c64650,0x000000008e880000)
 Metaspace       used 12977K, capacity 13340K, committed 13568K, reserved 1060864K
  class space    used 1331K, capacity 1432K, committed 1536K, reserved 1048576K
Event: 1307.124 GC heap after
Heap after GC invocations=20 (full 3):
 PSYoungGen      total 574976K, used 115712K [0x00000000d5d80000, 0x0000000100000000, 0x0000000100000000)
  eden space 459264K, 0% used [0x00000000d5d80000,0x00000000d5d80000,0x00000000f1e00000)
  from space 115712K, 100% used [0x00000000f1e00000,0x00000000f8f00000,0x00000000f8f00000)
  to   space 115712K, 0% used [0x00000000f8f00000,0x00000000f8f00000,0x0000000100000000)
 ParOldGen       total 256000K, used 254881K [0x0000000081800000, 0x0000000091200000, 0x00000000d5d80000)
  object space 256000K, 99% used [0x0000000081800000,0x00000000910e8660,0x0000000091200000)
 Metaspace       used 12977K, capacity 13340K, committed 13568K, reserved 1060864K
  class space    used 1331K, capacity 1432K, committed 1536K, reserved 1048576K
}
Event: 1307.124 GC heap before
{Heap before GC invocations=21 (full 4):
 PSYoungGen      total 574976K, used 115712K [0x00000000d5d80000, 0x0000000100000000, 0x0000000100000000)
  eden space 459264K, 0% used [0x00000000d5d80000,0x00000000d5d80000,0x00000000f1e00000)
  from space 115712K, 100% used [0x00000000f1e00000,0x00000000f8f00000,0x00000000f8f00000)
  to   space 115712K, 0% used [0x00000000f8f00000,0x00000000f8f00000,0x0000000100000000)
 ParOldGen       total 256000K, used 254881K [0x0000000081800000, 0x0000000091200000, 0x00000000d5d80000)
  object space 256000K, 99% used [0x0000000081800000,0x00000000910e8660,0x0000000091200000)
 Metaspace       used 12977K, capacity 13340K, committed 13568K, reserved 1060864K
  class space    used 1331K, capacity 1432K, committed 1536K, reserved 1048576K
Event: 1308.126 GC heap after
Heap after GC invocations=21 (full 4):
 PSYoungGen      total 574976K, used 0K [0x00000000d5d80000, 0x0000000100000000, 0x0000000100000000)
  eden space 459264K, 0% used [0x00000000d5d80000,0x00000000d5d80000,0x00000000f1e00000)
  from space 115712K, 0% used [0x00000000f1e00000,0x00000000f1e00000,0x00000000f8f00000)
  to   space 115712K, 0% used [0x00000000f8f00000,0x00000000f8f00000,0x0000000100000000)
 ParOldGen       total 352256K, used 237401K [0x0000000081800000, 0x0000000097000000, 0x00000000d5d80000)
  object space 352256K, 67% used [0x0000000081800000,0x000000008ffd67d8,0x0000000097000000)
 Metaspace       used 12977K, capacity 13340K, committed 13568K, reserved 1060864K
  class space    used 1331K, capacity 1432K, committed 1536K, reserved 1048576K
}

