# JRE version: Java(TM) SE Runtime Environment (8.0_121-b13) (build 1.8.0_121-b13)
# Java VM: Java HotSpot(TM) 64-Bit Server VM (25.121-b13 mixed mode windows-amd64 compressed oops)
Heap:
 PSYoungGen      total 167936K, used 167150K [0x00000000d5d80000, 0x00000000e3d80000, 0x0000000100000000)
  eden space 159232K, 99% used [0x00000000d5d80000,0x00000000df83bba8,0x00000000df900000)
  from space 8704K, 99% used [0x00000000e3500000,0x00000000e3d7fee8,0x00000000e3d80000)
  to   space 10240K, 0% used [0x00000000e2980000,0x00000000e2980000,0x00000000e3380000)
 ParOldGen       total 80384K, used 14928K [0x0000000081800000, 0x0000000086680000, 0x00000000d5d80000)
  object space 80384K, 18% used [0x0000000081800000,0x00000000826942a0,0x0000000086680000)
 Metaspace       used 44787K, capacity 45060K, committed 45608K, reserved 1089536K
  class space    used 6048K, capacity 6146K, committed 6192K, reserved 1048576K
GC Heap History (10 events):
Event: 7.166 GC heap before
{Heap before GC invocations=6 (full 1):
 PSYoungGen      total 71680K, used 66560K [0x00000000d5d80000, 0x00000000da880000, 0x0000000100000000)
  eden space 66560K, 100% used [0x00000000d5d80000,0x00000000d9e80000,0x00000000d9e80000)
  from space 5120K, 0% used [0x00000000da380000,0x00000000da380000,0x00000000da880000)
  to   space 5120K, 0% used [0x00000000d9e80000,0x00000000d9e80000,0x00000000da380000)
 ParOldGen       total 50176K, used 7402K [0x0000000081800000, 0x0000000084900000, 0x00000000d5d80000)
  object space 50176K, 14% used [0x0000000081800000,0x0000000081f3a9d0,0x0000000084900000)
 Metaspace       used 27814K, capacity 27970K, committed 28208K, reserved 1073152K
  class space    used 3713K, capacity 3775K, committed 3888K, reserved 1048576K
Event: 7.172 GC heap after
Heap after GC invocations=6 (full 1):
 PSYoungGen      total 71680K, used 5098K [0x00000000d5d80000, 0x00000000de180000, 0x0000000100000000)
  eden space 66560K, 0% used [0x00000000d5d80000,0x00000000d5d80000,0x00000000d9e80000)
  from space 5120K, 99% used [0x00000000d9e80000,0x00000000da37a858,0x00000000da380000)
  to   space 8192K, 0% used [0x00000000dd980000,0x00000000dd980000,0x00000000de180000)
 ParOldGen       total 50176K, used 9765K [0x0000000081800000, 0x0000000084900000, 0x00000000d5d80000)
  object space 50176K, 19% used [0x0000000081800000,0x0000000082189688,0x0000000084900000)
 Metaspace       used 27814K, capacity 27970K, committed 28208K, reserved 1073152K
  class space    used 3713K, capacity 3775K, committed 3888K, reserved 1048576K
}
Event: 7.670 GC heap before
{Heap before GC invocations=7 (full 1):
 PSYoungGen      total 71680K, used 71658K [0x00000000d5d80000, 0x00000000de180000, 0x0000000100000000)
  eden space 66560K, 100% used [0x00000000d5d80000,0x00000000d9e80000,0x00000000d9e80000)
  from space 5120K, 99% used [0x00000000d9e80000,0x00000000da37a858,0x00000000da380000)
  to   space 8192K, 0% used [0x00000000dd980000,0x00000000dd980000,0x00000000de180000)
 ParOldGen       total 50176K, used 9765K [0x0000000081800000, 0x0000000084900000, 0x00000000d5d80000)
  object space 50176K, 19% used [0x0000000081800000,0x0000000082189688,0x0000000084900000)
 Metaspace       used 32894K, capacity 33100K, committed 33456K, reserved 1079296K
  class space    used 4391K, capacity 4458K, committed 4528K, reserved 1048576K
Event: 7.676 GC heap after
Heap after GC invocations=7 (full 1):
 PSYoungGen      total 125952K, used 8005K [0x00000000d5d80000, 0x00000000de180000, 0x0000000100000000)
  eden space 117760K, 0% used [0x00000000d5d80000,0x00000000d5d80000,0x00000000dd080000)
  from space 8192K, 97% used [0x00000000dd980000,0x00000000de1516e0,0x00000000de180000)
  to   space 8192K, 0% used [0x00000000dd180000,0x00000000dd180000,0x00000000dd980000)
 ParOldGen       total 50176K, used 9773K [0x0000000081800000, 0x0000000084900000, 0x00000000d5d80000)
  object space 50176K, 19% used [0x0000000081800000,0x000000008218b688,0x0000000084900000)
 Metaspace       used 32894K, capacity 33100K, committed 33456K, reserved 1079296K
  class space    used 4391K, capacity 4458K, committed 4528K, reserved 1048576K
}
Event: 7.927 GC heap before
{Heap before GC invocations=8 (full 1):
 PSYoungGen      total 125952K, used 40015K [0x00000000d5d80000, 0x00000000de180000, 0x0000000100000000)
  eden space 117760K, 27% used [0x00000000d5d80000,0x00000000d7cc26b8,0x00000000dd080000)
  from space 8192K, 97% used [0x00000000dd980000,0x00000000de1516e0,0x00000000de180000)
  to   space 8192K, 0% used [0x00000000dd180000,0x00000000dd180000,0x00000000dd980000)
 ParOldGen       total 50176K, used 9773K [0x0000000081800000, 0x0000000084900000, 0x00000000d5d80000)
  object space 50176K, 19% used [0x0000000081800000,0x000000008218b688,0x0000000084900000)
 Metaspace       used 35035K, capacity 35192K, committed 35496K, reserved 1079296K
  class space    used 4691K, capacity 4748K, committed 4784K, reserved 1048576K
Event: 7.936 GC heap after
Heap after GC invocations=8 (full 1):
 PSYoungGen      total 126976K, used 6698K [0x00000000d5d80000, 0x00000000e3d80000, 0x0000000100000000)
  eden space 118784K, 0% used [0x00000000d5d80000,0x00000000d5d80000,0x00000000dd180000)
  from space 8192K, 81% used [0x00000000dd180000,0x00000000dd80a9a0,0x00000000dd980000)
  to   space 8704K, 0% used [0x00000000e3500000,0x00000000e3500000,0x00000000e3d80000)
 ParOldGen       total 50176K, used 9773K [0x0000000081800000, 0x0000000084900000, 0x00000000d5d80000)
  object space 50176K, 19% used [0x0000000081800000,0x000000008218b688,0x0000000084900000)
 Metaspace       used 35035K, capacity 35192K, committed 35496K, reserved 1079296K
  class space    used 4691K, capacity 4748K, committed 4784K, reserved 1048576K
}
Event: 7.936 GC heap before
{Heap before GC invocations=9 (full 2):
 PSYoungGen      total 126976K, used 6698K [0x00000000d5d80000, 0x00000000e3d80000, 0x0000000100000000)
  eden space 118784K, 0% used [0x00000000d5d80000,0x00000000d5d80000,0x00000000dd180000)
  from space 8192K, 81% used [0x00000000dd180000,0x00000000dd80a9a0,0x00000000dd980000)
  to   space 8704K, 0% used [0x00000000e3500000,0x00000000e3500000,0x00000000e3d80000)
 ParOldGen       total 50176K, used 9773K [0x0000000081800000, 0x0000000084900000, 0x00000000d5d80000)
  object space 50176K, 19% used [0x0000000081800000,0x000000008218b688,0x0000000084900000)
 Metaspace       used 35035K, capacity 35192K, committed 35496K, reserved 1079296K
  class space    used 4691K, capacity 4748K, committed 4784K, reserved 1048576K
Event: 8.051 GC heap after
Heap after GC invocations=9 (full 2):
 PSYoungGen      total 126976K, used 0K [0x00000000d5d80000, 0x00000000e3d80000, 0x0000000100000000)
  eden space 118784K, 0% used [0x00000000d5d80000,0x00000000d5d80000,0x00000000dd180000)
  from space 8192K, 0% used [0x00000000dd180000,0x00000000dd180000,0x00000000dd980000)
  to   space 8704K, 0% used [0x00000000e3500000,0x00000000e3500000,0x00000000e3d80000)
 ParOldGen       total 80384K, used 11787K [0x0000000081800000, 0x0000000086680000, 0x00000000d5d80000)
  object space 80384K, 14% used [0x0000000081800000,0x0000000082382e90,0x0000000086680000)
 Metaspace       used 35035K, capacity 35192K, committed 35496K, reserved 1079296K
  class space    used 4691K, capacity 4748K, committed 4784K, reserved 1048576K
}
Event: 8.802 GC heap before
{Heap before GC invocations=10 (full 2):
 PSYoungGen      total 126976K, used 118784K [0x00000000d5d80000, 0x00000000e3d80000, 0x0000000100000000)
  eden space 118784K, 100% used [0x00000000d5d80000,0x00000000dd180000,0x00000000dd180000)
  from space 8192K, 0% used [0x00000000dd180000,0x00000000dd180000,0x00000000dd980000)
  to   space 8704K, 0% used [0x00000000e3500000,0x00000000e3500000,0x00000000e3d80000)
 ParOldGen       total 80384K, used 11787K [0x0000000081800000, 0x0000000086680000, 0x00000000d5d80000)
  object space 80384K, 14% used [0x0000000081800000,0x0000000082382e90,0x0000000086680000)
 Metaspace       used 41136K, capacity 41368K, committed 41768K, reserved 1085440K
  class space    used 5591K, capacity 5676K, committed 5680K, reserved 1048576K
Event: 8.812 GC heap after
Heap after GC invocations=10 (full 2):
 PSYoungGen      total 167936K, used 8703K [0x00000000d5d80000, 0x00000000e3d80000, 0x0000000100000000)
  eden space 159232K, 0% used [0x00000000d5d80000,0x00000000d5d80000,0x00000000df900000)
  from space 8704K, 99% used [0x00000000e3500000,0x00000000e3d7fee8,0x00000000e3d80000)
  to   space 10240K, 0% used [0x00000000e2980000,0x00000000e2980000,0x00000000e3380000)
 ParOldGen       total 80384K, used 14928K [0x0000000081800000, 0x0000000086680000, 0x00000000d5d80000)
  object space 80384K, 18% used [0x0000000081800000,0x00000000826942a0,0x0000000086680000)
 Metaspace       used 41136K, capacity 41368K, committed 41768K, reserved 1085440K
  class space    used 5591K, capacity 5676K, committed 5680K, reserved 1048576K
}

