# JRE version: Java(TM) SE Runtime Environment (8.0_121-b13) (build 1.8.0_121-b13)
# Java VM: Java HotSpot(TM) 64-Bit Server VM (25.121-b13 mixed mode windows-amd64 compressed oops)
Heap:
 PSYoungGen      total 470528K, used 141590K [0x00000000d5d80000, 0x00000000f6780000, 0x0000000100000000)
  eden space 420864K, 31% used [0x00000000d5d80000,0x00000000de0bdbd8,0x00000000ef880000)
  from space 49664K, 14% used [0x00000000f3700000,0x00000000f3e08000,0x00000000f6780000)
  to   space 56832K, 0% used [0x00000000ef880000,0x00000000ef880000,0x00000000f3000000)
 ParOldGen       total 200704K, used 123515K [0x0000000081800000, 0x000000008dc00000, 0x00000000d5d80000)
  object space 200704K, 61% used [0x0000000081800000,0x000000008909edc8,0x000000008dc00000)
 Metaspace       used 12634K, capacity 12932K, committed 13056K, reserved 1060864K
  class space    used 1304K, capacity 1418K, committed 1536K, reserved 1048576K
GC Heap History (10 events):
Event: 93.206 GC heap before
{Heap before GC invocations=7 (full 0):
 PSYoungGen      total 147456K, used 138256K [0x00000000d5d80000, 0x00000000dfc80000, 0x0000000100000000)
  eden space 133120K, 100% used [0x00000000d5d80000,0x00000000ddf80000,0x00000000ddf80000)
  from space 14336K, 35% used [0x00000000dee80000,0x00000000df384030,0x00000000dfc80000)
  to   space 14848K, 0% used [0x00000000ddf80000,0x00000000ddf80000,0x00000000dee00000)
 ParOldGen       total 87552K, used 12497K [0x0000000081800000, 0x0000000086d80000, 0x00000000d5d80000)
  object space 87552K, 14% used [0x0000000081800000,0x0000000082434408,0x0000000086d80000)
 Metaspace       used 12537K, capacity 12786K, committed 12928K, reserved 1060864K
  class space    used 1287K, capacity 1351K, committed 1408K, reserved 1048576K
Event: 93.213 GC heap after
Heap after GC invocations=7 (full 0):
 PSYoungGen      total 147968K, used 11232K [0x00000000d5d80000, 0x00000000e8080000, 0x0000000100000000)
  eden space 133120K, 0% used [0x00000000d5d80000,0x00000000d5d80000,0x00000000ddf80000)
  from space 14848K, 75% used [0x00000000ddf80000,0x00000000dea78000,0x00000000dee00000)
  to   space 15872K, 0% used [0x00000000e7100000,0x00000000e7100000,0x00000000e8080000)
 ParOldGen       total 87552K, used 16766K [0x0000000081800000, 0x0000000086d80000, 0x00000000d5d80000)
  object space 87552K, 19% used [0x0000000081800000,0x000000008285fbc0,0x0000000086d80000)
 Metaspace       used 12537K, capacity 12786K, committed 12928K, reserved 1060864K
  class space    used 1287K, capacity 1351K, committed 1408K, reserved 1048576K
}
Event: 93.427 GC heap before
{Heap before GC invocations=8 (full 0):
 PSYoungGen      total 147968K, used 144352K [0x00000000d5d80000, 0x00000000e8080000, 0x0000000100000000)
  eden space 133120K, 100% used [0x00000000d5d80000,0x00000000ddf80000,0x00000000ddf80000)
  from space 14848K, 75% used [0x00000000ddf80000,0x00000000dea78000,0x00000000dee00000)
  to   space 15872K, 0% used [0x00000000e7100000,0x00000000e7100000,0x00000000e8080000)
 ParOldGen       total 87552K, used 16766K [0x0000000081800000, 0x0000000086d80000, 0x00000000d5d80000)
  object space 87552K, 19% used [0x0000000081800000,0x000000008285fbc0,0x0000000086d80000)
 Metaspace       used 12539K, capacity 12786K, committed 12928K, reserved 1060864K
  class space    used 1287K, capacity 1351K, committed 1408K, reserved 1048576K
Event: 93.431 GC heap after
Heap after GC invocations=8 (full 0):
 PSYoungGen      total 282112K, used 10400K [0x00000000d5d80000, 0x00000000e8080000, 0x0000000100000000)
  eden space 266240K, 0% used [0x00000000d5d80000,0x00000000d5d80000,0x00000000e6180000)
  from space 15872K, 65% used [0x00000000e7100000,0x00000000e7b28000,0x00000000e8080000)
  to   space 15872K, 0% used [0x00000000e6180000,0x00000000e6180000,0x00000000e7100000)
 ParOldGen       total 87552K, used 17622K [0x0000000081800000, 0x0000000086d80000, 0x00000000d5d80000)
  object space 87552K, 20% used [0x0000000081800000,0x0000000082935bc0,0x0000000086d80000)
 Metaspace       used 12539K, capacity 12786K, committed 12928K, reserved 1060864K
  class space    used 1287K, capacity 1351K, committed 1408K, reserved 1048576K
}
Event: 93.880 GC heap before
{Heap before GC invocations=9 (full 0):
 PSYoungGen      total 282112K, used 276640K [0x00000000d5d80000, 0x00000000e8080000, 0x0000000100000000)
  eden space 266240K, 100% used [0x00000000d5d80000,0x00000000e6180000,0x00000000e6180000)
  from space 15872K, 65% used [0x00000000e7100000,0x00000000e7b28000,0x00000000e8080000)
  to   space 15872K, 0% used [0x00000000e6180000,0x00000000e6180000,0x00000000e7100000)
 ParOldGen       total 87552K, used 17622K [0x0000000081800000, 0x0000000086d80000, 0x00000000d5d80000)
  object space 87552K, 20% used [0x0000000081800000,0x0000000082935bc0,0x0000000086d80000)
 Metaspace       used 12597K, capacity 12836K, committed 12928K, reserved 1060864K
  class space    used 1297K, capacity 1386K, committed 1408K, reserved 1048576K
Event: 93.929 GC heap after
Heap after GC invocations=9 (full 0):
 PSYoungGen      total 282112K, used 15872K [0x00000000d5d80000, 0x00000000f7080000, 0x0000000100000000)
  eden space 266240K, 0% used [0x00000000d5d80000,0x00000000d5d80000,0x00000000e6180000)
  from space 15872K, 100% used [0x00000000e6180000,0x00000000e7100000,0x00000000e7100000)
  to   space 58880K, 0% used [0x00000000f3700000,0x00000000f3700000,0x00000000f7080000)
 ParOldGen       total 118272K, used 117990K [0x0000000081800000, 0x0000000088b80000, 0x00000000d5d80000)
  object space 118272K, 99% used [0x0000000081800000,0x0000000088b39bc0,0x0000000088b80000)
 Metaspace       used 12597K, capacity 12836K, committed 12928K, reserved 1060864K
  class space    used 1297K, capacity 1386K, committed 1408K, reserved 1048576K
}
Event: 93.929 GC heap before
{Heap before GC invocations=10 (full 1):
 PSYoungGen      total 282112K, used 15872K [0x00000000d5d80000, 0x00000000f7080000, 0x0000000100000000)
  eden space 266240K, 0% used [0x00000000d5d80000,0x00000000d5d80000,0x00000000e6180000)
  from space 15872K, 100% used [0x00000000e6180000,0x00000000e7100000,0x00000000e7100000)
  to   space 58880K, 0% used [0x00000000f3700000,0x00000000f3700000,0x00000000f7080000)
 ParOldGen       total 118272K, used 117990K [0x0000000081800000, 0x0000000088b80000, 0x00000000d5d80000)
  object space 118272K, 99% used [0x0000000081800000,0x0000000088b39bc0,0x0000000088b80000)
 Metaspace       used 12597K, capacity 12836K, committed 12928K, reserved 1060864K
  class space    used 1297K, capacity 1386K, committed 1408K, reserved 1048576K
Event: 94.059 GC heap after
Heap after GC invocations=10 (full 1):
 PSYoungGen      total 282112K, used 12207K [0x00000000d5d80000, 0x00000000f7080000, 0x0000000100000000)
  eden space 266240K, 0% used [0x00000000d5d80000,0x00000000d5d80000,0x00000000e6180000)
  from space 15872K, 76% used [0x00000000e6180000,0x00000000e6d6bee0,0x00000000e7100000)
  to   space 58880K, 0% used [0x00000000f3700000,0x00000000f3700000,0x00000000f7080000)
 ParOldGen       total 200704K, used 118195K [0x0000000081800000, 0x000000008dc00000, 0x00000000d5d80000)
  object space 200704K, 58% used [0x0000000081800000,0x0000000088b6cdc8,0x000000008dc00000)
 Metaspace       used 12597K, capacity 12836K, committed 12928K, reserved 1060864K
  class space    used 1297K, capacity 1386K, committed 1408K, reserved 1048576K
}
Event: 94.806 GC heap before
{Heap before GC invocations=11 (full 1):
 PSYoungGen      total 282112K, used 278447K [0x00000000d5d80000, 0x00000000f7080000, 0x0000000100000000)
  eden space 266240K, 100% used [0x00000000d5d80000,0x00000000e6180000,0x00000000e6180000)
  from space 15872K, 76% used [0x00000000e6180000,0x00000000e6d6bee0,0x00000000e7100000)
  to   space 58880K, 0% used [0x00000000f3700000,0x00000000f3700000,0x00000000f7080000)
 ParOldGen       total 200704K, used 118195K [0x0000000081800000, 0x000000008dc00000, 0x00000000d5d80000)
  object space 200704K, 58% used [0x0000000081800000,0x0000000088b6cdc8,0x000000008dc00000)
 Metaspace       used 12597K, capacity 12836K, committed 12928K, reserved 1060864K
  class space    used 1297K, capacity 1386K, committed 1408K, reserved 1048576K
Event: 94.818 GC heap after
Heap after GC invocations=11 (full 1):
 PSYoungGen      total 470528K, used 7200K [0x00000000d5d80000, 0x00000000f6780000, 0x0000000100000000)
  eden space 420864K, 0% used [0x00000000d5d80000,0x00000000d5d80000,0x00000000ef880000)
  from space 49664K, 14% used [0x00000000f3700000,0x00000000f3e08000,0x00000000f6780000)
  to   space 56832K, 0% used [0x00000000ef880000,0x00000000ef880000,0x00000000f3000000)
 ParOldGen       total 200704K, used 123515K [0x0000000081800000, 0x000000008dc00000, 0x00000000d5d80000)
  object space 200704K, 61% used [0x0000000081800000,0x000000008909edc8,0x000000008dc00000)
 Metaspace       used 12597K, capacity 12836K, committed 12928K, reserved 1060864K
  class space    used 1297K, capacity 1386K, committed 1408K, reserved 1048576K
}

