# JRE version: Java(TM) SE Runtime Environment (8.0_121-b13) (build 1.8.0_121-b13)
# Java VM: Java HotSpot(TM) 64-Bit Server VM (25.121-b13 mixed mode windows-amd64 compressed oops)
Heap:
 PSYoungGen      total 669696K, used 429031K [0x00000000d5d80000, 0x0000000100000000, 0x0000000100000000)
  eden space 652800K, 63% used [0x00000000d5d80000,0x00000000ef00a068,0x00000000fdb00000)
  from space 16896K, 99% used [0x00000000fdb00000,0x00000000feb6fbb0,0x00000000feb80000)
  to   space 20480K, 0% used [0x00000000fec00000,0x00000000fec00000,0x0000000100000000)
 ParOldGen       total 101376K, used 46113K [0x0000000081800000, 0x0000000087b00000, 0x00000000d5d80000)
  object space 101376K, 45% used [0x0000000081800000,0x00000000845087c8,0x0000000087b00000)
 Metaspace       used 82212K, capacity 84112K, committed 84264K, reserved 1122304K
  class space    used 11319K, capacity 11738K, committed 11824K, reserved 1048576K
GC Heap History (10 events):
Event: 62.485 GC heap before
{Heap before GC invocations=26 (full 3):
 PSYoungGen      total 674816K, used 670393K [0x00000000d5d80000, 0x00000000fff00000, 0x0000000100000000)
  eden space 659968K, 100% used [0x00000000d5d80000,0x00000000fe200000,0x00000000fe200000)
  from space 14848K, 70% used [0x00000000ff080000,0x00000000ffaae638,0x00000000fff00000)
  to   space 14848K, 0% used [0x00000000fe200000,0x00000000fe200000,0x00000000ff080000)
 ParOldGen       total 101376K, used 46089K [0x0000000081800000, 0x0000000087b00000, 0x00000000d5d80000)
  object space 101376K, 45% used [0x0000000081800000,0x00000000845027c8,0x0000000087b00000)
 Metaspace       used 81282K, capacity 82876K, committed 83112K, reserved 1120256K
  class space    used 11240K, capacity 11596K, committed 11696K, reserved 1048576K
Event: 62.496 GC heap after
Heap after GC invocations=26 (full 3):
 PSYoungGen      total 674816K, used 11655K [0x00000000d5d80000, 0x0000000100000000, 0x0000000100000000)
  eden space 659968K, 0% used [0x00000000d5d80000,0x00000000d5d80000,0x00000000fe200000)
  from space 14848K, 78% used [0x00000000fe200000,0x00000000fed61f10,0x00000000ff080000)
  to   space 15360K, 0% used [0x00000000ff100000,0x00000000ff100000,0x0000000100000000)
 ParOldGen       total 101376K, used 46097K [0x0000000081800000, 0x0000000087b00000, 0x00000000d5d80000)
  object space 101376K, 45% used [0x0000000081800000,0x00000000845047c8,0x0000000087b00000)
 Metaspace       used 81282K, capacity 82876K, committed 83112K, reserved 1120256K
  class space    used 11240K, capacity 11596K, committed 11696K, reserved 1048576K
}
Event: 63.969 GC heap before
{Heap before GC invocations=27 (full 3):
 PSYoungGen      total 674816K, used 671471K [0x00000000d5d80000, 0x0000000100000000, 0x0000000100000000)
  eden space 659968K, 99% used [0x00000000d5d80000,0x00000000fe1d9e30,0x00000000fe200000)
  from space 14848K, 78% used [0x00000000fe200000,0x00000000fed61f10,0x00000000ff080000)
  to   space 15360K, 0% used [0x00000000ff100000,0x00000000ff100000,0x0000000100000000)
 ParOldGen       total 101376K, used 46097K [0x0000000081800000, 0x0000000087b00000, 0x00000000d5d80000)
  object space 101376K, 45% used [0x0000000081800000,0x00000000845047c8,0x0000000087b00000)
 Metaspace       used 81449K, capacity 83126K, committed 83368K, reserved 1120256K
  class space    used 11257K, capacity 11627K, committed 11696K, reserved 1048576K
Event: 63.985 GC heap after
Heap after GC invocations=27 (full 3):
 PSYoungGen      total 673280K, used 12976K [0x00000000d5d80000, 0x0000000100000000, 0x0000000100000000)
  eden space 657920K, 0% used [0x00000000d5d80000,0x00000000d5d80000,0x00000000fe000000)
  from space 15360K, 84% used [0x00000000ff100000,0x00000000ffdac188,0x0000000100000000)
  to   space 16384K, 0% used [0x00000000fe000000,0x00000000fe000000,0x00000000ff000000)
 ParOldGen       total 101376K, used 46097K [0x0000000081800000, 0x0000000087b00000, 0x00000000d5d80000)
  object space 101376K, 45% used [0x0000000081800000,0x00000000845047c8,0x0000000087b00000)
 Metaspace       used 81449K, capacity 83126K, committed 83368K, reserved 1120256K
  class space    used 11257K, capacity 11627K, committed 11696K, reserved 1048576K
}
Event: 65.428 GC heap before
{Heap before GC invocations=28 (full 3):
 PSYoungGen      total 673280K, used 670896K [0x00000000d5d80000, 0x0000000100000000, 0x0000000100000000)
  eden space 657920K, 100% used [0x00000000d5d80000,0x00000000fe000000,0x00000000fe000000)
  from space 15360K, 84% used [0x00000000ff100000,0x00000000ffdac188,0x0000000100000000)
  to   space 16384K, 0% used [0x00000000fe000000,0x00000000fe000000,0x00000000ff000000)
 ParOldGen       total 101376K, used 46097K [0x0000000081800000, 0x0000000087b00000, 0x00000000d5d80000)
  object space 101376K, 45% used [0x0000000081800000,0x00000000845047c8,0x0000000087b00000)
 Metaspace       used 81666K, capacity 83440K, committed 83624K, reserved 1122304K
  class space    used 11275K, capacity 11658K, committed 11696K, reserved 1048576K
Event: 65.440 GC heap after
Heap after GC invocations=28 (full 3):
 PSYoungGen      total 672256K, used 14113K [0x00000000d5d80000, 0x0000000100000000, 0x0000000100000000)
  eden space 657920K, 0% used [0x00000000d5d80000,0x00000000d5d80000,0x00000000fe000000)
  from space 14336K, 98% used [0x00000000fe000000,0x00000000fedc8788,0x00000000fee00000)
  to   space 17408K, 0% used [0x00000000fef00000,0x00000000fef00000,0x0000000100000000)
 ParOldGen       total 101376K, used 46097K [0x0000000081800000, 0x0000000087b00000, 0x00000000d5d80000)
  object space 101376K, 45% used [0x0000000081800000,0x00000000845047c8,0x0000000087b00000)
 Metaspace       used 81666K, capacity 83440K, committed 83624K, reserved 1122304K
  class space    used 11275K, capacity 11658K, committed 11696K, reserved 1048576K
}
Event: 66.793 GC heap before
{Heap before GC invocations=29 (full 3):
 PSYoungGen      total 672256K, used 667949K [0x00000000d5d80000, 0x0000000100000000, 0x0000000100000000)
  eden space 657920K, 99% used [0x00000000d5d80000,0x00000000fdc02f80,0x00000000fe000000)
  from space 14336K, 98% used [0x00000000fe000000,0x00000000fedc8788,0x00000000fee00000)
  to   space 17408K, 0% used [0x00000000fef00000,0x00000000fef00000,0x0000000100000000)
 ParOldGen       total 101376K, used 46097K [0x0000000081800000, 0x0000000087b00000, 0x00000000d5d80000)
  object space 101376K, 45% used [0x0000000081800000,0x00000000845047c8,0x0000000087b00000)
 Metaspace       used 81876K, capacity 83684K, committed 83880K, reserved 1122304K
  class space    used 11291K, capacity 11688K, committed 11696K, reserved 1048576K
Event: 66.808 GC heap after
Heap after GC invocations=29 (full 3):
 PSYoungGen      total 670208K, used 15593K [0x00000000d5d80000, 0x0000000100000000, 0x0000000100000000)
  eden space 652800K, 0% used [0x00000000d5d80000,0x00000000d5d80000,0x00000000fdb00000)
  from space 17408K, 89% used [0x00000000fef00000,0x00000000ffe3a718,0x0000000100000000)
  to   space 18944K, 0% used [0x00000000fdb00000,0x00000000fdb00000,0x00000000fed80000)
 ParOldGen       total 101376K, used 46105K [0x0000000081800000, 0x0000000087b00000, 0x00000000d5d80000)
  object space 101376K, 45% used [0x0000000081800000,0x00000000845067c8,0x0000000087b00000)
 Metaspace       used 81876K, capacity 83684K, committed 83880K, reserved 1122304K
  class space    used 11291K, capacity 11688K, committed 11696K, reserved 1048576K
}
Event: 68.196 GC heap before
{Heap before GC invocations=30 (full 3):
 PSYoungGen      total 670208K, used 668393K [0x00000000d5d80000, 0x0000000100000000, 0x0000000100000000)
  eden space 652800K, 100% used [0x00000000d5d80000,0x00000000fdb00000,0x00000000fdb00000)
  from space 17408K, 89% used [0x00000000fef00000,0x00000000ffe3a718,0x0000000100000000)
  to   space 18944K, 0% used [0x00000000fdb00000,0x00000000fdb00000,0x00000000fed80000)
 ParOldGen       total 101376K, used 46105K [0x0000000081800000, 0x0000000087b00000, 0x00000000d5d80000)
  object space 101376K, 45% used [0x0000000081800000,0x00000000845067c8,0x0000000087b00000)
 Metaspace       used 82075K, capacity 83934K, committed 84264K, reserved 1122304K
  class space    used 11308K, capacity 11719K, committed 11824K, reserved 1048576K
Event: 68.221 GC heap after
Heap after GC invocations=30 (full 3):
 PSYoungGen      total 669696K, used 16830K [0x00000000d5d80000, 0x0000000100000000, 0x0000000100000000)
  eden space 652800K, 0% used [0x00000000d5d80000,0x00000000d5d80000,0x00000000fdb00000)
  from space 16896K, 99% used [0x00000000fdb00000,0x00000000feb6fbb0,0x00000000feb80000)
  to   space 20480K, 0% used [0x00000000fec00000,0x00000000fec00000,0x0000000100000000)
 ParOldGen       total 101376K, used 46113K [0x0000000081800000, 0x0000000087b00000, 0x00000000d5d80000)
  object space 101376K, 45% used [0x0000000081800000,0x00000000845087c8,0x0000000087b00000)
 Metaspace       used 82075K, capacity 83934K, committed 84264K, reserved 1122304K
  class space    used 11308K, capacity 11719K, committed 11824K, reserved 1048576K
}

