# JRE version: Java(TM) SE Runtime Environment (8.0_121-b13) (build 1.8.0_121-b13)
# Java VM: Java HotSpot(TM) 64-Bit Server VM (25.121-b13 mixed mode windows-amd64 compressed oops)
Heap:
 PSYoungGen      total 659456K, used 345301K [0x00000000d5d80000, 0x0000000100000000, 0x0000000100000000)
  eden space 628224K, 51% used [0x00000000d5d80000,0x00000000e9a64598,0x00000000fc300000)
  from space 31232K, 66% used [0x00000000fe180000,0x00000000ff5d0f38,0x0000000100000000)
  to   space 31232K, 0% used [0x00000000fc300000,0x00000000fc300000,0x00000000fe180000)
 ParOldGen       total 119808K, used 36669K [0x0000000081800000, 0x0000000088d00000, 0x00000000d5d80000)
  object space 119808K, 30% used [0x0000000081800000,0x0000000083bcf598,0x0000000088d00000)
 Metaspace       used 82149K, capacity 84070K, committed 84264K, reserved 1122304K
  class space    used 11317K, capacity 11731K, committed 11824K, reserved 1048576K
GC Heap History (10 events):
Event: 109.271 GC heap before
{Heap before GC invocations=29 (full 3):
 PSYoungGen      total 662016K, used 661703K [0x00000000d5d80000, 0x0000000100000000, 0x0000000100000000)
  eden space 638464K, 100% used [0x00000000d5d80000,0x00000000fcd00000,0x00000000fcd00000)
  from space 23552K, 98% used [0x00000000fcd00000,0x00000000fe3b1fa0,0x00000000fe400000)
  to   space 28160K, 0% used [0x00000000fe480000,0x00000000fe480000,0x0000000100000000)
 ParOldGen       total 119808K, used 27926K [0x0000000081800000, 0x0000000088d00000, 0x00000000d5d80000)
  object space 119808K, 23% used [0x0000000081800000,0x00000000833459d0,0x0000000088d00000)
 Metaspace       used 81264K, capacity 82900K, committed 83112K, reserved 1120256K
  class space    used 11244K, capacity 11600K, committed 11696K, reserved 1048576K
Event: 109.337 GC heap after
Heap after GC invocations=29 (full 3):
 PSYoungGen      total 658432K, used 24820K [0x00000000d5d80000, 0x0000000100000000, 0x0000000100000000)
  eden space 630272K, 0% used [0x00000000d5d80000,0x00000000d5d80000,0x00000000fc500000)
  from space 28160K, 88% used [0x00000000fe480000,0x00000000ffcbd370,0x0000000100000000)
  to   space 30208K, 0% used [0x00000000fc500000,0x00000000fc500000,0x00000000fe280000)
 ParOldGen       total 119808K, used 27926K [0x0000000081800000, 0x0000000088d00000, 0x00000000d5d80000)
  object space 119808K, 23% used [0x0000000081800000,0x00000000833459d0,0x0000000088d00000)
 Metaspace       used 81264K, capacity 82900K, committed 83112K, reserved 1120256K
  class space    used 11244K, capacity 11600K, committed 11696K, reserved 1048576K
}
Event: 111.282 GC heap before
{Heap before GC invocations=30 (full 3):
 PSYoungGen      total 658432K, used 655092K [0x00000000d5d80000, 0x0000000100000000, 0x0000000100000000)
  eden space 630272K, 100% used [0x00000000d5d80000,0x00000000fc500000,0x00000000fc500000)
  from space 28160K, 88% used [0x00000000fe480000,0x00000000ffcbd370,0x0000000100000000)
  to   space 30208K, 0% used [0x00000000fc500000,0x00000000fc500000,0x00000000fe280000)
 ParOldGen       total 119808K, used 27926K [0x0000000081800000, 0x0000000088d00000, 0x00000000d5d80000)
  object space 119808K, 23% used [0x0000000081800000,0x00000000833459d0,0x0000000088d00000)
 Metaspace       used 81433K, capacity 83138K, committed 83368K, reserved 1120256K
  class space    used 11260K, capacity 11629K, committed 11696K, reserved 1048576K
Event: 111.320 GC heap after
Heap after GC invocations=30 (full 3):
 PSYoungGen      total 653312K, used 22902K [0x00000000d5d80000, 0x0000000100000000, 0x0000000100000000)
  eden space 630272K, 0% used [0x00000000d5d80000,0x00000000d5d80000,0x00000000fc500000)
  from space 23040K, 99% used [0x00000000fc500000,0x00000000fdb5d8a0,0x00000000fdb80000)
  to   space 31232K, 0% used [0x00000000fe180000,0x00000000fe180000,0x0000000100000000)
 ParOldGen       total 119808K, used 30804K [0x0000000081800000, 0x0000000088d00000, 0x00000000d5d80000)
  object space 119808K, 25% used [0x0000000081800000,0x00000000836150f8,0x0000000088d00000)
 Metaspace       used 81433K, capacity 83138K, committed 83368K, reserved 1120256K
  class space    used 11260K, capacity 11629K, committed 11696K, reserved 1048576K
}
Event: 113.176 GC heap before
{Heap before GC invocations=31 (full 3):
 PSYoungGen      total 653312K, used 653174K [0x00000000d5d80000, 0x0000000100000000, 0x0000000100000000)
  eden space 630272K, 100% used [0x00000000d5d80000,0x00000000fc500000,0x00000000fc500000)
  from space 23040K, 99% used [0x00000000fc500000,0x00000000fdb5d8a0,0x00000000fdb80000)
  to   space 31232K, 0% used [0x00000000fe180000,0x00000000fe180000,0x0000000100000000)
 ParOldGen       total 119808K, used 30804K [0x0000000081800000, 0x0000000088d00000, 0x00000000d5d80000)
  object space 119808K, 25% used [0x0000000081800000,0x00000000836150f8,0x0000000088d00000)
 Metaspace       used 81663K, capacity 83446K, committed 83624K, reserved 1122304K
  class space    used 11277K, capacity 11659K, committed 11696K, reserved 1048576K
Event: 113.225 GC heap after
Heap after GC invocations=31 (full 3):
 PSYoungGen      total 659456K, used 20812K [0x00000000d5d80000, 0x0000000100000000, 0x0000000100000000)
  eden space 628224K, 0% used [0x00000000d5d80000,0x00000000d5d80000,0x00000000fc300000)
  from space 31232K, 66% used [0x00000000fe180000,0x00000000ff5d3010,0x0000000100000000)
  to   space 31232K, 0% used [0x00000000fc300000,0x00000000fc300000,0x00000000fe180000)
 ParOldGen       total 119808K, used 34157K [0x0000000081800000, 0x0000000088d00000, 0x00000000d5d80000)
  object space 119808K, 28% used [0x0000000081800000,0x000000008395b598,0x0000000088d00000)
 Metaspace       used 81663K, capacity 83446K, committed 83624K, reserved 1122304K
  class space    used 11277K, capacity 11659K, committed 11696K, reserved 1048576K
}
Event: 115.092 GC heap before
{Heap before GC invocations=32 (full 3):
 PSYoungGen      total 659456K, used 644956K [0x00000000d5d80000, 0x0000000100000000, 0x0000000100000000)
  eden space 628224K, 99% used [0x00000000d5d80000,0x00000000fbf040c0,0x00000000fc300000)
  from space 31232K, 66% used [0x00000000fe180000,0x00000000ff5d3010,0x0000000100000000)
  to   space 31232K, 0% used [0x00000000fc300000,0x00000000fc300000,0x00000000fe180000)
 ParOldGen       total 119808K, used 34157K [0x0000000081800000, 0x0000000088d00000, 0x00000000d5d80000)
  object space 119808K, 28% used [0x0000000081800000,0x000000008395b598,0x0000000088d00000)
 Metaspace       used 81862K, capacity 83684K, committed 83880K, reserved 1122304K
  class space    used 11294K, capacity 11688K, committed 11696K, reserved 1048576K
Event: 115.135 GC heap after
Heap after GC invocations=32 (full 3):
 PSYoungGen      total 659456K, used 21168K [0x00000000d5d80000, 0x0000000100000000, 0x0000000100000000)
  eden space 628224K, 0% used [0x00000000d5d80000,0x00000000d5d80000,0x00000000fc300000)
  from space 31232K, 67% used [0x00000000fc300000,0x00000000fd7ac300,0x00000000fe180000)
  to   space 31232K, 0% used [0x00000000fe180000,0x00000000fe180000,0x0000000100000000)
 ParOldGen       total 119808K, used 35261K [0x0000000081800000, 0x0000000088d00000, 0x00000000d5d80000)
  object space 119808K, 29% used [0x0000000081800000,0x0000000083a6f598,0x0000000088d00000)
 Metaspace       used 81862K, capacity 83684K, committed 83880K, reserved 1122304K
  class space    used 11294K, capacity 11688K, committed 11696K, reserved 1048576K
}
Event: 116.876 GC heap before
{Heap before GC invocations=33 (full 3):
 PSYoungGen      total 659456K, used 649392K [0x00000000d5d80000, 0x0000000100000000, 0x0000000100000000)
  eden space 628224K, 100% used [0x00000000d5d80000,0x00000000fc300000,0x00000000fc300000)
  from space 31232K, 67% used [0x00000000fc300000,0x00000000fd7ac300,0x00000000fe180000)
  to   space 31232K, 0% used [0x00000000fe180000,0x00000000fe180000,0x0000000100000000)
 ParOldGen       total 119808K, used 35261K [0x0000000081800000, 0x0000000088d00000, 0x00000000d5d80000)
  object space 119808K, 29% used [0x0000000081800000,0x0000000083a6f598,0x0000000088d00000)
 Metaspace       used 82038K, capacity 83922K, committed 84264K, reserved 1122304K
  class space    used 11310K, capacity 11717K, committed 11824K, reserved 1048576K
Event: 116.919 GC heap after
Heap after GC invocations=33 (full 3):
 PSYoungGen      total 659456K, used 20803K [0x00000000d5d80000, 0x0000000100000000, 0x0000000100000000)
  eden space 628224K, 0% used [0x00000000d5d80000,0x00000000d5d80000,0x00000000fc300000)
  from space 31232K, 66% used [0x00000000fe180000,0x00000000ff5d0f38,0x0000000100000000)
  to   space 31232K, 0% used [0x00000000fc300000,0x00000000fc300000,0x00000000fe180000)
 ParOldGen       total 119808K, used 36669K [0x0000000081800000, 0x0000000088d00000, 0x00000000d5d80000)
  object space 119808K, 30% used [0x0000000081800000,0x0000000083bcf598,0x0000000088d00000)
 Metaspace       used 82038K, capacity 83922K, committed 84264K, reserved 1122304K
  class space    used 11310K, capacity 11717K, committed 11824K, reserved 1048576K
}

