# JRE version: Java(TM) SE Runtime Environment (8.0_121-b13) (build 1.8.0_121-b13)
# Java VM: Java HotSpot(TM) 64-Bit Server VM (25.121-b13 mixed mode windows-amd64 compressed oops)
Heap:
 PSYoungGen      total 331264K, used 222173K [0x00000000d5d80000, 0x00000000ed500000, 0x0000000100000000)
  eden space 292864K, 63% used [0x00000000d5d80000,0x00000000e140f418,0x00000000e7b80000)
  from space 38400K, 91% used [0x00000000ea600000,0x00000000ec868000,0x00000000ecb80000)
  to   space 43520K, 0% used [0x00000000e7b80000,0x00000000e7b80000,0x00000000ea600000)
 ParOldGen       total 118272K, used 71240K [0x0000000081800000, 0x0000000088b80000, 0x00000000d5d80000)
  object space 118272K, 60% used [0x0000000081800000,0x0000000085d92320,0x0000000088b80000)
 Metaspace       used 12877K, capacity 13128K, committed 13312K, reserved 1060864K
  class space    used 1326K, capacity 1430K, committed 1536K, reserved 1048576K
GC Heap History (10 events):
Event: 103.691 GC heap before
{Heap before GC invocations=9 (full 1):
 PSYoungGen      total 144896K, used 27120K [0x00000000d5d80000, 0x00000000e3280000, 0x0000000100000000)
  eden space 117760K, 0% used [0x00000000d5d80000,0x00000000d5d80000,0x00000000dd080000)
  from space 27136K, 99% used [0x00000000dfa00000,0x00000000e147c010,0x00000000e1480000)
  to   space 42496K, 0% used [0x00000000dd080000,0x00000000dd080000,0x00000000dfa00000)
 ParOldGen       total 87552K, used 66728K [0x0000000081800000, 0x0000000086d80000, 0x00000000d5d80000)
  object space 87552K, 76% used [0x0000000081800000,0x000000008592a290,0x0000000086d80000)
 Metaspace       used 12862K, capacity 13116K, committed 13312K, reserved 1060864K
  class space    used 1325K, capacity 1430K, committed 1536K, reserved 1048576K
Event: 103.796 GC heap after
Heap after GC invocations=9 (full 1):
 PSYoungGen      total 144896K, used 0K [0x00000000d5d80000, 0x00000000e3280000, 0x0000000100000000)
  eden space 117760K, 0% used [0x00000000d5d80000,0x00000000d5d80000,0x00000000dd080000)
  from space 27136K, 0% used [0x00000000dfa00000,0x00000000dfa00000,0x00000000e1480000)
  to   space 42496K, 0% used [0x00000000dd080000,0x00000000dd080000,0x00000000dfa00000)
 ParOldGen       total 118272K, used 57232K [0x0000000081800000, 0x0000000088b80000, 0x00000000d5d80000)
  object space 118272K, 48% used [0x0000000081800000,0x0000000084fe4310,0x0000000088b80000)
 Metaspace       used 12862K, capacity 13116K, committed 13312K, reserved 1060864K
  class space    used 1325K, capacity 1430K, committed 1536K, reserved 1048576K
}
Event: 126.411 GC heap before
{Heap before GC invocations=10 (full 1):
 PSYoungGen      total 144896K, used 117760K [0x00000000d5d80000, 0x00000000e3280000, 0x0000000100000000)
  eden space 117760K, 100% used [0x00000000d5d80000,0x00000000dd080000,0x00000000dd080000)
  from space 27136K, 0% used [0x00000000dfa00000,0x00000000dfa00000,0x00000000e1480000)
  to   space 42496K, 0% used [0x00000000dd080000,0x00000000dd080000,0x00000000dfa00000)
 ParOldGen       total 118272K, used 57232K [0x0000000081800000, 0x0000000088b80000, 0x00000000d5d80000)
  object space 118272K, 48% used [0x0000000081800000,0x0000000084fe4310,0x0000000088b80000)
 Metaspace       used 12868K, capacity 13116K, committed 13312K, reserved 1060864K
  class space    used 1325K, capacity 1430K, committed 1536K, reserved 1048576K
Event: 126.439 GC heap after
Heap after GC invocations=10 (full 1):
 PSYoungGen      total 160256K, used 12432K [0x00000000d5d80000, 0x00000000e6280000, 0x0000000100000000)
  eden space 117760K, 0% used [0x00000000d5d80000,0x00000000d5d80000,0x00000000dd080000)
  from space 42496K, 29% used [0x00000000dd080000,0x00000000ddca4010,0x00000000dfa00000)
  to   space 39936K, 0% used [0x00000000e3b80000,0x00000000e3b80000,0x00000000e6280000)
 ParOldGen       total 118272K, used 57232K [0x0000000081800000, 0x0000000088b80000, 0x00000000d5d80000)
  object space 118272K, 48% used [0x0000000081800000,0x0000000084fe4310,0x0000000088b80000)
 Metaspace       used 12868K, capacity 13116K, committed 13312K, reserved 1060864K
  class space    used 1325K, capacity 1430K, committed 1536K, reserved 1048576K
}
Event: 126.710 GC heap before
{Heap before GC invocations=11 (full 1):
 PSYoungGen      total 160256K, used 130192K [0x00000000d5d80000, 0x00000000e6280000, 0x0000000100000000)
  eden space 117760K, 100% used [0x00000000d5d80000,0x00000000dd080000,0x00000000dd080000)
  from space 42496K, 29% used [0x00000000dd080000,0x00000000ddca4010,0x00000000dfa00000)
  to   space 39936K, 0% used [0x00000000e3b80000,0x00000000e3b80000,0x00000000e6280000)
 ParOldGen       total 118272K, used 57232K [0x0000000081800000, 0x0000000088b80000, 0x00000000d5d80000)
  object space 118272K, 48% used [0x0000000081800000,0x0000000084fe4310,0x0000000088b80000)
 Metaspace       used 12868K, capacity 13116K, committed 13312K, reserved 1060864K
  class space    used 1325K, capacity 1430K, committed 1536K, reserved 1048576K
Event: 126.731 GC heap after
Heap after GC invocations=11 (full 1):
 PSYoungGen      total 224256K, used 12064K [0x00000000d5d80000, 0x00000000e5f80000, 0x0000000100000000)
  eden space 187392K, 0% used [0x00000000d5d80000,0x00000000d5d80000,0x00000000e1480000)
  from space 36864K, 32% used [0x00000000e3b80000,0x00000000e4748000,0x00000000e5f80000)
  to   space 38400K, 0% used [0x00000000e1480000,0x00000000e1480000,0x00000000e3a00000)
 ParOldGen       total 118272K, used 57232K [0x0000000081800000, 0x0000000088b80000, 0x00000000d5d80000)
  object space 118272K, 48% used [0x0000000081800000,0x0000000084fe4310,0x0000000088b80000)
 Metaspace       used 12868K, capacity 13116K, committed 13312K, reserved 1060864K
  class space    used 1325K, capacity 1430K, committed 1536K, reserved 1048576K
}
Event: 460.922 GC heap before
{Heap before GC invocations=12 (full 1):
 PSYoungGen      total 224256K, used 199456K [0x00000000d5d80000, 0x00000000e5f80000, 0x0000000100000000)
  eden space 187392K, 100% used [0x00000000d5d80000,0x00000000e1480000,0x00000000e1480000)
  from space 36864K, 32% used [0x00000000e3b80000,0x00000000e4748000,0x00000000e5f80000)
  to   space 38400K, 0% used [0x00000000e1480000,0x00000000e1480000,0x00000000e3a00000)
 ParOldGen       total 118272K, used 57232K [0x0000000081800000, 0x0000000088b80000, 0x00000000d5d80000)
  object space 118272K, 48% used [0x0000000081800000,0x0000000084fe4310,0x0000000088b80000)
 Metaspace       used 12873K, capacity 13124K, committed 13312K, reserved 1060864K
  class space    used 1326K, capacity 1430K, committed 1536K, reserved 1048576K
Event: 461.263 GC heap after
Heap after GC invocations=12 (full 1):
 PSYoungGen      total 225792K, used 21728K [0x00000000d5d80000, 0x00000000ecb80000, 0x0000000100000000)
  eden space 187392K, 0% used [0x00000000d5d80000,0x00000000d5d80000,0x00000000e1480000)
  from space 38400K, 56% used [0x00000000e1480000,0x00000000e29b8000,0x00000000e3a00000)
  to   space 38400K, 0% used [0x00000000ea600000,0x00000000ea600000,0x00000000ecb80000)
 ParOldGen       total 118272K, used 60856K [0x0000000081800000, 0x0000000088b80000, 0x00000000d5d80000)
  object space 118272K, 51% used [0x0000000081800000,0x000000008536e320,0x0000000088b80000)
 Metaspace       used 12873K, capacity 13124K, committed 13312K, reserved 1060864K
  class space    used 1326K, capacity 1430K, committed 1536K, reserved 1048576K
}
Event: 466.934 GC heap before
{Heap before GC invocations=13 (full 1):
 PSYoungGen      total 225792K, used 209120K [0x00000000d5d80000, 0x00000000ecb80000, 0x0000000100000000)
  eden space 187392K, 100% used [0x00000000d5d80000,0x00000000e1480000,0x00000000e1480000)
  from space 38400K, 56% used [0x00000000e1480000,0x00000000e29b8000,0x00000000e3a00000)
  to   space 38400K, 0% used [0x00000000ea600000,0x00000000ea600000,0x00000000ecb80000)
 ParOldGen       total 118272K, used 60856K [0x0000000081800000, 0x0000000088b80000, 0x00000000d5d80000)
  object space 118272K, 51% used [0x0000000081800000,0x000000008536e320,0x0000000088b80000)
 Metaspace       used 12877K, capacity 13128K, committed 13312K, reserved 1060864K
  class space    used 1326K, capacity 1430K, committed 1536K, reserved 1048576K
Event: 467.025 GC heap after
Heap after GC invocations=13 (full 1):
 PSYoungGen      total 331264K, used 35232K [0x00000000d5d80000, 0x00000000ed500000, 0x0000000100000000)
  eden space 292864K, 0% used [0x00000000d5d80000,0x00000000d5d80000,0x00000000e7b80000)
  from space 38400K, 91% used [0x00000000ea600000,0x00000000ec868000,0x00000000ecb80000)
  to   space 43520K, 0% used [0x00000000e7b80000,0x00000000e7b80000,0x00000000ea600000)
 ParOldGen       total 118272K, used 71240K [0x0000000081800000, 0x0000000088b80000, 0x00000000d5d80000)
  object space 118272K, 60% used [0x0000000081800000,0x0000000085d92320,0x0000000088b80000)
 Metaspace       used 12877K, capacity 13128K, committed 13312K, reserved 1060864K
  class space    used 1326K, capacity 1430K, committed 1536K, reserved 1048576K
}

