# JRE version: Java(TM) SE Runtime Environment (8.0_121-b13) (build 1.8.0_121-b13)
# Java VM: Java HotSpot(TM) 64-Bit Server VM (25.121-b13 mixed mode windows-amd64 compressed oops)
Heap:
 PSYoungGen      total 363520K, used 256034K [0x00000000d5d80000, 0x00000000fc400000, 0x0000000100000000)
  eden space 293888K, 63% used [0x00000000d5d80000,0x00000000e1510a28,0x00000000e7c80000)
  from space 69632K, 97% used [0x00000000e7c80000,0x00000000ebef8000,0x00000000ec080000)
  to   space 81408K, 0% used [0x00000000f7480000,0x00000000f7480000,0x00000000fc400000)
 ParOldGen       total 141312K, used 75890K [0x0000000081800000, 0x000000008a200000, 0x00000000d5d80000)
  object space 141312K, 53% used [0x0000000081800000,0x000000008621ca38,0x000000008a200000)
 Metaspace       used 12598K, capacity 12904K, committed 12928K, reserved 1060864K
  class space    used 1294K, capacity 1400K, committed 1408K, reserved 1048576K
GC Heap History (10 events):
Event: 368.962 GC heap before
{Heap before GC invocations=11 (full 1):
 PSYoungGen      total 155648K, used 116736K [0x00000000d5d80000, 0x00000000e7800000, 0x0000000100000000)
  eden space 116736K, 100% used [0x00000000d5d80000,0x00000000dcf80000,0x00000000dcf80000)
  from space 38912K, 0% used [0x00000000dcf80000,0x00000000dcf80000,0x00000000df580000)
  to   space 51200K, 0% used [0x00000000e4600000,0x00000000e4600000,0x00000000e7800000)
 ParOldGen       total 144896K, used 85005K [0x0000000081800000, 0x000000008a580000, 0x00000000d5d80000)
  object space 144896K, 58% used [0x0000000081800000,0x0000000086b034b0,0x000000008a580000)
 Metaspace       used 12595K, capacity 12900K, committed 12928K, reserved 1060864K
  class space    used 1294K, capacity 1400K, committed 1408K, reserved 1048576K
Event: 368.997 GC heap after
Heap after GC invocations=11 (full 1):
 PSYoungGen      total 236032K, used 29856K [0x00000000d5d80000, 0x00000000e7800000, 0x0000000100000000)
  eden space 184832K, 0% used [0x00000000d5d80000,0x00000000d5d80000,0x00000000e1200000)
  from space 51200K, 58% used [0x00000000e4600000,0x00000000e6328000,0x00000000e7800000)
  to   space 52224K, 0% used [0x00000000e1200000,0x00000000e1200000,0x00000000e4500000)
 ParOldGen       total 144896K, used 85005K [0x0000000081800000, 0x000000008a580000, 0x00000000d5d80000)
  object space 144896K, 58% used [0x0000000081800000,0x0000000086b034b0,0x000000008a580000)
 Metaspace       used 12595K, capacity 12900K, committed 12928K, reserved 1060864K
  class space    used 1294K, capacity 1400K, committed 1408K, reserved 1048576K
}
Event: 369.374 GC heap before
{Heap before GC invocations=12 (full 1):
 PSYoungGen      total 236032K, used 214688K [0x00000000d5d80000, 0x00000000e7800000, 0x0000000100000000)
  eden space 184832K, 100% used [0x00000000d5d80000,0x00000000e1200000,0x00000000e1200000)
  from space 51200K, 58% used [0x00000000e4600000,0x00000000e6328000,0x00000000e7800000)
  to   space 52224K, 0% used [0x00000000e1200000,0x00000000e1200000,0x00000000e4500000)
 ParOldGen       total 144896K, used 85005K [0x0000000081800000, 0x000000008a580000, 0x00000000d5d80000)
  object space 144896K, 58% used [0x0000000081800000,0x0000000086b034b0,0x000000008a580000)
 Metaspace       used 12595K, capacity 12900K, committed 12928K, reserved 1060864K
  class space    used 1294K, capacity 1400K, committed 1408K, reserved 1048576K
Event: 369.413 GC heap after
Heap after GC invocations=12 (full 1):
 PSYoungGen      total 237056K, used 52224K [0x00000000d5d80000, 0x00000000f0a80000, 0x0000000100000000)
  eden space 184832K, 0% used [0x00000000d5d80000,0x00000000d5d80000,0x00000000e1200000)
  from space 52224K, 100% used [0x00000000e1200000,0x00000000e4500000,0x00000000e4500000)
  to   space 73216K, 0% used [0x00000000ec300000,0x00000000ec300000,0x00000000f0a80000)
 ParOldGen       total 144896K, used 118021K [0x0000000081800000, 0x000000008a580000, 0x00000000d5d80000)
  object space 144896K, 81% used [0x0000000081800000,0x0000000088b414c0,0x000000008a580000)
 Metaspace       used 12595K, capacity 12900K, committed 12928K, reserved 1060864K
  class space    used 1294K, capacity 1400K, committed 1408K, reserved 1048576K
}
Event: 369.413 GC heap before
{Heap before GC invocations=13 (full 2):
 PSYoungGen      total 237056K, used 52224K [0x00000000d5d80000, 0x00000000f0a80000, 0x0000000100000000)
  eden space 184832K, 0% used [0x00000000d5d80000,0x00000000d5d80000,0x00000000e1200000)
  from space 52224K, 100% used [0x00000000e1200000,0x00000000e4500000,0x00000000e4500000)
  to   space 73216K, 0% used [0x00000000ec300000,0x00000000ec300000,0x00000000f0a80000)
 ParOldGen       total 144896K, used 118021K [0x0000000081800000, 0x000000008a580000, 0x00000000d5d80000)
  object space 144896K, 81% used [0x0000000081800000,0x0000000088b414c0,0x000000008a580000)
 Metaspace       used 12595K, capacity 12900K, committed 12928K, reserved 1060864K
  class space    used 1294K, capacity 1400K, committed 1408K, reserved 1048576K
Event: 369.526 GC heap after
Heap after GC invocations=13 (full 2):
 PSYoungGen      total 237056K, used 0K [0x00000000d5d80000, 0x00000000f0a80000, 0x0000000100000000)
  eden space 184832K, 0% used [0x00000000d5d80000,0x00000000d5d80000,0x00000000e1200000)
  from space 52224K, 0% used [0x00000000e1200000,0x00000000e1200000,0x00000000e4500000)
  to   space 73216K, 0% used [0x00000000ec300000,0x00000000ec300000,0x00000000f0a80000)
 ParOldGen       total 141312K, used 73690K [0x0000000081800000, 0x000000008a200000, 0x00000000d5d80000)
  object space 141312K, 52% used [0x0000000081800000,0x0000000085ff6a28,0x000000008a200000)
 Metaspace       used 12595K, capacity 12900K, committed 12928K, reserved 1060864K
  class space    used 1294K, capacity 1400K, committed 1408K, reserved 1048576K
}
Event: 555.993 GC heap before
{Heap before GC invocations=14 (full 2):
 PSYoungGen      total 237056K, used 184832K [0x00000000d5d80000, 0x00000000f0a80000, 0x0000000100000000)
  eden space 184832K, 100% used [0x00000000d5d80000,0x00000000e1200000,0x00000000e1200000)
  from space 52224K, 0% used [0x00000000e1200000,0x00000000e1200000,0x00000000e4500000)
  to   space 73216K, 0% used [0x00000000ec300000,0x00000000ec300000,0x00000000f0a80000)
 ParOldGen       total 141312K, used 73690K [0x0000000081800000, 0x000000008a200000, 0x00000000d5d80000)
  object space 141312K, 52% used [0x0000000081800000,0x0000000085ff6a28,0x000000008a200000)
 Metaspace       used 12595K, capacity 12900K, committed 12928K, reserved 1060864K
  class space    used 1294K, capacity 1400K, committed 1408K, reserved 1048576K
Event: 556.029 GC heap after
Heap after GC invocations=14 (full 2):
 PSYoungGen      total 360960K, used 17520K [0x00000000d5d80000, 0x00000000f0480000, 0x0000000100000000)
  eden space 293888K, 0% used [0x00000000d5d80000,0x00000000d5d80000,0x00000000e7c80000)
  from space 67072K, 26% used [0x00000000ec300000,0x00000000ed41c010,0x00000000f0480000)
  to   space 69632K, 0% used [0x00000000e7c80000,0x00000000e7c80000,0x00000000ec080000)
 ParOldGen       total 141312K, used 73690K [0x0000000081800000, 0x000000008a200000, 0x00000000d5d80000)
  object space 141312K, 52% used [0x0000000081800000,0x0000000085ff6a28,0x000000008a200000)
 Metaspace       used 12595K, capacity 12900K, committed 12928K, reserved 1060864K
  class space    used 1294K, capacity 1400K, committed 1408K, reserved 1048576K
}
Event: 556.599 GC heap before
{Heap before GC invocations=15 (full 2):
 PSYoungGen      total 360960K, used 311408K [0x00000000d5d80000, 0x00000000f0480000, 0x0000000100000000)
  eden space 293888K, 100% used [0x00000000d5d80000,0x00000000e7c80000,0x00000000e7c80000)
  from space 67072K, 26% used [0x00000000ec300000,0x00000000ed41c010,0x00000000f0480000)
  to   space 69632K, 0% used [0x00000000e7c80000,0x00000000e7c80000,0x00000000ec080000)
 ParOldGen       total 141312K, used 73690K [0x0000000081800000, 0x000000008a200000, 0x00000000d5d80000)
  object space 141312K, 52% used [0x0000000081800000,0x0000000085ff6a28,0x000000008a200000)
 Metaspace       used 12598K, capacity 12904K, committed 12928K, reserved 1060864K
  class space    used 1294K, capacity 1400K, committed 1408K, reserved 1048576K
Event: 556.622 GC heap after
Heap after GC invocations=15 (full 2):
 PSYoungGen      total 363520K, used 68064K [0x00000000d5d80000, 0x00000000fc400000, 0x0000000100000000)
  eden space 293888K, 0% used [0x00000000d5d80000,0x00000000d5d80000,0x00000000e7c80000)
  from space 69632K, 97% used [0x00000000e7c80000,0x00000000ebef8000,0x00000000ec080000)
  to   space 81408K, 0% used [0x00000000f7480000,0x00000000f7480000,0x00000000fc400000)
 ParOldGen       total 141312K, used 75890K [0x0000000081800000, 0x000000008a200000, 0x00000000d5d80000)
  object space 141312K, 53% used [0x0000000081800000,0x000000008621ca38,0x000000008a200000)
 Metaspace       used 12598K, capacity 12904K, committed 12928K, reserved 1060864K
  class space    used 1294K, capacity 1400K, committed 1408K, reserved 1048576K
}

