# JRE version: Java(TM) SE Runtime Environment (8.0_121-b13) (build 1.8.0_121-b13)
# Java VM: Java HotSpot(TM) 64-Bit Server VM (25.121-b13 mixed mode windows-amd64 compressed oops)
Heap:
 PSYoungGen      total 675840K, used 471348K [0x00000000d5d80000, 0x00000000ffe80000, 0x0000000100000000)
  eden space 662528K, 70% used [0x00000000d5d80000,0x00000000f2275350,0x00000000fe480000)
  from space 13312K, 56% used [0x00000000ff180000,0x00000000ff8d7cd0,0x00000000ffe80000)
  to   space 13312K, 0% used [0x00000000fe480000,0x00000000fe480000,0x00000000ff180000)
 ParOldGen       total 100864K, used 56780K [0x0000000081800000, 0x0000000087a80000, 0x00000000d5d80000)
  object space 100864K, 56% used [0x0000000081800000,0x0000000084f73398,0x0000000087a80000)
 Metaspace       used 82044K, capacity 83966K, committed 84264K, reserved 1122304K
  class space    used 11289K, capacity 11697K, committed 11824K, reserved 1048576K
GC Heap History (10 events):
Event: 115.716 GC heap before
{Heap before GC invocations=25 (full 3):
 PSYoungGen      total 672768K, used 665249K [0x00000000d5d80000, 0x00000000ffe80000, 0x0000000100000000)
  eden space 656384K, 100% used [0x00000000d5d80000,0x00000000fde80000,0x00000000fde80000)
  from space 16384K, 54% used [0x00000000fde80000,0x00000000fe728768,0x00000000fee80000)
  to   space 15360K, 0% used [0x00000000fef80000,0x00000000fef80000,0x00000000ffe80000)
 ParOldGen       total 100864K, used 48663K [0x0000000081800000, 0x0000000087a80000, 0x00000000d5d80000)
  object space 100864K, 48% used [0x0000000081800000,0x0000000084785fa0,0x0000000087a80000)
 Metaspace       used 81070K, capacity 82650K, committed 82728K, reserved 1120256K
  class space    used 11208K, capacity 11553K, committed 11568K, reserved 1048576K
Event: 115.741 GC heap after
Heap after GC invocations=25 (full 3):
 PSYoungGen      total 673792K, used 8898K [0x00000000d5d80000, 0x00000000ffe00000, 0x0000000100000000)
  eden space 658944K, 0% used [0x00000000d5d80000,0x00000000d5d80000,0x00000000fe100000)
  from space 14848K, 59% used [0x00000000fef80000,0x00000000ff830b90,0x00000000ffe00000)
  to   space 14848K, 0% used [0x00000000fe100000,0x00000000fe100000,0x00000000fef80000)
 ParOldGen       total 100864K, used 49927K [0x0000000081800000, 0x0000000087a80000, 0x00000000d5d80000)
  object space 100864K, 49% used [0x0000000081800000,0x00000000848c1fa0,0x0000000087a80000)
 Metaspace       used 81070K, capacity 82650K, committed 82728K, reserved 1120256K
  class space    used 11208K, capacity 11553K, committed 11568K, reserved 1048576K
}
Event: 117.261 GC heap before
{Heap before GC invocations=26 (full 3):
 PSYoungGen      total 673792K, used 665828K [0x00000000d5d80000, 0x00000000ffe00000, 0x0000000100000000)
  eden space 658944K, 99% used [0x00000000d5d80000,0x00000000fdf08840,0x00000000fe100000)
  from space 14848K, 59% used [0x00000000fef80000,0x00000000ff830b90,0x00000000ffe00000)
  to   space 14848K, 0% used [0x00000000fe100000,0x00000000fe100000,0x00000000fef80000)
 ParOldGen       total 100864K, used 49927K [0x0000000081800000, 0x0000000087a80000, 0x00000000d5d80000)
  object space 100864K, 49% used [0x0000000081800000,0x00000000848c1fa0,0x0000000087a80000)
 Metaspace       used 81275K, capacity 82900K, committed 83112K, reserved 1120256K
  class space    used 11226K, capacity 11584K, committed 11696K, reserved 1048576K
Event: 117.275 GC heap after
Heap after GC invocations=26 (full 3):
 PSYoungGen      total 673792K, used 7372K [0x00000000d5d80000, 0x00000000fff00000, 0x0000000100000000)
  eden space 658944K, 0% used [0x00000000d5d80000,0x00000000d5d80000,0x00000000fe100000)
  from space 14848K, 49% used [0x00000000fe100000,0x00000000fe8330b8,0x00000000fef80000)
  to   space 14336K, 0% used [0x00000000ff100000,0x00000000ff100000,0x00000000fff00000)
 ParOldGen       total 100864K, used 52831K [0x0000000081800000, 0x0000000087a80000, 0x00000000d5d80000)
  object space 100864K, 52% used [0x0000000081800000,0x0000000084b97ff0,0x0000000087a80000)
 Metaspace       used 81275K, capacity 82900K, committed 83112K, reserved 1120256K
  class space    used 11226K, capacity 11584K, committed 11696K, reserved 1048576K
}
Event: 118.850 GC heap before
{Heap before GC invocations=27 (full 3):
 PSYoungGen      total 673792K, used 662344K [0x00000000d5d80000, 0x00000000fff00000, 0x0000000100000000)
  eden space 658944K, 99% used [0x00000000d5d80000,0x00000000fdd1f010,0x00000000fe100000)
  from space 14848K, 49% used [0x00000000fe100000,0x00000000fe8330b8,0x00000000fef80000)
  to   space 14336K, 0% used [0x00000000ff100000,0x00000000ff100000,0x00000000fff00000)
 ParOldGen       total 100864K, used 52831K [0x0000000081800000, 0x0000000087a80000, 0x00000000d5d80000)
  object space 100864K, 52% used [0x0000000081800000,0x0000000084b97ff0,0x0000000087a80000)
 Metaspace       used 81490K, capacity 83154K, committed 83368K, reserved 1120256K
  class space    used 11243K, capacity 11615K, committed 11696K, reserved 1048576K
Event: 118.859 GC heap after
Heap after GC invocations=27 (full 3):
 PSYoungGen      total 675328K, used 7534K [0x00000000d5d80000, 0x00000000fff80000, 0x0000000100000000)
  eden space 660992K, 0% used [0x00000000d5d80000,0x00000000d5d80000,0x00000000fe300000)
  from space 14336K, 52% used [0x00000000ff100000,0x00000000ff85bba8,0x00000000fff00000)
  to   space 14336K, 0% used [0x00000000fe300000,0x00000000fe300000,0x00000000ff100000)
 ParOldGen       total 100864K, used 54111K [0x0000000081800000, 0x0000000087a80000, 0x00000000d5d80000)
  object space 100864K, 53% used [0x0000000081800000,0x0000000084cd7ff0,0x0000000087a80000)
 Metaspace       used 81490K, capacity 83154K, committed 83368K, reserved 1120256K
  class space    used 11243K, capacity 11615K, committed 11696K, reserved 1048576K
}
Event: 120.319 GC heap before
{Heap before GC invocations=28 (full 3):
 PSYoungGen      total 675328K, used 668526K [0x00000000d5d80000, 0x00000000fff80000, 0x0000000100000000)
  eden space 660992K, 100% used [0x00000000d5d80000,0x00000000fe300000,0x00000000fe300000)
  from space 14336K, 52% used [0x00000000ff100000,0x00000000ff85bba8,0x00000000fff00000)
  to   space 14336K, 0% used [0x00000000fe300000,0x00000000fe300000,0x00000000ff100000)
 ParOldGen       total 100864K, used 54111K [0x0000000081800000, 0x0000000087a80000, 0x00000000d5d80000)
  object space 100864K, 53% used [0x0000000081800000,0x0000000084cd7ff0,0x0000000087a80000)
 Metaspace       used 81676K, capacity 83404K, committed 83624K, reserved 1122304K
  class space    used 11261K, capacity 11646K, committed 11696K, reserved 1048576K
Event: 120.344 GC heap after
Heap after GC invocations=28 (full 3):
 PSYoungGen      total 675328K, used 7310K [0x00000000d5d80000, 0x00000000fff00000, 0x0000000100000000)
  eden space 660992K, 0% used [0x00000000d5d80000,0x00000000d5d80000,0x00000000fe300000)
  from space 14336K, 50% used [0x00000000fe300000,0x00000000fea238f0,0x00000000ff100000)
  to   space 13824K, 0% used [0x00000000ff180000,0x00000000ff180000,0x00000000fff00000)
 ParOldGen       total 100864K, used 55432K [0x0000000081800000, 0x0000000087a80000, 0x00000000d5d80000)
  object space 100864K, 54% used [0x0000000081800000,0x0000000084e22000,0x0000000087a80000)
 Metaspace       used 81676K, capacity 83404K, committed 83624K, reserved 1122304K
  class space    used 11261K, capacity 11646K, committed 11696K, reserved 1048576K
}
Event: 121.788 GC heap before
{Heap before GC invocations=29 (full 3):
 PSYoungGen      total 675328K, used 666418K [0x00000000d5d80000, 0x00000000fff00000, 0x0000000100000000)
  eden space 660992K, 99% used [0x00000000d5d80000,0x00000000fe129110,0x00000000fe300000)
  from space 14336K, 50% used [0x00000000fe300000,0x00000000fea238f0,0x00000000ff100000)
  to   space 13824K, 0% used [0x00000000ff180000,0x00000000ff180000,0x00000000fff00000)
 ParOldGen       total 100864K, used 55432K [0x0000000081800000, 0x0000000087a80000, 0x00000000d5d80000)
  object space 100864K, 54% used [0x0000000081800000,0x0000000084e22000,0x0000000087a80000)
 Metaspace       used 81882K, capacity 83718K, committed 83880K, reserved 1122304K
  class space    used 11278K, capacity 11677K, committed 11696K, reserved 1048576K
Event: 121.828 GC heap after
Heap after GC invocations=29 (full 3):
 PSYoungGen      total 675840K, used 7519K [0x00000000d5d80000, 0x00000000ffe80000, 0x0000000100000000)
  eden space 662528K, 0% used [0x00000000d5d80000,0x00000000d5d80000,0x00000000fe480000)
  from space 13312K, 56% used [0x00000000ff180000,0x00000000ff8d7cd0,0x00000000ffe80000)
  to   space 13312K, 0% used [0x00000000fe480000,0x00000000fe480000,0x00000000ff180000)
 ParOldGen       total 100864K, used 56780K [0x0000000081800000, 0x0000000087a80000, 0x00000000d5d80000)
  object space 100864K, 56% used [0x0000000081800000,0x0000000084f73398,0x0000000087a80000)
 Metaspace       used 81882K, capacity 83718K, committed 83880K, reserved 1122304K
  class space    used 11278K, capacity 11677K, committed 11696K, reserved 1048576K
}

