# JRE version: Java(TM) SE Runtime Environment (8.0_121-b13) (build 1.8.0_121-b13)
# Java VM: Java HotSpot(TM) 64-Bit Server VM (25.121-b13 mixed mode windows-amd64 compressed oops)
Heap:
 PSYoungGen      total 689664K, used 661446K [0x00000000d5d80000, 0x0000000100000000, 0x0000000100000000)
  eden space 688640K, 96% used [0x00000000d5d80000,0x00000000fe3199c8,0x00000000ffe00000)
  from space 1024K, 34% used [0x00000000ffe00000,0x00000000ffe58000,0x00000000fff00000)
  to   space 1024K, 0% used [0x00000000fff00000,0x00000000fff00000,0x0000000100000000)
 ParOldGen       total 377344K, used 267287K [0x0000000081800000, 0x0000000098880000, 0x00000000d5d80000)
  object space 377344K, 70% used [0x0000000081800000,0x0000000091d05c48,0x0000000098880000)
 Metaspace       used 12408K, capacity 12680K, committed 12928K, reserved 1060864K
  class space    used 1268K, capacity 1354K, committed 1408K, reserved 1048576K
GC Heap History (10 events):
Event: 1067.406 GC heap before
{Heap before GC invocations=596 (full 3):
 PSYoungGen      total 689152K, used 687936K [0x00000000d5d80000, 0x0000000100000000, 0x0000000100000000)
  eden space 687616K, 100% used [0x00000000d5d80000,0x00000000ffd00000,0x00000000ffd00000)
  from space 1536K, 20% used [0x00000000ffe80000,0x00000000ffed0000,0x0000000100000000)
  to   space 1536K, 0% used [0x00000000ffd00000,0x00000000ffd00000,0x00000000ffe80000)
 ParOldGen       total 377344K, used 267287K [0x0000000081800000, 0x0000000098880000, 0x00000000d5d80000)
  object space 377344K, 70% used [0x0000000081800000,0x0000000091d05c48,0x0000000098880000)
 Metaspace       used 12408K, capacity 12680K, committed 12928K, reserved 1060864K
  class space    used 1268K, capacity 1354K, committed 1408K, reserved 1048576K
Event: 1067.413 GC heap after
Heap after GC invocations=596 (full 3):
 PSYoungGen      total 689152K, used 352K [0x00000000d5d80000, 0x0000000100000000, 0x0000000100000000)
  eden space 687616K, 0% used [0x00000000d5d80000,0x00000000d5d80000,0x00000000ffd00000)
  from space 1536K, 22% used [0x00000000ffd00000,0x00000000ffd58000,0x00000000ffe80000)
  to   space 1536K, 0% used [0x00000000ffe80000,0x00000000ffe80000,0x0000000100000000)
 ParOldGen       total 377344K, used 267287K [0x0000000081800000, 0x0000000098880000, 0x00000000d5d80000)
  object space 377344K, 70% used [0x0000000081800000,0x0000000091d05c48,0x0000000098880000)
 Metaspace       used 12408K, capacity 12680K, committed 12928K, reserved 1060864K
  class space    used 1268K, capacity 1354K, committed 1408K, reserved 1048576K
}
Event: 1074.129 GC heap before
{Heap before GC invocations=597 (full 3):
 PSYoungGen      total 689152K, used 687968K [0x00000000d5d80000, 0x0000000100000000, 0x0000000100000000)
  eden space 687616K, 100% used [0x00000000d5d80000,0x00000000ffd00000,0x00000000ffd00000)
  from space 1536K, 22% used [0x00000000ffd00000,0x00000000ffd58000,0x00000000ffe80000)
  to   space 1536K, 0% used [0x00000000ffe80000,0x00000000ffe80000,0x0000000100000000)
 ParOldGen       total 377344K, used 267287K [0x0000000081800000, 0x0000000098880000, 0x00000000d5d80000)
  object space 377344K, 70% used [0x0000000081800000,0x0000000091d05c48,0x0000000098880000)
 Metaspace       used 12408K, capacity 12680K, committed 12928K, reserved 1060864K
  class space    used 1268K, capacity 1354K, committed 1408K, reserved 1048576K
Event: 1074.134 GC heap after
Heap after GC invocations=597 (full 3):
 PSYoungGen      total 688128K, used 320K [0x00000000d5d80000, 0x00000000fff00000, 0x0000000100000000)
  eden space 687616K, 0% used [0x00000000d5d80000,0x00000000d5d80000,0x00000000ffd00000)
  from space 512K, 62% used [0x00000000ffe80000,0x00000000ffed0000,0x00000000fff00000)
  to   space 1024K, 0% used [0x00000000ffd00000,0x00000000ffd00000,0x00000000ffe00000)
 ParOldGen       total 377344K, used 267287K [0x0000000081800000, 0x0000000098880000, 0x00000000d5d80000)
  object space 377344K, 70% used [0x0000000081800000,0x0000000091d05c48,0x0000000098880000)
 Metaspace       used 12408K, capacity 12680K, committed 12928K, reserved 1060864K
  class space    used 1268K, capacity 1354K, committed 1408K, reserved 1048576K
}
Event: 1079.893 GC heap before
{Heap before GC invocations=598 (full 3):
 PSYoungGen      total 688128K, used 687936K [0x00000000d5d80000, 0x00000000fff00000, 0x0000000100000000)
  eden space 687616K, 100% used [0x00000000d5d80000,0x00000000ffd00000,0x00000000ffd00000)
  from space 512K, 62% used [0x00000000ffe80000,0x00000000ffed0000,0x00000000fff00000)
  to   space 1024K, 0% used [0x00000000ffd00000,0x00000000ffd00000,0x00000000ffe00000)
 ParOldGen       total 377344K, used 267287K [0x0000000081800000, 0x0000000098880000, 0x00000000d5d80000)
  object space 377344K, 70% used [0x0000000081800000,0x0000000091d05c48,0x0000000098880000)
 Metaspace       used 12408K, capacity 12680K, committed 12928K, reserved 1060864K
  class space    used 1268K, capacity 1354K, committed 1408K, reserved 1048576K
Event: 1079.898 GC heap after
Heap after GC invocations=598 (full 3):
 PSYoungGen      total 688640K, used 352K [0x00000000d5d80000, 0x0000000100000000, 0x0000000100000000)
  eden space 687616K, 0% used [0x00000000d5d80000,0x00000000d5d80000,0x00000000ffd00000)
  from space 1024K, 34% used [0x00000000ffd00000,0x00000000ffd58000,0x00000000ffe00000)
  to   space 1024K, 0% used [0x00000000fff00000,0x00000000fff00000,0x0000000100000000)
 ParOldGen       total 377344K, used 267287K [0x0000000081800000, 0x0000000098880000, 0x00000000d5d80000)
  object space 377344K, 70% used [0x0000000081800000,0x0000000091d05c48,0x0000000098880000)
 Metaspace       used 12408K, capacity 12680K, committed 12928K, reserved 1060864K
  class space    used 1268K, capacity 1354K, committed 1408K, reserved 1048576K
}
Event: 1087.214 GC heap before
{Heap before GC invocations=599 (full 3):
 PSYoungGen      total 688640K, used 687968K [0x00000000d5d80000, 0x0000000100000000, 0x0000000100000000)
  eden space 687616K, 100% used [0x00000000d5d80000,0x00000000ffd00000,0x00000000ffd00000)
  from space 1024K, 34% used [0x00000000ffd00000,0x00000000ffd58000,0x00000000ffe00000)
  to   space 1024K, 0% used [0x00000000fff00000,0x00000000fff00000,0x0000000100000000)
 ParOldGen       total 377344K, used 267287K [0x0000000081800000, 0x0000000098880000, 0x00000000d5d80000)
  object space 377344K, 70% used [0x0000000081800000,0x0000000091d05c48,0x0000000098880000)
 Metaspace       used 12408K, capacity 12680K, committed 12928K, reserved 1060864K
  class space    used 1268K, capacity 1354K, committed 1408K, reserved 1048576K
Event: 1087.219 GC heap after
Heap after GC invocations=599 (full 3):
 PSYoungGen      total 689664K, used 320K [0x00000000d5d80000, 0x0000000100000000, 0x0000000100000000)
  eden space 688640K, 0% used [0x00000000d5d80000,0x00000000d5d80000,0x00000000ffe00000)
  from space 1024K, 31% used [0x00000000fff00000,0x00000000fff50000,0x0000000100000000)
  to   space 1024K, 0% used [0x00000000ffe00000,0x00000000ffe00000,0x00000000fff00000)
 ParOldGen       total 377344K, used 267287K [0x0000000081800000, 0x0000000098880000, 0x00000000d5d80000)
  object space 377344K, 70% used [0x0000000081800000,0x0000000091d05c48,0x0000000098880000)
 Metaspace       used 12408K, capacity 12680K, committed 12928K, reserved 1060864K
  class space    used 1268K, capacity 1354K, committed 1408K, reserved 1048576K
}
Event: 1095.046 GC heap before
{Heap before GC invocations=600 (full 3):
 PSYoungGen      total 689664K, used 688960K [0x00000000d5d80000, 0x0000000100000000, 0x0000000100000000)
  eden space 688640K, 100% used [0x00000000d5d80000,0x00000000ffe00000,0x00000000ffe00000)
  from space 1024K, 31% used [0x00000000fff00000,0x00000000fff50000,0x0000000100000000)
  to   space 1024K, 0% used [0x00000000ffe00000,0x00000000ffe00000,0x00000000fff00000)
 ParOldGen       total 377344K, used 267287K [0x0000000081800000, 0x0000000098880000, 0x00000000d5d80000)
  object space 377344K, 70% used [0x0000000081800000,0x0000000091d05c48,0x0000000098880000)
 Metaspace       used 12408K, capacity 12680K, committed 12928K, reserved 1060864K
  class space    used 1268K, capacity 1354K, committed 1408K, reserved 1048576K
Event: 1095.053 GC heap after
Heap after GC invocations=600 (full 3):
 PSYoungGen      total 689664K, used 352K [0x00000000d5d80000, 0x0000000100000000, 0x0000000100000000)
  eden space 688640K, 0% used [0x00000000d5d80000,0x00000000d5d80000,0x00000000ffe00000)
  from space 1024K, 34% used [0x00000000ffe00000,0x00000000ffe58000,0x00000000fff00000)
  to   space 1024K, 0% used [0x00000000fff00000,0x00000000fff00000,0x0000000100000000)
 ParOldGen       total 377344K, used 267287K [0x0000000081800000, 0x0000000098880000, 0x00000000d5d80000)
  object space 377344K, 70% used [0x0000000081800000,0x0000000091d05c48,0x0000000098880000)
 Metaspace       used 12408K, capacity 12680K, committed 12928K, reserved 1060864K
  class space    used 1268K, capacity 1354K, committed 1408K, reserved 1048576K
}

