# JRE version: Java(TM) SE Runtime Environment (8.0_121-b13) (build 1.8.0_121-b13)
# Java VM: Java HotSpot(TM) 64-Bit Server VM (25.121-b13 mixed mode windows-amd64 compressed oops)
Heap:
 PSYoungGen      total 655360K, used 214038K [0x00000000d5d80000, 0x0000000100000000, 0x0000000100000000)
  eden space 632320K, 30% used [0x00000000d5d80000,0x00000000e180bfe8,0x00000000fc700000)
  from space 23040K, 99% used [0x00000000fc700000,0x00000000fdd798f0,0x00000000fdd80000)
  to   space 31232K, 0% used [0x00000000fe180000,0x00000000fe180000,0x0000000100000000)
 ParOldGen       total 114688K, used 41510K [0x0000000081800000, 0x0000000088800000, 0x00000000d5d80000)
  object space 114688K, 36% used [0x0000000081800000,0x00000000840898f8,0x0000000088800000)
 Metaspace       used 82218K, capacity 84106K, committed 84264K, reserved 1122304K
  class space    used 11319K, capacity 11737K, committed 11824K, reserved 1048576K
GC Heap History (10 events):
Event: 62.121 GC heap before
{Heap before GC invocations=28 (full 3):
 PSYoungGen      total 667136K, used 663251K [0x00000000d5d80000, 0x0000000100000000, 0x0000000100000000)
  eden space 646656K, 99% used [0x00000000d5d80000,0x00000000fd3f29e8,0x00000000fd500000)
  from space 20480K, 86% used [0x00000000fec00000,0x00000000ffd425f8,0x0000000100000000)
  to   space 22016K, 0% used [0x00000000fd500000,0x00000000fd500000,0x00000000fea80000)
 ParOldGen       total 114688K, used 40862K [0x0000000081800000, 0x0000000088800000, 0x00000000d5d80000)
  object space 114688K, 35% used [0x0000000081800000,0x0000000083fe78f8,0x0000000088800000)
 Metaspace       used 81363K, capacity 83024K, committed 83112K, reserved 1120256K
  class space    used 11249K, capacity 11610K, committed 11696K, reserved 1048576K
Event: 62.144 GC heap after
Heap after GC invocations=28 (full 3):
 PSYoungGen      total 665600K, used 18726K [0x00000000d5d80000, 0x0000000100000000, 0x0000000100000000)
  eden space 646656K, 0% used [0x00000000d5d80000,0x00000000d5d80000,0x00000000fd500000)
  from space 18944K, 98% used [0x00000000fd500000,0x00000000fe749ad0,0x00000000fe780000)
  to   space 23552K, 0% used [0x00000000fe900000,0x00000000fe900000,0x0000000100000000)
 ParOldGen       total 114688K, used 40870K [0x0000000081800000, 0x0000000088800000, 0x00000000d5d80000)
  object space 114688K, 35% used [0x0000000081800000,0x0000000083fe98f8,0x0000000088800000)
 Metaspace       used 81363K, capacity 83024K, committed 83112K, reserved 1120256K
  class space    used 11249K, capacity 11610K, committed 11696K, reserved 1048576K
}
Event: 63.658 GC heap before
{Heap before GC invocations=29 (full 3):
 PSYoungGen      total 665600K, used 664029K [0x00000000d5d80000, 0x0000000100000000, 0x0000000100000000)
  eden space 646656K, 99% used [0x00000000d5d80000,0x00000000fd3ad9f0,0x00000000fd500000)
  from space 18944K, 98% used [0x00000000fd500000,0x00000000fe749ad0,0x00000000fe780000)
  to   space 23552K, 0% used [0x00000000fe900000,0x00000000fe900000,0x0000000100000000)
 ParOldGen       total 114688K, used 40870K [0x0000000081800000, 0x0000000088800000, 0x00000000d5d80000)
  object space 114688K, 35% used [0x0000000081800000,0x0000000083fe98f8,0x0000000088800000)
 Metaspace       used 81581K, capacity 83274K, committed 83368K, reserved 1120256K
  class space    used 11266K, capacity 11641K, committed 11696K, reserved 1048576K
Event: 63.683 GC heap after
Heap after GC invocations=29 (full 3):
 PSYoungGen      total 663040K, used 19999K [0x00000000d5d80000, 0x0000000100000000, 0x0000000100000000)
  eden space 639488K, 0% used [0x00000000d5d80000,0x00000000d5d80000,0x00000000fce00000)
  from space 23552K, 84% used [0x00000000fe900000,0x00000000ffc87e30,0x0000000100000000)
  to   space 25600K, 0% used [0x00000000fce00000,0x00000000fce00000,0x00000000fe700000)
 ParOldGen       total 114688K, used 40870K [0x0000000081800000, 0x0000000088800000, 0x00000000d5d80000)
  object space 114688K, 35% used [0x0000000081800000,0x0000000083fe98f8,0x0000000088800000)
 Metaspace       used 81581K, capacity 83274K, committed 83368K, reserved 1120256K
  class space    used 11266K, capacity 11641K, committed 11696K, reserved 1048576K
}
Event: 65.092 GC heap before
{Heap before GC invocations=30 (full 3):
 PSYoungGen      total 663040K, used 659487K [0x00000000d5d80000, 0x0000000100000000, 0x0000000100000000)
  eden space 639488K, 100% used [0x00000000d5d80000,0x00000000fce00000,0x00000000fce00000)
  from space 23552K, 84% used [0x00000000fe900000,0x00000000ffc87e30,0x0000000100000000)
  to   space 25600K, 0% used [0x00000000fce00000,0x00000000fce00000,0x00000000fe700000)
 ParOldGen       total 114688K, used 40870K [0x0000000081800000, 0x0000000088800000, 0x00000000d5d80000)
  object space 114688K, 35% used [0x0000000081800000,0x0000000083fe98f8,0x0000000088800000)
 Metaspace       used 81775K, capacity 83582K, committed 83624K, reserved 1122304K
  class space    used 11283K, capacity 11671K, committed 11696K, reserved 1048576K
Event: 65.133 GC heap after
Heap after GC invocations=30 (full 3):
 PSYoungGen      total 660992K, used 21014K [0x00000000d5d80000, 0x0000000100000000, 0x0000000100000000)
  eden space 639488K, 0% used [0x00000000d5d80000,0x00000000d5d80000,0x00000000fce00000)
  from space 21504K, 97% used [0x00000000fce00000,0x00000000fe285810,0x00000000fe300000)
  to   space 27648K, 0% used [0x00000000fe500000,0x00000000fe500000,0x0000000100000000)
 ParOldGen       total 114688K, used 40878K [0x0000000081800000, 0x0000000088800000, 0x00000000d5d80000)
  object space 114688K, 35% used [0x0000000081800000,0x0000000083feb8f8,0x0000000088800000)
 Metaspace       used 81775K, capacity 83582K, committed 83624K, reserved 1122304K
  class space    used 11283K, capacity 11671K, committed 11696K, reserved 1048576K
}
Event: 66.530 GC heap before
{Heap before GC invocations=31 (full 3):
 PSYoungGen      total 660992K, used 659062K [0x00000000d5d80000, 0x0000000100000000, 0x0000000100000000)
  eden space 639488K, 99% used [0x00000000d5d80000,0x00000000fcc981f8,0x00000000fce00000)
  from space 21504K, 97% used [0x00000000fce00000,0x00000000fe285810,0x00000000fe300000)
  to   space 27648K, 0% used [0x00000000fe500000,0x00000000fe500000,0x0000000100000000)
 ParOldGen       total 114688K, used 40878K [0x0000000081800000, 0x0000000088800000, 0x00000000d5d80000)
  object space 114688K, 35% used [0x0000000081800000,0x0000000083feb8f8,0x0000000088800000)
 Metaspace       used 81964K, capacity 83820K, committed 84008K, reserved 1122304K
  class space    used 11299K, capacity 11700K, committed 11824K, reserved 1048576K
Event: 66.553 GC heap after
Heap after GC invocations=31 (full 3):
 PSYoungGen      total 659968K, used 22365K [0x00000000d5d80000, 0x0000000100000000, 0x0000000100000000)
  eden space 632320K, 0% used [0x00000000d5d80000,0x00000000d5d80000,0x00000000fc700000)
  from space 27648K, 80% used [0x00000000fe500000,0x00000000ffad7650,0x0000000100000000)
  to   space 29184K, 0% used [0x00000000fc700000,0x00000000fc700000,0x00000000fe380000)
 ParOldGen       total 114688K, used 40878K [0x0000000081800000, 0x0000000088800000, 0x00000000d5d80000)
  object space 114688K, 35% used [0x0000000081800000,0x0000000083feb8f8,0x0000000088800000)
 Metaspace       used 81964K, capacity 83820K, committed 84008K, reserved 1122304K
  class space    used 11299K, capacity 11700K, committed 11824K, reserved 1048576K
}
Event: 67.777 GC heap before
{Heap before GC invocations=32 (full 3):
 PSYoungGen      total 659968K, used 654685K [0x00000000d5d80000, 0x0000000100000000, 0x0000000100000000)
  eden space 632320K, 100% used [0x00000000d5d80000,0x00000000fc700000,0x00000000fc700000)
  from space 27648K, 80% used [0x00000000fe500000,0x00000000ffad7650,0x0000000100000000)
  to   space 29184K, 0% used [0x00000000fc700000,0x00000000fc700000,0x00000000fe380000)
 ParOldGen       total 114688K, used 40878K [0x0000000081800000, 0x0000000088800000, 0x00000000d5d80000)
  object space 114688K, 35% used [0x0000000081800000,0x0000000083feb8f8,0x0000000088800000)
 Metaspace       used 82142K, capacity 84070K, committed 84264K, reserved 1122304K
  class space    used 11316K, capacity 11731K, committed 11824K, reserved 1048576K
Event: 67.800 GC heap after
Heap after GC invocations=32 (full 3):
 PSYoungGen      total 655360K, used 23014K [0x00000000d5d80000, 0x0000000100000000, 0x0000000100000000)
  eden space 632320K, 0% used [0x00000000d5d80000,0x00000000d5d80000,0x00000000fc700000)
  from space 23040K, 99% used [0x00000000fc700000,0x00000000fdd798f0,0x00000000fdd80000)
  to   space 31232K, 0% used [0x00000000fe180000,0x00000000fe180000,0x0000000100000000)
 ParOldGen       total 114688K, used 41510K [0x0000000081800000, 0x0000000088800000, 0x00000000d5d80000)
  object space 114688K, 36% used [0x0000000081800000,0x00000000840898f8,0x0000000088800000)
 Metaspace       used 82142K, capacity 84070K, committed 84264K, reserved 1122304K
  class space    used 11316K, capacity 11731K, committed 11824K, reserved 1048576K
}

