# JRE version: Java(TM) SE Runtime Environment (8.0_121-b13) (build 1.8.0_121-b13)
# Java VM: Java HotSpot(TM) 64-Bit Server VM (25.121-b13 mixed mode windows-amd64 compressed oops)
Heap:
 PSYoungGen      total 520192K, used 405846K [0x00000000d5d80000, 0x0000000100000000, 0x0000000100000000)
  eden space 368128K, 79% used [0x00000000d5d80000,0x00000000e7cfda60,0x00000000ec500000)
  from space 152064K, 73% used [0x00000000ec500000,0x00000000f31d8000,0x00000000f5980000)
  to   space 168448K, 0% used [0x00000000f5b80000,0x00000000f5b80000,0x0000000100000000)
 ParOldGen       total 374272K, used 216830K [0x0000000081800000, 0x0000000098580000, 0x00000000d5d80000)
  object space 374272K, 57% used [0x0000000081800000,0x000000008ebbf950,0x0000000098580000)
 Metaspace       used 12949K, capacity 13260K, committed 13568K, reserved 1060864K
  class space    used 1324K, capacity 1428K, committed 1536K, reserved 1048576K
GC Heap History (10 events):
Event: 225.861 GC heap before
{Heap before GC invocations=18 (full 3):
 PSYoungGen      total 485376K, used 106989K [0x00000000d5d80000, 0x0000000100000000, 0x0000000100000000)
  eden space 378368K, 0% used [0x00000000d5d80000,0x00000000d5d80000,0x00000000ecf00000)
  from space 107008K, 99% used [0x00000000ecf00000,0x00000000f377b468,0x00000000f3780000)
  to   space 165888K, 0% used [0x00000000f5e00000,0x00000000f5e00000,0x0000000100000000)
 ParOldGen       total 321024K, used 307266K [0x0000000081800000, 0x0000000095180000, 0x00000000d5d80000)
  object space 321024K, 95% used [0x0000000081800000,0x0000000094410808,0x0000000095180000)
 Metaspace       used 12949K, capacity 13260K, committed 13568K, reserved 1060864K
  class space    used 1324K, capacity 1428K, committed 1536K, reserved 1048576K
Event: 226.553 GC heap after
Heap after GC invocations=18 (full 3):
 PSYoungGen      total 485376K, used 0K [0x00000000d5d80000, 0x0000000100000000, 0x0000000100000000)
  eden space 378368K, 0% used [0x00000000d5d80000,0x00000000d5d80000,0x00000000ecf00000)
  from space 107008K, 0% used [0x00000000ecf00000,0x00000000ecf00000,0x00000000f3780000)
  to   space 165888K, 0% used [0x00000000f5e00000,0x00000000f5e00000,0x0000000100000000)
 ParOldGen       total 374272K, used 216830K [0x0000000081800000, 0x0000000098580000, 0x00000000d5d80000)
  object space 374272K, 57% used [0x0000000081800000,0x000000008ebbf950,0x0000000098580000)
 Metaspace       used 12949K, capacity 13260K, committed 13568K, reserved 1060864K
  class space    used 1324K, capacity 1428K, committed 1536K, reserved 1048576K
}
Event: 227.800 GC heap before
{Heap before GC invocations=19 (full 3):
 PSYoungGen      total 485376K, used 378368K [0x00000000d5d80000, 0x0000000100000000, 0x0000000100000000)
  eden space 378368K, 100% used [0x00000000d5d80000,0x00000000ecf00000,0x00000000ecf00000)
  from space 107008K, 0% used [0x00000000ecf00000,0x00000000ecf00000,0x00000000f3780000)
  to   space 165888K, 0% used [0x00000000f5e00000,0x00000000f5e00000,0x0000000100000000)
 ParOldGen       total 374272K, used 216830K [0x0000000081800000, 0x0000000098580000, 0x00000000d5d80000)
  object space 374272K, 57% used [0x0000000081800000,0x000000008ebbf950,0x0000000098580000)
 Metaspace       used 12949K, capacity 13260K, committed 13568K, reserved 1060864K
  class space    used 1324K, capacity 1428K, committed 1536K, reserved 1048576K
Event: 227.812 GC heap after
Heap after GC invocations=19 (full 3):
 PSYoungGen      total 528896K, used 64K [0x00000000d5d80000, 0x0000000100000000, 0x0000000100000000)
  eden space 363008K, 0% used [0x00000000d5d80000,0x00000000d5d80000,0x00000000ec000000)
  from space 165888K, 0% used [0x00000000f5e00000,0x00000000f5e10000,0x0000000100000000)
  to   space 161792K, 0% used [0x00000000ec000000,0x00000000ec000000,0x00000000f5e00000)
 ParOldGen       total 374272K, used 216830K [0x0000000081800000, 0x0000000098580000, 0x00000000d5d80000)
  object space 374272K, 57% used [0x0000000081800000,0x000000008ebbf950,0x0000000098580000)
 Metaspace       used 12949K, capacity 13260K, committed 13568K, reserved 1060864K
  class space    used 1324K, capacity 1428K, committed 1536K, reserved 1048576K
}
Event: 229.031 GC heap before
{Heap before GC invocations=20 (full 3):
 PSYoungGen      total 528896K, used 363072K [0x00000000d5d80000, 0x0000000100000000, 0x0000000100000000)
  eden space 363008K, 100% used [0x00000000d5d80000,0x00000000ec000000,0x00000000ec000000)
  from space 165888K, 0% used [0x00000000f5e00000,0x00000000f5e10000,0x0000000100000000)
  to   space 161792K, 0% used [0x00000000ec000000,0x00000000ec000000,0x00000000f5e00000)
 ParOldGen       total 374272K, used 216830K [0x0000000081800000, 0x0000000098580000, 0x00000000d5d80000)
  object space 374272K, 57% used [0x0000000081800000,0x000000008ebbf950,0x0000000098580000)
 Metaspace       used 12949K, capacity 13260K, committed 13568K, reserved 1060864K
  class space    used 1324K, capacity 1428K, committed 1536K, reserved 1048576K
Event: 229.032 GC heap after
Heap after GC invocations=20 (full 3):
 PSYoungGen      total 363520K, used 64K [0x00000000d5d80000, 0x00000000ff300000, 0x0000000100000000)
  eden space 363008K, 0% used [0x00000000d5d80000,0x00000000d5d80000,0x00000000ec000000)
  from space 512K, 12% used [0x00000000ec000000,0x00000000ec010000,0x00000000ec080000)
  to   space 157184K, 0% used [0x00000000f5980000,0x00000000f5980000,0x00000000ff300000)
 ParOldGen       total 374272K, used 216830K [0x0000000081800000, 0x0000000098580000, 0x00000000d5d80000)
  object space 374272K, 57% used [0x0000000081800000,0x000000008ebbf950,0x0000000098580000)
 Metaspace       used 12949K, capacity 13260K, committed 13568K, reserved 1060864K
  class space    used 1324K, capacity 1428K, committed 1536K, reserved 1048576K
}
Event: 230.250 GC heap before
{Heap before GC invocations=21 (full 3):
 PSYoungGen      total 363520K, used 363072K [0x00000000d5d80000, 0x00000000ff300000, 0x0000000100000000)
  eden space 363008K, 100% used [0x00000000d5d80000,0x00000000ec000000,0x00000000ec000000)
  from space 512K, 12% used [0x00000000ec000000,0x00000000ec010000,0x00000000ec080000)
  to   space 157184K, 0% used [0x00000000f5980000,0x00000000f5980000,0x00000000ff300000)
 ParOldGen       total 374272K, used 216830K [0x0000000081800000, 0x0000000098580000, 0x00000000d5d80000)
  object space 374272K, 57% used [0x0000000081800000,0x000000008ebbf950,0x0000000098580000)
 Metaspace       used 12949K, capacity 13260K, committed 13568K, reserved 1060864K
  class space    used 1324K, capacity 1428K, committed 1536K, reserved 1048576K
Event: 230.251 GC heap after
Heap after GC invocations=21 (full 3):
 PSYoungGen      total 525312K, used 96K [0x00000000d5d80000, 0x0000000100000000, 0x0000000100000000)
  eden space 368128K, 0% used [0x00000000d5d80000,0x00000000d5d80000,0x00000000ec500000)
  from space 157184K, 0% used [0x00000000f5980000,0x00000000f5998000,0x00000000ff300000)
  to   space 152064K, 0% used [0x00000000ec500000,0x00000000ec500000,0x00000000f5980000)
 ParOldGen       total 374272K, used 216830K [0x0000000081800000, 0x0000000098580000, 0x00000000d5d80000)
  object space 374272K, 57% used [0x0000000081800000,0x000000008ebbf950,0x0000000098580000)
 Metaspace       used 12949K, capacity 13260K, committed 13568K, reserved 1060864K
  class space    used 1324K, capacity 1428K, committed 1536K, reserved 1048576K
}
Event: 245.302 GC heap before
{Heap before GC invocations=22 (full 3):
 PSYoungGen      total 525312K, used 368224K [0x00000000d5d80000, 0x0000000100000000, 0x0000000100000000)
  eden space 368128K, 100% used [0x00000000d5d80000,0x00000000ec500000,0x00000000ec500000)
  from space 157184K, 0% used [0x00000000f5980000,0x00000000f5998000,0x00000000ff300000)
  to   space 152064K, 0% used [0x00000000ec500000,0x00000000ec500000,0x00000000f5980000)
 ParOldGen       total 374272K, used 216830K [0x0000000081800000, 0x0000000098580000, 0x00000000d5d80000)
  object space 374272K, 57% used [0x0000000081800000,0x000000008ebbf950,0x0000000098580000)
 Metaspace       used 12949K, capacity 13260K, committed 13568K, reserved 1060864K
  class space    used 1324K, capacity 1428K, committed 1536K, reserved 1048576K
Event: 245.392 GC heap after
Heap after GC invocations=22 (full 3):
 PSYoungGen      total 520192K, used 111456K [0x00000000d5d80000, 0x0000000100000000, 0x0000000100000000)
  eden space 368128K, 0% used [0x00000000d5d80000,0x00000000d5d80000,0x00000000ec500000)
  from space 152064K, 73% used [0x00000000ec500000,0x00000000f31d8000,0x00000000f5980000)
  to   space 168448K, 0% used [0x00000000f5b80000,0x00000000f5b80000,0x0000000100000000)
 ParOldGen       total 374272K, used 216830K [0x0000000081800000, 0x0000000098580000, 0x00000000d5d80000)
  object space 374272K, 57% used [0x0000000081800000,0x000000008ebbf950,0x0000000098580000)
 Metaspace       used 12949K, capacity 13260K, committed 13568K, reserved 1060864K
  class space    used 1324K, capacity 1428K, committed 1536K, reserved 1048576K
}

